{"D:\\MCA\\accoclite\\Internhub\\frontend\\src\\components\\Admin\\AdminAnalytics.tsx": {"path":"D:\\MCA\\accoclite\\Internhub\\frontend\\src\\components\\Admin\\AdminAnalytics.tsx","statementMap":{"0":{"start":{"line":21,"column":21},"end":{"line":26,"column":null}},"1":{"start":{"line":29,"column":46},"end":{"line":35,"column":null}},"2":{"start":{"line":37,"column":21},"end":{"line":37,"column":null}},"3":{"start":{"line":51,"column":6},"end":{"line":60,"column":null}},"4":{"start":{"line":52,"column":2},"end":{"line":52,"column":null}},"5":{"start":{"line":52,"column":35},"end":{"line":52,"column":null}},"6":{"start":{"line":53,"column":2},"end":{"line":60,"column":null}},"7":{"start":{"line":57,"column":8},"end":{"line":59,"column":null}},"8":{"start":{"line":65,"column":6},"end":{"line":68,"column":null}},"9":{"start":{"line":66,"column":43},"end":{"line":66,"column":null}},"10":{"start":{"line":67,"column":15},"end":{"line":67,"column":null}},"11":{"start":{"line":68,"column":2},"end":{"line":68,"column":null}},"12":{"start":{"line":71,"column":6},"end":{"line":73,"column":null}},"13":{"start":{"line":72,"column":41},"end":{"line":72,"column":null}},"14":{"start":{"line":73,"column":2},"end":{"line":73,"column":null}},"15":{"start":{"line":76,"column":6},"end":{"line":448,"column":null}},"16":{"start":{"line":77,"column":15},"end":{"line":77,"column":62}},"17":{"start":{"line":78,"column":18},"end":{"line":78,"column":46}},"18":{"start":{"line":79,"column":16},"end":{"line":79,"column":57}},"19":{"start":{"line":80,"column":23},"end":{"line":80,"column":57}},"20":{"start":{"line":82,"column":8},"end":{"line":105,"column":8}},"21":{"start":{"line":83,"column":4},"end":{"line":103,"column":null}},"22":{"start":{"line":84,"column":6},"end":{"line":84,"column":null}},"23":{"start":{"line":85,"column":6},"end":{"line":85,"column":null}},"24":{"start":{"line":87,"column":40},"end":{"line":87,"column":42}},"25":{"start":{"line":88,"column":6},"end":{"line":95,"column":null}},"26":{"start":{"line":89,"column":20},"end":{"line":89,"column":30}},"27":{"start":{"line":90,"column":19},"end":{"line":90,"column":null}},"28":{"start":{"line":91,"column":8},"end":{"line":92,"column":null}},"29":{"start":{"line":91,"column":29},"end":{"line":91,"column":null}},"30":{"start":{"line":92,"column":17},"end":{"line":92,"column":null}},"31":{"start":{"line":92,"column":35},"end":{"line":92,"column":null}},"32":{"start":{"line":93,"column":21},"end":{"line":93,"column":73}},"33":{"start":{"line":94,"column":8},"end":{"line":94,"column":null}},"34":{"start":{"line":95,"column":8},"end":{"line":95,"column":null}},"35":{"start":{"line":98,"column":21},"end":{"line":98,"column":61}},"36":{"start":{"line":99,"column":6},"end":{"line":99,"column":null}},"37":{"start":{"line":101,"column":6},"end":{"line":101,"column":null}},"38":{"start":{"line":103,"column":6},"end":{"line":103,"column":null}},"39":{"start":{"line":107,"column":2},"end":{"line":109,"column":null}},"40":{"start":{"line":108,"column":4},"end":{"line":108,"column":null}},"41":{"start":{"line":111,"column":8},"end":{"line":112,"column":null}},"42":{"start":{"line":112,"column":4},"end":{"line":112,"column":null}},"43":{"start":{"line":115,"column":8},"end":{"line":119,"column":null}},"44":{"start":{"line":116,"column":4},"end":{"line":116,"column":null}},"45":{"start":{"line":116,"column":21},"end":{"line":116,"column":null}},"46":{"start":{"line":117,"column":4},"end":{"line":117,"column":null}},"47":{"start":{"line":117,"column":21},"end":{"line":117,"column":null}},"48":{"start":{"line":118,"column":4},"end":{"line":118,"column":null}},"49":{"start":{"line":118,"column":21},"end":{"line":118,"column":null}},"50":{"start":{"line":119,"column":4},"end":{"line":119,"column":null}},"51":{"start":{"line":122,"column":8},"end":{"line":126,"column":null}},"52":{"start":{"line":123,"column":4},"end":{"line":123,"column":null}},"53":{"start":{"line":123,"column":20},"end":{"line":123,"column":null}},"54":{"start":{"line":124,"column":4},"end":{"line":124,"column":null}},"55":{"start":{"line":124,"column":20},"end":{"line":124,"column":null}},"56":{"start":{"line":125,"column":4},"end":{"line":125,"column":null}},"57":{"start":{"line":125,"column":20},"end":{"line":125,"column":null}},"58":{"start":{"line":126,"column":4},"end":{"line":126,"column":null}},"59":{"start":{"line":129,"column":8},"end":{"line":130,"column":68}},"60":{"start":{"line":130,"column":4},"end":{"line":130,"column":68}},"61":{"start":{"line":130,"column":52},"end":{"line":130,"column":67}},"62":{"start":{"line":132,"column":8},"end":{"line":136,"column":null}},"63":{"start":{"line":133,"column":22},"end":{"line":133,"column":40}},"64":{"start":{"line":134,"column":4},"end":{"line":134,"column":null}},"65":{"start":{"line":134,"column":30},"end":{"line":134,"column":null}},"66":{"start":{"line":135,"column":4},"end":{"line":135,"column":null}},"67":{"start":{"line":135,"column":32},"end":{"line":135,"column":null}},"68":{"start":{"line":136,"column":4},"end":{"line":136,"column":null}},"69":{"start":{"line":140,"column":20},"end":{"line":145,"column":8}},"70":{"start":{"line":147,"column":2},"end":{"line":156,"column":null}},"71":{"start":{"line":148,"column":4},"end":{"line":156,"column":null}},"72":{"start":{"line":161,"column":2},"end":{"line":173,"column":null}},"73":{"start":{"line":162,"column":4},"end":{"line":173,"column":null}},"74":{"start":{"line":171,"column":97},"end":{"line":171,"column":125}},"75":{"start":{"line":179,"column":2},"end":{"line":179,"column":null}},"76":{"start":{"line":179,"column":13},"end":{"line":179,"column":null}},"77":{"start":{"line":181,"column":2},"end":{"line":448,"column":null}},"78":{"start":{"line":191,"column":12},"end":{"line":197,"column":null}},"79":{"start":{"line":194,"column":29},"end":{"line":194,"column":56}},"80":{"start":{"line":258,"column":47},"end":{"line":258,"column":61}},"81":{"start":{"line":286,"column":34},"end":{"line":286,"column":48}},"82":{"start":{"line":322,"column":28},"end":{"line":322,"column":null}},"83":{"start":{"line":323,"column":16},"end":{"line":335,"column":null}},"84":{"start":{"line":366,"column":20},"end":{"line":387,"column":null}},"85":{"start":{"line":420,"column":20},"end":{"line":442,"column":null}},"86":{"start":{"line":429,"column":61},"end":{"line":429,"column":66}}},"fnMap":{"0":{"name":"(anonymous_0)","decl":{"start":{"line":51,"column":6},"end":{"line":51,"column":23}},"loc":{"start":{"line":51,"column":74},"end":{"line":60,"column":null}},"line":51},"1":{"name":"(anonymous_1)","decl":{"start":{"line":56,"column":15},"end":{"line":56,"column":20}},"loc":{"start":{"line":57,"column":8},"end":{"line":59,"column":null}},"line":57},"2":{"name":"(anonymous_2)","decl":{"start":{"line":65,"column":6},"end":{"line":65,"column":22}},"loc":{"start":{"line":65,"column":37},"end":{"line":68,"column":null}},"line":65},"3":{"name":"(anonymous_3)","decl":{"start":{"line":71,"column":6},"end":{"line":71,"column":23}},"loc":{"start":{"line":71,"column":38},"end":{"line":73,"column":null}},"line":71},"4":{"name":"(anonymous_4)","decl":{"start":{"line":76,"column":6},"end":{"line":76,"column":60}},"loc":{"start":{"line":76,"column":60},"end":{"line":448,"column":null}},"line":76},"5":{"name":"(anonymous_5)","decl":{"start":{"line":82,"column":37},"end":{"line":82,"column":44}},"loc":{"start":{"line":82,"column":63},"end":{"line":105,"column":7}},"line":82},"6":{"name":"(anonymous_6)","decl":{"start":{"line":107,"column":2},"end":{"line":107,"column":18}},"loc":{"start":{"line":107,"column":18},"end":{"line":109,"column":6}},"line":107},"7":{"name":"(anonymous_7)","decl":{"start":{"line":111,"column":8},"end":{"line":111,"column":30}},"loc":{"start":{"line":111,"column":49},"end":{"line":112,"column":null}},"line":111},"8":{"name":"(anonymous_8)","decl":{"start":{"line":115,"column":8},"end":{"line":115,"column":25}},"loc":{"start":{"line":115,"column":43},"end":{"line":119,"column":null}},"line":115},"9":{"name":"(anonymous_9)","decl":{"start":{"line":122,"column":8},"end":{"line":122,"column":24}},"loc":{"start":{"line":122,"column":41},"end":{"line":126,"column":null}},"line":122},"10":{"name":"(anonymous_10)","decl":{"start":{"line":129,"column":8},"end":{"line":129,"column":24}},"loc":{"start":{"line":130,"column":4},"end":{"line":130,"column":68}},"line":130},"11":{"name":"(anonymous_11)","decl":{"start":{"line":130,"column":38},"end":{"line":130,"column":47}},"loc":{"start":{"line":130,"column":52},"end":{"line":130,"column":67}},"line":130},"12":{"name":"(anonymous_12)","decl":{"start":{"line":132,"column":8},"end":{"line":132,"column":31}},"loc":{"start":{"line":132,"column":48},"end":{"line":136,"column":null}},"line":132},"13":{"name":"(anonymous_13)","decl":{"start":{"line":171,"column":82},"end":{"line":171,"column":97}},"loc":{"start":{"line":171,"column":97},"end":{"line":171,"column":125}},"line":171},"14":{"name":"(anonymous_14)","decl":{"start":{"line":190,"column":24},"end":{"line":190,"column":28}},"loc":{"start":{"line":191,"column":12},"end":{"line":197,"column":null}},"line":191},"15":{"name":"(anonymous_15)","decl":{"start":{"line":194,"column":14},"end":{"line":194,"column":29}},"loc":{"start":{"line":194,"column":29},"end":{"line":194,"column":56}},"line":194},"16":{"name":"(anonymous_16)","decl":{"start":{"line":258,"column":36},"end":{"line":258,"column":42}},"loc":{"start":{"line":258,"column":47},"end":{"line":258,"column":61}},"line":258},"17":{"name":"(anonymous_17)","decl":{"start":{"line":286,"column":23},"end":{"line":286,"column":29}},"loc":{"start":{"line":286,"column":34},"end":{"line":286,"column":48}},"line":286},"18":{"name":"(anonymous_18)","decl":{"start":{"line":321,"column":16},"end":{"line":321,"column":20}},"loc":{"start":{"line":321,"column":27},"end":{"line":335,"column":null}},"line":321},"19":{"name":"(anonymous_19)","decl":{"start":{"line":365,"column":42},"end":{"line":365,"column":46}},"loc":{"start":{"line":366,"column":20},"end":{"line":387,"column":null}},"line":366},"20":{"name":"(anonymous_20)","decl":{"start":{"line":419,"column":35},"end":{"line":419,"column":39}},"loc":{"start":{"line":420,"column":20},"end":{"line":442,"column":null}},"line":420},"21":{"name":"(anonymous_21)","decl":{"start":{"line":429,"column":52},"end":{"line":429,"column":56}},"loc":{"start":{"line":429,"column":61},"end":{"line":429,"column":66}},"line":429}},"branchMap":{"0":{"loc":{"start":{"line":52,"column":2},"end":{"line":52,"column":null}},"type":"if","locations":[{"start":{"line":52,"column":2},"end":{"line":52,"column":null}},{"start":{},"end":{}}],"line":52},"1":{"loc":{"start":{"line":52,"column":6},"end":{"line":52,"column":35}},"type":"binary-expr","locations":[{"start":{"line":52,"column":6},"end":{"line":52,"column":17}},{"start":{"line":52,"column":17},"end":{"line":52,"column":35}}],"line":52},"2":{"loc":{"start":{"line":67,"column":15},"end":{"line":67,"column":null}},"type":"binary-expr","locations":[{"start":{"line":67,"column":15},"end":{"line":67,"column":49}},{"start":{"line":67,"column":49},"end":{"line":67,"column":null}}],"line":67},"3":{"loc":{"start":{"line":88,"column":6},"end":{"line":95,"column":null}},"type":"if","locations":[{"start":{"line":88,"column":6},"end":{"line":95,"column":null}},{"start":{},"end":{}}],"line":88},"4":{"loc":{"start":{"line":91,"column":8},"end":{"line":92,"column":null}},"type":"if","locations":[{"start":{"line":91,"column":8},"end":{"line":92,"column":null}},{"start":{"line":92,"column":17},"end":{"line":92,"column":null}}],"line":91},"5":{"loc":{"start":{"line":92,"column":17},"end":{"line":92,"column":null}},"type":"if","locations":[{"start":{"line":92,"column":17},"end":{"line":92,"column":null}},{"start":{},"end":{}}],"line":92},"6":{"loc":{"start":{"line":116,"column":4},"end":{"line":116,"column":null}},"type":"if","locations":[{"start":{"line":116,"column":4},"end":{"line":116,"column":null}},{"start":{},"end":{}}],"line":116},"7":{"loc":{"start":{"line":117,"column":4},"end":{"line":117,"column":null}},"type":"if","locations":[{"start":{"line":117,"column":4},"end":{"line":117,"column":null}},{"start":{},"end":{}}],"line":117},"8":{"loc":{"start":{"line":118,"column":4},"end":{"line":118,"column":null}},"type":"if","locations":[{"start":{"line":118,"column":4},"end":{"line":118,"column":null}},{"start":{},"end":{}}],"line":118},"9":{"loc":{"start":{"line":123,"column":4},"end":{"line":123,"column":null}},"type":"if","locations":[{"start":{"line":123,"column":4},"end":{"line":123,"column":null}},{"start":{},"end":{}}],"line":123},"10":{"loc":{"start":{"line":124,"column":4},"end":{"line":124,"column":null}},"type":"if","locations":[{"start":{"line":124,"column":4},"end":{"line":124,"column":null}},{"start":{},"end":{}}],"line":124},"11":{"loc":{"start":{"line":125,"column":4},"end":{"line":125,"column":null}},"type":"if","locations":[{"start":{"line":125,"column":4},"end":{"line":125,"column":null}},{"start":{},"end":{}}],"line":125},"12":{"loc":{"start":{"line":134,"column":4},"end":{"line":134,"column":null}},"type":"if","locations":[{"start":{"line":134,"column":4},"end":{"line":134,"column":null}},{"start":{},"end":{}}],"line":134},"13":{"loc":{"start":{"line":135,"column":4},"end":{"line":135,"column":null}},"type":"if","locations":[{"start":{"line":135,"column":4},"end":{"line":135,"column":null}},{"start":{},"end":{}}],"line":135},"14":{"loc":{"start":{"line":140,"column":20},"end":{"line":145,"column":8}},"type":"cond-expr","locations":[{"start":{"line":140,"column":27},"end":{"line":145,"column":6}},{"start":{"line":145,"column":6},"end":{"line":145,"column":8}}],"line":140},"15":{"loc":{"start":{"line":147,"column":2},"end":{"line":156,"column":null}},"type":"if","locations":[{"start":{"line":147,"column":2},"end":{"line":156,"column":null}},{"start":{},"end":{}}],"line":147},"16":{"loc":{"start":{"line":161,"column":2},"end":{"line":173,"column":null}},"type":"if","locations":[{"start":{"line":161,"column":2},"end":{"line":173,"column":null}},{"start":{},"end":{}}],"line":161},"17":{"loc":{"start":{"line":179,"column":2},"end":{"line":179,"column":null}},"type":"if","locations":[{"start":{"line":179,"column":2},"end":{"line":179,"column":null}},{"start":{},"end":{}}],"line":179},"18":{"loc":{"start":{"line":193,"column":45},"end":{"line":193,"column":null}},"type":"cond-expr","locations":[{"start":{"line":193,"column":72},"end":{"line":193,"column":83}},{"start":{"line":193,"column":83},"end":{"line":193,"column":null}}],"line":193},"19":{"loc":{"start":{"line":234,"column":13},"end":{"line":247,"column":null}},"type":"cond-expr","locations":[{"start":{"line":235,"column":14},"end":{"line":237,"column":15}},{"start":{"line":237,"column":14},"end":{"line":247,"column":null}}],"line":234},"20":{"loc":{"start":{"line":258,"column":13},"end":{"line":271,"column":null}},"type":"cond-expr","locations":[{"start":{"line":259,"column":14},"end":{"line":261,"column":15}},{"start":{"line":261,"column":14},"end":{"line":271,"column":null}}],"line":258},"21":{"loc":{"start":{"line":286,"column":13},"end":{"line":304,"column":null}},"type":"cond-expr","locations":[{"start":{"line":287,"column":14},"end":{"line":289,"column":15}},{"start":{"line":289,"column":14},"end":{"line":304,"column":null}}],"line":286},"22":{"loc":{"start":{"line":350,"column":11},"end":{"line":391,"column":null}},"type":"cond-expr","locations":[{"start":{"line":351,"column":12},"end":{"line":353,"column":13}},{"start":{"line":353,"column":12},"end":{"line":391,"column":null}}],"line":350},"23":{"loc":{"start":{"line":376,"column":27},"end":{"line":376,"column":null}},"type":"binary-expr","locations":[{"start":{"line":376,"column":27},"end":{"line":376,"column":41}},{"start":{"line":376,"column":41},"end":{"line":376,"column":null}}],"line":376},"24":{"loc":{"start":{"line":403,"column":11},"end":{"line":446,"column":null}},"type":"cond-expr","locations":[{"start":{"line":404,"column":12},"end":{"line":406,"column":13}},{"start":{"line":406,"column":12},"end":{"line":446,"column":null}}],"line":403}},"s":{"0":2,"1":2,"2":2,"3":2,"4":0,"5":0,"6":0,"7":0,"8":2,"9":0,"10":0,"11":0,"12":2,"13":0,"14":0,"15":2,"16":4,"17":4,"18":4,"19":4,"20":4,"21":2,"22":2,"23":2,"24":2,"25":2,"26":0,"27":0,"28":0,"29":0,"30":0,"31":0,"32":0,"33":0,"34":0,"35":2,"36":2,"37":0,"38":2,"39":4,"40":2,"41":4,"42":0,"43":4,"44":0,"45":0,"46":0,"47":0,"48":0,"49":0,"50":0,"51":4,"52":0,"53":0,"54":0,"55":0,"56":0,"57":0,"58":0,"59":4,"60":0,"61":0,"62":4,"63":0,"64":0,"65":0,"66":0,"67":0,"68":0,"69":4,"70":4,"71":2,"72":2,"73":0,"74":0,"75":2,"76":0,"77":2,"78":8,"79":0,"80":3,"81":5,"82":8,"83":8,"84":0,"85":0,"86":0},"f":{"0":0,"1":0,"2":0,"3":0,"4":4,"5":2,"6":2,"7":0,"8":0,"9":0,"10":0,"11":0,"12":0,"13":0,"14":8,"15":0,"16":3,"17":5,"18":8,"19":0,"20":0,"21":0},"b":{"0":[0,0],"1":[0,0],"2":[0,0],"3":[0,2],"4":[0,0],"5":[0,0],"6":[0,0],"7":[0,0],"8":[0,0],"9":[0,0],"10":[0,0],"11":[0,0],"12":[0,0],"13":[0,0],"14":[2,2],"15":[2,2],"16":[0,2],"17":[0,2],"18":[2,6],"19":[1,1],"20":[2,0],"21":[1,1],"22":[2,0],"23":[0,0],"24":[2,0]},"meta":{"lastBranch":25,"lastFunction":22,"lastStatement":87,"seen":{"s:21:21:26:Infinity":0,"s:29:46:35:Infinity":1,"s:37:21:37:Infinity":2,"s:51:6:60:Infinity":3,"f:51:6:51:23":0,"b:52:2:52:Infinity:undefined:undefined:undefined:undefined":0,"s:52:2:52:Infinity":4,"b:52:6:52:17:52:17:52:35":1,"s:52:35:52:Infinity":5,"s:53:2:60:Infinity":6,"f:56:15:56:20":1,"s:57:8:59:Infinity":7,"s:65:6:68:Infinity":8,"f:65:6:65:22":2,"s:66:43:66:Infinity":9,"s:67:15:67:Infinity":10,"b:67:15:67:49:67:49:67:Infinity":2,"s:68:2:68:Infinity":11,"s:71:6:73:Infinity":12,"f:71:6:71:23":3,"s:72:41:72:Infinity":13,"s:73:2:73:Infinity":14,"s:76:6:448:Infinity":15,"f:76:6:76:60":4,"s:77:15:77:62":16,"s:78:18:78:46":17,"s:79:16:79:57":18,"s:80:23:80:57":19,"s:82:8:105:8":20,"f:82:37:82:44":5,"s:83:4:103:Infinity":21,"s:84:6:84:Infinity":22,"s:85:6:85:Infinity":23,"s:87:40:87:42":24,"b:88:6:95:Infinity:undefined:undefined:undefined:undefined":3,"s:88:6:95:Infinity":25,"s:89:20:89:30":26,"s:90:19:90:Infinity":27,"b:91:8:92:Infinity:92:17:92:Infinity":4,"s:91:8:92:Infinity":28,"s:91:29:91:Infinity":29,"b:92:17:92:Infinity:undefined:undefined:undefined:undefined":5,"s:92:17:92:Infinity":30,"s:92:35:92:Infinity":31,"s:93:21:93:73":32,"s:94:8:94:Infinity":33,"s:95:8:95:Infinity":34,"s:98:21:98:61":35,"s:99:6:99:Infinity":36,"s:101:6:101:Infinity":37,"s:103:6:103:Infinity":38,"s:107:2:109:Infinity":39,"f:107:2:107:18":6,"s:108:4:108:Infinity":40,"s:111:8:112:Infinity":41,"f:111:8:111:30":7,"s:112:4:112:Infinity":42,"s:115:8:119:Infinity":43,"f:115:8:115:25":8,"b:116:4:116:Infinity:undefined:undefined:undefined:undefined":6,"s:116:4:116:Infinity":44,"s:116:21:116:Infinity":45,"b:117:4:117:Infinity:undefined:undefined:undefined:undefined":7,"s:117:4:117:Infinity":46,"s:117:21:117:Infinity":47,"b:118:4:118:Infinity:undefined:undefined:undefined:undefined":8,"s:118:4:118:Infinity":48,"s:118:21:118:Infinity":49,"s:119:4:119:Infinity":50,"s:122:8:126:Infinity":51,"f:122:8:122:24":9,"b:123:4:123:Infinity:undefined:undefined:undefined:undefined":9,"s:123:4:123:Infinity":52,"s:123:20:123:Infinity":53,"b:124:4:124:Infinity:undefined:undefined:undefined:undefined":10,"s:124:4:124:Infinity":54,"s:124:20:124:Infinity":55,"b:125:4:125:Infinity:undefined:undefined:undefined:undefined":11,"s:125:4:125:Infinity":56,"s:125:20:125:Infinity":57,"s:126:4:126:Infinity":58,"s:129:8:130:68":59,"f:129:8:129:24":10,"s:130:4:130:68":60,"f:130:38:130:47":11,"s:130:52:130:67":61,"s:132:8:136:Infinity":62,"f:132:8:132:31":12,"s:133:22:133:40":63,"b:134:4:134:Infinity:undefined:undefined:undefined:undefined":12,"s:134:4:134:Infinity":64,"s:134:30:134:Infinity":65,"b:135:4:135:Infinity:undefined:undefined:undefined:undefined":13,"s:135:4:135:Infinity":66,"s:135:32:135:Infinity":67,"s:136:4:136:Infinity":68,"s:140:20:145:8":69,"b:140:27:145:6:145:6:145:8":14,"b:147:2:156:Infinity:undefined:undefined:undefined:undefined":15,"s:147:2:156:Infinity":70,"s:148:4:156:Infinity":71,"b:161:2:173:Infinity:undefined:undefined:undefined:undefined":16,"s:161:2:173:Infinity":72,"s:162:4:173:Infinity":73,"f:171:82:171:97":13,"s:171:97:171:125":74,"b:179:2:179:Infinity:undefined:undefined:undefined:undefined":17,"s:179:2:179:Infinity":75,"s:179:13:179:Infinity":76,"s:181:2:448:Infinity":77,"f:190:24:190:28":14,"s:191:12:197:Infinity":78,"b:193:72:193:83:193:83:193:Infinity":18,"f:194:14:194:29":15,"s:194:29:194:56":79,"b:235:14:237:15:237:14:247:Infinity":19,"b:259:14:261:15:261:14:271:Infinity":20,"f:258:36:258:42":16,"s:258:47:258:61":80,"b:287:14:289:15:289:14:304:Infinity":21,"f:286:23:286:29":17,"s:286:34:286:48":81,"f:321:16:321:20":18,"s:322:28:322:Infinity":82,"s:323:16:335:Infinity":83,"b:351:12:353:13:353:12:391:Infinity":22,"f:365:42:365:46":19,"s:366:20:387:Infinity":84,"b:376:27:376:41:376:41:376:Infinity":23,"b:404:12:406:13:406:12:446:Infinity":24,"f:419:35:419:39":20,"s:420:20:442:Infinity":85,"f:429:52:429:56":21,"s:429:61:429:66":86}}}
,"D:\\MCA\\accoclite\\Internhub\\frontend\\src\\components\\Admin\\AdminCohorts.tsx": {"path":"D:\\MCA\\accoclite\\Internhub\\frontend\\src\\components\\Admin\\AdminCohorts.tsx","statementMap":{"0":{"start":{"line":21,"column":6},"end":{"line":117,"column":null}},"1":{"start":{"line":22,"column":17},"end":{"line":22,"column":76}},"2":{"start":{"line":23,"column":20},"end":{"line":23,"column":48}},"3":{"start":{"line":24,"column":18},"end":{"line":24,"column":42}},"4":{"start":{"line":25,"column":17},"end":{"line":25,"column":39}},"5":{"start":{"line":26,"column":21},"end":{"line":26,"column":51}},"6":{"start":{"line":27,"column":23},"end":{"line":27,"column":69}},"7":{"start":{"line":28,"column":25},"end":{"line":28,"column":73}},"8":{"start":{"line":29,"column":26},"end":{"line":29,"column":75}},"9":{"start":{"line":31,"column":10},"end":{"line":39,"column":14}},"10":{"start":{"line":32,"column":8},"end":{"line":32,"column":26}},"11":{"start":{"line":32,"column":26},"end":{"line":32,"column":null}},"12":{"start":{"line":33,"column":8},"end":{"line":38,"column":null}},"13":{"start":{"line":34,"column":27},"end":{"line":34,"column":103}},"14":{"start":{"line":35,"column":12},"end":{"line":35,"column":null}},"15":{"start":{"line":37,"column":12},"end":{"line":37,"column":null}},"16":{"start":{"line":38,"column":20},"end":{"line":38,"column":null}},"17":{"start":{"line":41,"column":4},"end":{"line":41,"column":null}},"18":{"start":{"line":41,"column":22},"end":{"line":41,"column":41}},"19":{"start":{"line":43,"column":25},"end":{"line":45,"column":null}},"20":{"start":{"line":44,"column":8},"end":{"line":45,"column":null}},"21":{"start":{"line":44,"column":14},"end":{"line":44,"column":58}},"22":{"start":{"line":44,"column":58},"end":{"line":44,"column":78}},"23":{"start":{"line":44,"column":78},"end":{"line":44,"column":null}},"24":{"start":{"line":45,"column":31},"end":{"line":45,"column":null}},"25":{"start":{"line":48,"column":23},"end":{"line":51,"column":null}},"26":{"start":{"line":49,"column":8},"end":{"line":49,"column":null}},"27":{"start":{"line":49,"column":25},"end":{"line":49,"column":null}},"28":{"start":{"line":50,"column":8},"end":{"line":51,"column":null}},"29":{"start":{"line":50,"column":14},"end":{"line":50,"column":73}},"30":{"start":{"line":50,"column":73},"end":{"line":50,"column":94}},"31":{"start":{"line":50,"column":94},"end":{"line":50,"column":114}},"32":{"start":{"line":50,"column":114},"end":{"line":50,"column":null}},"33":{"start":{"line":51,"column":31},"end":{"line":51,"column":null}},"34":{"start":{"line":54,"column":25},"end":{"line":57,"column":null}},"35":{"start":{"line":55,"column":8},"end":{"line":55,"column":null}},"36":{"start":{"line":55,"column":27},"end":{"line":55,"column":null}},"37":{"start":{"line":56,"column":8},"end":{"line":57,"column":null}},"38":{"start":{"line":56,"column":14},"end":{"line":56,"column":65}},"39":{"start":{"line":56,"column":65},"end":{"line":56,"column":88}},"40":{"start":{"line":56,"column":88},"end":{"line":56,"column":null}},"41":{"start":{"line":57,"column":31},"end":{"line":57,"column":null}},"42":{"start":{"line":60,"column":10},"end":{"line":60,"column":null}},"43":{"start":{"line":60,"column":45},"end":{"line":60,"column":null}},"44":{"start":{"line":62,"column":4},"end":{"line":117,"column":null}},"45":{"start":{"line":69,"column":76},"end":{"line":69,"column":97}},"46":{"start":{"line":69,"column":97},"end":{"line":69,"column":119}},"47":{"start":{"line":91,"column":36},"end":{"line":103,"column":null}},"48":{"start":{"line":98,"column":110},"end":{"line":98,"column":133}},"49":{"start":{"line":98,"column":133},"end":{"line":98,"column":155}},"50":{"start":{"line":99,"column":137},"end":{"line":99,"column":161}},"51":{"start":{"line":100,"column":144},"end":{"line":100,"column":167}},"52":{"start":{"line":115,"column":138},"end":{"line":115,"column":158}},"53":{"start":{"line":115,"column":158},"end":{"line":115,"column":184}},"54":{"start":{"line":116,"column":95},"end":{"line":116,"column":121}},"55":{"start":{"line":117,"column":220},"end":{"line":117,"column":245}}},"fnMap":{"0":{"name":"(anonymous_0)","decl":{"start":{"line":21,"column":6},"end":{"line":21,"column":56}},"loc":{"start":{"line":21,"column":56},"end":{"line":117,"column":null}},"line":21},"1":{"name":"(anonymous_1)","decl":{"start":{"line":31,"column":37},"end":{"line":31,"column":49}},"loc":{"start":{"line":31,"column":49},"end":{"line":39,"column":8}},"line":31},"2":{"name":"(anonymous_2)","decl":{"start":{"line":41,"column":4},"end":{"line":41,"column":20}},"loc":{"start":{"line":41,"column":20},"end":{"line":41,"column":42}},"line":41},"3":{"name":"(anonymous_3)","decl":{"start":{"line":43,"column":25},"end":{"line":43,"column":32}},"loc":{"start":{"line":43,"column":61},"end":{"line":45,"column":null}},"line":43},"4":{"name":"(anonymous_4)","decl":{"start":{"line":48,"column":23},"end":{"line":48,"column":30}},"loc":{"start":{"line":48,"column":59},"end":{"line":51,"column":null}},"line":48},"5":{"name":"(anonymous_5)","decl":{"start":{"line":54,"column":25},"end":{"line":54,"column":37}},"loc":{"start":{"line":54,"column":37},"end":{"line":57,"column":null}},"line":54},"6":{"name":"(anonymous_6)","decl":{"start":{"line":60,"column":10},"end":{"line":60,"column":24}},"loc":{"start":{"line":60,"column":45},"end":{"line":60,"column":null}},"line":60},"7":{"name":"(anonymous_7)","decl":{"start":{"line":69,"column":59},"end":{"line":69,"column":74}},"loc":{"start":{"line":69,"column":74},"end":{"line":69,"column":119}},"line":69},"8":{"name":"(anonymous_8)","decl":{"start":{"line":90,"column":45},"end":{"line":90,"column":49}},"loc":{"start":{"line":91,"column":36},"end":{"line":103,"column":null}},"line":91},"9":{"name":"(anonymous_9)","decl":{"start":{"line":98,"column":93},"end":{"line":98,"column":108}},"loc":{"start":{"line":98,"column":108},"end":{"line":98,"column":155}},"line":98},"10":{"name":"(anonymous_10)","decl":{"start":{"line":99,"column":122},"end":{"line":99,"column":137}},"loc":{"start":{"line":99,"column":137},"end":{"line":99,"column":161}},"line":99},"11":{"name":"(anonymous_11)","decl":{"start":{"line":100,"column":129},"end":{"line":100,"column":144}},"loc":{"start":{"line":100,"column":144},"end":{"line":100,"column":167}},"line":100},"12":{"name":"(anonymous_12)","decl":{"start":{"line":115,"column":121},"end":{"line":115,"column":136}},"loc":{"start":{"line":115,"column":136},"end":{"line":115,"column":184}},"line":115},"13":{"name":"(anonymous_13)","decl":{"start":{"line":116,"column":80},"end":{"line":116,"column":95}},"loc":{"start":{"line":116,"column":95},"end":{"line":116,"column":121}},"line":116},"14":{"name":"(anonymous_14)","decl":{"start":{"line":117,"column":204},"end":{"line":117,"column":220}},"loc":{"start":{"line":117,"column":220},"end":{"line":117,"column":245}},"line":117}},"branchMap":{"0":{"loc":{"start":{"line":49,"column":8},"end":{"line":49,"column":null}},"type":"if","locations":[{"start":{"line":49,"column":8},"end":{"line":49,"column":null}},{"start":{},"end":{}}],"line":49},"1":{"loc":{"start":{"line":55,"column":8},"end":{"line":55,"column":null}},"type":"if","locations":[{"start":{"line":55,"column":8},"end":{"line":55,"column":null}},{"start":{},"end":{}}],"line":55},"2":{"loc":{"start":{"line":60,"column":45},"end":{"line":60,"column":null}},"type":"cond-expr","locations":[{"start":{"line":60,"column":49},"end":{"line":60,"column":141}},{"start":{"line":60,"column":144},"end":{"line":60,"column":null}}],"line":60},"3":{"loc":{"start":{"line":72,"column":13},"end":{"line":72,"column":null}},"type":"binary-expr","locations":[{"start":{"line":72,"column":13},"end":{"line":72,"column":22}},{"start":{"line":72,"column":22},"end":{"line":72,"column":null}}],"line":72},"4":{"loc":{"start":{"line":74,"column":13},"end":{"line":111,"column":null}},"type":"cond-expr","locations":[{"start":{"line":75,"column":22},"end":{"line":77,"column":17}},{"start":{"line":77,"column":16},"end":{"line":111,"column":null}}],"line":74},"5":{"loc":{"start":{"line":93,"column":68},"end":{"line":93,"column":99}},"type":"binary-expr","locations":[{"start":{"line":93,"column":68},"end":{"line":93,"column":90}},{"start":{"line":93,"column":90},"end":{"line":93,"column":99}}],"line":93},"6":{"loc":{"start":{"line":105,"column":33},"end":{"line":108,"column":null}},"type":"binary-expr","locations":[{"start":{"line":105,"column":33},"end":{"line":105,"column":null}},{"start":{"line":106,"column":36},"end":{"line":108,"column":null}}],"line":105},"7":{"loc":{"start":{"line":111,"column":21},"end":{"line":111,"column":null}},"type":"binary-expr","locations":[{"start":{"line":111,"column":21},"end":{"line":111,"column":29}},{"start":{"line":111,"column":29},"end":{"line":111,"column":null}}],"line":111},"8":{"loc":{"start":{"line":115,"column":81},"end":{"line":115,"column":121}},"type":"cond-expr","locations":[{"start":{"line":115,"column":94},"end":{"line":115,"column":107}},{"start":{"line":115,"column":107},"end":{"line":115,"column":121}}],"line":115}},"s":{"0":1,"1":2,"2":2,"3":2,"4":2,"5":2,"6":2,"7":2,"8":2,"9":2,"10":1,"11":1,"12":1,"13":1,"14":1,"15":0,"16":1,"17":2,"18":1,"19":2,"20":0,"21":0,"22":0,"23":0,"24":0,"25":2,"26":0,"27":0,"28":0,"29":0,"30":0,"31":0,"32":0,"33":0,"34":2,"35":0,"36":0,"37":0,"38":0,"39":0,"40":0,"41":0,"42":2,"43":0,"44":2,"45":0,"46":0,"47":0,"48":0,"49":0,"50":0,"51":0,"52":0,"53":0,"54":0,"55":0},"f":{"0":2,"1":1,"2":1,"3":0,"4":0,"5":0,"6":0,"7":0,"8":0,"9":0,"10":0,"11":0,"12":0,"13":0,"14":0},"b":{"0":[0,0],"1":[0,0],"2":[0,0],"3":[2,0],"4":[1,1],"5":[0,0],"6":[1,1],"7":[1,1],"8":[0,2]},"meta":{"lastBranch":9,"lastFunction":15,"lastStatement":56,"seen":{"s:21:6:117:Infinity":0,"f:21:6:21:56":0,"s:22:17:22:76":1,"s:23:20:23:48":2,"s:24:18:24:42":3,"s:25:17:25:39":4,"s:26:21:26:51":5,"s:27:23:27:69":6,"s:28:25:28:73":7,"s:29:26:29:75":8,"s:31:10:39:14":9,"f:31:37:31:49":1,"s:32:8:32:26":10,"s:32:26:32:Infinity":11,"s:33:8:38:Infinity":12,"s:34:27:34:103":13,"s:35:12:35:Infinity":14,"s:37:12:37:Infinity":15,"s:38:20:38:Infinity":16,"s:41:4:41:Infinity":17,"f:41:4:41:20":2,"s:41:22:41:41":18,"s:43:25:45:Infinity":19,"f:43:25:43:32":3,"s:44:8:45:Infinity":20,"s:44:14:44:58":21,"s:44:58:44:78":22,"s:44:78:44:Infinity":23,"s:45:31:45:Infinity":24,"s:48:23:51:Infinity":25,"f:48:23:48:30":4,"b:49:8:49:Infinity:undefined:undefined:undefined:undefined":0,"s:49:8:49:Infinity":26,"s:49:25:49:Infinity":27,"s:50:8:51:Infinity":28,"s:50:14:50:73":29,"s:50:73:50:94":30,"s:50:94:50:114":31,"s:50:114:50:Infinity":32,"s:51:31:51:Infinity":33,"s:54:25:57:Infinity":34,"f:54:25:54:37":5,"b:55:8:55:Infinity:undefined:undefined:undefined:undefined":1,"s:55:8:55:Infinity":35,"s:55:27:55:Infinity":36,"s:56:8:57:Infinity":37,"s:56:14:56:65":38,"s:56:65:56:88":39,"s:56:88:56:Infinity":40,"s:57:31:57:Infinity":41,"s:60:10:60:Infinity":42,"f:60:10:60:24":6,"s:60:45:60:Infinity":43,"b:60:49:60:141:60:144:60:Infinity":2,"s:62:4:117:Infinity":44,"f:69:59:69:74":7,"s:69:76:69:97":45,"s:69:97:69:119":46,"b:72:13:72:22:72:22:72:Infinity":3,"b:75:22:77:17:77:16:111:Infinity":4,"f:90:45:90:49":8,"s:91:36:103:Infinity":47,"b:93:68:93:90:93:90:93:99":5,"f:98:93:98:108":9,"s:98:110:98:133":48,"s:98:133:98:155":49,"f:99:122:99:137":10,"s:99:137:99:161":50,"f:100:129:100:144":11,"s:100:144:100:167":51,"b:105:33:105:Infinity:106:36:108:Infinity":6,"b:111:21:111:29:111:29:111:Infinity":7,"b:115:94:115:107:115:107:115:121":8,"f:115:121:115:136":12,"s:115:138:115:158":52,"s:115:158:115:184":53,"f:116:80:116:95":13,"s:116:95:116:121":54,"f:117:204:117:220":14,"s:117:220:117:245":55}}}
,"D:\\MCA\\accoclite\\Internhub\\frontend\\src\\components\\Admin\\AdminDashboard.tsx": {"path":"D:\\MCA\\accoclite\\Internhub\\frontend\\src\\components\\Admin\\AdminDashboard.tsx","statementMap":{"0":{"start":{"line":15,"column":72},"end":{"line":20,"column":null}},"1":{"start":{"line":22,"column":24},"end":{"line":22,"column":null}},"2":{"start":{"line":26,"column":6},"end":{"line":217,"column":null}},"3":{"start":{"line":27,"column":18},"end":{"line":27,"column":67}},"4":{"start":{"line":28,"column":21},"end":{"line":28,"column":64}},"5":{"start":{"line":29,"column":20},"end":{"line":29,"column":64}},"6":{"start":{"line":30,"column":22},"end":{"line":30,"column":70}},"7":{"start":{"line":31,"column":20},"end":{"line":31,"column":48}},"8":{"start":{"line":32,"column":22},"end":{"line":32,"column":67}},"9":{"start":{"line":33,"column":27},"end":{"line":33,"column":63}},"10":{"start":{"line":35,"column":26},"end":{"line":43,"column":null}},"11":{"start":{"line":36,"column":8},"end":{"line":36,"column":null}},"12":{"start":{"line":37,"column":8},"end":{"line":37,"column":null}},"13":{"start":{"line":38,"column":8},"end":{"line":43,"column":null}},"14":{"start":{"line":39,"column":12},"end":{"line":39,"column":null}},"15":{"start":{"line":41,"column":12},"end":{"line":41,"column":null}},"16":{"start":{"line":43,"column":12},"end":{"line":43,"column":null}},"17":{"start":{"line":47,"column":4},"end":{"line":67,"column":null}},"18":{"start":{"line":48,"column":25},"end":{"line":63,"column":null}},"19":{"start":{"line":49,"column":12},"end":{"line":63,"column":null}},"20":{"start":{"line":50,"column":78},"end":{"line":55,"column":18}},"21":{"start":{"line":52,"column":65},"end":{"line":52,"column":67}},"22":{"start":{"line":53,"column":65},"end":{"line":53,"column":67}},"23":{"start":{"line":54,"column":68},"end":{"line":54,"column":70}},"24":{"start":{"line":56,"column":16},"end":{"line":56,"column":null}},"25":{"start":{"line":57,"column":16},"end":{"line":57,"column":null}},"26":{"start":{"line":58,"column":16},"end":{"line":58,"column":null}},"27":{"start":{"line":59,"column":16},"end":{"line":59,"column":null}},"28":{"start":{"line":61,"column":16},"end":{"line":61,"column":null}},"29":{"start":{"line":63,"column":16},"end":{"line":63,"column":null}},"30":{"start":{"line":66,"column":8},"end":{"line":66,"column":null}},"31":{"start":{"line":69,"column":4},"end":{"line":217,"column":null}},"32":{"start":{"line":80,"column":43},"end":{"line":80,"column":77}},"33":{"start":{"line":93,"column":127},"end":{"line":93,"column":149}},"34":{"start":{"line":94,"column":127},"end":{"line":94,"column":149}},"35":{"start":{"line":95,"column":127},"end":{"line":95,"column":155}},"36":{"start":{"line":96,"column":127},"end":{"line":96,"column":155}},"37":{"start":{"line":100,"column":78},"end":{"line":100,"column":103}},"38":{"start":{"line":146,"column":49},"end":{"line":146,"column":null}},"39":{"start":{"line":147,"column":36},"end":{"line":157,"column":null}},"40":{"start":{"line":180,"column":50},"end":{"line":180,"column":null}},"41":{"start":{"line":181,"column":36},"end":{"line":193,"column":null}},"42":{"start":{"line":205,"column":53},"end":{"line":205,"column":121}},"43":{"start":{"line":206,"column":54},"end":{"line":206,"column":null}},"44":{"start":{"line":207,"column":40},"end":{"line":214,"column":null}}},"fnMap":{"0":{"name":"(anonymous_0)","decl":{"start":{"line":26,"column":6},"end":{"line":26,"column":55}},"loc":{"start":{"line":26,"column":74},"end":{"line":217,"column":null}},"line":26},"1":{"name":"(anonymous_1)","decl":{"start":{"line":35,"column":26},"end":{"line":35,"column":33}},"loc":{"start":{"line":35,"column":97},"end":{"line":43,"column":null}},"line":35},"2":{"name":"(anonymous_2)","decl":{"start":{"line":47,"column":4},"end":{"line":47,"column":20}},"loc":{"start":{"line":47,"column":20},"end":{"line":67,"column":9}},"line":47},"3":{"name":"(anonymous_3)","decl":{"start":{"line":48,"column":25},"end":{"line":48,"column":37}},"loc":{"start":{"line":48,"column":37},"end":{"line":63,"column":null}},"line":48},"4":{"name":"(anonymous_4)","decl":{"start":{"line":52,"column":53},"end":{"line":52,"column":65}},"loc":{"start":{"line":52,"column":65},"end":{"line":52,"column":67}},"line":52},"5":{"name":"(anonymous_5)","decl":{"start":{"line":53,"column":53},"end":{"line":53,"column":65}},"loc":{"start":{"line":53,"column":65},"end":{"line":53,"column":67}},"line":53},"6":{"name":"(anonymous_6)","decl":{"start":{"line":54,"column":56},"end":{"line":54,"column":68}},"loc":{"start":{"line":54,"column":68},"end":{"line":54,"column":70}},"line":54},"7":{"name":"(anonymous_7)","decl":{"start":{"line":80,"column":28},"end":{"line":80,"column":43}},"loc":{"start":{"line":80,"column":43},"end":{"line":80,"column":77}},"line":80},"8":{"name":"(anonymous_8)","decl":{"start":{"line":93,"column":112},"end":{"line":93,"column":127}},"loc":{"start":{"line":93,"column":127},"end":{"line":93,"column":149}},"line":93},"9":{"name":"(anonymous_9)","decl":{"start":{"line":94,"column":112},"end":{"line":94,"column":127}},"loc":{"start":{"line":94,"column":127},"end":{"line":94,"column":149}},"line":94},"10":{"name":"(anonymous_10)","decl":{"start":{"line":95,"column":112},"end":{"line":95,"column":127}},"loc":{"start":{"line":95,"column":127},"end":{"line":95,"column":155}},"line":95},"11":{"name":"(anonymous_11)","decl":{"start":{"line":96,"column":112},"end":{"line":96,"column":127}},"loc":{"start":{"line":96,"column":127},"end":{"line":96,"column":155}},"line":96},"12":{"name":"(anonymous_12)","decl":{"start":{"line":100,"column":63},"end":{"line":100,"column":78}},"loc":{"start":{"line":100,"column":78},"end":{"line":100,"column":103}},"line":100},"13":{"name":"(anonymous_13)","decl":{"start":{"line":145,"column":42},"end":{"line":145,"column":47}},"loc":{"start":{"line":145,"column":59},"end":{"line":159,"column":null}},"line":145},"14":{"name":"(anonymous_14)","decl":{"start":{"line":179,"column":41},"end":{"line":179,"column":46}},"loc":{"start":{"line":179,"column":60},"end":{"line":195,"column":null}},"line":179},"15":{"name":"(anonymous_15)","decl":{"start":{"line":204,"column":47},"end":{"line":204,"column":51}},"loc":{"start":{"line":204,"column":57},"end":{"line":214,"column":null}},"line":204}},"branchMap":{"0":{"loc":{"start":{"line":83,"column":29},"end":{"line":83,"column":null}},"type":"cond-expr","locations":[{"start":{"line":83,"column":41},"end":{"line":83,"column":58}},{"start":{"line":83,"column":58},"end":{"line":83,"column":null}}],"line":83},"1":{"loc":{"start":{"line":85,"column":25},"end":{"line":96,"column":null}},"type":"binary-expr","locations":[{"start":{"line":85,"column":25},"end":{"line":85,"column":null}},{"start":{"line":86,"column":28},"end":{"line":96,"column":null}}],"line":85},"2":{"loc":{"start":{"line":106,"column":17},"end":{"line":119,"column":null}},"type":"cond-expr","locations":[{"start":{"line":107,"column":20},"end":{"line":112,"column":null}},{"start":{"line":114,"column":20},"end":{"line":119,"column":null}}],"line":106},"3":{"loc":{"start":{"line":115,"column":76},"end":{"line":115,"column":104}},"type":"binary-expr","locations":[{"start":{"line":115,"column":76},"end":{"line":115,"column":99}},{"start":{"line":115,"column":99},"end":{"line":115,"column":104}}],"line":115},"4":{"loc":{"start":{"line":116,"column":79},"end":{"line":116,"column":109}},"type":"binary-expr","locations":[{"start":{"line":116,"column":79},"end":{"line":116,"column":104}},{"start":{"line":116,"column":104},"end":{"line":116,"column":109}}],"line":116},"5":{"loc":{"start":{"line":117,"column":84},"end":{"line":117,"column":118}},"type":"binary-expr","locations":[{"start":{"line":117,"column":84},"end":{"line":117,"column":113}},{"start":{"line":117,"column":113},"end":{"line":117,"column":118}}],"line":117},"6":{"loc":{"start":{"line":118,"column":77},"end":{"line":118,"column":107}},"type":"binary-expr","locations":[{"start":{"line":118,"column":77},"end":{"line":118,"column":102}},{"start":{"line":118,"column":102},"end":{"line":118,"column":107}}],"line":118},"7":{"loc":{"start":{"line":130,"column":21},"end":{"line":162,"column":null}},"type":"cond-expr","locations":[{"start":{"line":131,"column":24},"end":{"line":132,"column":33}},{"start":{"line":132,"column":24},"end":{"line":162,"column":null}}],"line":130},"8":{"loc":{"start":{"line":132,"column":24},"end":{"line":162,"column":null}},"type":"cond-expr","locations":[{"start":{"line":133,"column":24},"end":{"line":135,"column":25}},{"start":{"line":135,"column":24},"end":{"line":162,"column":null}}],"line":132},"9":{"loc":{"start":{"line":146,"column":49},"end":{"line":146,"column":null}},"type":"binary-expr","locations":[{"start":{"line":146,"column":49},"end":{"line":146,"column":77}},{"start":{"line":146,"column":77},"end":{"line":146,"column":null}}],"line":146},"10":{"loc":{"start":{"line":173,"column":25},"end":{"line":196,"column":null}},"type":"cond-expr","locations":[{"start":{"line":174,"column":28},"end":{"line":175,"column":36}},{"start":{"line":175,"column":28},"end":{"line":196,"column":null}}],"line":173},"11":{"loc":{"start":{"line":175,"column":28},"end":{"line":196,"column":null}},"type":"cond-expr","locations":[{"start":{"line":176,"column":28},"end":{"line":178,"column":null}},{"start":{"line":178,"column":28},"end":{"line":196,"column":null}}],"line":175},"12":{"loc":{"start":{"line":200,"column":25},"end":{"line":217,"column":null}},"type":"binary-expr","locations":[{"start":{"line":200,"column":25},"end":{"line":200,"column":null}},{"start":{"line":201,"column":28},"end":{"line":217,"column":null}}],"line":200},"13":{"loc":{"start":{"line":206,"column":54},"end":{"line":206,"column":null}},"type":"cond-expr","locations":[{"start":{"line":206,"column":66},"end":{"line":206,"column":74}},{"start":{"line":206,"column":74},"end":{"line":206,"column":null}}],"line":206},"14":{"loc":{"start":{"line":206,"column":74},"end":{"line":206,"column":null}},"type":"cond-expr","locations":[{"start":{"line":206,"column":86},"end":{"line":206,"column":97}},{"start":{"line":206,"column":97},"end":{"line":206,"column":null}}],"line":206}},"s":{"0":0,"1":0,"2":0,"3":0,"4":0,"5":0,"6":0,"7":0,"8":0,"9":0,"10":0,"11":0,"12":0,"13":0,"14":0,"15":0,"16":0,"17":0,"18":0,"19":0,"20":0,"21":0,"22":0,"23":0,"24":0,"25":0,"26":0,"27":0,"28":0,"29":0,"30":0,"31":0,"32":0,"33":0,"34":0,"35":0,"36":0,"37":0,"38":0,"39":0,"40":0,"41":0,"42":0,"43":0,"44":0},"f":{"0":0,"1":0,"2":0,"3":0,"4":0,"5":0,"6":0,"7":0,"8":0,"9":0,"10":0,"11":0,"12":0,"13":0,"14":0,"15":0},"b":{"0":[0,0],"1":[0,0],"2":[0,0],"3":[0,0],"4":[0,0],"5":[0,0],"6":[0,0],"7":[0,0],"8":[0,0],"9":[0,0],"10":[0,0],"11":[0,0],"12":[0,0],"13":[0,0],"14":[0,0]},"meta":{"lastBranch":15,"lastFunction":16,"lastStatement":45,"seen":{"s:15:72:20:Infinity":0,"s:22:24:22:Infinity":1,"s:26:6:217:Infinity":2,"f:26:6:26:55":0,"s:27:18:27:67":3,"s:28:21:28:64":4,"s:29:20:29:64":5,"s:30:22:30:70":6,"s:31:20:31:48":7,"s:32:22:32:67":8,"s:33:27:33:63":9,"s:35:26:43:Infinity":10,"f:35:26:35:33":1,"s:36:8:36:Infinity":11,"s:37:8:37:Infinity":12,"s:38:8:43:Infinity":13,"s:39:12:39:Infinity":14,"s:41:12:41:Infinity":15,"s:43:12:43:Infinity":16,"s:47:4:67:Infinity":17,"f:47:4:47:20":2,"s:48:25:63:Infinity":18,"f:48:25:48:37":3,"s:49:12:63:Infinity":19,"s:50:78:55:18":20,"f:52:53:52:65":4,"s:52:65:52:67":21,"f:53:53:53:65":5,"s:53:65:53:67":22,"f:54:56:54:68":6,"s:54:68:54:70":23,"s:56:16:56:Infinity":24,"s:57:16:57:Infinity":25,"s:58:16:58:Infinity":26,"s:59:16:59:Infinity":27,"s:61:16:61:Infinity":28,"s:63:16:63:Infinity":29,"s:66:8:66:Infinity":30,"s:69:4:217:Infinity":31,"f:80:28:80:43":7,"s:80:43:80:77":32,"b:83:41:83:58:83:58:83:Infinity":0,"b:85:25:85:Infinity:86:28:96:Infinity":1,"f:93:112:93:127":8,"s:93:127:93:149":33,"f:94:112:94:127":9,"s:94:127:94:149":34,"f:95:112:95:127":10,"s:95:127:95:155":35,"f:96:112:96:127":11,"s:96:127:96:155":36,"f:100:63:100:78":12,"s:100:78:100:103":37,"b:107:20:112:Infinity:114:20:119:Infinity":2,"b:115:76:115:99:115:99:115:104":3,"b:116:79:116:104:116:104:116:109":4,"b:117:84:117:113:117:113:117:118":5,"b:118:77:118:102:118:102:118:107":6,"b:131:24:132:33:132:24:162:Infinity":7,"b:133:24:135:25:135:24:162:Infinity":8,"f:145:42:145:47":13,"s:146:49:146:Infinity":38,"b:146:49:146:77:146:77:146:Infinity":9,"s:147:36:157:Infinity":39,"b:174:28:175:36:175:28:196:Infinity":10,"b:176:28:178:Infinity:178:28:196:Infinity":11,"f:179:41:179:46":14,"s:180:50:180:Infinity":40,"s:181:36:193:Infinity":41,"b:200:25:200:Infinity:201:28:217:Infinity":12,"f:204:47:204:51":15,"s:205:53:205:121":42,"s:206:54:206:Infinity":43,"b:206:66:206:74:206:74:206:Infinity":13,"b:206:86:206:97:206:97:206:Infinity":14,"s:207:40:214:Infinity":44}}}
,"D:\\MCA\\accoclite\\Internhub\\frontend\\src\\components\\Admin\\AdminEvaluations.tsx": {"path":"D:\\MCA\\accoclite\\Internhub\\frontend\\src\\components\\Admin\\AdminEvaluations.tsx","statementMap":{"0":{"start":{"line":15,"column":6},"end":{"line":175,"column":null}},"1":{"start":{"line":16,"column":22},"end":{"line":16,"column":66}},"2":{"start":{"line":17,"column":21},"end":{"line":17,"column":79}},"3":{"start":{"line":18,"column":18},"end":{"line":18,"column":46}},"4":{"start":{"line":19,"column":16},"end":{"line":19,"column":57}},"5":{"start":{"line":21,"column":21},"end":{"line":21,"column":53}},"6":{"start":{"line":22,"column":22},"end":{"line":22,"column":73}},"7":{"start":{"line":23,"column":26},"end":{"line":23,"column":77}},"8":{"start":{"line":25,"column":8},"end":{"line":39,"column":8}},"9":{"start":{"line":26,"column":4},"end":{"line":37,"column":null}},"10":{"start":{"line":27,"column":6},"end":{"line":27,"column":null}},"11":{"start":{"line":28,"column":6},"end":{"line":28,"column":null}},"12":{"start":{"line":29,"column":44},"end":{"line":29,"column":null}},"13":{"start":{"line":30,"column":18},"end":{"line":30,"column":64}},"14":{"start":{"line":31,"column":6},"end":{"line":31,"column":null}},"15":{"start":{"line":32,"column":6},"end":{"line":32,"column":null}},"16":{"start":{"line":34,"column":12},"end":{"line":34,"column":77}},"17":{"start":{"line":35,"column":6},"end":{"line":35,"column":null}},"18":{"start":{"line":37,"column":6},"end":{"line":37,"column":null}},"19":{"start":{"line":41,"column":2},"end":{"line":44,"column":null}},"20":{"start":{"line":42,"column":18},"end":{"line":42,"column":60}},"21":{"start":{"line":42,"column":35},"end":{"line":42,"column":54}},"22":{"start":{"line":43,"column":4},"end":{"line":43,"column":null}},"23":{"start":{"line":43,"column":17},"end":{"line":43,"column":36}},"24":{"start":{"line":46,"column":8},"end":{"line":48,"column":null}},"25":{"start":{"line":47,"column":4},"end":{"line":47,"column":null}},"26":{"start":{"line":48,"column":4},"end":{"line":48,"column":null}},"27":{"start":{"line":51,"column":8},"end":{"line":53,"column":null}},"28":{"start":{"line":52,"column":4},"end":{"line":52,"column":null}},"29":{"start":{"line":53,"column":4},"end":{"line":53,"column":null}},"30":{"start":{"line":56,"column":23},"end":{"line":65,"column":null}},"31":{"start":{"line":57,"column":4},"end":{"line":57,"column":null}},"32":{"start":{"line":57,"column":26},"end":{"line":57,"column":null}},"33":{"start":{"line":58,"column":4},"end":{"line":65,"column":null}},"34":{"start":{"line":59,"column":6},"end":{"line":59,"column":null}},"35":{"start":{"line":60,"column":6},"end":{"line":60,"column":null}},"36":{"start":{"line":61,"column":6},"end":{"line":61,"column":null}},"37":{"start":{"line":63,"column":12},"end":{"line":63,"column":78}},"38":{"start":{"line":64,"column":6},"end":{"line":64,"column":null}},"39":{"start":{"line":65,"column":6},"end":{"line":65,"column":null}},"40":{"start":{"line":69,"column":23},"end":{"line":76,"column":null}},"41":{"start":{"line":70,"column":4},"end":{"line":73,"column":null}},"42":{"start":{"line":71,"column":6},"end":{"line":71,"column":null}},"43":{"start":{"line":73,"column":6},"end":{"line":73,"column":null}},"44":{"start":{"line":75,"column":4},"end":{"line":75,"column":null}},"45":{"start":{"line":76,"column":4},"end":{"line":76,"column":null}},"46":{"start":{"line":79,"column":8},"end":{"line":83,"column":null}},"47":{"start":{"line":80,"column":4},"end":{"line":80,"column":null}},"48":{"start":{"line":80,"column":21},"end":{"line":80,"column":null}},"49":{"start":{"line":81,"column":4},"end":{"line":81,"column":null}},"50":{"start":{"line":81,"column":21},"end":{"line":81,"column":null}},"51":{"start":{"line":82,"column":4},"end":{"line":82,"column":null}},"52":{"start":{"line":82,"column":21},"end":{"line":82,"column":null}},"53":{"start":{"line":83,"column":4},"end":{"line":83,"column":null}},"54":{"start":{"line":86,"column":2},"end":{"line":175,"column":null}},"55":{"start":{"line":117,"column":18},"end":{"line":143,"column":null}},"56":{"start":{"line":140,"column":82},"end":{"line":140,"column":96}},"57":{"start":{"line":141,"column":82},"end":{"line":141,"column":107}},"58":{"start":{"line":164,"column":23},"end":{"line":164,"column":null}},"59":{"start":{"line":172,"column":24},"end":{"line":172,"column":48}}},"fnMap":{"0":{"name":"(anonymous_0)","decl":{"start":{"line":15,"column":6},"end":{"line":15,"column":64}},"loc":{"start":{"line":15,"column":64},"end":{"line":175,"column":null}},"line":15},"1":{"name":"(anonymous_1)","decl":{"start":{"line":25,"column":39},"end":{"line":25,"column":46}},"loc":{"start":{"line":25,"column":59},"end":{"line":39,"column":7}},"line":25},"2":{"name":"(anonymous_2)","decl":{"start":{"line":41,"column":2},"end":{"line":41,"column":18}},"loc":{"start":{"line":41,"column":18},"end":{"line":44,"column":6}},"line":41},"3":{"name":"(anonymous_3)","decl":{"start":{"line":42,"column":18},"end":{"line":42,"column":35}},"loc":{"start":{"line":42,"column":35},"end":{"line":42,"column":54}},"line":42},"4":{"name":"(anonymous_4)","decl":{"start":{"line":43,"column":4},"end":{"line":43,"column":17}},"loc":{"start":{"line":43,"column":17},"end":{"line":43,"column":36}},"line":43},"5":{"name":"(anonymous_5)","decl":{"start":{"line":46,"column":8},"end":{"line":46,"column":29}},"loc":{"start":{"line":46,"column":29},"end":{"line":48,"column":null}},"line":46},"6":{"name":"(anonymous_6)","decl":{"start":{"line":51,"column":8},"end":{"line":51,"column":22}},"loc":{"start":{"line":51,"column":49},"end":{"line":53,"column":null}},"line":51},"7":{"name":"(anonymous_7)","decl":{"start":{"line":56,"column":23},"end":{"line":56,"column":35}},"loc":{"start":{"line":56,"column":35},"end":{"line":65,"column":null}},"line":56},"8":{"name":"(anonymous_8)","decl":{"start":{"line":69,"column":23},"end":{"line":69,"column":30}},"loc":{"start":{"line":69,"column":59},"end":{"line":76,"column":null}},"line":69},"9":{"name":"(anonymous_9)","decl":{"start":{"line":79,"column":8},"end":{"line":79,"column":25}},"loc":{"start":{"line":79,"column":43},"end":{"line":83,"column":null}},"line":79},"10":{"name":"(anonymous_10)","decl":{"start":{"line":116,"column":29},"end":{"line":116,"column":33}},"loc":{"start":{"line":117,"column":18},"end":{"line":143,"column":null}},"line":117},"11":{"name":"(anonymous_11)","decl":{"start":{"line":140,"column":67},"end":{"line":140,"column":82}},"loc":{"start":{"line":140,"column":82},"end":{"line":140,"column":96}},"line":140},"12":{"name":"(anonymous_12)","decl":{"start":{"line":141,"column":67},"end":{"line":141,"column":82}},"loc":{"start":{"line":141,"column":82},"end":{"line":141,"column":107}},"line":141},"13":{"name":"(anonymous_13)","decl":{"start":{"line":164,"column":8},"end":{"line":164,"column":23}},"loc":{"start":{"line":164,"column":23},"end":{"line":164,"column":null}},"line":164},"14":{"name":"(anonymous_14)","decl":{"start":{"line":172,"column":8},"end":{"line":172,"column":24}},"loc":{"start":{"line":172,"column":24},"end":{"line":172,"column":48}},"line":172}},"branchMap":{"0":{"loc":{"start":{"line":25,"column":46},"end":{"line":25,"column":59}},"type":"default-arg","locations":[{"start":{"line":25,"column":53},"end":{"line":25,"column":59}}],"line":25},"1":{"loc":{"start":{"line":57,"column":4},"end":{"line":57,"column":null}},"type":"if","locations":[{"start":{"line":57,"column":4},"end":{"line":57,"column":null}},{"start":{},"end":{}}],"line":57},"2":{"loc":{"start":{"line":70,"column":4},"end":{"line":73,"column":null}},"type":"if","locations":[{"start":{"line":70,"column":4},"end":{"line":73,"column":null}},{"start":{"line":72,"column":11},"end":{"line":73,"column":null}}],"line":70},"3":{"loc":{"start":{"line":80,"column":4},"end":{"line":80,"column":null}},"type":"if","locations":[{"start":{"line":80,"column":4},"end":{"line":80,"column":null}},{"start":{},"end":{}}],"line":80},"4":{"loc":{"start":{"line":81,"column":4},"end":{"line":81,"column":null}},"type":"if","locations":[{"start":{"line":81,"column":4},"end":{"line":81,"column":null}},{"start":{},"end":{}}],"line":81},"5":{"loc":{"start":{"line":82,"column":4},"end":{"line":82,"column":null}},"type":"if","locations":[{"start":{"line":82,"column":4},"end":{"line":82,"column":null}},{"start":{},"end":{}}],"line":82},"6":{"loc":{"start":{"line":96,"column":7},"end":{"line":96,"column":null}},"type":"binary-expr","locations":[{"start":{"line":96,"column":7},"end":{"line":96,"column":16}},{"start":{"line":96,"column":16},"end":{"line":96,"column":null}}],"line":96},"7":{"loc":{"start":{"line":99,"column":9},"end":{"line":147,"column":null}},"type":"cond-expr","locations":[{"start":{"line":100,"column":10},"end":{"line":101,"column":24}},{"start":{"line":101,"column":12},"end":{"line":147,"column":null}}],"line":99},"8":{"loc":{"start":{"line":101,"column":12},"end":{"line":147,"column":null}},"type":"cond-expr","locations":[{"start":{"line":102,"column":10},"end":{"line":104,"column":11}},{"start":{"line":104,"column":10},"end":{"line":147,"column":null}}],"line":101},"9":{"loc":{"start":{"line":130,"column":94},"end":{"line":130,"column":110}},"type":"binary-expr","locations":[{"start":{"line":130,"column":94},"end":{"line":130,"column":106}},{"start":{"line":130,"column":106},"end":{"line":130,"column":110}}],"line":130},"10":{"loc":{"start":{"line":131,"column":25},"end":{"line":131,"column":39}},"type":"binary-expr","locations":[{"start":{"line":131,"column":25},"end":{"line":131,"column":37}},{"start":{"line":131,"column":37},"end":{"line":131,"column":39}}],"line":131},"11":{"loc":{"start":{"line":136,"column":25},"end":{"line":136,"column":null}},"type":"binary-expr","locations":[{"start":{"line":136,"column":25},"end":{"line":136,"column":40}},{"start":{"line":136,"column":40},"end":{"line":136,"column":null}}],"line":136},"12":{"loc":{"start":{"line":151,"column":7},"end":{"line":157,"column":null}},"type":"binary-expr","locations":[{"start":{"line":151,"column":7},"end":{"line":151,"column":null}},{"start":{"line":152,"column":8},"end":{"line":157,"column":null}}],"line":151}},"s":{"0":1,"1":1,"2":1,"3":1,"4":1,"5":1,"6":1,"7":1,"8":1,"9":0,"10":0,"11":0,"12":0,"13":0,"14":0,"15":0,"16":0,"17":0,"18":0,"19":1,"20":1,"21":0,"22":1,"23":1,"24":1,"25":0,"26":0,"27":1,"28":0,"29":0,"30":1,"31":0,"32":0,"33":0,"34":0,"35":0,"36":0,"37":0,"38":0,"39":0,"40":1,"41":0,"42":0,"43":0,"44":0,"45":0,"46":1,"47":0,"48":0,"49":0,"50":0,"51":0,"52":0,"53":0,"54":1,"55":0,"56":0,"57":0,"58":0,"59":0},"f":{"0":1,"1":0,"2":1,"3":0,"4":1,"5":0,"6":0,"7":0,"8":0,"9":0,"10":0,"11":0,"12":0,"13":0,"14":0},"b":{"0":[0],"1":[0,0],"2":[0,0],"3":[0,0],"4":[0,0],"5":[0,0],"6":[1,0],"7":[1,0],"8":[0,0],"9":[0,0],"10":[0,0],"11":[0,0],"12":[1,0]},"meta":{"lastBranch":13,"lastFunction":15,"lastStatement":60,"seen":{"s:15:6:175:Infinity":0,"f:15:6:15:64":0,"s:16:22:16:66":1,"s:17:21:17:79":2,"s:18:18:18:46":3,"s:19:16:19:57":4,"s:21:21:21:53":5,"s:22:22:22:73":6,"s:23:26:23:77":7,"s:25:8:39:8":8,"f:25:39:25:46":1,"b:25:53:25:59":0,"s:26:4:37:Infinity":9,"s:27:6:27:Infinity":10,"s:28:6:28:Infinity":11,"s:29:44:29:Infinity":12,"s:30:18:30:64":13,"s:31:6:31:Infinity":14,"s:32:6:32:Infinity":15,"s:34:12:34:77":16,"s:35:6:35:Infinity":17,"s:37:6:37:Infinity":18,"s:41:2:44:Infinity":19,"f:41:2:41:18":2,"s:42:18:42:60":20,"f:42:18:42:35":3,"s:42:35:42:54":21,"s:43:4:43:Infinity":22,"f:43:4:43:17":4,"s:43:17:43:36":23,"s:46:8:48:Infinity":24,"f:46:8:46:29":5,"s:47:4:47:Infinity":25,"s:48:4:48:Infinity":26,"s:51:8:53:Infinity":27,"f:51:8:51:22":6,"s:52:4:52:Infinity":28,"s:53:4:53:Infinity":29,"s:56:23:65:Infinity":30,"f:56:23:56:35":7,"b:57:4:57:Infinity:undefined:undefined:undefined:undefined":1,"s:57:4:57:Infinity":31,"s:57:26:57:Infinity":32,"s:58:4:65:Infinity":33,"s:59:6:59:Infinity":34,"s:60:6:60:Infinity":35,"s:61:6:61:Infinity":36,"s:63:12:63:78":37,"s:64:6:64:Infinity":38,"s:65:6:65:Infinity":39,"s:69:23:76:Infinity":40,"f:69:23:69:30":8,"b:70:4:73:Infinity:72:11:73:Infinity":2,"s:70:4:73:Infinity":41,"s:71:6:71:Infinity":42,"s:73:6:73:Infinity":43,"s:75:4:75:Infinity":44,"s:76:4:76:Infinity":45,"s:79:8:83:Infinity":46,"f:79:8:79:25":9,"b:80:4:80:Infinity:undefined:undefined:undefined:undefined":3,"s:80:4:80:Infinity":47,"s:80:21:80:Infinity":48,"b:81:4:81:Infinity:undefined:undefined:undefined:undefined":4,"s:81:4:81:Infinity":49,"s:81:21:81:Infinity":50,"b:82:4:82:Infinity:undefined:undefined:undefined:undefined":5,"s:82:4:82:Infinity":51,"s:82:21:82:Infinity":52,"s:83:4:83:Infinity":53,"s:86:2:175:Infinity":54,"b:96:7:96:16:96:16:96:Infinity":6,"b:100:10:101:24:101:12:147:Infinity":7,"b:102:10:104:11:104:10:147:Infinity":8,"f:116:29:116:33":10,"s:117:18:143:Infinity":55,"b:130:94:130:106:130:106:130:110":9,"b:131:25:131:37:131:37:131:39":10,"b:136:25:136:40:136:40:136:Infinity":11,"f:140:67:140:82":11,"s:140:82:140:96":56,"f:141:67:141:82":12,"s:141:82:141:107":57,"b:151:7:151:Infinity:152:8:157:Infinity":12,"f:164:8:164:23":13,"s:164:23:164:Infinity":58,"f:172:8:172:24":14,"s:172:24:172:48":59}}}
,"D:\\MCA\\accoclite\\Internhub\\frontend\\src\\components\\Admin\\AdminProjects.tsx": {"path":"D:\\MCA\\accoclite\\Internhub\\frontend\\src\\components\\Admin\\AdminProjects.tsx","statementMap":{"0":{"start":{"line":14,"column":6},"end":{"line":105,"column":null}},"1":{"start":{"line":15,"column":17},"end":{"line":15,"column":77}},"2":{"start":{"line":16,"column":20},"end":{"line":16,"column":48}},"3":{"start":{"line":17,"column":18},"end":{"line":17,"column":42}},"4":{"start":{"line":18,"column":17},"end":{"line":18,"column":39}},"5":{"start":{"line":19,"column":21},"end":{"line":19,"column":51}},"6":{"start":{"line":20,"column":24},"end":{"line":20,"column":72}},"7":{"start":{"line":21,"column":25},"end":{"line":21,"column":74}},"8":{"start":{"line":23,"column":10},"end":{"line":31,"column":14}},"9":{"start":{"line":24,"column":8},"end":{"line":24,"column":26}},"10":{"start":{"line":24,"column":26},"end":{"line":24,"column":null}},"11":{"start":{"line":25,"column":8},"end":{"line":30,"column":null}},"12":{"start":{"line":26,"column":27},"end":{"line":26,"column":105}},"13":{"start":{"line":27,"column":12},"end":{"line":27,"column":null}},"14":{"start":{"line":29,"column":12},"end":{"line":29,"column":null}},"15":{"start":{"line":30,"column":20},"end":{"line":30,"column":null}},"16":{"start":{"line":33,"column":4},"end":{"line":33,"column":null}},"17":{"start":{"line":33,"column":22},"end":{"line":33,"column":42}},"18":{"start":{"line":35,"column":25},"end":{"line":37,"column":null}},"19":{"start":{"line":36,"column":8},"end":{"line":37,"column":null}},"20":{"start":{"line":36,"column":14},"end":{"line":36,"column":60}},"21":{"start":{"line":36,"column":60},"end":{"line":36,"column":80}},"22":{"start":{"line":36,"column":80},"end":{"line":36,"column":null}},"23":{"start":{"line":37,"column":31},"end":{"line":37,"column":null}},"24":{"start":{"line":40,"column":23},"end":{"line":43,"column":null}},"25":{"start":{"line":41,"column":8},"end":{"line":41,"column":null}},"26":{"start":{"line":41,"column":26},"end":{"line":41,"column":null}},"27":{"start":{"line":42,"column":8},"end":{"line":43,"column":null}},"28":{"start":{"line":42,"column":14},"end":{"line":42,"column":76}},"29":{"start":{"line":42,"column":76},"end":{"line":42,"column":98}},"30":{"start":{"line":42,"column":98},"end":{"line":42,"column":118}},"31":{"start":{"line":42,"column":118},"end":{"line":42,"column":null}},"32":{"start":{"line":43,"column":31},"end":{"line":43,"column":null}},"33":{"start":{"line":46,"column":25},"end":{"line":49,"column":null}},"34":{"start":{"line":47,"column":8},"end":{"line":47,"column":null}},"35":{"start":{"line":47,"column":27},"end":{"line":47,"column":null}},"36":{"start":{"line":48,"column":8},"end":{"line":49,"column":null}},"37":{"start":{"line":48,"column":14},"end":{"line":48,"column":67}},"38":{"start":{"line":48,"column":67},"end":{"line":48,"column":90}},"39":{"start":{"line":48,"column":90},"end":{"line":48,"column":null}},"40":{"start":{"line":49,"column":31},"end":{"line":49,"column":null}},"41":{"start":{"line":52,"column":4},"end":{"line":105,"column":null}},"42":{"start":{"line":59,"column":76},"end":{"line":59,"column":98}},"43":{"start":{"line":59,"column":98},"end":{"line":59,"column":120}},"44":{"start":{"line":81,"column":36},"end":{"line":92,"column":null}},"45":{"start":{"line":88,"column":110},"end":{"line":88,"column":135}},"46":{"start":{"line":88,"column":135},"end":{"line":88,"column":157}},"47":{"start":{"line":89,"column":144},"end":{"line":89,"column":168}},"48":{"start":{"line":104,"column":142},"end":{"line":104,"column":162}},"49":{"start":{"line":104,"column":162},"end":{"line":104,"column":189}},"50":{"start":{"line":105,"column":222},"end":{"line":105,"column":247}}},"fnMap":{"0":{"name":"(anonymous_0)","decl":{"start":{"line":14,"column":6},"end":{"line":14,"column":58}},"loc":{"start":{"line":14,"column":58},"end":{"line":105,"column":null}},"line":14},"1":{"name":"(anonymous_1)","decl":{"start":{"line":23,"column":38},"end":{"line":23,"column":50}},"loc":{"start":{"line":23,"column":50},"end":{"line":31,"column":8}},"line":23},"2":{"name":"(anonymous_2)","decl":{"start":{"line":33,"column":4},"end":{"line":33,"column":20}},"loc":{"start":{"line":33,"column":20},"end":{"line":33,"column":43}},"line":33},"3":{"name":"(anonymous_3)","decl":{"start":{"line":35,"column":25},"end":{"line":35,"column":32}},"loc":{"start":{"line":35,"column":62},"end":{"line":37,"column":null}},"line":35},"4":{"name":"(anonymous_4)","decl":{"start":{"line":40,"column":23},"end":{"line":40,"column":30}},"loc":{"start":{"line":40,"column":60},"end":{"line":43,"column":null}},"line":40},"5":{"name":"(anonymous_5)","decl":{"start":{"line":46,"column":25},"end":{"line":46,"column":37}},"loc":{"start":{"line":46,"column":37},"end":{"line":49,"column":null}},"line":46},"6":{"name":"(anonymous_6)","decl":{"start":{"line":59,"column":59},"end":{"line":59,"column":74}},"loc":{"start":{"line":59,"column":74},"end":{"line":59,"column":120}},"line":59},"7":{"name":"(anonymous_7)","decl":{"start":{"line":80,"column":45},"end":{"line":80,"column":49}},"loc":{"start":{"line":81,"column":36},"end":{"line":92,"column":null}},"line":81},"8":{"name":"(anonymous_8)","decl":{"start":{"line":88,"column":93},"end":{"line":88,"column":108}},"loc":{"start":{"line":88,"column":108},"end":{"line":88,"column":157}},"line":88},"9":{"name":"(anonymous_9)","decl":{"start":{"line":89,"column":129},"end":{"line":89,"column":144}},"loc":{"start":{"line":89,"column":144},"end":{"line":89,"column":168}},"line":89},"10":{"name":"(anonymous_10)","decl":{"start":{"line":104,"column":125},"end":{"line":104,"column":140}},"loc":{"start":{"line":104,"column":140},"end":{"line":104,"column":189}},"line":104},"11":{"name":"(anonymous_11)","decl":{"start":{"line":105,"column":206},"end":{"line":105,"column":222}},"loc":{"start":{"line":105,"column":222},"end":{"line":105,"column":247}},"line":105}},"branchMap":{"0":{"loc":{"start":{"line":41,"column":8},"end":{"line":41,"column":null}},"type":"if","locations":[{"start":{"line":41,"column":8},"end":{"line":41,"column":null}},{"start":{},"end":{}}],"line":41},"1":{"loc":{"start":{"line":47,"column":8},"end":{"line":47,"column":null}},"type":"if","locations":[{"start":{"line":47,"column":8},"end":{"line":47,"column":null}},{"start":{},"end":{}}],"line":47},"2":{"loc":{"start":{"line":62,"column":13},"end":{"line":62,"column":null}},"type":"binary-expr","locations":[{"start":{"line":62,"column":13},"end":{"line":62,"column":22}},{"start":{"line":62,"column":22},"end":{"line":62,"column":null}}],"line":62},"3":{"loc":{"start":{"line":64,"column":13},"end":{"line":100,"column":null}},"type":"cond-expr","locations":[{"start":{"line":65,"column":22},"end":{"line":67,"column":17}},{"start":{"line":67,"column":16},"end":{"line":100,"column":null}}],"line":64},"4":{"loc":{"start":{"line":83,"column":68},"end":{"line":83,"column":100}},"type":"binary-expr","locations":[{"start":{"line":83,"column":68},"end":{"line":83,"column":91}},{"start":{"line":83,"column":91},"end":{"line":83,"column":100}}],"line":83},"5":{"loc":{"start":{"line":94,"column":33},"end":{"line":97,"column":null}},"type":"binary-expr","locations":[{"start":{"line":94,"column":33},"end":{"line":94,"column":null}},{"start":{"line":95,"column":36},"end":{"line":97,"column":null}}],"line":94},"6":{"loc":{"start":{"line":100,"column":21},"end":{"line":100,"column":null}},"type":"binary-expr","locations":[{"start":{"line":100,"column":21},"end":{"line":100,"column":29}},{"start":{"line":100,"column":29},"end":{"line":100,"column":null}}],"line":100},"7":{"loc":{"start":{"line":104,"column":84},"end":{"line":104,"column":125}},"type":"cond-expr","locations":[{"start":{"line":104,"column":98},"end":{"line":104,"column":111}},{"start":{"line":104,"column":111},"end":{"line":104,"column":125}}],"line":104}},"s":{"0":1,"1":2,"2":2,"3":2,"4":2,"5":2,"6":2,"7":2,"8":2,"9":1,"10":1,"11":1,"12":1,"13":1,"14":0,"15":1,"16":2,"17":1,"18":2,"19":0,"20":0,"21":0,"22":0,"23":0,"24":2,"25":0,"26":0,"27":0,"28":0,"29":0,"30":0,"31":0,"32":0,"33":2,"34":0,"35":0,"36":0,"37":0,"38":0,"39":0,"40":0,"41":2,"42":0,"43":0,"44":0,"45":0,"46":0,"47":0,"48":0,"49":0,"50":0},"f":{"0":2,"1":1,"2":1,"3":0,"4":0,"5":0,"6":0,"7":0,"8":0,"9":0,"10":0,"11":0},"b":{"0":[0,0],"1":[0,0],"2":[2,0],"3":[1,1],"4":[0,0],"5":[1,1],"6":[1,1],"7":[0,2]},"meta":{"lastBranch":8,"lastFunction":12,"lastStatement":51,"seen":{"s:14:6:105:Infinity":0,"f:14:6:14:58":0,"s:15:17:15:77":1,"s:16:20:16:48":2,"s:17:18:17:42":3,"s:18:17:18:39":4,"s:19:21:19:51":5,"s:20:24:20:72":6,"s:21:25:21:74":7,"s:23:10:31:14":8,"f:23:38:23:50":1,"s:24:8:24:26":9,"s:24:26:24:Infinity":10,"s:25:8:30:Infinity":11,"s:26:27:26:105":12,"s:27:12:27:Infinity":13,"s:29:12:29:Infinity":14,"s:30:20:30:Infinity":15,"s:33:4:33:Infinity":16,"f:33:4:33:20":2,"s:33:22:33:42":17,"s:35:25:37:Infinity":18,"f:35:25:35:32":3,"s:36:8:37:Infinity":19,"s:36:14:36:60":20,"s:36:60:36:80":21,"s:36:80:36:Infinity":22,"s:37:31:37:Infinity":23,"s:40:23:43:Infinity":24,"f:40:23:40:30":4,"b:41:8:41:Infinity:undefined:undefined:undefined:undefined":0,"s:41:8:41:Infinity":25,"s:41:26:41:Infinity":26,"s:42:8:43:Infinity":27,"s:42:14:42:76":28,"s:42:76:42:98":29,"s:42:98:42:118":30,"s:42:118:42:Infinity":31,"s:43:31:43:Infinity":32,"s:46:25:49:Infinity":33,"f:46:25:46:37":5,"b:47:8:47:Infinity:undefined:undefined:undefined:undefined":1,"s:47:8:47:Infinity":34,"s:47:27:47:Infinity":35,"s:48:8:49:Infinity":36,"s:48:14:48:67":37,"s:48:67:48:90":38,"s:48:90:48:Infinity":39,"s:49:31:49:Infinity":40,"s:52:4:105:Infinity":41,"f:59:59:59:74":6,"s:59:76:59:98":42,"s:59:98:59:120":43,"b:62:13:62:22:62:22:62:Infinity":2,"b:65:22:67:17:67:16:100:Infinity":3,"f:80:45:80:49":7,"s:81:36:92:Infinity":44,"b:83:68:83:91:83:91:83:100":4,"f:88:93:88:108":8,"s:88:110:88:135":45,"s:88:135:88:157":46,"f:89:129:89:144":9,"s:89:144:89:168":47,"b:94:33:94:Infinity:95:36:97:Infinity":5,"b:100:21:100:29:100:29:100:Infinity":6,"b:104:98:104:111:104:111:104:125":7,"f:104:125:104:140":10,"s:104:142:104:162":48,"s:104:162:104:189":49,"f:105:206:105:222":11,"s:105:222:105:247":50}}}
,"D:\\MCA\\accoclite\\Internhub\\frontend\\src\\components\\Admin\\AdminSubmissions.tsx": {"path":"D:\\MCA\\accoclite\\Internhub\\frontend\\src\\components\\Admin\\AdminSubmissions.tsx","statementMap":{"0":{"start":{"line":15,"column":6},"end":{"line":155,"column":null}},"1":{"start":{"line":16,"column":22},"end":{"line":16,"column":66}},"2":{"start":{"line":17,"column":21},"end":{"line":17,"column":79}},"3":{"start":{"line":18,"column":18},"end":{"line":18,"column":46}},"4":{"start":{"line":19,"column":16},"end":{"line":19,"column":57}},"5":{"start":{"line":22,"column":23},"end":{"line":22,"column":54}},"6":{"start":{"line":25,"column":21},"end":{"line":25,"column":67}},"7":{"start":{"line":27,"column":8},"end":{"line":42,"column":20}},"8":{"start":{"line":28,"column":4},"end":{"line":40,"column":null}},"9":{"start":{"line":29,"column":6},"end":{"line":29,"column":null}},"10":{"start":{"line":30,"column":6},"end":{"line":30,"column":null}},"11":{"start":{"line":31,"column":44},"end":{"line":31,"column":null}},"12":{"start":{"line":32,"column":6},"end":{"line":32,"column":null}},"13":{"start":{"line":32,"column":24},"end":{"line":32,"column":null}},"14":{"start":{"line":34,"column":18},"end":{"line":34,"column":64}},"15":{"start":{"line":35,"column":6},"end":{"line":35,"column":null}},"16":{"start":{"line":36,"column":6},"end":{"line":36,"column":null}},"17":{"start":{"line":38,"column":6},"end":{"line":38,"column":null}},"18":{"start":{"line":40,"column":6},"end":{"line":40,"column":null}},"19":{"start":{"line":44,"column":2},"end":{"line":47,"column":null}},"20":{"start":{"line":45,"column":18},"end":{"line":45,"column":60}},"21":{"start":{"line":45,"column":35},"end":{"line":45,"column":54}},"22":{"start":{"line":46,"column":4},"end":{"line":46,"column":null}},"23":{"start":{"line":46,"column":17},"end":{"line":46,"column":36}},"24":{"start":{"line":49,"column":29},"end":{"line":57,"column":null}},"25":{"start":{"line":50,"column":4},"end":{"line":57,"column":null}},"26":{"start":{"line":51,"column":6},"end":{"line":51,"column":null}},"27":{"start":{"line":52,"column":6},"end":{"line":52,"column":null}},"28":{"start":{"line":53,"column":6},"end":{"line":53,"column":null}},"29":{"start":{"line":55,"column":6},"end":{"line":55,"column":null}},"30":{"start":{"line":57,"column":6},"end":{"line":57,"column":null}},"31":{"start":{"line":61,"column":8},"end":{"line":66,"column":null}},"32":{"start":{"line":62,"column":4},"end":{"line":66,"column":null}},"33":{"start":{"line":63,"column":24},"end":{"line":63,"column":null}},"34":{"start":{"line":64,"column":23},"end":{"line":64,"column":null}},"35":{"start":{"line":65,"column":33},"end":{"line":65,"column":null}},"36":{"start":{"line":66,"column":15},"end":{"line":66,"column":null}},"37":{"start":{"line":70,"column":2},"end":{"line":155,"column":null}},"38":{"start":{"line":85,"column":98},"end":{"line":85,"column":117}},"39":{"start":{"line":86,"column":107},"end":{"line":86,"column":135}},"40":{"start":{"line":87,"column":106},"end":{"line":87,"column":133}},"41":{"start":{"line":88,"column":116},"end":{"line":88,"column":153}},"42":{"start":{"line":112,"column":18},"end":{"line":141,"column":null}},"43":{"start":{"line":129,"column":84},"end":{"line":129,"column":122}},"44":{"start":{"line":132,"column":86},"end":{"line":132,"column":134}}},"fnMap":{"0":{"name":"(anonymous_0)","decl":{"start":{"line":15,"column":6},"end":{"line":15,"column":64}},"loc":{"start":{"line":15,"column":64},"end":{"line":155,"column":null}},"line":15},"1":{"name":"(anonymous_1)","decl":{"start":{"line":27,"column":39},"end":{"line":27,"column":46}},"loc":{"start":{"line":27,"column":59},"end":{"line":42,"column":6}},"line":27},"2":{"name":"(anonymous_2)","decl":{"start":{"line":44,"column":2},"end":{"line":44,"column":18}},"loc":{"start":{"line":44,"column":18},"end":{"line":47,"column":6}},"line":44},"3":{"name":"(anonymous_3)","decl":{"start":{"line":45,"column":18},"end":{"line":45,"column":35}},"loc":{"start":{"line":45,"column":35},"end":{"line":45,"column":54}},"line":45},"4":{"name":"(anonymous_4)","decl":{"start":{"line":46,"column":4},"end":{"line":46,"column":17}},"loc":{"start":{"line":46,"column":17},"end":{"line":46,"column":36}},"line":46},"5":{"name":"(anonymous_5)","decl":{"start":{"line":49,"column":29},"end":{"line":49,"column":36}},"loc":{"start":{"line":49,"column":94},"end":{"line":57,"column":null}},"line":49},"6":{"name":"(anonymous_6)","decl":{"start":{"line":61,"column":8},"end":{"line":61,"column":26}},"loc":{"start":{"line":61,"column":40},"end":{"line":66,"column":null}},"line":61},"7":{"name":"(anonymous_7)","decl":{"start":{"line":85,"column":83},"end":{"line":85,"column":98}},"loc":{"start":{"line":85,"column":98},"end":{"line":85,"column":117}},"line":85},"8":{"name":"(anonymous_8)","decl":{"start":{"line":86,"column":92},"end":{"line":86,"column":107}},"loc":{"start":{"line":86,"column":107},"end":{"line":86,"column":135}},"line":86},"9":{"name":"(anonymous_9)","decl":{"start":{"line":87,"column":91},"end":{"line":87,"column":106}},"loc":{"start":{"line":87,"column":106},"end":{"line":87,"column":133}},"line":87},"10":{"name":"(anonymous_10)","decl":{"start":{"line":88,"column":101},"end":{"line":88,"column":116}},"loc":{"start":{"line":88,"column":116},"end":{"line":88,"column":153}},"line":88},"11":{"name":"(anonymous_11)","decl":{"start":{"line":111,"column":29},"end":{"line":111,"column":33}},"loc":{"start":{"line":112,"column":18},"end":{"line":141,"column":null}},"line":112},"12":{"name":"(anonymous_12)","decl":{"start":{"line":129,"column":69},"end":{"line":129,"column":84}},"loc":{"start":{"line":129,"column":84},"end":{"line":129,"column":122}},"line":129},"13":{"name":"(anonymous_13)","decl":{"start":{"line":132,"column":71},"end":{"line":132,"column":86}},"loc":{"start":{"line":132,"column":86},"end":{"line":132,"column":134}},"line":132}},"branchMap":{"0":{"loc":{"start":{"line":27,"column":46},"end":{"line":27,"column":59}},"type":"default-arg","locations":[{"start":{"line":27,"column":53},"end":{"line":27,"column":59}}],"line":27},"1":{"loc":{"start":{"line":32,"column":6},"end":{"line":32,"column":null}},"type":"if","locations":[{"start":{"line":32,"column":6},"end":{"line":32,"column":null}},{"start":{},"end":{}}],"line":32},"2":{"loc":{"start":{"line":62,"column":4},"end":{"line":66,"column":null}},"type":"switch","locations":[{"start":{"line":63,"column":6},"end":{"line":63,"column":null}},{"start":{"line":64,"column":6},"end":{"line":64,"column":null}},{"start":{"line":65,"column":6},"end":{"line":65,"column":null}},{"start":{"line":66,"column":6},"end":{"line":66,"column":null}}],"line":62},"3":{"loc":{"start":{"line":79,"column":7},"end":{"line":79,"column":null}},"type":"binary-expr","locations":[{"start":{"line":79,"column":7},"end":{"line":79,"column":16}},{"start":{"line":79,"column":16},"end":{"line":79,"column":null}}],"line":79},"4":{"loc":{"start":{"line":85,"column":44},"end":{"line":85,"column":83}},"type":"cond-expr","locations":[{"start":{"line":85,"column":66},"end":{"line":85,"column":77}},{"start":{"line":85,"column":77},"end":{"line":85,"column":83}}],"line":85},"5":{"loc":{"start":{"line":86,"column":44},"end":{"line":86,"column":92}},"type":"cond-expr","locations":[{"start":{"line":86,"column":75},"end":{"line":86,"column":86}},{"start":{"line":86,"column":86},"end":{"line":86,"column":92}}],"line":86},"6":{"loc":{"start":{"line":87,"column":44},"end":{"line":87,"column":91}},"type":"cond-expr","locations":[{"start":{"line":87,"column":74},"end":{"line":87,"column":85}},{"start":{"line":87,"column":85},"end":{"line":87,"column":91}}],"line":87},"7":{"loc":{"start":{"line":88,"column":44},"end":{"line":88,"column":101}},"type":"cond-expr","locations":[{"start":{"line":88,"column":84},"end":{"line":88,"column":95}},{"start":{"line":88,"column":95},"end":{"line":88,"column":101}}],"line":88},"8":{"loc":{"start":{"line":93,"column":9},"end":{"line":145,"column":null}},"type":"cond-expr","locations":[{"start":{"line":94,"column":10},"end":{"line":95,"column":24}},{"start":{"line":95,"column":12},"end":{"line":145,"column":null}}],"line":93},"9":{"loc":{"start":{"line":95,"column":12},"end":{"line":145,"column":null}},"type":"cond-expr","locations":[{"start":{"line":96,"column":10},"end":{"line":98,"column":11}},{"start":{"line":98,"column":10},"end":{"line":145,"column":null}}],"line":95},"10":{"loc":{"start":{"line":113,"column":33},"end":{"line":113,"column":83}},"type":"binary-expr","locations":[{"start":{"line":113,"column":33},"end":{"line":113,"column":51}},{"start":{"line":113,"column":51},"end":{"line":113,"column":83}}],"line":113},"11":{"loc":{"start":{"line":116,"column":55},"end":{"line":116,"column":114}},"type":"binary-expr","locations":[{"start":{"line":116,"column":55},"end":{"line":116,"column":100}},{"start":{"line":116,"column":104},"end":{"line":116,"column":114}}],"line":116},"12":{"loc":{"start":{"line":117,"column":25},"end":{"line":117,"column":null}},"type":"binary-expr","locations":[{"start":{"line":117,"column":25},"end":{"line":117,"column":44}},{"start":{"line":117,"column":44},"end":{"line":117,"column":null}}],"line":117},"13":{"loc":{"start":{"line":121,"column":23},"end":{"line":121,"column":170}},"type":"binary-expr","locations":[{"start":{"line":121,"column":23},"end":{"line":121,"column":41}},{"start":{"line":121,"column":41},"end":{"line":121,"column":170}}],"line":121},"14":{"loc":{"start":{"line":122,"column":23},"end":{"line":122,"column":null}},"type":"binary-expr","locations":[{"start":{"line":122,"column":23},"end":{"line":122,"column":39}},{"start":{"line":122,"column":39},"end":{"line":122,"column":null}}],"line":122},"15":{"loc":{"start":{"line":127,"column":23},"end":{"line":135,"column":null}},"type":"binary-expr","locations":[{"start":{"line":127,"column":23},"end":{"line":127,"column":null}},{"start":{"line":128,"column":24},"end":{"line":135,"column":null}}],"line":127},"16":{"loc":{"start":{"line":137,"column":23},"end":{"line":138,"column":null}},"type":"binary-expr","locations":[{"start":{"line":137,"column":23},"end":{"line":137,"column":null}},{"start":{"line":138,"column":24},"end":{"line":138,"column":null}}],"line":137},"17":{"loc":{"start":{"line":149,"column":7},"end":{"line":155,"column":null}},"type":"binary-expr","locations":[{"start":{"line":149,"column":7},"end":{"line":149,"column":null}},{"start":{"line":150,"column":8},"end":{"line":155,"column":null}}],"line":149}},"s":{"0":1,"1":1,"2":1,"3":1,"4":1,"5":1,"6":1,"7":1,"8":0,"9":0,"10":0,"11":0,"12":0,"13":0,"14":0,"15":0,"16":0,"17":0,"18":0,"19":1,"20":1,"21":0,"22":1,"23":1,"24":1,"25":0,"26":0,"27":0,"28":0,"29":0,"30":0,"31":1,"32":0,"33":0,"34":0,"35":0,"36":0,"37":1,"38":0,"39":0,"40":0,"41":0,"42":0,"43":0,"44":0},"f":{"0":1,"1":0,"2":1,"3":0,"4":1,"5":0,"6":0,"7":0,"8":0,"9":0,"10":0,"11":0,"12":0,"13":0},"b":{"0":[0],"1":[0,0],"2":[0,0,0,0],"3":[1,0],"4":[1,0],"5":[0,1],"6":[0,1],"7":[0,1],"8":[1,0],"
[...]
lumn":77}},"14":{"start":{"line":72,"column":4},"end":{"line":72,"column":79}},"15":{"start":{"line":72,"column":72},"end":{"line":72,"column":79}},"16":{"start":{"line":75,"column":4},"end":{"line":75,"column":52}},"17":{"start":{"line":75,"column":45},"end":{"line":75,"column":52}},"18":{"start":{"line":78,"column":4},"end":{"line":78,"column":57}},"19":{"start":{"line":78,"column":50},"end":{"line":78,"column":57}},"20":{"start":{"line":81,"column":4},"end":{"line":81,"column":null}},"21":{"start":{"line":81,"column":101},"end":{"line":81,"column":null}}},"fnMap":{"0":{"name":"(anonymous_0)","decl":{"start":{"line":55,"column":2},"end":{"line":55,"column":null}},"loc":{"start":{"line":56,"column":4},"end":{"line":56,"column":61}},"line":56},"1":{"name":"(anonymous_1)","decl":{"start":{"line":56,"column":44},"end":{"line":56,"column":49}},"loc":{"start":{"line":56,"column":54},"end":{"line":56,"column":61}},"line":56},"2":{"name":"(anonymous_2)","decl":{"start":{"line":58,"column":2},"end":{"line":58,"column":null}},"loc":{"start":{"line":59,"column":4},"end":{"line":59,"column":69}},"line":59},"3":{"name":"(anonymous_3)","decl":{"start":{"line":59,"column":52},"end":{"line":59,"column":57}},"loc":{"start":{"line":59,"column":62},"end":{"line":59,"column":69}},"line":59},"4":{"name":"(anonymous_4)","decl":{"start":{"line":61,"column":2},"end":{"line":61,"column":21}},"loc":{"start":{"line":61,"column":58},"end":{"line":65,"column":null}},"line":61},"5":{"name":"(anonymous_5)","decl":{"start":{"line":65,"column":72},"end":{"line":65,"column":77}},"loc":{"start":{"line":65,"column":82},"end":{"line":65,"column":89}},"line":65},"6":{"name":"(anonymous_6)","decl":{"start":{"line":68,"column":2},"end":{"line":68,"column":null}},"loc":{"start":{"line":69,"column":4},"end":{"line":69,"column":77}},"line":69},"7":{"name":"(anonymous_7)","decl":{"start":{"line":69,"column":60},"end":{"line":69,"column":65}},"loc":{"start":{"line":69,"column":70},"end":{"line":69,"column":77}},"line":69},"8":{"name":"(anonymous_8)","decl":{"start":{"line":71,"column":2},"end":{"line":71,"column":null}},"loc":{"start":{"line":72,"column":4},"end":{"line":72,"column":79}},"line":72},"9":{"name":"(anonymous_9)","decl":{"start":{"line":72,"column":62},"end":{"line":72,"column":67}},"loc":{"start":{"line":72,"column":72},"end":{"line":72,"column":79}},"line":72},"10":{"name":"(anonymous_10)","decl":{"start":{"line":74,"column":2},"end":{"line":74,"column":21}},"loc":{"start":{"line":75,"column":4},"end":{"line":75,"column":52}},"line":75},"11":{"name":"(anonymous_11)","decl":{"start":{"line":75,"column":35},"end":{"line":75,"column":40}},"loc":{"start":{"line":75,"column":45},"end":{"line":75,"column":52}},"line":75},"12":{"name":"(anonymous_12)","decl":{"start":{"line":77,"column":2},"end":{"line":77,"column":21}},"loc":{"start":{"line":78,"column":4},"end":{"line":78,"column":57}},"line":78},"13":{"name":"(anonymous_13)","decl":{"start":{"line":78,"column":40},"end":{"line":78,"column":45}},"loc":{"start":{"line":78,"column":50},"end":{"line":78,"column":57}},"line":78},"14":{"name":"(anonymous_14)","decl":{"start":{"line":80,"column":2},"end":{"line":80,"column":27}},"loc":{"start":{"line":81,"column":4},"end":{"line":81,"column":null}},"line":81},"15":{"name":"(anonymous_15)","decl":{"start":{"line":81,"column":91},"end":{"line":81,"column":96}},"loc":{"start":{"line":81,"column":101},"end":{"line":81,"column":null}},"line":81}},"branchMap":{"0":{"loc":{"start":{"line":63,"column":4},"end":{"line":63,"column":null}},"type":"if","locations":[{"start":{"line":63,"column":4},"end":{"line":63,"column":null}},{"start":{},"end":{}}],"line":63},"1":{"loc":{"start":{"line":64,"column":4},"end":{"line":64,"column":null}},"type":"if","locations":[{"start":{"line":64,"column":4},"end":{"line":64,"column":null}},{"start":{},"end":{}}],"line":64},"2":{"loc":{"start":{"line":81,"column":50},"end":{"line":81,"column":89}},"type":"cond-expr","locations":[{"start":{"line":81,"column":72},"end":{"line":81,"column":74}},{"start":{"line":81,"column":77},"end":{"line":81,"column":89}}],"line":81}},"s":{"0":2,"1":4,"2":3,"3":1,"4":1,"5":19,"6":19,"7":4,"8":19,"9":3,"10":19,"11":18,"12":1,"13":1,"14":4,"15":3,"16":3,"17":2,"18":1,"19":1,"20":3,"21":3},"f":{"0":4,"1":3,"2":1,"3":1,"4":19,"5":18,"6":1,"7":1,"8":4,"9":3,"10":3,"11":2,"12":1,"13":1,"14":3,"15":3},"b":{"0":[4,15],"1":[3,16],"2":[2,1]},"meta":{"lastBranch":3,"lastFunction":16,"lastStatement":22,"seen":{"s:54:30:82:Infinity":0,"f:55:2:55:Infinity":0,"s:56:4:56:61":1,"f:56:44:56:49":1,"s:56:54:56:61":2,"f:58:2:58:Infinity":2,"s:59:4:59:69":3,"f:59:52:59:57":3,"s:59:62:59:69":4,"f:61:2:61:21":4,"s:62:43:62:45":5,"b:63:4:63:Infinity:undefined:undefined:undefined:undefined":0,"s:63:4:63:Infinity":6,"s:63:16:63:Infinity":7,"b:64:4:64:Infinity:undefined:undefined:undefined:undefined":1,"s:64:4:64:Infinity":8,"s:64:16:64:Infinity":9,"s:65:4:65:Infinity":10,"f:65:72:65:77":5,"s:65:82:65:89":11,"f:68:2:68:Infinity":6,"s:69:4:69:77":12,"f:69:60:69:65":7,"s:69:70:69:77":13,"f:71:2:71:Infinity":8,"s:72:4:72:79":14,"f:72:62:72:67":9,"s:72:72:72:79":15,"f:74:2:74:21":10,"s:75:4:75:52":16,"f:75:35:75:40":11,"s:75:45:75:52":17,"f:77:2:77:21":12,"s:78:4:78:57":18,"f:78:40:78:45":13,"s:78:50:78:57":19,"f:80:2:80:27":14,"s:81:4:81:Infinity":20,"b:81:72:81:74:81:77:81:89":2,"f:81:91:81:96":15,"s:81:101:81:Infinity":21}}}
,"D:\\MCA\\accoclite\\Internhub\\frontend\\src\\services\\userService.ts": {"path":"D:\\MCA\\accoclite\\Internhub\\frontend\\src\\services\\userService.ts","statementMap":{"0":{"start":{"line":29,"column":27},"end":{"line":44,"column":null}},"1":{"start":{"line":31,"column":4},"end":{"line":31,"column":76}},"2":{"start":{"line":31,"column":69},"end":{"line":31,"column":76}},"3":{"start":{"line":34,"column":4},"end":{"line":34,"column":51}},"4":{"start":{"line":34,"column":44},"end":{"line":34,"column":51}},"5":{"start":{"line":37,"column":4},"end":{"line":37,"column":46}},"6":{"start":{"line":37,"column":39},"end":{"line":37,"column":46}},"7":{"start":{"line":40,"column":4},"end":{"line":40,"column":59}},"8":{"start":{"line":40,"column":52},"end":{"line":40,"column":59}},"9":{"start":{"line":43,"column":4},"end":{"line":43,"column":null}},"10":{"start":{"line":43,"column":41},"end":{"line":43,"column":null}}},"fnMap":{"0":{"name":"(anonymous_0)","decl":{"start":{"line":30,"column":2},"end":{"line":30,"column":13}},"loc":{"start":{"line":31,"column":4},"end":{"line":31,"column":76}},"line":31},"1":{"name":"(anonymous_1)","decl":{"start":{"line":31,"column":59},"end":{"line":31,"column":64}},"loc":{"start":{"line":31,"column":69},"end":{"line":31,"column":76}},"line":31},"2":{"name":"(anonymous_2)","decl":{"start":{"line":33,"column":2},"end":{"line":33,"column":16}},"loc":{"start":{"line":34,"column":4},"end":{"line":34,"column":51}},"line":34},"3":{"name":"(anonymous_3)","decl":{"start":{"line":34,"column":34},"end":{"line":34,"column":39}},"loc":{"start":{"line":34,"column":44},"end":{"line":34,"column":51}},"line":34},"4":{"name":"(anonymous_4)","decl":{"start":{"line":36,"column":2},"end":{"line":36,"column":15}},"loc":{"start":{"line":37,"column":4},"end":{"line":37,"column":46}},"line":37},"5":{"name":"(anonymous_5)","decl":{"start":{"line":37,"column":29},"end":{"line":37,"column":34}},"loc":{"start":{"line":37,"column":39},"end":{"line":37,"column":46}},"line":37},"6":{"name":"(anonymous_6)","decl":{"start":{"line":39,"column":2},"end":{"line":39,"column":15}},"loc":{"start":{"line":40,"column":4},"end":{"line":40,"column":59}},"line":40},"7":{"name":"(anonymous_7)","decl":{"start":{"line":40,"column":42},"end":{"line":40,"column":47}},"loc":{"start":{"line":40,"column":52},"end":{"line":40,"column":59}},"line":40},"8":{"name":"(anonymous_8)","decl":{"start":{"line":42,"column":2},"end":{"line":42,"column":15}},"loc":{"start":{"line":43,"column":4},"end":{"line":43,"column":null}},"line":43},"9":{"name":"(anonymous_9)","decl":{"start":{"line":43,"column":31},"end":{"line":43,"column":36}},"loc":{"start":{"line":43,"column":41},"end":{"line":43,"column":null}},"line":43}},"branchMap":{},"s":{"0":3,"1":4,"2":2,"3":1,"4":1,"5":1,"6":1,"7":1,"8":1,"9":1,"10":1},"f":{"0":4,"1":2,"2":1,"3":1,"4":1,"5":1,"6":1,"7":1,"8":1,"9":1},"b":{},"meta":{"lastBranch":0,"lastFunction":10,"lastStatement":11,"seen":{"s:29:27:44:Infinity":0,"f:30:2:30:13":0,"s:31:4:31:76":1,"f:31:59:31:64":1,"s:31:69:31:76":2,"f:33:2:33:16":2,"s:34:4:34:51":3,"f:34:34:34:39":3,"s:34:44:34:51":4,"f:36:2:36:15":4,"s:37:4:37:46":5,"f:37:29:37:34":5,"s:37:39:37:46":6,"f:39:2:39:15":6,"s:40:4:40:59":7,"f:40:42:40:47":7,"s:40:52:40:59":8,"f:42:2:42:15":8,"s:43:4:43:Infinity":9,"f:43:31:43:36":9,"s:43:41:43:Infinity":10}}}
,"D:\\MCA\\accoclite\\Internhub\\frontend\\src\\utils\\dateUtils.ts": {"path":"D:\\MCA\\accoclite\\Internhub\\frontend\\src\\utils\\dateUtils.ts","statementMap":{"0":{"start":{"line":7,"column":15},"end":{"line":7,"column":55}},"1":{"start":{"line":8,"column":15},"end":{"line":8,"column":39}},"2":{"start":{"line":9,"column":2},"end":{"line":9,"column":null}},"3":{"start":{"line":9,"column":16},"end":{"line":9,"column":null}},"4":{"start":{"line":10,"column":2},"end":{"line":10,"column":null}},"5":{"start":{"line":10,"column":17},"end":{"line":10,"column":null}},"6":{"start":{"line":11,"column":14},"end":{"line":11,"column":35}},"7":{"start":{"line":12,"column":2},"end":{"line":12,"column":null}},"8":{"start":{"line":12,"column":16},"end":{"line":12,"column":null}},"9":{"start":{"line":13,"column":15},"end":{"line":13,"column":35}},"10":{"start":{"line":14,"column":2},"end":{"line":14,"column":null}},"11":{"start":{"line":19,"column":15},"end":{"line":19,"column":55}},"12":{"start":{"line":20,"column":15},"end":{"line":20,"column":41}},"13":{"start":{"line":21,"column":2},"end":{"line":21,"column":null}},"14":{"start":{"line":21,"column":17},"end":{"line":21,"column":null}},"15":{"start":{"line":22,"column":2},"end":{"line":22,"column":null}},"16":{"start":{"line":22,"column":18},"end":{"line":22,"column":null}},"17":{"start":{"line":23,"column":2},"end":{"line":23,"column":null}},"18":{"start":{"line":28,"column":2},"end":{"line":28,"column":null}},"19":{"start":{"line":28,"column":34},"end":{"line":28,"column":39}}},"fnMap":{"0":{"name":"timeAgo","decl":{"start":{"line":6,"column":16},"end":{"line":6,"column":24}},"loc":{"start":{"line":6,"column":49},"end":{"line":14,"column":null}},"line":6},"1":{"name":"daysUntil","decl":{"start":{"line":18,"column":16},"end":{"line":18,"column":26}},"loc":{"start":{"line":18,"column":51},"end":{"line":23,"column":null}},"line":18},"2":{"name":"getInitials","decl":{"start":{"line":27,"column":16},"end":{"line":27,"column":28}},"loc":{"start":{"line":27,"column":50},"end":{"line":28,"column":null}},"line":27},"3":{"name":"(anonymous_3)","decl":{"start":{"line":28,"column":25},"end":{"line":28,"column":29}},"loc":{"start":{"line":28,"column":34},"end":{"line":28,"column":39}},"line":28}},"branchMap":{"0":{"loc":{"start":{"line":9,"column":2},"end":{"line":9,"column":null}},"type":"if","locations":[{"start":{"line":9,"column":2},"end":{"line":9,"column":null}},{"start":{},"end":{}}],"line":9},"1":{"loc":{"start":{"line":10,"column":2},"end":{"line":10,"column":null}},"type":"if","locations":[{"start":{"line":10,"column":2},"end":{"line":10,"column":null}},{"start":{},"end":{}}],"line":10},"2":{"loc":{"start":{"line":12,"column":2},"end":{"line":12,"column":null}},"type":"if","locations":[{"start":{"line":12,"column":2},"end":{"line":12,"column":null}},{"start":{},"end":{}}],"line":12},"3":{"loc":{"start":{"line":21,"column":2},"end":{"line":21,"column":null}},"type":"if","locations":[{"start":{"line":21,"column":2},"end":{"line":21,"column":null}},{"start":{},"end":{}}],"line":21},"4":{"loc":{"start":{"line":22,"column":2},"end":{"line":22,"column":null}},"type":"if","locations":[{"start":{"line":22,"column":2},"end":{"line":22,"column":null}},{"start":{},"end":{}}],"line":22}},"s":{"0":10,"1":10,"2":10,"3":4,"4":6,"5":6,"6":4,"7":4,"8":4,"9":2,"10":2,"11":10,"12":10,"13":10,"14":3,"15":7,"16":4,"17":3,"18":11,"19":22},"f":{"0":10,"1":10,"2":11,"3":22},"b":{"0":[4,6],"1":[2,4],"2":[2,2],"3":[3,7],"4":[4,3]},"meta":{"lastBranch":5,"lastFunction":4,"lastStatement":20,"seen":{"f:6:16:6:24":0,"s:7:15:7:55":0,"s:8:15:8:39":1,"b:9:2:9:Infinity:undefined:undefined:undefined:undefined":0,"s:9:2:9:Infinity":2,"s:9:16:9:Infinity":3,"b:10:2:10:Infinity:undefined:undefined:undefined:undefined":1,"s:10:2:10:Infinity":4,"s:10:17:10:Infinity":5,"s:11:14:11:35":6,"b:12:2:12:Infinity:undefined:undefined:undefined:undefined":2,"s:12:2:12:Infinity":7,"s:12:16:12:Infinity":8,"s:13:15:13:35":9,"s:14:2:14:Infinity":10,"f:18:16:18:26":1,"s:19:15:19:55":11,"s:20:15:20:41":12,"b:21:2:21:Infinity:undefined:undefined:undefined:undefined":3,"s:21:2:21:Infinity":13,"s:21:17:21:Infinity":14,"b:22:2:22:Infinity:undefined:undefined:undefined:undefined":4,"s:22:2:22:Infinity":15,"s:22:18:22:Infinity":16,"s:23:2:23:Infinity":17,"f:27:16:27:28":2,"s:28:2:28:Infinity":18,"f:28:25:28:29":3,"s:28:34:28:39":19}}}
,"D:\\MCA\\accoclite\\Internhub\\frontend\\src\\utils\\errorUtils.ts": {"path":"D:\\MCA\\accoclite\\Internhub\\frontend\\src\\utils\\errorUtils.ts","statementMap":{"0":{"start":{"line":13,"column":2},"end":{"line":20,"column":null}},"1":{"start":{"line":14,"column":17},"end":{"line":14,"column":null}},"2":{"start":{"line":15,"column":4},"end":{"line":17,"column":null}},"3":{"start":{"line":16,"column":6},"end":{"line":16,"column":null}},"4":{"start":{"line":16,"column":42},"end":{"line":16,"column":null}},"5":{"start":{"line":17,"column":6},"end":{"line":17,"column":null}},"6":{"start":{"line":17,"column":64},"end":{"line":17,"column":null}},"7":{"start":{"line":19,"column":4},"end":{"line":19,"column":null}},"8":{"start":{"line":19,"column":23},"end":{"line":19,"column":null}},"9":{"start":{"line":20,"column":4},"end":{"line":20,"column":null}},"10":{"start":{"line":23,"column":2},"end":{"line":24,"column":null}},"11":{"start":{"line":24,"column":4},"end":{"line":24,"column":null}},"12":{"start":{"line":27,"column":2},"end":{"line":28,"column":null}},"13":{"start":{"line":28,"column":4},"end":{"line":28,"column":null}},"14":{"start":{"line":31,"column":2},"end":{"line":31,"column":null}}},"fnMap":{"0":{"name":"getErrorMessage","decl":{"start":{"line":12,"column":16},"end":{"line":12,"column":32}},"loc":{"start":{"line":12,"column":99},"end":{"line":31,"column":null}},"line":12}},"branchMap":{"0":{"loc":{"start":{"line":12,"column":48},"end":{"line":12,"column":99}},"type":"default-arg","locations":[{"start":{"line":12,"column":59},"end":{"line":12,"column":99}}],"line":12},"1":{"loc":{"start":{"line":13,"column":2},"end":{"line":20,"column":null}},"type":"if","locations":[{"start":{"line":13,"column":2},"end":{"line":20,"column":null}},{"start":{},"end":{}}],"line":13},"2":{"loc":{"start":{"line":15,"column":4},"end":{"line":17,"column":null}},"type":"if","locations":[{"start":{"line":15,"column":4},"end":{"line":17,"column":null}},{"start":{},"end":{}}],"line":15},"3":{"loc":{"start":{"line":16,"column":6},"end":{"line":16,"column":null}},"type":"if","locations":[{"start":{"line":16,"column":6},"end":{"line":16,"column":null}},{"start":{},"end":{}}],"line":16},"4":{"loc":{"start":{"line":17,"column":6},"end":{"line":17,"column":null}},"type":"if","locations":[{"start":{"line":17,"column":6},"end":{"line":17,"column":null}},{"start":{},"end":{}}],"line":17},"5":{"loc":{"start":{"line":17,"column":10},"end":{"line":17,"column":64}},"type":"binary-expr","locations":[{"start":{"line":17,"column":10},"end":{"line":17,"column":44}},{"start":{"line":17,"column":44},"end":{"line":17,"column":64}}],"line":17},"6":{"loc":{"start":{"line":19,"column":4},"end":{"line":19,"column":null}},"type":"if","locations":[{"start":{"line":19,"column":4},"end":{"line":19,"column":null}},{"start":{},"end":{}}],"line":19},"7":{"loc":{"start":{"line":20,"column":11},"end":{"line":20,"column":null}},"type":"binary-expr","locations":[{"start":{"line":20,"column":11},"end":{"line":20,"column":28}},{"start":{"line":20,"column":28},"end":{"line":20,"column":null}}],"line":20},"8":{"loc":{"start":{"line":23,"column":2},"end":{"line":24,"column":null}},"type":"if","locations":[{"start":{"line":23,"column":2},"end":{"line":24,"column":null}},{"start":{},"end":{}}],"line":23},"9":{"loc":{"start":{"line":24,"column":11},"end":{"line":24,"column":null}},"type":"binary-expr","locations":[{"start":{"line":24,"column":11},"end":{"line":24,"column":28}},{"start":{"line":24,"column":28},"end":{"line":24,"column":null}}],"line":24},"10":{"loc":{"start":{"line":27,"column":2},"end":{"line":28,"column":null}},"type":"if","locations":[{"start":{"line":27,"column":2},"end":{"line":28,"column":null}},{"start":{},"end":{}}],"line":27}},"s":{"0":13,"1":5,"2":5,"3":2,"4":1,"5":1,"6":1,"7":3,"8":1,"9":2,"10":8,"11":5,"12":3,"13":1,"14":2},"f":{"0":13},"b":{"0":[13],"1":[5,8],"2":[2,3],"3":[1,1],"4":[1,0],"5":[1,1],"6":[1,2],"7":[2,1],"8":[5,3],"9":[5,1],"10":[1,2]},"meta":{"lastBranch":11,"lastFunction":1,"lastStatement":15,"seen":{"f:12:16:12:32":0,"b:12:59:12:99":0,"b:13:2:20:Infinity:undefined:undefined:undefined:undefined":1,"s:13:2:20:Infinity":0,"s:14:17:14:Infinity":1,"b:15:4:17:Infinity:undefined:undefined:undefined:undefined":2,"s:15:4:17:Infinity":2,"b:16:6:16:Infinity:undefined:undefined:undefined:undefined":3,"s:16:6:16:Infinity":3,"s:16:42:16:Infinity":4,"b:17:6:17:Infinity:undefined:undefined:undefined:undefined":4,"s:17:6:17:Infinity":5,"b:17:10:17:44:17:44:17:64":5,"s:17:64:17:Infinity":6,"b:19:4:19:Infinity:undefined:undefined:undefined:undefined":6,"s:19:4:19:Infinity":7,"s:19:23:19:Infinity":8,"s:20:4:20:Infinity":9,"b:20:11:20:28:20:28:20:Infinity":7,"b:23:2:24:Infinity:undefined:undefined:undefined:undefined":8,"s:23:2:24:Infinity":10,"s:24:4:24:Infinity":11,"b:24:11:24:28:24:28:24:Infinity":9,"b:27:2:28:Infinity:undefined:undefined:undefined:undefined":10,"s:27:2:28:Infinity":12,"s:28:4:28:Infinity":13,"s:31:2:31:Infinity":14}}}
,"D:\\MCA\\accoclite\\Internhub\\frontend\\src\\utils\\index.ts": {"path":"D:\\MCA\\accoclite\\Internhub\\frontend\\src\\utils\\index.ts","statementMap":{"0":{"start":{"line":5,"column":13},"end":{"line":11,"column":null}},"1":{"start":{"line":6,"column":15},"end":{"line":6,"column":35}},"2":{"start":{"line":7,"column":2},"end":{"line":11,"column":null}},"3":{"start":{"line":18,"column":13},"end":{"line":23,"column":null}},"4":{"start":{"line":19,"column":2},"end":{"line":23,"column":null}},"5":{"start":{"line":21,"column":19},"end":{"line":21,"column":47}},"6":{"start":{"line":29,"column":13},"end":{"line":30,"column":null}},"7":{"start":{"line":30,"column":2},"end":{"line":30,"column":null}}},"fnMap":{"0":{"name":"(anonymous_0)","decl":{"start":{"line":5,"column":13},"end":{"line":5,"column":27}},"loc":{"start":{"line":5,"column":58},"end":{"line":11,"column":null}},"line":5},"1":{"name":"(anonymous_1)","decl":{"start":{"line":18,"column":13},"end":{"line":18,"column":28}},"loc":{"start":{"line":18,"column":53},"end":{"line":23,"column":null}},"line":18},"2":{"name":"(anonymous_2)","decl":{"start":{"line":21,"column":5},"end":{"line":21,"column":10}},"loc":{"start":{"line":21,"column":19},"end":{"line":21,"column":47}},"line":21},"3":{"name":"(anonymous_3)","decl":{"start":{"line":29,"column":13},"end":{"line":29,"column":22}},"loc":{"start":{"line":29,"column":74},"end":{"line":30,"column":null}},"line":29}},"branchMap":{},"s":{"0":1,"1":2,"2":2,"3":1,"4":3,"5":6,"6":1,"7":5},"f":{"0":2,"1":3,"2":6,"3":5},"b":{},"meta":{"lastBranch":0,"lastFunction":4,"lastStatement":8,"seen":{"s:5:13:11:Infinity":0,"f:5:13:5:27":0,"s:6:15:6:35":1,"s:7:2:11:Infinity":2,"s:18:13:23:Infinity":3,"f:18:13:18:28":1,"s:19:2:23:Infinity":4,"f:21:5:21:10":2,"s:21:19:21:47":5,"s:29:13:30:Infinity":6,"f:29:13:29:22":3,"s:30:2:30:Infinity":7}}}
}
