{"D:\\MCA\\accoclite\\Internhub\\frontend\\src\\components\\Shared\\Badge.tsx": {"path":"D:\\MCA\\accoclite\\Internhub\\frontend\\src\\components\\Shared\\Badge.tsx","statementMap":{"0":{"start":{"line":8,"column":6},"end":{"line":9,"column":null}},"1":{"start":{"line":9,"column":2},"end":{"line":9,"column":null}}},"fnMap":{"0":{"name":"(anonymous_0)","decl":{"start":{"line":8,"column":6},"end":{"line":8,"column":37}},"loc":{"start":{"line":8,"column":72},"end":{"line":9,"column":null}},"line":8}},"branchMap":{"0":{"loc":{"start":{"line":8,"column":39},"end":{"line":8,"column":57}},"type":"default-arg","locations":[{"start":{"line":8,"column":49},"end":{"line":8,"column":57}}],"line":8}},"s":{"0":1,"1":7},"f":{"0":7},"b":{"0":[7]},"meta":{"lastBranch":1,"lastFunction":1,"lastStatement":2,"seen":{"s:8:6:9:Infinity":0,"f:8:6:8:37":0,"b:8:49:8:57":0,"s:9:2:9:Infinity":1}}}
,"D:\\MCA\\accoclite\\Internhub\\frontend\\src\\components\\Shared\\ConfirmDialog.tsx": {"path":"D:\\MCA\\accoclite\\Internhub\\frontend\\src\\components\\Shared\\ConfirmDialog.tsx","statementMap":{"0":{"start":{"line":15,"column":6},"end":{"line":41,"column":null}},"1":{"start":{"line":25,"column":2},"end":{"line":25,"column":null}},"2":{"start":{"line":25,"column":15},"end":{"line":25,"column":null}},"3":{"start":{"line":27,"column":2},"end":{"line":41,"column":null}},"4":{"start":{"line":29,"column":65},"end":{"line":29,"column":84}}},"fnMap":{"0":{"name":"(anonymous_0)","decl":{"start":{"line":15,"column":6},"end":{"line":15,"column":53}},"loc":{"start":{"line":24,"column":6},"end":{"line":41,"column":null}},"line":24},"1":{"name":"(anonymous_1)","decl":{"start":{"line":29,"column":49},"end":{"line":29,"column":59}},"loc":{"start":{"line":29,"column":65},"end":{"line":29,"column":84}},"line":29}},"branchMap":{"0":{"loc":{"start":{"line":19,"column":2},"end":{"line":19,"column":null}},"type":"default-arg","locations":[{"start":{"line":19,"column":17},"end":{"line":19,"column":null}}],"line":19},"1":{"loc":{"start":{"line":20,"column":2},"end":{"line":20,"column":null}},"type":"default-arg","locations":[{"start":{"line":20,"column":16},"end":{"line":20,"column":null}}],"line":20},"2":{"loc":{"start":{"line":21,"column":2},"end":{"line":21,"column":null}},"type":"default-arg","locations":[{"start":{"line":21,"column":12},"end":{"line":21,"column":null}}],"line":21},"3":{"loc":{"start":{"line":25,"column":2},"end":{"line":25,"column":null}},"type":"if","locations":[{"start":{"line":25,"column":2},"end":{"line":25,"column":null}},{"start":{},"end":{}}],"line":25}},"s":{"0":1,"1":11,"2":1,"3":10,"4":3},"f":{"0":11,"1":3},"b":{"0":[11],"1":[11],"2":[11],"3":[1,10]},"meta":{"lastBranch":4,"lastFunction":2,"lastStatement":5,"seen":{"s:15:6:41:Infinity":0,"f:15:6:15:53":0,"b:19:17:19:Infinity":0,"b:20:16:20:Infinity":1,"b:21:12:21:Infinity":2,"b:25:2:25:Infinity:undefined:undefined:undefined:undefined":3,"s:25:2:25:Infinity":1,"s:25:15:25:Infinity":2,"s:27:2:41:Infinity":3,"f:29:49:29:59":1,"s:29:65:29:84":4}}}
,"D:\\MCA\\accoclite\\Internhub\\frontend\\src\\components\\Shared\\DashboardLayout.tsx": {"path":"D:\\MCA\\accoclite\\Internhub\\frontend\\src\\components\\Shared\\DashboardLayout.tsx","statementMap":{"0":{"start":{"line":13,"column":6},"end":{"line":43,"column":null}},"1":{"start":{"line":21,"column":22},"end":{"line":21,"column":55}},"2":{"start":{"line":22,"column":27},"end":{"line":22,"column":65}},"3":{"start":{"line":24,"column":2},"end":{"line":43,"column":null}},"4":{"start":{"line":29,"column":34},"end":{"line":29,"column":57}},"5":{"start":{"line":29,"column":57},"end":{"line":29,"column":null}},"6":{"start":{"line":33,"column":24},"end":{"line":33,"column":52}},"7":{"start":{"line":35,"column":32},"end":{"line":35,"column":null}},"8":{"start":{"line":40,"column":59},"end":{"line":40,"column":87}}},"fnMap":{"0":{"name":"(anonymous_0)","decl":{"start":{"line":13,"column":6},"end":{"line":13,"column":57}},"loc":{"start":{"line":20,"column":6},"end":{"line":43,"column":null}},"line":20},"1":{"name":"(anonymous_1)","decl":{"start":{"line":29,"column":8},"end":{"line":29,"column":21}},"loc":{"start":{"line":29,"column":32},"end":{"line":29,"column":null}},"line":29},"2":{"name":"(anonymous_2)","decl":{"start":{"line":33,"column":8},"end":{"line":33,"column":24}},"loc":{"start":{"line":33,"column":24},"end":{"line":33,"column":52}},"line":33},"3":{"name":"(anonymous_3)","decl":{"start":{"line":35,"column":8},"end":{"line":35,"column":32}},"loc":{"start":{"line":35,"column":32},"end":{"line":35,"column":null}},"line":35},"4":{"name":"(anonymous_4)","decl":{"start":{"line":40,"column":44},"end":{"line":40,"column":59}},"loc":{"start":{"line":40,"column":59},"end":{"line":40,"column":87}},"line":40}},"branchMap":{"0":{"loc":{"start":{"line":37,"column":31},"end":{"line":37,"column":null}},"type":"cond-expr","locations":[{"start":{"line":37,"column":50},"end":{"line":37,"column":72}},{"start":{"line":37,"column":72},"end":{"line":37,"column":null}}],"line":37}},"s":{"0":0,"1":0,"2":0,"3":0,"4":0,"5":0,"6":0,"7":0,"8":0},"f":{"0":0,"1":0,"2":0,"3":0,"4":0},"b":{"0":[0,0]},"meta":{"lastBranch":1,"lastFunction":5,"lastStatement":9,"seen":{"s:13:6:43:Infinity":0,"f:13:6:13:57":0,"s:21:22:21:55":1,"s:22:27:22:65":2,"s:24:2:43:Infinity":3,"f:29:8:29:21":1,"s:29:34:29:57":4,"s:29:57:29:Infinity":5,"f:33:8:33:24":2,"s:33:24:33:52":6,"f:35:8:35:32":3,"s:35:32:35:Infinity":7,"b:37:50:37:72:37:72:37:Infinity":0,"f:40:44:40:59":4,"s:40:59:40:87":8}}}
,"D:\\MCA\\accoclite\\Internhub\\frontend\\src\\components\\Shared\\LoadingWave.tsx": {"path":"D:\\MCA\\accoclite\\Internhub\\frontend\\src\\components\\Shared\\LoadingWave.tsx","statementMap":{"0":{"start":{"line":3,"column":6},"end":{"line":12,"column":null}},"1":{"start":{"line":4,"column":2},"end":{"line":12,"column":null}}},"fnMap":{"0":{"name":"(anonymous_0)","decl":{"start":{"line":3,"column":6},"end":{"line":3,"column":36}},"loc":{"start":{"line":3,"column":36},"end":{"line":12,"column":null}},"line":3}},"branchMap":{},"s":{"0":1,"1":1},"f":{"0":1},"b":{},"meta":{"lastBranch":0,"lastFunction":1,"lastStatement":2,"seen":{"s:3:6:12:Infinity":0,"f:3:6:3:36":0,"s:4:2:12:Infinity":1}}}
,"D:\\MCA\\accoclite\\Internhub\\frontend\\src\\components\\Shared\\Pagination.tsx": {"path":"D:\\MCA\\accoclite\\Internhub\\frontend\\src\\components\\Shared\\Pagination.tsx","statementMap":{"0":{"start":{"line":11,"column":6},"end":{"line":36,"column":null}},"1":{"start":{"line":12,"column":2},"end":{"line":12,"column":null}},"2":{"start":{"line":12,"column":18},"end":{"line":12,"column":null}},"3":{"start":{"line":14,"column":8},"end":{"line":19,"column":null}},"4":{"start":{"line":15,"column":30},"end":{"line":15,"column":32}},"5":{"start":{"line":16,"column":18},"end":{"line":16,"column":39}},"6":{"start":{"line":17,"column":16},"end":{"line":17,"column":41}},"7":{"start":{"line":18,"column":4},"end":{"line":18,"column":null}},"8":{"start":{"line":18,"column":17},"end":{"line":18,"column":24}},"9":{"start":{"line":18,"column":39},"end":{"line":18,"column":null}},"10":{"start":{"line":19,"column":4},"end":{"line":19,"column":null}},"11":{"start":{"line":22,"column":2},"end":{"line":36,"column":null}},"12":{"start":{"line":26,"column":79},"end":{"line":26,"column":101}},"13":{"start":{"line":28,"column":10},"end":{"line":34,"column":null}},"14":{"start":{"line":31,"column":27},"end":{"line":31,"column":42}},"15":{"start":{"line":36,"column":83},"end":{"line":36,"column":105}}},"fnMap":{"0":{"name":"(anonymous_0)","decl":{"start":{"line":11,"column":6},"end":{"line":11,"column":47}},"loc":{"start":{"line":11,"column":88},"end":{"line":36,"column":null}},"line":11},"1":{"name":"(anonymous_1)","decl":{"start":{"line":14,"column":8},"end":{"line":14,"column":42}},"loc":{"start":{"line":14,"column":42},"end":{"line":19,"column":null}},"line":14},"2":{"name":"(anonymous_2)","decl":{"start":{"line":26,"column":64},"end":{"line":26,"column":79}},"loc":{"start":{"line":26,"column":79},"end":{"line":26,"column":101}},"line":26},"3":{"name":"(anonymous_3)","decl":{"start":{"line":27,"column":27},"end":{"line":27,"column":32}},"loc":{"start":{"line":28,"column":10},"end":{"line":34,"column":null}},"line":28},"4":{"name":"(anonymous_4)","decl":{"start":{"line":31,"column":12},"end":{"line":31,"column":27}},"loc":{"start":{"line":31,"column":27},"end":{"line":31,"column":42}},"line":31},"5":{"name":"(anonymous_5)","decl":{"start":{"line":36,"column":68},"end":{"line":36,"column":83}},"loc":{"start":{"line":36,"column":83},"end":{"line":36,"column":105}},"line":36}},"branchMap":{"0":{"loc":{"start":{"line":12,"column":2},"end":{"line":12,"column":null}},"type":"if","locations":[{"start":{"line":12,"column":2},"end":{"line":12,"column":null}},{"start":{},"end":{}}],"line":12},"1":{"loc":{"start":{"line":30,"column":41},"end":{"line":30,"column":null}},"type":"cond-expr","locations":[{"start":{"line":30,"column":54},"end":{"line":30,"column":65}},{"start":{"line":30,"column":65},"end":{"line":30,"column":null}}],"line":30}},"s":{"0":1,"1":10,"2":1,"3":9,"4":9,"5":9,"6":9,"7":9,"8":9,"9":41,"10":9,"11":9,"12":1,"13":41,"14":1,"15":1},"f":{"0":10,"1":9,"2":1,"3":41,"4":1,"5":1},"b":{"0":[1,9],"1":[9,32]},"meta":{"lastBranch":2,"lastFunction":6,"lastStatement":16,"seen":{"s:11:6:36:Infinity":0,"f:11:6:11:47":0,"b:12:2:12:Infinity:undefined:undefined:undefined:undefined":0,"s:12:2:12:Infinity":1,"s:12:18:12:Infinity":2,"s:14:8:19:Infinity":3,"f:14:8:14:42":1,"s:15:30:15:32":4,"s:16:18:16:39":5,"s:17:16:17:41":6,"s:18:4:18:Infinity":7,"s:18:17:18:24":8,"s:18:39:18:Infinity":9,"s:19:4:19:Infinity":10,"s:22:2:36:Infinity":11,"f:26:64:26:79":2,"s:26:79:26:101":12,"f:27:27:27:32":3,"s:28:10:34:Infinity":13,"b:30:54:30:65:30:65:30:Infinity":1,"f:31:12:31:27":4,"s:31:27:31:42":14,"f:36:68:36:83":5,"s:36:83:36:105":15}}}
,"D:\\MCA\\accoclite\\Internhub\\frontend\\src\\components\\Shared\\SettingsPanel.tsx": {"path":"D:\\MCA\\accoclite\\Internhub\\frontend\\src\\components\\Shared\\SettingsPanel.tsx","statementMap":{"0":{"start":{"line":8,"column":6},"end":{"line":12,"column":null}},"1":{"start":{"line":9,"column":2},"end":{"line":9,"column":null}},"2":{"start":{"line":9,"column":29},"end":{"line":9,"column":null}},"3":{"start":{"line":10,"column":2},"end":{"line":10,"column":null}},"4":{"start":{"line":10,"column":28},"end":{"line":10,"column":null}},"5":{"start":{"line":11,"column":2},"end":{"line":11,"column":null}},"6":{"start":{"line":11,"column":28},"end":{"line":11,"column":null}},"7":{"start":{"line":12,"column":2},"end":{"line":12,"column":null}},"8":{"start":{"line":15,"column":6},"end":{"line":52,"column":null}},"9":{"start":{"line":16,"column":17},"end":{"line":16,"column":43}},"10":{"start":{"line":18,"column":2},"end":{"line":52,"column":null}},"11":{"start":{"line":36,"column":29},"end":{"line":36,"column":63}},"12":{"start":{"line":44,"column":29},"end":{"line":44,"column":62}},"13":{"start":{"line":57,"column":6},"end":{"line":192,"column":null}},"14":{"start":{"line":58,"column":10},"end":{"line":58,"column":28}},"15":{"start":{"line":59,"column":26},"end":{"line":59,"column":60}},"16":{"start":{"line":60,"column":22},"end":{"line":60,"column":52}},"17":{"start":{"line":61,"column":26},"end":{"line":61,"column":60}},"18":{"start":{"line":62,"column":22},"end":{"line":62,"column":55}},"19":{"start":{"line":63,"column":18},"end":{"line":63,"column":47}},"20":{"start":{"line":64,"column":18},"end":{"line":64,"column":47}},"21":{"start":{"line":65,"column":18},"end":{"line":65,"column":98}},"22":{"start":{"line":67,"column":31},"end":{"line":99,"column":null}},"23":{"start":{"line":68,"column":4},"end":{"line":68,"column":null}},"24":{"start":{"line":69,"column":4},"end":{"line":69,"column":null}},"25":{"start":{"line":71,"column":4},"end":{"line":73,"column":null}},"26":{"start":{"line":72,"column":6},"end":{"line":72,"column":null}},"27":{"start":{"line":73,"column":6},"end":{"line":73,"column":null}},"28":{"start":{"line":76,"column":4},"end":{"line":78,"column":null}},"29":{"start":{"line":77,"column":6},"end":{"line":77,"column":null}},"30":{"start":{"line":78,"column":6},"end":{"line":78,"column":null}},"31":{"start":{"line":81,"column":4},"end":{"line":83,"column":null}},"32":{"start":{"line":82,"column":6},"end":{"line":82,"column":null}},"33":{"start":{"line":83,"column":6},"end":{"line":83,"column":null}},"34":{"start":{"line":86,"column":4},"end":{"line":86,"column":null}},"35":{"start":{"line":87,"column":4},"end":{"line":99,"column":null}},"36":{"start":{"line":88,"column":23},"end":{"line":91,"column":8}},"37":{"start":{"line":92,"column":6},"end":{"line":92,"column":null}},"38":{"start":{"line":93,"column":6},"end":{"line":93,"column":null}},"39":{"start":{"line":94,"column":6},"end":{"line":94,"column":null}},"40":{"start":{"line":95,"column":6},"end":{"line":95,"column":null}},"41":{"start":{"line":97,"column":6},"end":{"line":97,"column":null}},"42":{"start":{"line":99,"column":6},"end":{"line":99,"column":null}},"43":{"start":{"line":103,"column":2},"end":{"line":192,"column":null}},"44":{"start":{"line":138,"column":33},"end":{"line":138,"column":67}},"45":{"start":{"line":142,"column":82},"end":{"line":142,"column":110}},"46":{"start":{"line":156,"column":35},"end":{"line":156,"column":65}},"47":{"start":{"line":160,"column":84},"end":{"line":160,"column":104}},"48":{"start":{"line":171,"column":33},"end":{"line":171,"column":67}},"49":{"start":{"line":199,"column":6},"end":{"line":210,"column":null}},"50":{"start":{"line":200,"column":2},"end":{"line":210,"column":null}}},"fnMap":{"0":{"name":"(anonymous_0)","decl":{"start":{"line":8,"column":6},"end":{"line":8,"column":25}},"loc":{"start":{"line":8,"column":46},"end":{"line":12,"column":null}},"line":8},"1":{"name":"(anonymous_1)","decl":{"start":{"line":15,"column":6},"end":{"line":15,"column":42}},"loc":{"start":{"line":15,"column":42},"end":{"line":52,"column":null}},"line":15},"2":{"name":"(anonymous_2)","decl":{"start":{"line":36,"column":14},"end":{"line":36,"column":29}},"loc":{"start":{"line":36,"column":29},"end":{"line":36,"column":63}},"line":36},"3":{"name":"(anonymous_3)","decl":{"start":{"line":44,"column":14},"end":{"line":44,"column":29}},"loc":{"start":{"line":44,"column":29},"end":{"line":44,"column":62}},"line":44},"4":{"name":"(anonymous_4)","decl":{"start":{"line":57,"column":6},"end":{"line":57,"column":47}},"loc":{"start":{"line":57,"column":47},"end":{"line":192,"column":null}},"line":57},"5":{"name":"(anonymous_5)","decl":{"start":{"line":67,"column":31},"end":{"line":67,"column":38}},"loc":{"start":{"line":67,"column":83},"end":{"line":99,"column":null}},"line":67},"6":{"name":"(anonymous_6)","decl":{"start":{"line":138,"column":16},"end":{"line":138,"column":27}},"loc":{"start":{"line":138,"column":33},"end":{"line":138,"column":67}},"line":138},"7":{"name":"(anonymous_7)","decl":{"start":{"line":142,"column":67},"end":{"line":142,"column":82}},"loc":{"start":{"line":142,"column":82},"end":{"line":142,"column":110}},"line":142},"8":{"name":"(anonymous_8)","decl":{"start":{"line":156,"column":18},"end":{"line":156,"column":29}},"loc":{"start":{"line":156,"column":35},"end":{"line":156,"column":65}},"line":156},"9":{"name":"(anonymous_9)","decl":{"start":{"line":160,"column":69},"end":{"line":160,"column":84}},"loc":{"start":{"line":160,"column":84},"end":{"line":160,"column":104}},"line":160},"10":{"name":"(anonymous_10)","decl":{"start":{"line":171,"column":16},"end":{"line":171,"column":27}},"loc":{"start":{"line":171,"column":33},"end":{"line":171,"column":67}},"line":171},"11":{"name":"(anonymous_11)","decl":{"start":{"line":199,"column":6},"end":{"line":199,"column":38}},"loc":{"start":{"line":199,"column":38},"end":{"line":210,"column":null}},"line":199}},"branchMap":{"0":{"loc":{"start":{"line":9,"column":2},"end":{"line":9,"column":null}},"type":"if","locations":[{"start":{"line":9,"column":2},"end":{"line":9,"column":null}},{"start":{},"end":{}}],"line":9},"1":{"loc":{"start":{"line":10,"column":2},"end":{"line":10,"column":null}},"type":"if","locations":[{"start":{"line":10,"column":2},"end":{"line":10,"column":null}},{"start":{},"end":{}}],"line":10},"2":{"loc":{"start":{"line":11,"column":2},"end":{"line":11,"column":null}},"type":"if","locations":[{"start":{"line":11,"column":2},"end":{"line":11,"column":null}},{"start":{},"end":{}}],"line":11},"3":{"loc":{"start":{"line":35,"column":41},"end":{"line":35,"column":null}},"type":"cond-expr","locations":[{"start":{"line":35,"column":61},"end":{"line":35,"column":72}},{"start":{"line":35,"column":72},"end":{"line":35,"column":null}}],"line":35},"4":{"loc":{"start":{"line":36,"column":29},"end":{"line":36,"column":63}},"type":"binary-expr","locations":[{"start":{"line":36,"column":29},"end":{"line":36,"column":50}},{"start":{"line":36,"column":50},"end":{"line":36,"column":63}}],"line":36},"5":{"loc":{"start":{"line":43,"column":41},"end":{"line":43,"column":null}},"type":"cond-expr","locations":[{"start":{"line":43,"column":60},"end":{"line":43,"column":71}},{"start":{"line":43,"column":71},"end":{"line":43,"column":null}}],"line":43},"6":{"loc":{"start":{"line":44,"column":29},"end":{"line":44,"column":62}},"type":"binary-expr","locations":[{"start":{"line":44,"column":29},"end":{"line":44,"column":49}},{"start":{"line":44,"column":49},"end":{"line":44,"column":62}}],"line":44},"7":{"loc":{"start":{"line":71,"column":4},"end":{"line":73,"column":null}},"type":"if","locations":[{"start":{"line":71,"column":4},"end":{"line":73,"column":null}},{"start":{},"end":{}}],"line":71},"8":{"loc":{"start":{"line":71,"column":8},"end":{"line":71,"column":62}},"type":"binary-expr","locations":[{"start":{"line":71,"column":8},"end":{"line":71,"column":28}},{"start":{"line":71,"column":28},"end":{"line":71,"column":44}},{"start":{"line":71,"column":44},"end":{"line":71,"column":62}}],"line":71},"9":{"loc":{"start":{"line":76,"column":4},"end":{"line":78,"column":null}},"type":"if","locations":[{"start":{"line":76,"column":4},"end":{"line":78,"column":null}},{"start":{},"end":{}}],"line":76},"10":{"loc":{"start":{"line":81,"column":4},"end":{"line":83,"column":null}},"type":"if","locations":[{"start":{"line":81,"column":4},"end":{"line":83,"column":null}},{"start":{},"end":{}}],"line":81},"11":{"loc":{"start":{"line":92,"column":25},"end":{"line":92,"column":74}},"type":"binary-expr","locations":[{"start":{"line":92,"column":25},"end":{"line":92,"column":41}},{"start":{"line":92,"column":41},"end":{"line":92,"column":74}}],"line":92},"12":{"loc":{"start":{"line":124,"column":9},"end":{"line":126,"column":null}},"type":"binary-expr","locations":[{"start":{"line":124,"column":9},"end":{"line":124,"column":null}},{"start":{"line":125,"column":10},"end":{"line":126,"column":null}}],"line":124},"13":{"loc":{"start":{"line":126,"column":13},"end":{"line":126,"column":55}},"type":"cond-expr","locations":[{"start":{"line":126,"column":42},"end":{"line":126,"column":49}},{"start":{"line":126,"column":49},"end":{"line":126,"column":55}}],"line":126},"14":{"loc":{"start":{"line":136,"column":22},"end":{"line":136,"column":null}},"type":"cond-expr","locations":[{"start":{"line":136,"column":36},"end":{"line":136,"column":45}},{"start":{"line":136,"column":45},"end":{"line":136,"column":null}}],"line":136},"15":{"loc":{"start":{"line":143,"column":17},"end":{"line":143,"column":null}},"type":"cond-expr","locations":[{"start":{"line":143,"column":31},"end":{"line":143,"column":40}},{"start":{"line":143,"column":40},"end":{"line":143,"column":null}}],"line":143},"16":{"loc":{"start":{"line":154,"column":24},"end":{"line":154,"column":null}},"type":"cond-expr","locations":[{"start":{"line":154,"column":34},"end":{"line":154,"column":43}},{"start":{"line":154,"column":43},"end":{"line":154,"column":null}}],"line":154},"17":{"loc":{"start":{"line":161,"column":19},"end":{"line":161,"column":null}},"type":"cond-expr","locations":[{"start":{"line":161,"column":29},"end":{"line":161,"column":38}},{"start":{"line":161,"column":38},"end":{"line":161,"column":null}}],"line":161},"18":{"loc":{"start":{"line":169,"column":22},"end":{"line":169,"column":null}},"type":"cond-expr","locations":[{"start":{"line":169,"column":32},"end":{"line":169,"column":41}},{"start":{"line":169,"column":41},"end":{"line":169,"column":null}}],"line":169},"19":{"loc":{"start":{"line":179,"column":11},"end":{"line":184,"column":null}},"type":"binary-expr","locations":[{"start":{"line":179,"column":11},"end":{"line":179,"column":null}},{"start":{"line":180,"column":12},"end":{"line":184,"column":null}}],"line":179},"20":{"loc":{"start":{"line":190,"column":15},"end":{"line":190,"column":null}},"type":"cond-expr","locations":[{"start":{"line":190,"column":25},"end":{"line":190,"column":39}},{"start":{"line":190,"column":39},"end":{"line":190,"column":null}}],"line":190}},"s":{"0":0,"1":0,"2":0,"3":0,"4":0,"5":0,"6":0,"7":0,"8":0,"9":0,"10":0,"11":0,"12":0,"13":0,"14":0,"15":0,"16":0,"17":0,"18":0,"19":0,"20":0,"21":0,"22":0,"23":0,"24":0,"25":0,"26":0,"27":0,"28":0,"29":0,"30":0,"31":0,"32":0,"33":0,"34":0,"35":0,"36":0,"37":0,"38":0,"39":0,"40":0,"41":0,"42":0,"43":0,"44":0,"45":0,"46":0,"47":0,"48":0,"49":0,"50":0},"f":{"0":0,"1":0,"2":0,"3":0,"4":0,"5":0,"6":0,"7":0,"8":0,"9":0,"10":0,"11":0},"b":{"0":[0,0],"1":[0,0],"2":[0,0],"3":[0,0],"4":[0,0],"5":[0,0],"6":[0,0],"7":[0,0],"8":[0,0,0],"9":[0,0],"10":[0,0],"11":[0,0],"12":[0,0],"13":[0,0],"14":[0,0],"15":[0,0],"16":[0,0],"17":[0,0],"18":[0,0],"19":[0,0],"20":[0,0]},"meta":{"lastBranch":21,"lastFunction":12,"lastStatement":51,"seen":{"s:8:6:12:Infinity":0,"f:8:6:8:25":0,"b:9:2:9:Infinity:undefined:undefined:undefined:undefined":0,"s:9:2:9:Infinity":1,"s:9:29:9:Infinity":2,"b:10:2:10:Infinity:undefined:undefined:undefined:undefined":1,"s:10:2:10:Infinity":3,"s:10:28:10:Infinity":4,"b:11:2:11:Infinity:undefined:undefined:undefined:undefined":2,"s:11:2:11:Infinity":5,"s:11:28:11:Infinity":6,"s:12:2:12:Infinity":7,"s:15:6:52:Infinity":8,"f:15:6:15:42":1,"s:16:17:16:43":9,"s:18:2:52:Infinity":10,"b:35:61:35:72:35:72:35:Infinity":3,"f:36:14:36:29":2,"s:36:29:36:63":11,"b:36:29:36:50:36:50:36:63":4,"b:43:60:43:71:43:71:43:Infinity":5,"f:44:14:44:29":3,"s:44:29:44:62":12,"b:44:29:44:49:44:49:44:62":6,"s:57:6:192:Infinity":13,"f:57:6:57:47":4,"s:58:10:58:28":14,"s:59:26:59:60":15,"s:60:22:60:52":16,"s:61:26:61:60":17,"s:62:22:62:55":18,"s:63:18:63:47":19,"s:64:18:64:47":20,"s:65:18:65:98":21,"s:67:31:99:Infinity":22,"f:67:31:67:38":5,"s:68:4:68:Infinity":23,"s:69:4:69:Infinity":24,"b:71:4:73:Infinity:undefined:undefined:undefined:undefined":7,"s:71:4:73:Infinity":25,"b:71:8:71:28:71:28:71:44:71:44:71:62":8,"s:72:6:72:Infinity":26,"s:73:6:73:Infinity":27,"b:76:4:78:Infinity:undefined:undefined:undefined:undefined":9,"s:76:4:78:Infinity":28,"s:77:6:77:Infinity":29,"s:78:6:78:Infinity":30,"b:81:4:83:Infinity:undefined:undefined:undefined:undefined":10,"s:81:4:83:Infinity":31,"s:82:6:82:Infinity":32,"s:83:6:83:Infinity":33,"s:86:4:86:Infinity":34,"s:87:4:99:Infinity":35,"s:88:23:91:8":36,"s:92:6:92:Infinity":37,"b:92:25:92:41:92:41:92:74":11,"s:93:6:93:Infinity":38,"s:94:6:94:Infinity":39,"s:95:6:95:Infinity":40,"s:97:6:97:Infinity":41,"s:99:6:99:Infinity":42,"s:103:2:192:Infinity":43,"b:124:9:124:Infinity:125:10:126:Infinity":12,"b:126:42:126:49:126:49:126:55":13,"b:136:36:136:45:136:45:136:Infinity":14,"f:138:16:138:27":6,"s:138:33:138:67":44,"f:142:67:142:82":7,"s:142:82:142:110":45,"b:143:31:143:40:143:40:143:Infinity":15,"b:154:34:154:43:154:43:154:Infinity":16,"f:156:18:156:29":8,"s:156:35:156:65":46,"f:160:69:160:84":9,"s:160:84:160:104":47,"b:161:29:161:38:161:38:161:Infinity":17,"b:169:32:169:41:169:41:169:Infinity":18,"f:171:16:171:27":10,"s:171:33:171:67":48,"b:179:11:179:Infinity:180:12:184:Infinity":19,"b:190:25:190:39:190:39:190:Infinity":20,"s:199:6:210:Infinity":49,"f:199:6:199:38":11,"s:200:2:210:Infinity":50}}}
,"D:\\MCA\\accoclite\\Internhub\\frontend\\src\\components\\Shared\\Sidebar.tsx": {"path":"D:\\MCA\\accoclite\\Internhub\\frontend\\src\\components\\Shared\\Sidebar.tsx","statementMap":{"0":{"start":{"line":18,"column":6},"end":{"line":131,"column":null}},"1":{"start":{"line":29,"column":8},"end":{"line":29,"column":32}},"2":{"start":{"line":30,"column":10},"end":{"line":30,"column":30}},"3":{"start":{"line":32,"column":86},"end":{"line":59,"column":null}},"4":{"start":{"line":61,"column":19},"end":{"line":66,"column":18}},"5":{"start":{"line":63,"column":16},"end":{"line":63,"column":21}},"6":{"start":{"line":68,"column":8},"end":{"line":72,"column":null}},"7":{"start":{"line":69,"column":4},"end":{"line":69,"column":null}},"8":{"start":{"line":71,"column":4},"end":{"line":72,"column":null}},"9":{"start":{"line":72,"column":6},"end":{"line":72,"column":null}},"10":{"start":{"line":76,"column":8},"end":{"line":78,"column":null}},"11":{"start":{"line":77,"column":4},"end":{"line":77,"column":null}},"12":{"start":{"line":78,"column":4},"end":{"line":78,"column":null}},"13":{"start":{"line":81,"column":2},"end":{"line":131,"column":null}},"14":{"start":{"line":105,"column":12},"end":{"line":113,"column":null}},"15":{"start":{"line":108,"column":29},"end":{"line":108,"column":56}}},"fnMap":{"0":{"name":"(anonymous_0)","decl":{"start":{"line":18,"column":6},"end":{"line":18,"column":41}},"loc":{"start":{"line":28,"column":6},"end":{"line":131,"column":null}},"line":28},"1":{"name":"(anonymous_1)","decl":{"start":{"line":63,"column":5},"end":{"line":63,"column":10}},"loc":{"start":{"line":63,"column":16},"end":{"line":63,"column":21}},"line":63},"2":{"name":"(anonymous_2)","decl":{"start":{"line":68,"column":8},"end":{"line":68,"column":26}},"loc":{"start":{"line":68,"column":45},"end":{"line":72,"column":null}},"line":68},"3":{"name":"(anonymous_3)","decl":{"start":{"line":76,"column":8},"end":{"line":76,"column":29}},"loc":{"start":{"line":76,"column":29},"end":{"line":78,"column":null}},"line":76},"4":{"name":"(anonymous_4)","decl":{"start":{"line":104,"column":27},"end":{"line":104,"column":32}},"loc":{"start":{"line":105,"column":12},"end":{"line":113,"column":null}},"line":105},"5":{"name":"(anonymous_5)","decl":{"start":{"line":108,"column":14},"end":{"line":108,"column":29}},"loc":{"start":{"line":108,"column":29},"end":{"line":108,"column":56}},"line":108}},"branchMap":{"0":{"loc":{"start":{"line":24,"column":2},"end":{"line":24,"column":null}},"type":"default-arg","locations":[{"start":{"line":24,"column":11},"end":{"line":24,"column":null}}],"line":24},"1":{"loc":{"start":{"line":26,"column":2},"end":{"line":26,"column":null}},"type":"default-arg","locations":[{"start":{"line":26,"column":14},"end":{"line":26,"column":null}}],"line":26},"2":{"loc":{"start":{"line":71,"column":4},"end":{"line":72,"column":null}},"type":"if","locations":[{"start":{"line":71,"column":4},"end":{"line":72,"column":null}},{"start":{},"end":{}}],"line":71},"3":{"loc":{"start":{"line":71,"column":8},"end":{"line":71,"column":46}},"type":"binary-expr","locations":[{"start":{"line":71,"column":8},"end":{"line":71,"column":20}},{"start":{"line":71,"column":20},"end":{"line":71,"column":46}}],"line":71},"4":{"loc":{"start":{"line":84,"column":7},"end":{"line":86,"column":7}},"type":"binary-expr","locations":[{"start":{"line":84,"column":7},"end":{"line":84,"column":17}},{"start":{"line":84,"column":17},"end":{"line":86,"column":7}}],"line":84},"5":{"loc":{"start":{"line":86,"column":35},"end":{"line":86,"column":56}},"type":"cond-expr","locations":[{"start":{"line":86,"column":44},"end":{"line":86,"column":53}},{"start":{"line":86,"column":53},"end":{"line":86,"column":56}}],"line":86},"6":{"loc":{"start":{"line":86,"column":59},"end":{"line":86,"column":null}},"type":"cond-expr","locations":[{"start":{"line":86,"column":71},"end":{"line":86,"column":85}},{"start":{"line":86,"column":85},"end":{"line":86,"column":null}}],"line":86},"7":{"loc":{"start":{"line":96,"column":19},"end":{"line":96,"column":null}},"type":"cond-expr","locations":[{"start":{"line":96,"column":31},"end":{"line":96,"column":50}},{"start":{"line":96,"column":50},"end":{"line":96,"column":null}}],"line":96},"8":{"loc":{"start":{"line":97,"column":24},"end":{"line":97,"column":null}},"type":"cond-expr","locations":[{"start":{"line":97,"column":36},"end":{"line":97,"column":55}},{"start":{"line":97,"column":55},"end":{"line":97,"column":null}}],"line":97},"9":{"loc":{"start":{"line":99,"column":46},"end":{"line":99,"column":76}},"type":"cond-expr","locations":[{"start":{"line":99,"column":58},"end":{"line":99,"column":70}},{"start":{"line":99,"column":70},"end":{"line":99,"column":76}}],"line":99},"10":{"loc":{"start":{"line":107,"column":37},"end":{"line":107,"column":null}},"type":"cond-expr","locations":[{"start":{"line":107,"column":68},"end":{"line":107,"column":79}},{"start":{"line":107,"column":79},"end":{"line":107,"column":null}}],"line":107},"11":{"loc":{"start":{"line":109,"column":21},"end":{"line":109,"column":null}},"type":"cond-expr","locations":[{"start":{"line":109,"column":33},"end":{"line":109,"column":46}},{"start":{"line":109,"column":46},"end":{"line":109,"column":null}}],"line":109}},"s":{"0":1,"1":14,"2":14,"3":14,"4":14,"5":27,"6":14,"7":1,"8":1,"9":0,"10":14,"11":1,"12":1,"13":14,"14":119,"15":1},"f":{"0":14,"1":27,"2":1,"3":1,"4":119,"5":1},"b":{"0":[14],"1":[14],"2":[0,1],"3":[1,0],"4":[14,14],"5":[14,0],"6":[1,13],"7":[1,13],"8":[1,13],"9":[1,13],"10":[14,105],"11":[9,110]},"meta":{"lastBranch":12,"lastFunction":6,"lastStatement":16,"seen":{"s:18:6:131:Infinity":0,"f:18:6:18:41":0,"b:24:11:24:Infinity":0,"b:26:14:26:Infinity":1,"s:29:8:29:32":1,"s:30:10:30:30":2,"s:32:86:59:Infinity":3,"s:61:19:66:18":4,"f:63:5:63:10":1,"s:63:16:63:21":5,"s:68:8:72:Infinity":6,"f:68:8:68:26":2,"s:69:4:69:Infinity":7,"b:71:4:72:Infinity:undefined:undefined:undefined:undefined":2,"s:71:4:72:Infinity":8,"b:71:8:71:20:71:20:71:46":3,"s:72:6:72:Infinity":9,"s:76:8:78:Infinity":10,"f:76:8:76:29":3,"s:77:4:77:Infinity":11,"s:78:4:78:Infinity":12,"s:81:2:131:Infinity":13,"b:84:7:84:17:84:17:86:7":4,"b:86:44:86:53:86:53:86:56":5,"b:86:71:86:85:86:85:86:Infinity":6,"b:96:31:96:50:96:50:96:Infinity":7,"b:97:36:97:55:97:55:97:Infinity":8,"b:99:58:99:70:99:70:99:76":9,"f:104:27:104:32":4,"s:105:12:113:Infinity":14,"b:107:68:107:79:107:79:107:Infinity":10,"f:108:14:108:29":5,"s:108:29:108:56":15,"b:109:33:109:46:109:46:109:Infinity":11}}}
,"D:\\MCA\\accoclite\\Internhub\\frontend\\src\\components\\Shared\\StatCard.tsx": {"path":"D:\\MCA\\accoclite\\Internhub\\frontend\\src\\components\\Shared\\StatCard.tsx","statementMap":{"0":{"start":{"line":10,"column":6},"end":{"line":20,"column":null}},"1":{"start":{"line":16,"column":2},"end":{"line":20,"column":null}}},"fnMap":{"0":{"name":"(anonymous_0)","decl":{"start":{"line":10,"column":6},"end":{"line":10,"column":43}},"loc":{"start":{"line":15,"column":6},"end":{"line":20,"column":null}},"line":15}},"branchMap":{"0":{"loc":{"start":{"line":14,"column":2},"end":{"line":14,"column":null}},"type":"default-arg","locations":[{"start":{"line":14,"column":10},"end":{"line":14,"column":null}}],"line":14},"1":{"loc":{"start":{"line":20,"column":7},"end":{"line":20,"column":null}},"type":"binary-expr","locations":[{"start":{"line":20,"column":7},"end":{"line":20,"column":16}},{"start":{"line":20,"column":16},"end":{"line":20,"column":null}}],"line":20}},"s":{"0":1,"1":9},"f":{"0":9},"b":{"0":[9],"1":[9,1]},"meta":{"lastBranch":2,"lastFunction":1,"lastStatement":2,"seen":{"s:10:6:20:Infinity":0,"f:10:6:10:43":0,"b:14:10:14:Infinity":0,"s:16:2:20:Infinity":1,"b:20:7:20:16:20:16:20:Infinity":1}}}
,"D:\\MCA\\accoclite\\Internhub\\frontend\\src\\components\\Shared\\UserRow.tsx": {"path":"D:\\MCA\\accoclite\\Internhub\\frontend\\src\\components\\Shared\\UserRow.tsx","statementMap":{"0":{"start":{"line":17,"column":6},"end":{"line":71,"column":null}},"1":{"start":{"line":29,"column":22},"end":{"line":29,"column":null}},"2":{"start":{"line":30,"column":26},"end":{"line":30,"column":null}},"3":{"start":{"line":31,"column":26},"end":{"line":31,"column":null}},"4":{"start":{"line":33,"column":2},"end":{"line":71,"column":null}}},"fnMap":{"0":{"name":"(anonymous_0)","decl":{"start":{"line":17,"column":6},"end":{"line":17,"column":41}},"loc":{"start":{"line":28,"column":6},"end":{"line":71,"column":null}},"line":28}},"branchMap":{"0":{"loc":{"start":{"line":22,"column":2},"end":{"line":22,"column":null}},"type":"default-arg","locations":[{"start":{"line":22,"column":17},"end":{"line":22,"column":null}}],"line":22},"1":{"loc":{"start":{"line":25,"column":2},"end":{"line":25,"column":null}},"type":"default-arg","locations":[{"start":{"line":25,"column":12},"end":{"line":25,"column":null}}],"line":25},"2":{"loc":{"start":{"line":30,"column":26},"end":{"line":30,"column":null}},"type":"cond-expr","locations":[{"start":{"line":30,"column":40},"end":{"line":30,"column":67}},{"start":{"line":30,"column":67},"end":{"line":30,"column":null}}],"line":30},"3":{"loc":{"start":{"line":31,"column":26},"end":{"line":31,"column":null}},"type":"cond-expr","locations":[{"start":{"line":31,"column":40},"end":{"line":31,"column":60}},{"start":{"line":31,"column":63},"end":{"line":31,"column":null}}],"line":31},"4":{"loc":{"start":{"line":39,"column":18},"end":{"line":39,"column":null}},"type":"cond-expr","locations":[{"start":{"line":39,"column":32},"end":{"line":39,"column":51}},{"start":{"line":39,"column":51},"end":{"line":39,"column":null}}],"line":39},"5":{"loc":{"start":{"line":41,"column":14},"end":{"line":41,"column":null}},"type":"cond-expr","locations":[{"start":{"line":41,"column":28},"end":{"line":41,"column":57}},{"start":{"line":41,"column":57},"end":{"line":41,"column":null}}],"line":41},"6":{"loc":{"start":{"line":48,"column":22},"end":{"line":48,"column":null}},"type":"binary-expr","locations":[{"start":{"line":48,"column":22},"end":{"line":48,"column":41}},{"start":{"line":48,"column":41},"end":{"line":48,"column":null}}],"line":48},"7":{"loc":{"start":{"line":48,"column":41},"end":{"line":48,"column":null}},"type":"cond-expr","locations":[{"start":{"line":48,"column":55},"end":{"line":48,"column":75}},{"start":{"line":48,"column":75},"end":{"line":48,"column":null}}],"line":48},"8":{"loc":{"start":{"line":53,"column":22},"end":{"line":53,"column":null}},"type":"cond-expr","locations":[{"start":{"line":53,"column":36},"end":{"line":53,"column":42}},{"start":{"line":53,"column":42},"end":{"line":53,"column":null}}],"line":53},"9":{"loc":{"start":{"line":54,"column":17},"end":{"line":54,"column":null}},"type":"cond-expr","locations":[{"start":{"line":54,"column":31},"end":{"line":54,"column":48}},{"start":{"line":54,"column":48},"end":{"line":54,"column":null}}],"line":54},"10":{"loc":{"start":{"line":59,"column":54},"end":{"line":59,"column":79}},"type":"cond-expr","locations":[{"start":{"line":59,"column":68},"end":{"line":59,"column":74}},{"start":{"line":59,"column":74},"end":{"line":59,"column":79}}],"line":59},"11":{"loc":{"start":{"line":64,"column":19},"end":{"line":64,"column":null}},"type":"binary-expr","locations":[{"start":{"line":64,"column":19},"end":{"line":64,"column":34}},{"start":{"line":64,"column":34},"end":{"line":64,"column":null}}],"line":64},"12":{"loc":{"start":{"line":65,"column":15},"end":{"line":65,"column":null}},"type":"binary-expr","locations":[{"start":{"line":65,"column":15},"end":{"line":65,"column":30}},{"start":{"line":65,"column":30},"end":{"line":65,"column":null}}],"line":65},"13":{"loc":{"start":{"line":70,"column":9},"end":{"line":70,"column":null}},"type":"cond-expr","locations":[{"start":{"line":70,"column":20},"end":{"line":70,"column":35}},{"start":{"line":70,"column":35},"end":{"line":70,"column":null}}],"line":70}},"s":{"0":0,"1":0,"2":0,"3":0,"4":0},"f":{"0":0},"b":{"0":[0],"1":[0],"2":[0,0],"3":[0,0],"4":[0,0],"5":[0,0],"6":[0,0],"7":[0,0],"8":[0,0],"9":[0,0],"10":[0,0],"11":[0,0],"12":[0,0],"13":[0,0]},"meta":{"lastBranch":14,"lastFunction":1,"lastStatement":5,"seen":{"s:17:6:71:Infinity":0,"f:17:6:17:41":0,"b:22:17:22:Infinity":0,"b:25:12:25:Infinity":1,"s:29:22:29:Infinity":1,"s:30:26:30:Infinity":2,"b:30:40:30:67:30:67:30:Infinity":2,"s:31:26:31:Infinity":3,"b:31:40:31:60:31:63:31:Infinity":3,"s:33:2:71:Infinity":4,"b:39:32:39:51:39:51:39:Infinity":4,"b:41:28:41:57:41:57:41:Infinity":5,"b:48:22:48:41:48:41:48:Infinity":6,"b:48:55:48:75:48:75:48:Infinity":7,"b:53:36:53:42:53:42:53:Infinity":8,"b:54:31:54:48:54:48:54:Infinity":9,"b:59:68:59:74:59:74:59:79":10,"b:64:19:64:34:64:34:64:Infinity":11,"b:65:15:65:30:65:30:65:Infinity":12,"b:70:20:70:35:70:35:70:Infinity":13}}}
,"D:\\MCA\\accoclite\\Internhub\\frontend\\src\\context\\AuthContext.tsx": {"path":"D:\\MCA\\accoclite\\Internhub\\frontend\\src\\context\\AuthContext.tsx","statementMap":{"0":{"start":{"line":12,"column":13},"end":{"line":18,"column":2}},"1":{"start":{"line":20,"column":13},"end":{"line":20,"column":52}},"2":{"start":{"line":26,"column":13},"end":{"line":66,"column":null}},"3":{"start":{"line":27,"column":15},"end":{"line":30,"column":null}},"4":{"start":{"line":28,"column":19},"end":{"line":28,"column":47}},"5":{"start":{"line":29,"column":4},"end":{"line":29,"column":null}},"6":{"start":{"line":32,"column":16},"end":{"line":34,"column":null}},"7":{"start":{"line":33,"column":4},"end":{"line":33,"column":null}},"8":{"start":{"line":36,"column":26},"end":{"line":36,"column":null}},"9":{"start":{"line":38,"column":8},"end":{"line":42,"column":null}},"10":{"start":{"line":39,"column":4},"end":{"line":39,"column":null}},"11":{"start":{"line":40,"column":4},"end":{"line":40,"column":null}},"12":{"start":{"line":41,"column":4},"end":{"line":41,"column":null}},"13":{"start":{"line":42,"column":4},"end":{"line":42,"column":null}},"14":{"start":{"line":45,"column":8},"end":{"line":49,"column":null}},"15":{"start":{"line":46,"column":4},"end":{"line":46,"column":null}},"16":{"start":{"line":47,"column":4},"end":{"line":47,"column":null}},"17":{"start":{"line":48,"column":4},"end":{"line":48,"column":null}},"18":{"start":{"line":49,"column":4},"end":{"line":49,"column":null}},"19":{"start":{"line":52,"column":2},"end":{"line":61,"column":null}},"20":{"start":{"line":53,"column":10},"end":{"line":56,"column":null}},"21":{"start":{"line":54,"column":6},"end":{"line":56,"column":null}},"22":{"start":{"line":55,"column":8},"end":{"line":55,"column":null}},"23":{"start":{"line":56,"column":8},"end":{"line":56,"column":null}},"24":{"start":{"line":59,"column":4},"end":{"line":59,"column":null}},"25":{"start":{"line":60,"column":4},"end":{"line":60,"column":null}},"26":{"start":{"line":60,"column":17},"end":{"line":60,"column":69}},"27":{"start":{"line":63,"column":2},"end":{"line":66,"column":null}}},"fnMap":{"0":{"name":"(anonymous_0)","decl":{"start":{"line":16,"column":2},"end":{"line":16,"column":15}},"loc":{"start":{"line":16,"column":15},"end":{"line":16,"column":null}},"line":16},"1":{"name":"(anonymous_1)","decl":{"start":{"line":17,"column":2},"end":{"line":17,"column":16}},"loc":{"start":{"line":17,"column":16},"end":{"line":17,"column":null}},"line":17},"2":{"name":"(anonymous_2)","decl":{"start":{"line":20,"column":13},"end":{"line":20,"column":29}},"loc":{"start":{"line":20,"column":13},"end":{"line":20,"column":52}},"line":20},"3":{"name":"(anonymous_3)","decl":{"start":{"line":26,"column":13},"end":{"line":26,"column":58}},"loc":{"start":{"line":26,"column":75},"end":{"line":66,"column":null}},"line":26},"4":{"name":"(anonymous_4)","decl":{"start":{"line":27,"column":26},"end":{"line":27,"column":54}},"loc":{"start":{"line":27,"column":54},"end":{"line":30,"column":null}},"line":27},"5":{"name":"(anonymous_5)","decl":{"start":{"line":32,"column":28},"end":{"line":32,"column":58}},"loc":{"start":{"line":32,"column":58},"end":{"line":34,"column":null}},"line":32},"6":{"name":"(anonymous_6)","decl":{"start":{"line":38,"column":8},"end":{"line":38,"column":17}},"loc":{"start":{"line":38,"column":55},"end":{"line":42,"column":null}},"line":38},"7":{"name":"(anonymous_7)","decl":{"start":{"line":45,"column":8},"end":{"line":45,"column":23}},"loc":{"start":{"line":45,"column":23},"end":{"line":49,"column":null}},"line":45},"8":{"name":"(anonymous_8)","decl":{"start":{"line":52,"column":2},"end":{"line":52,"column":18}},"loc":{"start":{"line":52,"column":18},"end":{"line":61,"column":7}},"line":52},"9":{"name":"(anonymous_9)","decl":{"start":{"line":53,"column":10},"end":{"line":53,"column":27}},"loc":{"start":{"line":53,"column":47},"end":{"line":56,"column":null}},"line":53},"10":{"name":"(anonymous_10)","decl":{"start":{"line":60,"column":4},"end":{"line":60,"column":17}},"loc":{"start":{"line":60,"column":17},"end":{"line":60,"column":69}},"line":60}},"branchMap":{"0":{"loc":{"start":{"line":29,"column":11},"end":{"line":29,"column":null}},"type":"cond-expr","locations":[{"start":{"line":29,"column":20},"end":{"line":29,"column":38}},{"start":{"line":29,"column":41},"end":{"line":29,"column":null}}],"line":29},"1":{"loc":{"start":{"line":36,"column":26},"end":{"line":36,"column":null}},"type":"binary-expr","locations":[{"start":{"line":36,"column":26},"end":{"line":36,"column":37}},{"start":{"line":36,"column":37},"end":{"line":36,"column":null}}],"line":36},"2":{"loc":{"start":{"line":54,"column":6},"end":{"line":56,"column":null}},"type":"if","locations":[{"start":{"line":54,"column":6},"end":{"line":56,"column":null}},{"start":{},"end":{}}],"line":54},"3":{"loc":{"start":{"line":54,"column":10},"end":{"line":54,"column":44}},"type":"binary-expr","locations":[{"start":{"line":54,"column":10},"end":{"line":54,"column":31}},{"start":{"line":54,"column":31},"end":{"line":54,"column":44}}],"line":54}},"s":{"0":1,"1":13,"2":1,"3":13,"4":7,"5":7,"6":13,"7":7,"8":13,"9":13,"10":4,"11":4,"12":4,"13":4,"14":13,"15":2,"16":2,"17":2,"18":2,"19":13,"20":7,"21":0,"22":0,"23":0,"24":7,"25":7,"26":7,"27":13},"f":{"0":0,"1":0,"2":13,"3":13,"4":7,"5":7,"6":4,"7":2,"8":7,"9":0,"10":7},"b":{"0":[1,6],"1":[13,6],"2":[0,0],"3":[0,0]},"meta":{"lastBranch":4,"lastFunction":11,"lastStatement":28,"seen":{"s:12:13:18:2":0,"f:16:2:16:15":0,"f:17:2:17:16":1,"s:20:13:20:52":1,"f:20:13:20:29":2,"s:26:13:66:Infinity":2,"f:26:13:26:58":3,"s:27:15:30:Infinity":3,"f:27:26:27:54":4,"s:28:19:28:47":4,"s:29:4:29:Infinity":5,"b:29:20:29:38:29:41:29:Infinity":0,"s:32:16:34:Infinity":6,"f:32:28:32:58":5,"s:33:4:33:Infinity":7,"s:36:26:36:Infinity":8,"b:36:26:36:37:36:37:36:Infinity":1,"s:38:8:42:Infinity":9,"f:38:8:38:17":6,"s:39:4:39:Infinity":10,"s:40:4:40:Infinity":11,"s:41:4:41:Infinity":12,"s:42:4:42:Infinity":13,"s:45:8:49:Infinity":14,"f:45:8:45:23":7,"s:46:4:46:Infinity":15,"s:47:4:47:Infinity":16,"s:48:4:48:Infinity":17,"s:49:4:49:Infinity":18,"s:52:2:61:Infinity":19,"f:52:2:52:18":8,"s:53:10:56:Infinity":20,"f:53:10:53:27":9,"b:54:6:56:Infinity:undefined:undefined:undefined:undefined":2,"s:54:6:56:Infinity":21,"b:54:10:54:31:54:31:54:44":3,"s:55:8:55:Infinity":22,"s:56:8:56:Infinity":23,"s:59:4:59:Infinity":24,"s:60:4:60:Infinity":25,"f:60:4:60:17":10,"s:60:17:60:69":26,"s:63:2:66:Infinity":27}}}
,"D:\\MCA\\accoclite\\Internhub\\frontend\\src\\context\\ThemeContext.tsx": {"path":"D:\\MCA\\accoclite\\Internhub\\frontend\\src\\context\\ThemeContext.tsx","statementMap":{"0":{"start":{"line":11,"column":6},"end":{"line":15,"column":2}},"1":{"start":{"line":17,"column":13},"end":{"line":17,"column":54}},"2":{"start":{"line":23,"column":13},"end":{"line":42,"column":null}},"3":{"start":{"line":24,"column":16},"end":{"line":26,"column":null}},"4":{"start":{"line":25,"column":4},"end":{"line":25,"column":null}},"5":{"start":{"line":28,"column":17},"end":{"line":28,"column":null}},"6":{"start":{"line":30,"column":8},"end":{"line":31,"column":null}},"7":{"start":{"line":31,"column":4},"end":{"line":31,"column":null}},"8":{"start":{"line":31,"column":24},"end":{"line":31,"column":60}},"9":{"start":{"line":34,"column":2},"end":{"line":37,"column":null}},"10":{"start":{"line":35,"column":4},"end":{"line":35,"column":null}},"11":{"start":{"line":36,"column":4},"end":{"line":36,"column":null}},"12":{"start":{"line":39,"column":2},"end":{"line":42,"column":null}}},"fnMap":{"0":{"name":"(anonymous_0)","decl":{"start":{"line":14,"column":2},"end":{"line":14,"column":21}},"loc":{"start":{"line":14,"column":21},"end":{"line":14,"column":null}},"line":14},"1":{"name":"(anonymous_1)","decl":{"start":{"line":17,"column":13},"end":{"line":17,"column":30}},"loc":{"start":{"line":17,"column":13},"end":{"line":17,"column":54}},"line":17},"2":{"name":"(anonymous_2)","decl":{"start":{"line":23,"column":13},"end":{"line":23,"column":60}},"loc":{"start":{"line":23,"column":77},"end":{"line":42,"column":null}},"line":23},"3":{"name":"(anonymous_3)","decl":{"start":{"line":24,"column":28},"end":{"line":24,"column":50}},"loc":{"start":{"line":24,"column":50},"end":{"line":26,"column":null}},"line":24},"4":{"name":"(anonymous_4)","decl":{"start":{"line":30,"column":8},"end":{"line":30,"column":28}},"loc":{"start":{"line":30,"column":28},"end":{"line":31,"column":null}},"line":30},"5":{"name":"(anonymous_5)","decl":{"start":{"line":31,"column":4},"end":{"line":31,"column":14}},"loc":{"start":{"line":31,"column":24},"end":{"line":31,"column":60}},"line":31},"6":{"name":"(anonymous_6)","decl":{"start":{"line":34,"column":2},"end":{"line":34,"column":18}},"loc":{"start":{"line":34,"column":18},"end":{"line":37,"column":6}},"line":34}},"branchMap":{"0":{"loc":{"start":{"line":25,"column":12},"end":{"line":25,"column":null}},"type":"binary-expr","locations":[{"start":{"line":25,"column":12},"end":{"line":25,"column":41}},{"start":{"line":25,"column":55},"end":{"line":25,"column":null}}],"line":25},"1":{"loc":{"start":{"line":31,"column":24},"end":{"line":31,"column":60}},"type":"cond-expr","locations":[{"start":{"line":31,"column":42},"end":{"line":31,"column":52}},{"start":{"line":31,"column":52},"end":{"line":31,"column":60}}],"line":31}},"s":{"0":1,"1":11,"2":1,"3":11,"4":6,"5":11,"6":11,"7":5,"8":5,"9":11,"10":11,"11":11,"12":11},"f":{"0":0,"1":11,"2":11,"3":6,"4":5,"5":5,"6":11},"b":{"0":[6,5],"1":[4,1]},"meta":{"lastBranch":2,"lastFunction":7,"lastStatement":13,"seen":{"s:11:6:15:2":0,"f:14:2:14:21":0,"s:17:13:17:54":1,"f:17:13:17:30":1,"s:23:13:42:Infinity":2,"f:23:13:23:60":2,"s:24:16:26:Infinity":3,"f:24:28:24:50":3,"s:25:4:25:Infinity":4,"b:25:12:25:41:25:55:25:Infinity":0,"s:28:17:28:Infinity":5,"s:30:8:31:Infinity":6,"f:30:8:30:28":4,"s:31:4:31:Infinity":7,"f:31:4:31:14":5,"s:31:24:31:60":8,"b:31:42:31:52:31:52:31:60":1,"s:34:2:37:Infinity":9,"f:34:2:34:18":6,"s:35:4:35:Infinity":10,"s:36:4:36:Infinity":11,"s:39:2:42:Infinity":12}}}
,"D:\\MCA\\accoclite\\Internhub\\frontend\\src\\services\\api.ts": {"path":"D:\\MCA\\accoclite\\Internhub\\frontend\\src\\services\\api.ts","statementMap":{"0":{"start":{"line":3,"column":21},"end":{"line":3,"column":null}},"1":{"start":{"line":5,"column":12},"end":{"line":11,"column":2}},"2":{"start":{"line":14,"column":0},"end":{"line":23,"column":null}},"3":{"start":{"line":16,"column":18},"end":{"line":16,"column":47}},"4":{"start":{"line":17,"column":4},"end":{"line":18,"column":null}},"5":{"start":{"line":18,"column":6},"end":{"line":18,"column":null}},"6":{"start":{"line":20,"column":4},"end":{"line":20,"column":null}},"7":{"start":{"line":22,"column":13},"end":{"line":22,"column":34}},"8":{"start":{"line":26,"column":20},"end":{"line":26,"column":null}},"9":{"start":{"line":27,"column":0},"end":{"line":47,"column":null}},"10":{"start":{"line":28,"column":16},"end":{"line":28,"column":null}},"11":{"start":{"line":30,"column":4},"end":{"line":42,"column":null}},"12":{"start":{"line":33,"column":30},"end":{"line":33,"column":67}},"13":{"start":{"line":34,"column":6},"end":{"line":42,"column":null}},"14":{"start":{"line":35,"column":8},"end":{"line":35,"column":null}},"15":{"start":{"line":36,"column":8},"end":{"line":36,"column":null}},"16":{"start":{"line":37,"column":8},"end":{"line":37,"column":null}},"17":{"start":{"line":39,"column":8},"end":{"line":42,"column":null}},"18":{"start":{"line":40,"column":10},"end":{"line":40,"column":null}},"19":{"start":{"line":41,"column":10},"end":{"line":41,"column":null}},"20":{"start":{"line":45,"column":4},"end":{"line":45,"column":null}}},"fnMap":{"0":{"name":"(anonymous_0)","decl":{"start":{"line":14,"column":25},"end":{"line":14,"column":null}},"loc":{"start":{"line":15,"column":14},"end":{"line":22,"column":13}},"line":15},"1":{"name":"(anonymous_1)","decl":{"start":{"line":22,"column":3},"end":{"line":22,"column":13}},"loc":{"start":{"line":22,"column":13},"end":{"line":22,"column":34}},"line":22},"2":{"name":"(anonymous_2)","decl":{"start":{"line":27,"column":26},"end":{"line":27,"column":null}},"loc":{"start":{"line":28,"column":16},"end":{"line":28,"column":null}},"line":28},"3":{"name":"(anonymous_3)","decl":{"start":{"line":28,"column":16},"end":{"line":28,"column":null}},"loc":{"start":{"line":29,"column":13},"end":{"line":47,"column":null}},"line":29},"4":{"name":"(anonymous_4)","decl":{"start":{"line":39,"column":8},"end":{"line":39,"column":25}},"loc":{"start":{"line":39,"column":25},"end":{"line":42,"column":15}},"line":39}},"branchMap":{"0":{"loc":{"start":{"line":3,"column":21},"end":{"line":3,"column":null}},"type":"binary-expr","locations":[{"start":{"line":3,"column":21},"end":{"line":3,"column":53}},{"start":{"line":3,"column":53},"end":{"line":3,"column":null}}],"line":3},"1":{"loc":{"start":{"line":17,"column":4},"end":{"line":18,"column":null}},"type":"if","locations":[{"start":{"line":17,"column":4},"end":{"line":18,"column":null}},{"start":{},"end":{}}],"line":17},"2":{"loc":{"start":{"line":30,"column":4},"end":{"line":42,"column":null}},"type":"if","locations":[{"start":{"line":30,"column":4},"end":{"line":42,"column":null}},{"start":{},"end":{}}],"line":30},"3":{"loc":{"start":{"line":30,"column":8},"end":{"line":30,"column":58}},"type":"binary-expr","locations":[{"start":{"line":30,"column":8},"end":{"line":30,"column":42}},{"start":{"line":30,"column":42},"end":{"line":30,"column":58}}],"line":30},"4":{"loc":{"start":{"line":34,"column":6},"end":{"line":42,"column":null}},"type":"if","locations":[{"start":{"line":34,"column":6},"end":{"line":42,"column":null}},{"start":{},"end":{}}],"line":34}},"s":{"0":0,"1":0,"2":0,"3":0,"4":0,"5":0,"6":0,"7":0,"8":0,"9":0,"10":0,"11":0,"12":0,"13":0,"14":0,"15":0,"16":0,"17":0,"18":0,"19":0,"20":0},"f":{"0":0,"1":0,"2":0,"3":0,"4":0},"b":{"0":[0,0],"1":[0,0],"2":[0,0],"3":[0,0],"4":[0,0]},"meta":{"lastBranch":5,"lastFunction":5,"lastStatement":21,"seen":{"s:3:21:3:Infinity":0,"b:3:21:3:53:3:53:3:Infinity":0,"s:5:12:11:2":1,"s:14:0:23:Infinity":2,"f:14:25:14:Infinity":0,"s:16:18:16:47":3,"b:17:4:18:Infinity:undefined:undefined:undefined:undefined":1,"s:17:4:18:Infinity":4,"s:18:6:18:Infinity":5,"s:20:4:20:Infinity":6,"f:22:3:22:13":1,"s:22:13:22:34":7,"s:26:20:26:Infinity":8,"s:27:0:47:Infinity":9,"f:27:26:27:Infinity":2,"s:28:16:28:Infinity":10,"f:28:16:28:Infinity":3,"b:30:4:42:Infinity:undefined:undefined:undefined:undefined":2,"s:30:4:42:Infinity":11,"b:30:8:30:42:30:42:30:58":3,"s:33:30:33:67":12,"b:34:6:42:Infinity:undefined:undefined:undefined:undefined":4,"s:34:6:42:Infinity":13,"s:35:8:35:Infinity":14,"s:36:8:36:Infinity":15,"s:37:8:37:Infinity":16,"s:39:8:42:Infinity":17,"f:39:8:39:25":4,"s:40:10:40:Infinity":18,"s:41:10:41:Infinity":19,"s:45:4:45:Infinity":20}}}
}
