TN:
SF:src\components\Shared\Badge.tsx
FN:8,(anonymous_0)
FNF:1
FNH:1
FNDA:7,(anonymous_0)
DA:8,1
DA:9,7
LF:2
LH:2
BRDA:8,0,0,7
BRF:1
BRH:1
end_of_record
TN:
SF:src\components\Shared\ConfirmDialog.tsx
FN:15,(anonymous_0)
FN:29,(anonymous_1)
FNF:2
FNH:2
FNDA:11,(anonymous_0)
FNDA:3,(anonymous_1)
DA:15,1
DA:25,11
DA:27,10
DA:29,3
LF:4
LH:4
BRDA:19,0,0,11
BRDA:20,1,0,11
BRDA:21,2,0,11
BRDA:25,3,0,1
BRDA:25,3,1,10
BRF:5
BRH:5
end_of_record
TN:
SF:src\components\Shared\DashboardLayout.tsx
FN:13,(anonymous_0)
FN:29,(anonymous_1)
FN:33,(anonymous_2)
FN:35,(anonymous_3)
FN:40,(anonymous_4)
FNF:5
FNH:0
FNDA:0,(anonymous_0)
FNDA:0,(anonymous_1)
FNDA:0,(anonymous_2)
FNDA:0,(anonymous_3)
FNDA:0,(anonymous_4)
DA:13,0
DA:21,0
DA:22,0
DA:24,0
DA:29,0
DA:33,0
DA:35,0
DA:40,0
LF:8
LH:0
BRDA:37,0,0,0
BRDA:37,0,1,0
BRF:2
BRH:0
end_of_record
TN:
SF:src\components\Shared\LoadingWave.tsx
FN:3,(anonymous_0)
FNF:1
FNH:1
FNDA:2,(anonymous_0)
DA:3,3
DA:4,2
LF:2
LH:2
BRF:0
BRH:0
end_of_record
TN:
SF:src\components\Shared\Pagination.tsx
FN:11,(anonymous_0)
FN:14,(anonymous_1)
FN:26,(anonymous_2)
FN:27,(anonymous_3)
FN:31,(anonymous_4)
FN:36,(anonymous_5)
FNF:6
FNH:6
FNDA:10,(anonymous_0)
FNDA:9,(anonymous_1)
FNDA:1,(anonymous_2)
FNDA:41,(anonymous_3)
FNDA:1,(anonymous_4)
FNDA:1,(anonymous_5)
DA:11,1
DA:12,10
DA:14,9
DA:15,9
DA:16,9
DA:17,9
DA:18,41
DA:19,9
DA:22,9
DA:26,1
DA:28,41
DA:31,1
DA:36,1
LF:13
LH:13
BRDA:12,0,0,1
BRDA:12,0,1,9
BRDA:30,1,0,9
BRDA:30,1,1,32
BRF:4
BRH:4
end_of_record
TN:
SF:src\components\Shared\SettingsPanel.tsx
FN:8,(anonymous_0)
FN:15,(anonymous_1)
FN:36,(anonymous_2)
FN:44,(anonymous_3)
FN:57,(anonymous_4)
FN:67,(anonymous_5)
FN:138,(anonymous_6)
FN:142,(anonymous_7)
FN:156,(anonymous_8)
FN:160,(anonymous_9)
FN:171,(anonymous_10)
FN:199,(anonymous_11)
FNF:12
FNH:0
FNDA:0,(anonymous_0)
FNDA:0,(anonymous_1)
FNDA:0,(anonymous_2)
FNDA:0,(anonymous_3)
FNDA:0,(anonymous_4)
FNDA:0,(anonymous_5)
FNDA:0,(anonymous_6)
FNDA:0,(anonymous_7)
FNDA:0,(anonymous_8)
FNDA:0,(anonymous_9)
FNDA:0,(anonymous_10)
FNDA:0,(anonymous_11)
DA:8,0
DA:9,0
DA:10,0
DA:11,0
DA:12,0
DA:15,0
DA:16,0
DA:18,0
DA:36,0
DA:44,0
DA:57,0
DA:58,0
DA:59,0
DA:60,0
DA:61,0
DA:62,0
DA:63,0
DA:64,0
DA:65,0
DA:67,0
DA:68,0
DA:69,0
DA:71,0
DA:72,0
DA:73,0
DA:76,0
DA:77,0
DA:78,0
DA:81,0
DA:82,0
DA:83,0
DA:86,0
DA:87,0
DA:88,0
DA:92,0
DA:93,0
DA:94,0
DA:95,0
DA:97,0
DA:99,0
DA:103,0
DA:138,0
DA:142,0
DA:156,0
DA:160,0
DA:171,0
DA:199,0
DA:200,0
LF:48
LH:0
BRDA:9,0,0,0
BRDA:9,0,1,0
BRDA:10,1,0,0
BRDA:10,1,1,0
BRDA:11,2,0,0
BRDA:11,2,1,0
BRDA:35,3,0,0
BRDA:35,3,1,0
BRDA:36,4,0,0
BRDA:36,4,1,0
BRDA:43,5,0,0
BRDA:43,5,1,0
BRDA:44,6,0,0
BRDA:44,6,1,0
BRDA:71,7,0,0
BRDA:71,7,1,0
BRDA:71,8,0,0
BRDA:71,8,1,0
BRDA:71,8,2,0
BRDA:76,9,0,0
BRDA:76,9,1,0
BRDA:81,10,0,0
BRDA:81,10,1,0
BRDA:92,11,0,0
BRDA:92,11,1,0
BRDA:124,12,0,0
BRDA:124,12,1,0
BRDA:126,13,0,0
BRDA:126,13,1,0
BRDA:136,14,0,0
BRDA:136,14,1,0
BRDA:143,15,0,0
BRDA:143,15,1,0
BRDA:154,16,0,0
BRDA:154,16,1,0
BRDA:161,17,0,0
BRDA:161,17,1,0
BRDA:169,18,0,0
BRDA:169,18,1,0
BRDA:179,19,0,0
BRDA:179,19,1,0
BRDA:190,20,0,0
BRDA:190,20,1,0
BRF:43
BRH:0
end_of_record
TN:
SF:src\components\Shared\Sidebar.tsx
FN:18,(anonymous_0)
FN:63,(anonymous_1)
FN:68,(anonymous_2)
FN:76,(anonymous_3)
FN:104,(anonymous_4)
FN:108,(anonymous_5)
FNF:6
FNH:6
FNDA:14,(anonymous_0)
FNDA:27,(anonymous_1)
FNDA:1,(anonymous_2)
FNDA:1,(anonymous_3)
FNDA:119,(anonymous_4)
FNDA:1,(anonymous_5)
DA:18,1
DA:29,14
DA:30,14
DA:32,14
DA:61,14
DA:63,27
DA:68,14
DA:69,1
DA:71,1
DA:72,0
DA:76,14
DA:77,1
DA:78,1
DA:81,14
DA:105,119
DA:108,1
LF:16
LH:15
BRDA:24,0,0,14
BRDA:26,1,0,14
BRDA:71,2,0,0
BRDA:71,2,1,1
BRDA:71,3,0,1
BRDA:71,3,1,0
BRDA:84,4,0,14
BRDA:84,4,1,14
BRDA:86,5,0,14
BRDA:86,5,1,0
BRDA:86,6,0,1
BRDA:86,6,1,13
BRDA:96,7,0,1
BRDA:96,7,1,13
BRDA:97,8,0,1
BRDA:97,8,1,13
BRDA:99,9,0,1
BRDA:99,9,1,13
BRDA:107,10,0,14
BRDA:107,10,1,105
BRDA:109,11,0,9
BRDA:109,11,1,110
BRF:22
BRH:19
end_of_record
TN:
SF:src\components\Shared\StatCard.tsx
FN:10,(anonymous_0)
FNF:1
FNH:1
FNDA:9,(anonymous_0)
DA:10,1
DA:16,9
LF:2
LH:2
BRDA:14,0,0,9
BRDA:20,1,0,9
BRDA:20,1,1,1
BRF:3
BRH:3
end_of_record
TN:
SF:src\components\Shared\UserRow.tsx
FN:17,(anonymous_0)
FNF:1
FNH:0
FNDA:0,(anonymous_0)
DA:17,2
DA:29,0
DA:30,0
DA:31,0
DA:33,0
LF:5
LH:1
BRDA:22,0,0,0
BRDA:25,1,0,0
BRDA:30,2,0,0
BRDA:30,2,1,0
BRDA:31,3,0,0
BRDA:31,3,1,0
BRDA:39,4,0,0
BRDA:39,4,1,0
BRDA:41,5,0,0
BRDA:41,5,1,0
BRDA:48,6,0,0
BRDA:48,6,1,0
BRDA:48,7,0,0
BRDA:48,7,1,0
BRDA:53,8,0,0
BRDA:53,8,1,0
BRDA:54,9,0,0
BRDA:54,9,1,0
BRDA:59,10,0,0
BRDA:59,10,1,0
BRDA:64,11,0,0
BRDA:64,11,1,0
BRDA:65,12,0,0
BRDA:65,12,1,0
BRDA:70,13,0,0
BRDA:70,13,1,0
BRF:26
BRH:0
end_of_record
TN:
SF:src\context\AuthContext.tsx
FN:16,(anonymous_0)
FN:17,(anonymous_1)
FN:20,(anonymous_2)
FN:26,(anonymous_3)
FN:27,(anonymous_4)
FN:32,(anonymous_5)
FN:38,(anonymous_6)
FN:45,(anonymous_7)
FN:52,(anonymous_8)
FN:53,(anonymous_9)
FN:60,(anonymous_10)
FNF:11
FNH:8
FNDA:0,(anonymous_0)
FNDA:0,(anonymous_1)
FNDA:13,(anonymous_2)
FNDA:13,(anonymous_3)
FNDA:7,(anonymous_4)
FNDA:7,(anonymous_5)
FNDA:4,(anonymous_6)
FNDA:2,(anonymous_7)
FNDA:7,(anonymous_8)
FNDA:0,(anonymous_9)
FNDA:7,(anonymous_10)
DA:12,1
DA:20,13
DA:26,1
DA:27,13
DA:28,7
DA:29,7
DA:32,13
DA:33,7
DA:36,13
DA:38,13
DA:39,4
DA:40,4
DA:41,4
DA:42,4
DA:45,13
DA:46,2
DA:47,2
DA:48,2
DA:49,2
DA:52,13
DA:53,7
DA:54,0
DA:55,0
DA:56,0
DA:59,7
DA:60,7
DA:63,13
LF:27
LH:24
BRDA:29,0,0,1
BRDA:29,0,1,6
BRDA:36,1,0,13
BRDA:36,1,1,6
BRDA:54,2,0,0
BRDA:54,2,1,0
BRDA:54,3,0,0
BRDA:54,3,1,0
BRF:8
BRH:4
end_of_record
TN:
SF:src\context\ThemeContext.tsx
FN:14,(anonymous_0)
FN:17,(anonymous_1)
FN:23,(anonymous_2)
FN:24,(anonymous_3)
FN:30,(anonymous_4)
FN:31,(anonymous_5)
FN:34,(anonymous_6)
FNF:7
FNH:6
FNDA:0,(anonymous_0)
FNDA:11,(anonymous_1)
FNDA:11,(anonymous_2)
FNDA:6,(anonymous_3)
FNDA:5,(anonymous_4)
FNDA:5,(anonymous_5)
FNDA:11,(anonymous_6)
DA:11,1
DA:17,11
DA:23,1
DA:24,11
DA:25,6
DA:28,11
DA:30,11
DA:31,5
DA:34,11
DA:35,11
DA:36,11
DA:39,11
LF:12
LH:12
BRDA:25,0,0,6
BRDA:25,0,1,5
BRDA:31,1,0,4
BRDA:31,1,1,1
BRF:4
BRH:4
end_of_record
TN:
SF:src\services\api.ts
FN:14,(anonymous_0)
FN:22,(anonymous_1)
FN:27,(anonymous_2)
FN:28,(anonymous_3)
FN:39,(anonymous_4)
FNF:5
FNH:5
FNDA:2,(anonymous_0)
FNDA:1,(anonymous_1)
FNDA:1,(anonymous_2)
FNDA:3,(anonymous_3)
FNDA:1,(anonymous_4)
DA:3,1
DA:5,1
DA:14,1
DA:16,2
DA:17,2
DA:18,1
DA:20,2
DA:22,1
DA:26,1
DA:27,1
DA:28,1
DA:30,3
DA:33,2
DA:34,2
DA:35,1
DA:36,1
DA:37,1
DA:39,1
DA:40,1
DA:41,1
DA:45,3
LF:21
LH:21
BRDA:3,0,0,1
BRDA:3,0,1,1
BRDA:17,1,0,1
BRDA:17,1,1,1
BRDA:30,2,0,2
BRDA:30,2,1,1
BRDA:30,3,0,3
BRDA:30,3,1,2
BRDA:34,4,0,1
BRDA:34,4,1,1
BRF:10
BRH:10
end_of_record
