TN:
SF:src\components\Admin\AdminAnalytics.tsx
FN:51,(anonymous_0)
FN:56,(anonymous_1)
FN:65,(anonymous_2)
FN:71,(anonymous_3)
FN:76,(anonymous_4)
FN:82,(anonymous_5)
FN:107,(anonymous_6)
FN:111,(anonymous_7)
FN:115,(anonymous_8)
FN:122,(anonymous_9)
FN:129,(anonymous_10)
FN:130,(anonymous_11)
FN:132,(anonymous_12)
FN:171,(anonymous_13)
FN:190,(anonymous_14)
FN:194,(anonymous_15)
FN:258,(anonymous_16)
FN:286,(anonymous_17)
FN:321,(anonymous_18)
FN:365,(anonymous_19)
FN:419,(anonymous_20)
FN:429,(anonymous_21)
FNF:22
FNH:7
FNDA:0,(anonymous_0)
FNDA:0,(anonymous_1)
FNDA:0,(anonymous_2)
FNDA:0,(anonymous_3)
FNDA:4,(anonymous_4)
FNDA:2,(anonymous_5)
FNDA:2,(anonymous_6)
FNDA:0,(anonymous_7)
FNDA:0,(anonymous_8)
FNDA:0,(anonymous_9)
FNDA:0,(anonymous_10)
FNDA:0,(anonymous_11)
FNDA:0,(anonymous_12)
FNDA:0,(anonymous_13)
FNDA:8,(anonymous_14)
FNDA:0,(anonymous_15)
FNDA:3,(anonymous_16)
FNDA:5,(anonymous_17)
FNDA:8,(anonymous_18)
FNDA:0,(anonymous_19)
FNDA:0,(anonymous_20)
FNDA:0,(anonymous_21)
DA:21,2
DA:29,2
DA:37,2
DA:51,2
DA:52,0
DA:53,0
DA:57,0
DA:65,2
DA:66,0
DA:67,0
DA:68,0
DA:71,2
DA:72,0
DA:73,0
DA:76,2
DA:77,4
DA:78,4
DA:79,4
DA:80,4
DA:82,4
DA:83,2
DA:84,2
DA:85,2
DA:87,2
DA:88,2
DA:89,0
DA:90,0
DA:91,0
DA:92,0
DA:93,0
DA:94,0
DA:95,0
DA:98,2
DA:99,2
DA:101,0
DA:103,2
DA:107,4
DA:108,2
DA:111,4
DA:112,0
DA:115,4
DA:116,0
DA:117,0
DA:118,0
DA:119,0
DA:122,4
DA:123,0
DA:124,0
DA:125,0
DA:126,0
DA:129,4
DA:130,0
DA:132,4
DA:133,0
DA:134,0
DA:135,0
DA:136,0
DA:140,4
DA:147,4
DA:148,2
DA:161,2
DA:162,0
DA:171,0
DA:179,2
DA:181,2
DA:191,8
DA:194,0
DA:258,3
DA:286,5
DA:322,8
DA:323,8
DA:366,0
DA:420,0
DA:429,0
LF:74
LH:38
BRDA:52,0,0,0
BRDA:52,0,1,0
BRDA:52,1,0,0
BRDA:52,1,1,0
BRDA:67,2,0,0
BRDA:67,2,1,0
BRDA:88,3,0,0
BRDA:88,3,1,2
BRDA:91,4,0,0
BRDA:91,4,1,0
BRDA:92,5,0,0
BRDA:92,5,1,0
BRDA:116,6,0,0
BRDA:116,6,1,0
BRDA:117,7,0,0
BRDA:117,7,1,0
BRDA:118,8,0,0
BRDA:118,8,1,0
BRDA:123,9,0,0
BRDA:123,9,1,0
BRDA:124,10,0,0
BRDA:124,10,1,0
BRDA:125,11,0,0
BRDA:125,11,1,0
BRDA:134,12,0,0
BRDA:134,12,1,0
BRDA:135,13,0,0
BRDA:135,13,1,0
BRDA:140,14,0,2
BRDA:140,14,1,2
BRDA:147,15,0,2
BRDA:147,15,1,2
BRDA:161,16,0,0
BRDA:161,16,1,2
BRDA:179,17,0,0
BRDA:179,17,1,2
BRDA:193,18,0,2
BRDA:193,18,1,6
BRDA:234,19,0,1
BRDA:234,19,1,1
BRDA:258,20,0,2
BRDA:258,20,1,0
BRDA:286,21,0,1
BRDA:286,21,1,1
BRDA:350,22,0,2
BRDA:350,22,1,0
BRDA:376,23,0,0
BRDA:376,23,1,0
BRDA:403,24,0,2
BRDA:403,24,1,0
BRF:50
BRH:16
end_of_record
TN:
SF:src\components\Admin\AdminCohorts.tsx
FN:21,(anonymous_0)
FN:31,(anonymous_1)
FN:41,(anonymous_2)
FN:43,(anonymous_3)
FN:48,(anonymous_4)
FN:54,(anonymous_5)
FN:60,(anonymous_6)
FN:69,(anonymous_7)
FN:90,(anonymous_8)
FN:98,(anonymous_9)
FN:99,(anonymous_10)
FN:100,(anonymous_11)
FN:115,(anonymous_12)
FN:116,(anonymous_13)
FN:117,(anonymous_14)
FNF:15
FNH:3
FNDA:2,(anonymous_0)
FNDA:1,(anonymous_1)
FNDA:1,(anonymous_2)
FNDA:0,(anonymous_3)
FNDA:0,(anonymous_4)
FNDA:0,(anonymous_5)
FNDA:0,(anonymous_6)
FNDA:0,(anonymous_7)
FNDA:0,(anonymous_8)
FNDA:0,(anonymous_9)
FNDA:0,(anonymous_10)
FNDA:0,(anonymous_11)
FNDA:0,(anonymous_12)
FNDA:0,(anonymous_13)
FNDA:0,(anonymous_14)
DA:21,1
DA:22,2
DA:23,2
DA:24,2
DA:25,2
DA:26,2
DA:27,2
DA:28,2
DA:29,2
DA:31,2
DA:32,1
DA:33,1
DA:34,1
DA:35,1
DA:37,0
DA:38,1
DA:41,2
DA:43,2
DA:44,0
DA:45,0
DA:48,2
DA:49,0
DA:50,0
DA:51,0
DA:54,2
DA:55,0
DA:56,0
DA:57,0
DA:60,2
DA:62,2
DA:69,0
DA:91,0
DA:98,0
DA:99,0
DA:100,0
DA:115,0
DA:116,0
DA:117,0
LF:38
LH:21
BRDA:49,0,0,0
BRDA:49,0,1,0
BRDA:55,1,0,0
BRDA:55,1,1,0
BRDA:60,2,0,0
BRDA:60,2,1,0
BRDA:72,3,0,2
BRDA:72,3,1,0
BRDA:74,4,0,1
BRDA:74,4,1,1
BRDA:93,5,0,0
BRDA:93,5,1,0
BRDA:105,6,0,1
BRDA:105,6,1,1
BRDA:111,7,0,1
BRDA:111,7,1,1
BRDA:115,8,0,0
BRDA:115,8,1,2
BRF:18
BRH:8
end_of_record
TN:
SF:src\components\Admin\AdminDashboard.tsx
FN:26,(anonymous_0)
FN:35,(anonymous_1)
FN:47,(anonymous_2)
FN:48,(anonymous_3)
FN:52,(anonymous_4)
FN:53,(anonymous_5)
FN:54,(anonymous_6)
FN:80,(anonymous_7)
FN:93,(anonymous_8)
FN:94,(anonymous_9)
FN:95,(anonymous_10)
FN:96,(anonymous_11)
FN:100,(anonymous_12)
FN:145,(anonymous_13)
FN:179,(anonymous_14)
FN:204,(anonymous_15)
FNF:16
FNH:0
FNDA:0,(anonymous_0)
FNDA:0,(anonymous_1)
FNDA:0,(anonymous_2)
FNDA:0,(anonymous_3)
FNDA:0,(anonymous_4)
FNDA:0,(anonymous_5)
FNDA:0,(anonymous_6)
FNDA:0,(anonymous_7)
FNDA:0,(anonymous_8)
FNDA:0,(anonymous_9)
FNDA:0,(anonymous_10)
FNDA:0,(anonymous_11)
FNDA:0,(anonymous_12)
FNDA:0,(anonymous_13)
FNDA:0,(anonymous_14)
FNDA:0,(anonymous_15)
DA:15,0
DA:22,0
DA:26,0
DA:27,0
DA:28,0
DA:29,0
DA:30,0
DA:31,0
DA:32,0
DA:33,0
DA:35,0
DA:36,0
DA:37,0
DA:38,0
DA:39,0
DA:41,0
DA:43,0
DA:47,0
DA:48,0
DA:49,0
DA:50,0
DA:52,0
DA:53,0
DA:54,0
DA:56,0
DA:57,0
DA:58,0
DA:59,0
DA:61,0
DA:63,0
DA:66,0
DA:69,0
DA:80,0
DA:93,0
DA:94,0
DA:95,0
DA:96,0
DA:100,0
DA:146,0
DA:147,0
DA:180,0
DA:181,0
DA:205,0
DA:206,0
DA:207,0
LF:45
LH:0
BRDA:83,0,0,0
BRDA:83,0,1,0
BRDA:85,1,0,0
BRDA:85,1,1,0
BRDA:106,2,0,0
BRDA:106,2,1,0
BRDA:115,3,0,0
BRDA:115,3,1,0
BRDA:116,4,0,0
BRDA:116,4,1,0
BRDA:117,5,0,0
BRDA:117,5,1,0
BRDA:118,6,0,0
BRDA:118,6,1,0
BRDA:130,7,0,0
BRDA:130,7,1,0
BRDA:132,8,0,0
BRDA:132,8,1,0
BRDA:146,9,0,0
BRDA:146,9,1,0
BRDA:173,10,0,0
BRDA:173,10,1,0
BRDA:175,11,0,0
BRDA:175,11,1,0
BRDA:200,12,0,0
BRDA:200,12,1,0
BRDA:206,13,0,0
BRDA:206,13,1,0
BRDA:206,14,0,0
BRDA:206,14,1,0
BRF:30
BRH:0
end_of_record
TN:
SF:src\components\Admin\AdminEvaluations.tsx
FN:15,(anonymous_0)
FN:25,(anonymous_1)
FN:41,(anonymous_2)
FN:42,(anonymous_3)
FN:43,(anonymous_4)
FN:46,(anonymous_5)
FN:51,(anonymous_6)
FN:56,(anonymous_7)
FN:69,(anonymous_8)
FN:79,(anonymous_9)
FN:116,(anonymous_10)
FN:140,(anonymous_11)
FN:141,(anonymous_12)
FN:164,(anonymous_13)
FN:172,(anonymous_14)
FNF:15
FNH:3
FNDA:1,(anonymous_0)
FNDA:0,(anonymous_1)
FNDA:1,(anonymous_2)
FNDA:0,(anonymous_3)
FNDA:1,(anonymous_4)
FNDA:0,(anonymous_5)
FNDA:0,(anonymous_6)
FNDA:0,(anonymous_7)
FNDA:0,(anonymous_8)
FNDA:0,(anonymous_9)
FNDA:0,(anonymous_10)
FNDA:0,(anonymous_11)
FNDA:0,(anonymous_12)
FNDA:0,(anonymous_13)
FNDA:0,(anonymous_14)
DA:15,1
DA:16,1
DA:17,1
DA:18,1
DA:19,1
DA:21,1
DA:22,1
DA:23,1
DA:25,1
DA:26,0
DA:27,0
DA:28,0
DA:29,0
DA:30,0
DA:31,0
DA:32,0
DA:34,0
DA:35,0
DA:37,0
DA:41,1
DA:42,1
DA:43,1
DA:46,1
DA:47,0
DA:48,0
DA:51,1
DA:52,0
DA:53,0
DA:56,1
DA:57,0
DA:58,0
DA:59,0
DA:60,0
DA:61,0
DA:63,0
DA:64,0
DA:65,0
DA:69,1
DA:70,0
DA:71,0
DA:73,0
DA:75,0
DA:76,0
DA:79,1
DA:80,0
DA:81,0
DA:82,0
DA:83,0
DA:86,1
DA:117,0
DA:140,0
DA:141,0
DA:164,0
DA:172,0
LF:54
LH:18
BRDA:25,0,0,0
BRDA:57,1,0,0
BRDA:57,1,1,0
BRDA:70,2,0,0
BRDA:70,2,1,0
BRDA:80,3,0,0
BRDA:80,3,1,0
BRDA:81,4,0,0
BRDA:81,4,1,0
BRDA:82,5,0,0
BRDA:82,5,1,0
BRDA:96,6,0,1
BRDA:96,6,1,0
BRDA:99,7,0,1
BRDA:99,7,1,0
BRDA:101,8,0,0
BRDA:101,8,1,0
BRDA:130,9,0,0
BRDA:130,9,1,0
BRDA:131,10,0,0
BRDA:131,10,1,0
BRDA:136,11,0,0
BRDA:136,11,1,0
BRDA:151,12,0,1
BRDA:151,12,1,0
BRF:25
BRH:3
end_of_record
TN:
SF:src\components\Admin\AdminProjects.tsx
FN:14,(anonymous_0)
FN:23,(anonymous_1)
FN:33,(anonymous_2)
FN:35,(anonymous_3)
FN:40,(anonymous_4)
FN:46,(anonymous_5)
FN:59,(anonymous_6)
FN:80,(anonymous_7)
FN:88,(anonymous_8)
FN:89,(anonymous_9)
FN:104,(anonymous_10)
FN:105,(anonymous_11)
FNF:12
FNH:3
FNDA:2,(anonymous_0)
FNDA:1,(anonymous_1)
FNDA:1,(anonymous_2)
FNDA:0,(anonymous_3)
FNDA:0,(anonymous_4)
FNDA:0,(anonymous_5)
FNDA:0,(anonymous_6)
FNDA:0,(anonymous_7)
FNDA:0,(anonymous_8)
FNDA:0,(anonymous_9)
FNDA:0,(anonymous_10)
FNDA:0,(anonymous_11)
DA:14,1
DA:15,2
DA:16,2
DA:17,2
DA:18,2
DA:19,2
DA:20,2
DA:21,2
DA:23,2
DA:24,1
DA:25,1
DA:26,1
DA:27,1
DA:29,0
DA:30,1
DA:33,2
DA:35,2
DA:36,0
DA:37,0
DA:40,2
DA:41,0
DA:42,0
DA:43,0
DA:46,2
DA:47,0
DA:48,0
DA:49,0
DA:52,2
DA:59,0
DA:81,0
DA:88,0
DA:89,0
DA:104,0
DA:105,0
LF:34
LH:19
BRDA:41,0,0,0
BRDA:41,0,1,0
BRDA:47,1,0,0
BRDA:47,1,1,0
BRDA:62,2,0,2
BRDA:62,2,1,0
BRDA:64,3,0,1
BRDA:64,3,1,1
BRDA:83,4,0,0
BRDA:83,4,1,0
BRDA:94,5,0,1
BRDA:94,5,1,1
BRDA:100,6,0,1
BRDA:100,6,1,1
BRDA:104,7,0,0
BRDA:104,7,1,2
BRF:16
BRH:8
end_of_record
TN:
SF:src\components\Admin\AdminSubmissions.tsx
FN:15,(anonymous_0)
FN:27,(anonymous_1)
FN:44,(anonymous_2)
FN:45,(anonymous_3)
FN:46,(anonymous_4)
FN:49,(anonymous_5)
FN:61,(anonymous_6)
FN:85,(anonymous_7)
FN:86,(anonymous_8)
FN:87,(anonymous_9)
FN:88,(anonymous_10)
FN:111,(anonymous_11)
FN:129,(anonymous_12)
FN:132,(anonymous_13)
FNF:14
FNH:3
FNDA:1,(anonymous_0)
FNDA:0,(anonymous_1)
FNDA:1,(anonymous_2)
FNDA:0,(anonymous_3)
FNDA:1,(anonymous_4)
FNDA:0,(anonymous_5)
FNDA:0,(anonymous_6)
FNDA:0,(anonymous_7)
FNDA:0,(anonymous_8)
FNDA:0,(anonymous_9)
FNDA:0,(anonymous_10)
FNDA:0,(anonymous_11)
FNDA:0,(anonymous_12)
FNDA:0,(anonymous_13)
DA:15,1
DA:16,1
DA:17,1
DA:18,1
DA:19,1
DA:22,1
DA:25,1
DA:27,1
DA:28,0
DA:29,0
DA:30,0
DA:31,0
DA:32,0
DA:34,0
DA:35,0
DA:36,0
DA:38,0
DA:40,0
DA:44,1
DA:45,1
DA:46,1
DA:49,1
DA:50,0
DA:51,0
DA:52,0
DA:53,0
DA:55,0
DA:57,0
DA:61,1
DA:62,0
DA:63,0
DA:64,0
DA:65,0
DA:66,0
DA:70,1
DA:85,0
DA:86,0
DA:87,0
DA:88,0
DA:112,0
DA:129,0
DA:132,0
LF:42
LH:14
BRDA:27,0,0,0
BRDA:32,1,0,0
BRDA:32,1,1,0
BRDA:62,2,0,0
BRDA:62,2,1,0
BRDA:62,2,2,0
BRDA:62,2,3,0
BRDA:79,3,0,1
BRDA:79,3,1,0
BRDA:85,4,0,1
BRDA:85,4,1,0
BRDA:86,5,0,0
BRDA:86,5,1,1
BRDA:87,6,0,0
BRDA:87,6,1,1
BRDA:88,7,0,0
BRDA:88,7,1,1
BRDA:93,8,0,1
BRDA:93,8,1,0
BRDA:95,9,0,0
BRDA:95,9,1,0
BRDA:113,10,0,0
BRDA:113,10,1,0
BRDA:116,11,0,0
BRDA:116,11,1,0
BRDA:117,12,0,0
BRDA:117,12,1,0
BRDA:121,13,0,0
BRDA:121,13,1,0
BRDA:122,14,0,0
BRDA:122,14,1,0
BRDA:127,15,0,0
BRDA:127,15,1,0
BRDA:137,16,0,0
BRDA:137,16,1,0
BRDA:149,17,0,1
BRDA:149,17,1,0
BRF:37
BRH:7
end_of_record
TN:
SF:src\components\Admin\AdminTasks.tsx
FN:18,(anonymous_0)
FN:35,(anonymous_1)
FN:54,(anonymous_2)
FN:55,(anonymous_3)
FN:56,(anonymous_4)
FN:59,(anonymous_5)
FN:64,(anonymous_6)
FN:69,(anonymous_7)
FN:81,(anonymous_8)
FN:95,(anonymous_9)
FN:102,(anonymous_10)
FN:127,(anonymous_11)
FN:130,(anonymous_12)
FN:131,(anonymous_13)
FN:132,(anonymous_14)
FN:133,(anonymous_15)
FN:136,(anonymous_16)
FN:137,(anonymous_17)
FN:138,(anonymous_18)
FN:161,(anonymous_19)
FN:174,(anonymous_20)
FN:175,(anonymous_21)
FN:198,(anonymous_22)
FN:206,(anonymous_23)
FNF:24
FNH:3
FNDA:1,(anonymous_0)
FNDA:0,(anonymous_1)
FNDA:1,(anonymous_2)
FNDA:0,(anonymous_3)
FNDA:1,(anonymous_4)
FNDA:0,(anonymous_5)
FNDA:0,(anonymous_6)
FNDA:0,(anonymous_7)
FNDA:0,(anonymous_8)
FNDA:0,(anonymous_9)
FNDA:0,(anonymous_10)
FNDA:0,(anonymous_11)
FNDA:0,(anonymous_12)
FNDA:0,(anonymous_13)
FNDA:0,(anonymous_14)
FNDA:0,(anonymous_15)
FNDA:0,(anonymous_16)
FNDA:0,(anonymous_17)
FNDA:0,(anonymous_18)
FNDA:0,(anonymous_19)
FNDA:0,(anonymous_20)
FNDA:0,(anonymous_21)
FNDA:0,(anonymous_22)
FNDA:0,(anonymous_23)
DA:18,1
DA:19,1
DA:20,1
DA:21,1
DA:22,1
DA:23,1
DA:26,1
DA:27,1
DA:28,1
DA:31,1
DA:32,1
DA:33,1
DA:35,1
DA:36,0
DA:37,0
DA:38,0
DA:39,0
DA:40,0
DA:41,0
DA:42,0
DA:44,0
DA:45,0
DA:46,0
DA:48,0
DA:50,0
DA:54,1
DA:55,1
DA:56,1
DA:59,1
DA:60,0
DA:61,0
DA:64,1
DA:65,0
DA:66,0
DA:69,1
DA:70,0
DA:71,0
DA:72,0
DA:73,0
DA:74,0
DA:76,0
DA:77,0
DA:81,1
DA:82,0
DA:86,0
DA:87,0
DA:89,0
DA:91,0
DA:92,0
DA:95,1
DA:96,0
DA:97,0
DA:98,0
DA:99,0
DA:102,1
DA:103,0
DA:104,0
DA:105,0
DA:106,0
DA:109,1
DA:127,0
DA:130,0
DA:131,0
DA:132,0
DA:133,0
DA:136,0
DA:137,0
DA:138,0
DA:162,0
DA:174,0
DA:175,0
DA:198,0
DA:206,0
LF:73
LH:23
BRDA:35,0,0,0
BRDA:40,1,0,0
BRDA:40,1,1,0
BRDA:41,2,0,0
BRDA:41,2,1,0
BRDA:42,3,0,0
BRDA:42,3,1,0
BRDA:70,4,0,0
BRDA:70,4,1,0
BRDA:86,5,0,0
BRDA:86,5,1,0
BRDA:96,6,0,0
BRDA:96,6,1,0
BRDA:97,7,0,0
BRDA:97,7,1,0
BRDA:98,8,0,0
BRDA:98,8,1,0
BRDA:103,9,0,0
BRDA:103,9,1,0
BRDA:104,10,0,0
BRDA:104,10,1,0
BRDA:105,11,0,0
BRDA:105,11,1,0
BRDA:119,12,0,1
BRDA:119,12,1,0
BRDA:130,13,0,1
BRDA:130,13,1,0
BRDA:131,14,0,0
BRDA:131,14,1,1
BRDA:132,15,0,0
BRDA:132,15,1,1
BRDA:133,16,0,0
BRDA:133,16,1,1
BRDA:136,17,0,1
BRDA:136,17,1,0
BRDA:137,18,0,0
BRDA:137,18,1,1
BRDA:138,19,0,0
BRDA:138,19,1,1
BRDA:143,20,0,1
BRDA:143,20,1,0
BRDA:145,21,0,0
BRDA:145,21,1,0
BRDA:166,22,0,0
BRDA:166,22,1,0
BRDA:167,23,0,0
BRDA:167,23,1,0
BRDA:172,24,0,0
BRDA:172,24,1,0
BRDA:185,25,0,1
BRDA:185,25,1,0
BRF:51
BRH:10
end_of_record
TN:
SF:src\components\Admin\AdminUsers.tsx
FN:16,(anonymous_0)
FN:30,(anonymous_1)
FN:47,(anonymous_2)
FN:51,(anonymous_3)
FN:52,(anonymous_4)
FN:53,(anonymous_5)
FN:56,(anonymous_6)
FN:69,(anonymous_7)
FN:80,(anonymous_8)
FN:91,(anonymous_9)
FN:107,(anonymous_10)
FN:111,(anonymous_11)
FN:112,(anonymous_12)
FN:113,(anonymous_13)
FN:137,(anonymous_14)
FN:141,(anonymous_15)
FN:150,(anonymous_16)
FN:155,(anonymous_17)
FN:160,(anonymous_18)
FN:179,(anonymous_19)
FN:185,(anonymous_20)
FN:196,(anonymous_21)
FNF:22
FNH:6
FNDA:2,(anonymous_0)
FNDA:1,(anonymous_1)
FNDA:1,(anonymous_2)
FNDA:1,(anonymous_3)
FNDA:0,(anonymous_4)
FNDA:1,(anonymous_5)
FNDA:0,(anonymous_6)
FNDA:0,(anonymous_7)
FNDA:0,(anonymous_8)
FNDA:0,(anonymous_9)
FNDA:0,(anonymous_10)
FNDA:0,(anonymous_11)
FNDA:8,(anonymous_12)
FNDA:0,(anonymous_13)
FNDA:0,(anonymous_14)
FNDA:0,(anonymous_15)
FNDA:0,(anonymous_16)
FNDA:0,(anonymous_17)
FNDA:0,(anonymous_18)
FNDA:0,(anonymous_19)
FNDA:0,(anonymous_20)
FNDA:0,(anonymous_21)
DA:16,1
DA:17,2
DA:18,2
DA:19,2
DA:20,2
DA:21,2
DA:22,2
DA:25,2
DA:26,2
DA:27,2
DA:28,2
DA:30,2
DA:31,1
DA:32,1
DA:33,1
DA:34,1
DA:39,1
DA:41,0
DA:43,1
DA:47,2
DA:50,2
DA:51,2
DA:52,1
DA:53,1
DA:56,2
DA:57,0
DA:58,0
DA:62,0
DA:63,0
DA:65,0
DA:69,2
DA:70,0
DA:71,0
DA:72,0
DA:73,0
DA:74,0
DA:76,0
DA:80,2
DA:81,0
DA:82,0
DA:83,0
DA:84,0
DA:85,0
DA:87,0
DA:91,2
DA:92,0
DA:93,0
DA:94,0
DA:95,0
DA:96,0
DA:100,2
DA:107,0
DA:111,0
DA:113,8
DA:138,0
DA:141,0
DA:150,0
DA:155,0
DA:160,0
DA:179,0
DA:185,0
DA:196,0
LF:62
LH:29
BRDA:36,0,0,1
BRDA:36,0,1,0
BRDA:37,1,0,1
BRDA:37,1,1,0
BRDA:60,2,0,0
BRDA:60,2,1,0
BRDA:70,3,0,0
BRDA:70,3,1,0
BRDA:81,4,0,0
BRDA:81,4,1,0
BRDA:92,5,0,0
BRDA:92,5,1,0
BRDA:92,5,2,0
BRDA:92,5,3,0
BRDA:113,6,0,2
BRDA:113,6,1,6
BRDA:114,7,0,8
BRDA:114,7,1,2
BRDA:119,8,0,2
BRDA:119,8,1,0
BRDA:121,9,0,1
BRDA:121,9,1,1
BRDA:147,10,0,0
BRDA:147,10,1,0
BRDA:147,11,0,0
BRDA:147,11,1,0
BRDA:151,12,0,0
BRDA:151,12,1,0
BRDA:165,13,0,1
BRDA:165,13,1,1
BRDA:171,14,0,1
BRDA:171,14,1,1
BRDA:178,15,0,0
BRDA:178,15,1,2
BRF:34
BRH:14
end_of_record
TN:
SF:src\components\Admin\CohortFormModal.tsx
FN:11,(anonymous_0)
FN:18,(anonymous_1)
FN:30,(anonymous_2)
FN:37,(anonymous_3)
FN:47,(anonymous_4)
FN:55,(anonymous_5)
FN:60,(anonymous_6)
FN:64,(anonymous_7)
FN:68,(anonymous_8)
FNF:9
FNH:2
FNDA:5,(anonymous_0)
FNDA:2,(anonymous_1)
FNDA:0,(anonymous_2)
FNDA:0,(anonymous_3)
FNDA:0,(anonymous_4)
FNDA:0,(anonymous_5)
FNDA:0,(anonymous_6)
FNDA:0,(anonymous_7)
FNDA:0,(anonymous_8)
DA:11,2
DA:12,5
DA:13,5
DA:14,5
DA:15,5
DA:16,5
DA:18,5
DA:19,2
DA:20,0
DA:21,0
DA:22,0
DA:23,0
DA:25,2
DA:27,2
DA:30,5
DA:31,0
DA:32,0
DA:33,0
DA:34,0
DA:37,5
DA:38,0
DA:39,0
DA:40,0
DA:43,5
DA:45,2
DA:47,0
DA:55,0
DA:60,0
DA:64,0
DA:68,0
LF:30
LH:14
BRDA:19,0,0,0
BRDA:19,0,1,2
BRDA:21,1,0,0
BRDA:21,1,1,0
BRDA:22,2,0,0
BRDA:22,2,1,0
BRDA:23,3,0,0
BRDA:23,3,1,0
BRDA:32,4,0,0
BRDA:32,4,1,0
BRDA:39,5,0,0
BRDA:39,5,1,0
BRDA:40,6,0,0
BRDA:40,6,1,0
BRDA:40,7,0,0
BRDA:40,7,1,0
BRDA:40,8,0,0
BRDA:40,8,1,0
BRDA:43,9,0,3
BRDA:43,9,1,2
BRDA:49,10,0,0
BRDA:49,10,1,2
BRDA:55,11,0,0
BRDA:55,11,1,2
BRDA:56,12,0,5
BRDA:56,12,1,0
BRDA:73,13,0,0
BRDA:73,13,1,2
BRF:28
BRH:7
end_of_record
TN:
SF:src\components\Admin\CohortMembersModal.tsx
FN:19,(anonymous_0)
FN:29,(anonymous_1)
FN:37,(anonymous_2)
FN:38,(anonymous_3)
FN:49,(anonymous_4)
FN:53,(anonymous_5)
FN:64,(anonymous_6)
FN:66,(anonymous_7)
FN:66,(anonymous_8)
FN:67,(anonymous_9)
FN:67,(anonymous_10)
FN:76,(anonymous_11)
FN:86,(anonymous_12)
FN:88,(anonymous_13)
FN:88,(anonymous_14)
FN:89,(anonymous_15)
FN:89,(anonymous_16)
FN:101,(anonymous_17)
FN:101,(anonymous_18)
FN:133,(anonymous_19)
FN:140,(anonymous_20)
FN:156,(anonymous_21)
FN:163,(anonymous_22)
FNF:23
FNH:5
FNDA:6,(anonymous_0)
FNDA:2,(anonymous_1)
FNDA:1,(anonymous_2)
FNDA:1,(anonymous_3)
FNDA:4,(anonymous_4)
FNDA:0,(anonymous_5)
FNDA:0,(anonymous_6)
FNDA:0,(anonymous_7)
FNDA:0,(anonymous_8)
FNDA:0,(anonymous_9)
FNDA:0,(anonymous_10)
FNDA:0,(anonymous_11)
FNDA:0,(anonymous_12)
FNDA:0,(anonymous_13)
FNDA:0,(anonymous_14)
FNDA:0,(anonymous_15)
FNDA:0,(anonymous_16)
FNDA:0,(anonymous_17)
FNDA:0,(anonymous_18)
FNDA:0,(anonymous_19)
FNDA:0,(anonymous_20)
FNDA:0,(anonymous_21)
FNDA:0,(anonymous_22)
DA:19,3
DA:20,6
DA:21,6
DA:22,6
DA:23,6
DA:24,6
DA:26,6
DA:27,6
DA:29,6
DA:30,2
DA:31,2
DA:32,2
DA:33,2
DA:34,2
DA:35,2
DA:36,2
DA:37,1
DA:38,1
DA:40,1
DA:41,1
DA:43,1
DA:45,2
DA:49,6
DA:50,4
DA:53,6
DA:54,0
DA:55,0
DA:56,0
DA:57,0
DA:58,0
DA:63,0
DA:64,0
DA:65,0
DA:66,0
DA:67,0
DA:70,0
DA:72,0
DA:76,6
DA:77,0
DA:78,0
DA:79,0
DA:80,0
DA:81,0
DA:85,0
DA:86,0
DA:87,0
DA:88,0
DA:89,0
DA:92,0
DA:94,0
DA:98,6
DA:100,3
DA:101,0
DA:134,0
DA:140,0
DA:157,0
DA:163,0
LF:57
LH:28
BRDA:30,0,0,0
BRDA:30,0,1,2
BRDA:50,1,0,2
BRDA:50,1,1,2
BRDA:50,2,0,4
BRDA:50,2,1,2
BRDA:54,3,0,0
BRDA:54,3,1,0
BRDA:63,4,0,0
BRDA:63,4,1,0
BRDA:65,5,0,0
BRDA:65,5,1,0
BRDA:77,6,0,0
BRDA:77,6,1,0
BRDA:85,7,0,0
BRDA:85,7,1,0
BRDA:87,8,0,0
BRDA:87,8,1,0
BRDA:98,9,0,3
BRDA:98,9,1,3
BRDA:98,10,0,6
BRDA:98,10,1,3
BRDA:101,11,0,0
BRDA:101,11,1,0
BRDA:101,12,0,0
BRDA:101,12,1,0
BRDA:107,13,0,3
BRDA:107,13,1,0
BRDA:118,14,0,2
BRDA:118,14,1,1
BRDA:127,15,0,1
BRDA:127,15,1,0
BRDA:150,16,0,1
BRDA:150,16,1,0
BRDA:171,17,0,1
BRDA:171,17,1,1
BRDA:171,17,2,0
BRF:37
BRH:16
end_of_record
TN:
SF:src\components\Admin\EvaluationFormModal.tsx
FN:15,(anonymous_0)
FN:31,(anonymous_1)
FN:33,(anonymous_2)
FN:34,(anonymous_3)
FN:38,(anonymous_4)
FN:56,(anonymous_5)
FN:64,(anonymous_6)
FN:68,(anonymous_7)
FN:97,(anonymous_8)
FN:108,(anonymous_9)
FN:110,(anonymous_10)
FN:117,(anonymous_11)
FN:119,(anonymous_12)
FN:130,(anonymous_13)
FN:134,(anonymous_14)
FN:138,(anonymous_15)
FN:142,(anonymous_16)
FN:152,(anonymous_17)
FN:158,(anonymous_18)
FN:162,(anonymous_19)
FNF:20
FNH:4
FNDA:4,(anonymous_0)
FNDA:2,(anonymous_1)
FNDA:0,(anonymous_2)
FNDA:0,(anonymous_3)
FNDA:2,(anonymous_4)
FNDA:0,(anonymous_5)
FNDA:2,(anonymous_6)
FNDA:0,(anonymous_7)
FNDA:0,(anonymous_8)
FNDA:0,(anonymous_9)
FNDA:0,(anonymous_10)
FNDA:0,(anonymous_11)
FNDA:0,(anonymous_12)
FNDA:0,(anonymous_13)
FNDA:0,(anonymous_14)
FNDA:0,(anonymous_15)
FNDA:0,(anonymous_16)
FNDA:0,(anonymous_17)
FNDA:0,(anonymous_18)
FNDA:0,(anonymous_19)
DA:15,2
DA:16,4
DA:17,4
DA:18,4
DA:19,4
DA:20,4
DA:21,4
DA:22,4
DA:23,4
DA:24,4
DA:26,4
DA:27,4
DA:28,4
DA:29,4
DA:31,4
DA:32,2
DA:33,1
DA:34,1
DA:38,4
DA:39,2
DA:40,1
DA:41,1
DA:42,1
DA:43,1
DA:44,1
DA:45,1
DA:46,1
DA:47,1
DA:48,1
DA:50,1
DA:51,1
DA:53,2
DA:56,4
DA:57,0
DA:58,0
DA:59,0
DA:60,0
DA:61,0
DA:64,4
DA:65,2
DA:68,4
DA:69,0
DA:70,0
DA:72,0
DA:73,0
DA:74,0
DA:87,0
DA:89,0
DA:93,4
DA:95,2
DA:97,0
DA:108,0
DA:110,0
DA:117,0
DA:119,0
DA:130,0
DA:134,0
DA:138,0
DA:142,0
DA:152,0
DA:158,0
DA:162,0
LF:62
LH:38
BRDA:32,0,0,1
BRDA:32,0,1,1
BRDA:39,1,0,1
BRDA:39,1,1,1
BRDA:42,2,0,1
BRDA:42,2,1,1
BRDA:43,3,0,1
BRDA:43,3,1,1
BRDA:44,4,0,1
BRDA:44,4,1,1
BRDA:45,5,0,1
BRDA:45,5,1,1
BRDA:46,6,0,1
BRDA:46,6,1,0
BRDA:47,7,0,1
BRDA:47,7,1,0
BRDA:48,8,0,1
BRDA:48,8,1,0
BRDA:58,9,0,0
BRDA:58,9,1,0
BRDA:59,10,0,0
BRDA:59,10,1,0
BRDA:70,11,0,0
BRDA:70,11,1,0
BRDA:93,12,0,2
BRDA:93,12,1,2
BRDA:99,13,0,2
BRDA:99,13,1,0
BRDA:103,14,0,4
BRDA:103,14,1,0
BRDA:108,15,0,0
BRDA:108,15,1,2
BRDA:110,16,0,0
BRDA:110,16,1,0
BRDA:112,17,0,4
BRDA:112,17,1,0
BRDA:117,18,0,0
BRDA:117,18,1,2
BRDA:121,19,0,4
BRDA:121,19,1,0
BRDA:168,20,0,0
BRDA:168,20,1,2
BRDA:168,21,0,2
BRDA:168,21,1,0
BRF:44
BRH:25
end_of_record
TN:
SF:src\components\Admin\ProjectFormModal.tsx
FN:11,(anonymous_0)
FN:17,(anonymous_1)
FN:28,(anonymous_2)
FN:36,(anonymous_3)
FN:46,(anonymous_4)
FN:54,(anonymous_5)
FN:59,(anonymous_6)
FN:63,(anonymous_7)
FNF:8
FNH:2
FNDA:5,(anonymous_0)
FNDA:2,(anonymous_1)
FNDA:0,(anonymous_2)
FNDA:0,(anonymous_3)
FNDA:0,(anonymous_4)
FNDA:0,(anonymous_5)
FNDA:0,(anonymous_6)
FNDA:0,(anonymous_7)
DA:11,2
DA:12,5
DA:13,5
DA:14,5
DA:15,5
DA:17,5
DA:18,2
DA:19,0
DA:20,0
DA:21,0
DA:23,2
DA:25,2
DA:28,5
DA:29,0
DA:30,0
DA:31,0
DA:32,0
DA:33,0
DA:36,5
DA:37,0
DA:38,0
DA:39,0
DA:42,5
DA:44,2
DA:46,0
DA:54,0
DA:59,0
DA:63,0
LF:28
LH:13
BRDA:18,0,0,0
BRDA:18,0,1,2
BRDA:20,1,0,0
BRDA:20,1,1,0
BRDA:30,2,0,0
BRDA:30,2,1,0
BRDA:31,3,0,0
BRDA:31,3,1,0
BRDA:38,4,0,0
BRDA:38,4,1,0
BRDA:39,5,0,0
BRDA:39,5,1,0
BRDA:42,6,0,3
BRDA:42,6,1,2
BRDA:48,7,0,0
BRDA:48,7,1,2
BRDA:54,8,0,0
BRDA:54,8,1,2
BRDA:55,9,0,5
BRDA:55,9,1,0
BRDA:63,10,0,0
BRDA:63,10,1,2
BRDA:64,11,0,5
BRDA:64,11,1,0
BRDA:69,12,0,0
BRDA:69,12,1,2
BRF:26
BRH:9
end_of_record
TN:
SF:src\components\Admin\TaskFormModal.tsx
FN:15,(anonymous_0)
FN:29,(anonymous_1)
FN:31,(anonymous_2)
FN:32,(anonymous_3)
FN:36,(anonymous_4)
FN:51,(anonymous_5)
FN:60,(anonymous_6)
FN:86,(anonymous_7)
FN:96,(anonymous_8)
FN:102,(anonymous_9)
FN:108,(anonymous_10)
FN:110,(anonymous_11)
FN:117,(anonymous_12)
FN:119,(anonymous_13)
FN:128,(anonymous_14)
FN:137,(anonymous_15)
FN:147,(anonymous_16)
FNF:17
FNH:3
FNDA:4,(anonymous_0)
FNDA:2,(anonymous_1)
FNDA:0,(anonymous_2)
FNDA:0,(anonymous_3)
FNDA:2,(anonymous_4)
FNDA:0,(anonymous_5)
FNDA:0,(anonymous_6)
FNDA:0,(anonymous_7)
FNDA:0,(anonymous_8)
FNDA:0,(anonymous_9)
FNDA:0,(anonymous_10)
FNDA:0,(anonymous_11)
FNDA:0,(anonymous_12)
FNDA:0,(anonymous_13)
FNDA:0,(anonymous_14)
FNDA:0,(anonymous_15)
FNDA:0,(anonymous_16)
DA:15,2
DA:16,4
DA:17,4
DA:18,4
DA:19,4
DA:20,4
DA:21,4
DA:22,4
DA:24,4
DA:25,4
DA:26,4
DA:27,4
DA:29,4
DA:30,2
DA:31,1
DA:32,1
DA:36,4
DA:37,2
DA:38,0
DA:39,0
DA:40,0
DA:41,0
DA:42,0
DA:43,0
DA:44,0
DA:46,2
DA:48,2
DA:51,4
DA:52,0
DA:53,0
DA:54,0
DA:55,0
DA:56,0
DA:57,0
DA:60,4
DA:61,0
DA:62,0
DA:64,0
DA:65,0
DA:66,0
DA:76,0
DA:78,0
DA:82,4
DA:84,2
DA:86,0
DA:96,0
DA:102,0
DA:108,0
DA:110,0
DA:117,0
DA:119,0
DA:128,0
DA:137,0
DA:147,0
LF:54
LH:24
BRDA:30,0,0,1
BRDA:30,0,1,1
BRDA:37,1,0,0
BRDA:37,1,1,2
BRDA:39,2,0,0
BRDA:39,2,1,0
BRDA:44,3,0,0
BRDA:44,3,1,0
BRDA:53,4,0,0
BRDA:53,4,1,0
BRDA:54,5,0,0
BRDA:54,5,1,0
BRDA:55,6,0,0
BRDA:55,6,1,0
BRDA:62,7,0,0
BRDA:62,7,1,0
BRDA:68,8,0,0
BRDA:68,8,1,0
BRDA:73,9,0,0
BRDA:73,9,1,0
BRDA:82,10,0,2
BRDA:82,10,1,2
BRDA:88,11,0,0
BRDA:88,11,1,2
BRDA:92,12,0,4
BRDA:92,12,1,0
BRDA:96,13,0,0
BRDA:96,13,1,2
BRDA:97,14,0,4
BRDA:97,14,1,0
BRDA:108,15,0,0
BRDA:108,15,1,2
BRDA:112,16,0,4
BRDA:112,16,1,0
BRDA:117,17,0,0
BRDA:117,17,1,2
BRDA:121,18,0,4
BRDA:121,18,1,0
BRDA:153,19,0,0
BRDA:153,19,1,2
BRDA:153,20,0,0
BRDA:153,20,1,2
BRF:42
BRH:15
end_of_record
TN:
SF:src\components\Admin\TrainerAssignModal.tsx
FN:20,(anonymous_0)
FN:28,(anonymous_1)
FN:37,(anonymous_2)
FN:38,(anonymous_3)
FN:40,(anonymous_4)
FN:45,(anonymous_5)
FN:46,(anonymous_6)
FN:49,(anonymous_7)
FN:63,(anonymous_8)
FN:65,(anonymous_9)
FN:75,(anonymous_10)
FN:89,(anonymous_11)
FN:89,(anonymous_12)
FN:100,(anonymous_13)
FN:101,(anonymous_14)
FN:104,(anonymous_15)
FN:104,(anonymous_16)
FN:116,(anonymous_17)
FN:147,(anonymous_18)
FN:154,(anonymous_19)
FN:170,(anonymous_20)
FN:177,(anonymous_21)
FNF:22
FNH:8
FNDA:6,(anonymous_0)
FNDA:4,(anonymous_1)
FNDA:1,(anonymous_2)
FNDA:1,(anonymous_3)
FNDA:1,(anonymous_4)
FNDA:1,(anonymous_5)
FNDA:2,(anonymous_6)
FNDA:0,(anonymous_7)
FNDA:0,(anonymous_8)
FNDA:0,(anonymous_9)
FNDA:0,(anonymous_10)
FNDA:0,(anonymous_11)
FNDA:0,(anonymous_12)
FNDA:0,(anonymous_13)
FNDA:0,(anonymous_14)
FNDA:0,(anonymous_15)
FNDA:0,(anonymous_16)
FNDA:3,(anonymous_17)
FNDA:0,(anonymous_18)
FNDA:0,(anonymous_19)
FNDA:0,(anonymous_20)
FNDA:0,(anonymous_21)
DA:20,3
DA:21,6
DA:22,6
DA:23,6
DA:24,6
DA:25,6
DA:26,6
DA:28,6
DA:29,4
DA:30,2
DA:31,2
DA:33,2
DA:34,2
DA:36,2
DA:37,1
DA:38,1
DA:41,1
DA:42,1
DA:43,1
DA:45,1
DA:46,2
DA:49,6
DA:50,0
DA:51,0
DA:52,0
DA:54,0
DA:55,0
DA:56,0
DA:61,0
DA:63,0
DA:64,0
DA:65,0
DA:67,0
DA:69,0
DA:71,0
DA:75,6
DA:76,0
DA:77,0
DA:78,0
DA:80,0
DA:81,0
DA:82,0
DA:87,0
DA:89,0
DA:90,0
DA:92,0
DA:94,0
DA:98,6
DA:100,3
DA:101,3
DA:103,3
DA:104,0
DA:117,3
DA:118,0
DA:119,0
DA:123,0
DA:148,0
DA:154,0
DA:171,0
DA:177,0
DA:193,3
LF:61
LH:29
BRDA:29,0,0,2
BRDA:29,0,1,2
BRDA:29,1,0,4
BRDA:29,1,1,2
BRDA:42,2,0,1
BRDA:42,2,1,1
BRDA:50,3,0,0
BRDA:50,3,1,0
BRDA:61,4,0,0
BRDA:61,4,1,0
BRDA:64,5,0,0
BRDA:64,5,1,0
BRDA:76,6,0,0
BRDA:76,6,1,0
BRDA:87,7,0,0
BRDA:87,7,1,0
BRDA:98,8,0,3
BRDA:98,8,1,3
BRDA:98,9,0,6
BRDA:98,9,1,3
BRDA:104,10,0,0
BRDA:104,10,1,0
BRDA:104,11,0,0
BRDA:104,11,1,0
BRDA:117,12,0,0
BRDA:117,12,1,3
BRDA:118,13,0,0
BRDA:118,13,1,0
BRDA:125,14,0,0
BRDA:125,14,1,0
BRDA:141,15,0,0
BRDA:141,15,1,0
BRDA:164,16,0,0
BRDA:164,16,1,0
BRDA:185,17,0,0
BRDA:185,17,1,0
BRDA:185,17,2,0
BRF:37
BRH:11
end_of_record
TN:
SF:src\components\Admin\UserFormModal.tsx
FN:11,(anonymous_0)
FN:18,(anonymous_1)
FN:30,(anonymous_2)
FN:40,(anonymous_3)
FN:52,(anonymous_4)
FN:60,(anonymous_5)
FN:65,(anonymous_6)
FN:71,(anonymous_7)
FN:77,(anonymous_8)
FNF:9
FNH:2
FNDA:5,(anonymous_0)
FNDA:2,(anonymous_1)
FNDA:0,(anonymous_2)
FNDA:0,(anonymous_3)
FNDA:0,(anonymous_4)
FNDA:0,(anonymous_5)
FNDA:0,(anonymous_6)
FNDA:0,(anonymous_7)
FNDA:0,(anonymous_8)
DA:11,2
DA:12,5
DA:13,5
DA:14,5
DA:15,5
DA:16,5
DA:18,5
DA:19,2
DA:20,0
DA:21,0
DA:22,0
DA:23,0
DA:25,2
DA:27,2
DA:30,5
DA:31,0
DA:32,0
DA:33,0
DA:34,0
DA:35,0
DA:36,0
DA:37,0
DA:40,5
DA:41,0
DA:42,0
DA:43,0
DA:44,0
DA:45,0
DA:48,5
DA:50,2
DA:52,0
DA:60,0
DA:65,0
DA:71,0
DA:77,0
LF:35
LH:14
BRDA:19,0,0,0
BRDA:19,0,1,2
BRDA:32,1,0,0
BRDA:32,1,1,0
BRDA:33,2,0,0
BRDA:33,2,1,0
BRDA:34,3,0,0
BRDA:34,3,1,0
BRDA:34,4,0,0
BRDA:34,4,1,0
BRDA:35,5,0,0
BRDA:35,5,1,0
BRDA:42,6,0,0
BRDA:42,6,1,0
BRDA:44,7,0,0
BRDA:44,7,1,0
BRDA:48,8,0,3
BRDA:48,8,1,2
BRDA:54,9,0,0
BRDA:54,9,1,2
BRDA:60,10,0,0
BRDA:60,10,1,2
BRDA:61,11,0,5
BRDA:61,11,1,0
BRDA:65,12,0,0
BRDA:65,12,1,2
BRDA:66,13,0,5
BRDA:66,13,1,0
BRDA:68,14,0,5
BRDA:68,14,1,2
BRDA:71,15,0,0
BRDA:71,15,1,2
BRDA:72,16,0,2
BRDA:72,16,1,0
BRDA:86,17,0,0
BRDA:86,17,1,2
BRF:36
BRH:13
end_of_record
TN:
SF:src\components\Intern\InternDashboard.tsx
FN:25,toDateLabel
FN:30,statusVariant
FN:38,(anonymous_2)
FN:43,(anonymous_3)
FN:44,(anonymous_4)
FN:55,(anonymous_5)
FN:60,(anonymous_6)
FN:62,(anonymous_7)
FN:73,(anonymous_8)
FN:78,(anonymous_9)
FN:85,(anonymous_10)
FN:97,(anonymous_11)
FN:100,(anonymous_12)
FN:101,(anonymous_13)
FN:106,(anonymous_14)
FN:107,(anonymous_15)
FN:149,(anonymous_16)
FN:152,(anonymous_17)
FN:194,(anonymous_18)
FN:197,(anonymous_19)
FN:213,(anonymous_20)
FNF:21
FNH:0
FNDA:0,toDateLabel
FNDA:0,statusVariant
FNDA:0,(anonymous_2)
FNDA:0,(anonymous_3)
FNDA:0,(anonymous_4)
FNDA:0,(anonymous_5)
FNDA:0,(anonymous_6)
FNDA:0,(anonymous_7)
FNDA:0,(anonymous_8)
FNDA:0,(anonymous_9)
FNDA:0,(anonymous_10)
FNDA:0,(anonymous_11)
FNDA:0,(anonymous_12)
FNDA:0,(anonymous_13)
FNDA:0,(anonymous_14)
FNDA:0,(anonymous_15)
FNDA:0,(anonymous_16)
FNDA:0,(anonymous_17)
FNDA:0,(anonymous_18)
FNDA:0,(anonymous_19)
FNDA:0,(anonymous_20)
DA:23,0
DA:26,0
DA:27,0
DA:31,0
DA:32,0
DA:33,0
DA:34,0
DA:35,0
DA:38,0
DA:39,0
DA:40,0
DA:41,0
DA:43,0
DA:44,0
DA:45,0
DA:46,0
DA:47,0
DA:48,0
DA:51,0
DA:52,0
DA:55,0
DA:58,0
DA:60,0
DA:61,0
DA:62,0
DA:64,0
DA:66,0
DA:70,0
DA:73,0
DA:74,0
DA:75,0
DA:76,0
DA:78,0
DA:79,0
DA:80,0
DA:81,0
DA:84,0
DA:85,0
DA:88,0
DA:97,0
DA:99,0
DA:100,0
DA:101,0
DA:106,0
DA:107,0
DA:111,0
DA:112,0
DA:117,0
DA:149,0
DA:152,0
DA:194,0
DA:198,0
DA:214,0
LF:53
LH:0
BRDA:26,0,0,0
BRDA:26,0,1,0
BRDA:31,1,0,0
BRDA:31,1,1,0
BRDA:31,2,0,0
BRDA:31,2,1,0
BRDA:32,3,0,0
BRDA:32,3,1,0
BRDA:33,4,0,0
BRDA:33,4,1,0
BRDA:34,5,0,0
BRDA:34,5,1,0
BRDA:45,6,0,0
BRDA:45,6,1,0
BRDA:79,7,0,0
BRDA:79,7,1,0
BRDA:79,8,0,0
BRDA:79,8,1,0
BRDA:81,9,0,0
BRDA:81,9,1,0
BRDA:84,10,0,0
BRDA:84,10,1,0
BRDA:85,11,0,0
BRDA:85,11,1,0
BRDA:101,12,0,0
BRDA:101,12,1,0
BRDA:101,13,0,0
BRDA:101,13,1,0
BRDA:111,14,0,0
BRDA:111,14,1,0
BRDA:122,15,0,0
BRDA:122,15,1,0
BRDA:127,16,0,0
BRDA:127,16,1,0
BRDA:127,16,2,0
BRDA:127,16,3,0
BRDA:129,17,0,0
BRDA:129,17,1,0
BRDA:135,18,0,0
BRDA:135,18,1,0
BRDA:136,19,0,0
BRDA:136,19,1,0
BRDA:136,20,0,0
BRDA:136,20,1,0
BRDA:143,21,0,0
BRDA:143,21,1,0
BRDA:147,22,0,0
BRDA:147,22,1,0
BRDA:157,23,0,0
BRDA:157,23,1,0
BRDA:164,24,0,0
BRDA:164,24,1,0
BRDA:201,25,0,0
BRDA:201,25,1,0
BRDA:206,26,0,0
BRDA:206,26,1,0
BRDA:217,27,0,0
BRDA:217,27,1,0
BRDA:217,28,0,0
BRDA:217,28,1,0
BRDA:217,29,0,0
BRDA:217,29,1,0
BRDA:219,30,0,0
BRDA:219,30,1,0
BRDA:222,31,0,0
BRDA:222,31,1,0
BRF:66
BRH:0
end_of_record
TN:
SF:src\components\Intern\InternProgress.tsx
FN:13,average
FN:15,(anonymous_1)
FN:18,(anonymous_2)
FN:24,(anonymous_3)
FN:25,(anonymous_4)
FN:38,(anonymous_5)
FN:39,(anonymous_6)
FN:52,(anonymous_7)
FN:54,(anonymous_8)
FN:55,(anonymous_9)
FN:56,(anonymous_10)
FN:57,(anonymous_11)
FN:58,(anonymous_12)
FN:61,(anonymous_13)
FN:63,(anonymous_14)
FN:64,(anonymous_15)
FN:65,(anonymous_16)
FN:66,(anonymous_17)
FN:79,(anonymous_18)
FN:121,(anonymous_19)
FN:132,(anonymous_20)
FN:162,(anonymous_21)
FNF:22
FNH:0
FNDA:0,average
FNDA:0,(anonymous_1)
FNDA:0,(anonymous_2)
FNDA:0,(anonymous_3)
FNDA:0,(anonymous_4)
FNDA:0,(anonymous_5)
FNDA:0,(anonymous_6)
FNDA:0,(anonymous_7)
FNDA:0,(anonymous_8)
FNDA:0,(anonymous_9)
FNDA:0,(anonymous_10)
FNDA:0,(anonymous_11)
FNDA:0,(anonymous_12)
FNDA:0,(anonymous_13)
FNDA:0,(anonymous_14)
FNDA:0,(anonymous_15)
FNDA:0,(anonymous_16)
FNDA:0,(anonymous_17)
FNDA:0,(anonymous_18)
FNDA:0,(anonymous_19)
FNDA:0,(anonymous_20)
FNDA:0,(anonymous_21)
DA:14,0
DA:15,0
DA:18,0
DA:19,0
DA:20,0
DA:21,0
DA:22,0
DA:24,0
DA:25,0
DA:26,0
DA:27,0
DA:28,0
DA:31,0
DA:32,0
DA:38,0
DA:39,0
DA:41,0
DA:42,0
DA:43,0
DA:45,0
DA:49,0
DA:52,0
DA:53,0
DA:54,0
DA:55,0
DA:56,0
DA:57,0
DA:58,0
DA:60,0
DA:61,0
DA:63,0
DA:64,0
DA:65,0
DA:66,0
DA:68,0
DA:79,0
DA:83,0
DA:84,0
DA:89,0
DA:122,0
DA:133,0
DA:163,0
LF:42
LH:0
BRDA:14,0,0,0
BRDA:14,0,1,0
BRDA:26,1,0,0
BRDA:26,1,1,0
BRDA:60,2,0,0
BRDA:60,2,1,0
BRDA:61,3,0,0
BRDA:61,3,1,0
BRDA:61,4,0,0
BRDA:61,4,1,0
BRDA:63,5,0,0
BRDA:63,5,1,0
BRDA:64,6,0,0
BRDA:64,6,1,0
BRDA:65,7,0,0
BRDA:65,7,1,0
BRDA:66,8,0,0
BRDA:66,8,1,0
BRDA:79,9,0,0
BRDA:79,9,1,0
BRDA:83,10,0,0
BRDA:83,10,1,0
BRDA:125,11,0,0
BRDA:125,11,1,0
BRDA:165,12,0,0
BRDA:165,12,1,0
BRDA:166,13,0,0
BRDA:166,13,1,0
BRDA:167,14,0,0
BRDA:167,14,1,0
BRDA:168,15,0,0
BRDA:168,15,1,0
BRDA:169,16,0,0
BRDA:169,16,1,0
BRDA:172,17,0,0
BRDA:172,17,1,0
BRF:36
BRH:0
end_of_record
TN:
SF:src\components\Intern\InternSubmit.tsx
FN:31,(anonymous_0)
FN:40,(anonymous_1)
FN:57,(anonymous_2)
FN:58,(anonymous_3)
FN:69,(anonymous_4)
FN:70,(anonymous_5)
FN:74,(anonymous_6)
FN:79,(anonymous_7)
FN:81,(anonymous_8)
FN:86,(anonymous_9)
FN:127,(anonymous_10)
FN:149,(anonymous_11)
FN:192,(anonymous_12)
FNF:13
FNH:11
FNDA:8,(anonymous_0)
FNDA:3,(anonymous_1)
FNDA:2,(anonymous_2)
FNDA:2,(anonymous_3)
FNDA:4,(anonymous_4)
FNDA:2,(anonymous_5)
FNDA:6,(anonymous_6)
FNDA:2,(anonymous_7)
FNDA:2,(anonymous_8)
FNDA:1,(anonymous_9)
FNDA:0,(anonymous_10)
FNDA:6,(anonymous_11)
FNDA:0,(anonymous_12)
DA:23,1
DA:31,1
DA:32,8
DA:33,8
DA:34,8
DA:35,8
DA:36,8
DA:37,8
DA:38,8
DA:40,8
DA:41,3
DA:42,0
DA:43,0
DA:44,0
DA:45,0
DA:48,3
DA:53,3
DA:54,3
DA:57,8
DA:58,2
DA:59,2
DA:60,2
DA:62,2
DA:66,2
DA:69,8
DA:70,4
DA:74,8
DA:75,6
DA:79,8
DA:80,2
DA:81,2
DA:82,2
DA:83,2
DA:86,8
DA:87,1
DA:88,1
DA:90,1
DA:91,1
DA:92,1
DA:94,1
DA:95,1
DA:104,1
DA:105,1
DA:106,1
DA:108,0
DA:110,1
DA:114,8
DA:115,2
DA:120,6
DA:127,0
DA:150,6
DA:193,0
LF:52
LH:45
BRDA:41,0,0,0
BRDA:41,0,1,3
BRDA:70,1,0,2
BRDA:70,1,1,0
BRDA:70,1,2,0
BRDA:75,2,0,6
BRDA:75,2,1,5
BRDA:75,2,2,2
BRDA:88,3,0,0
BRDA:88,3,1,1
BRDA:99,4,0,1
BRDA:99,4,1,1
BRDA:100,5,0,1
BRDA:100,5,1,1
BRDA:101,6,0,1
BRDA:101,6,1,1
BRDA:114,7,0,2
BRDA:114,7,1,6
BRDA:134,8,0,6
BRDA:134,8,1,0
BRDA:135,9,0,8
BRDA:135,9,1,6
BRDA:136,10,0,8
BRDA:136,10,1,6
BRDA:137,11,0,0
BRDA:137,11,1,6
BRDA:138,12,0,8
BRDA:138,12,1,6
BRDA:168,13,0,8
BRDA:168,13,1,0
BRDA:169,14,0,8
BRDA:169,14,1,1
BRDA:171,15,0,8
BRDA:171,15,1,5
BRDA:172,16,0,1
BRDA:172,16,1,5
BRDA:172,17,0,5
BRDA:172,17,1,0
BRDA:194,18,0,0
BRDA:194,18,1,0
BRDA:196,19,0,0
BRDA:196,19,1,0
BRDA:200,20,0,8
BRDA:200,20,1,6
BRF:44
BRH:32
end_of_record
TN:
SF:src\components\Intern\InternTasks.tsx
FN:12,dueLabel
FN:17,(anonymous_1)
FN:21,(anonymous_2)
FN:22,(anonymous_3)
FN:40,(anonymous_4)
FN:41,(anonymous_5)
FN:42,(anonymous_6)
FN:43,(anonymous_7)
FN:67,(anonymous_8)
FN:84,(anonymous_9)
FN:99,(anonymous_10)
FNF:11
FNH:0
FNDA:0,dueLabel
FNDA:0,(anonymous_1)
FNDA:0,(anonymous_2)
FNDA:0,(anonymous_3)
FNDA:0,(anonymous_4)
FNDA:0,(anonymous_5)
FNDA:0,(anonymous_6)
FNDA:0,(anonymous_7)
FNDA:0,(anonymous_8)
FNDA:0,(anonymous_9)
FNDA:0,(anonymous_10)
DA:13,0
DA:14,0
DA:17,0
DA:18,0
DA:19,0
DA:21,0
DA:22,0
DA:23,0
DA:24,0
DA:25,0
DA:26,0
DA:29,0
DA:30,0
DA:31,0
DA:33,0
DA:37,0
DA:40,0
DA:41,0
DA:42,0
DA:43,0
DA:45,0
DA:48,0
DA:49,0
DA:54,0
DA:68,0
DA:85,0
DA:100,0
LF:27
LH:0
BRDA:13,0,0,0
BRDA:13,0,1,0
BRDA:23,1,0,0
BRDA:23,1,1,0
BRDA:41,2,0,0
BRDA:41,2,1,0
BRDA:43,3,0,0
BRDA:43,3,1,0
BRDA:48,4,0,0
BRDA:48,4,1,0
BRDA:70,5,0,0
BRDA:70,5,1,0
BRDA:72,6,0,0
BRDA:72,6,1,0
BRDA:72,7,0,0
BRDA:72,7,1,0
BRDA:77,8,0,0
BRDA:77,8,1,0
BRDA:87,9,0,0
BRDA:87,9,1,0
BRDA:92,10,0,0
BRDA:92,10,1,0
BRDA:102,11,0,0
BRDA:102,11,1,0
BRDA:104,12,0,0
BRDA:104,12,1,0
BRDA:104,13,0,0
BRDA:104,13,1,0
BRDA:109,14,0,0
BRDA:109,14,1,0
BRF:30
BRH:0
end_of_record
TN:
SF:src\components\Shared\Badge.tsx
FN:8,(anonymous_0)
FNF:1
FNH:1
FNDA:78,(anonymous_0)
DA:8,4
DA:9,78
LF:2
LH:2
BRDA:8,0,0,78
BRF:1
BRH:1
end_of_record
TN:
SF:src\components\Shared\ConfirmDialog.tsx
FN:15,(anonymous_0)
FN:29,(anonymous_1)
FNF:2
FNH:2
FNDA:19,(anonymous_0)
FNDA:3,(anonymous_1)
DA:15,2
DA:25,19
DA:27,10
DA:29,3
LF:4
LH:4
BRDA:19,0,0,19
BRDA:20,1,0,19
BRDA:21,2,0,19
BRDA:25,3,0,9
BRDA:25,3,1,10
BRF:5
BRH:5
end_of_record
TN:
SF:src\components\Shared\DashboardLayout.tsx
FN:13,(anonymous_0)
FN:29,(anonymous_1)
FN:33,(anonymous_2)
FN:35,(anonymous_3)
FN:40,(anonymous_4)
FNF:5
FNH:4
FNDA:7,(anonymous_0)
FNDA:1,(anonymous_1)
FNDA:0,(anonymous_2)
FNDA:1,(anonymous_3)
FNDA:1,(anonymous_4)
DA:13,1
DA:21,7
DA:22,7
DA:24,7
DA:29,1
DA:33,0
DA:35,1
DA:40,1
LF:8
LH:7
BRDA:37,0,0,1
BRDA:37,0,1,6
BRF:2
BRH:2
end_of_record
TN:
SF:src\components\Shared\LoadingWave.tsx
FN:3,(anonymous_0)
FNF:1
FNH:1
FNDA:42,(anonymous_0)
DA:3,8
DA:4,42
LF:2
LH:2
BRF:0
BRH:0
end_of_record
TN:
SF:src\components\Shared\Pagination.tsx
FN:11,(anonymous_0)
FN:14,(anonymous_1)
FN:26,(anonymous_2)
FN:27,(anonymous_3)
FN:31,(anonymous_4)
FN:36,(anonymous_5)
FNF:6
FNH:6
FNDA:13,(anonymous_0)
FNDA:12,(anonymous_1)
FNDA:1,(anonymous_2)
FNDA:41,(anonymous_3)
FNDA:1,(anonymous_4)
FNDA:1,(anonymous_5)
DA:11,2
DA:12,13
DA:14,12
DA:15,12
DA:16,12
DA:17,12
DA:18,41
DA:19,12
DA:22,12
DA:26,1
DA:28,41
DA:31,1
DA:36,1
LF:13
LH:13
BRDA:12,0,0,1
BRDA:12,0,1,12
BRDA:30,1,0,9
BRDA:30,1,1,32
BRF:4
BRH:4
end_of_record
TN:
SF:src\components\Shared\SettingsPanel.tsx
FN:8,(anonymous_0)
FN:15,(anonymous_1)
FN:36,(anonymous_2)
FN:44,(anonymous_3)
FN:57,(anonymous_4)
FN:67,(anonymous_5)
FN:138,(anonymous_6)
FN:142,(anonymous_7)
FN:156,(anonymous_8)
FN:160,(anonymous_9)
FN:171,(anonymous_10)
FN:199,(anonymous_11)
FNF:12
FNH:9
FNDA:34,(anonymous_0)
FNDA:11,(anonymous_1)
FNDA:0,(anonymous_2)
FNDA:0,(anonymous_3)
FNDA:35,(anonymous_4)
FNDA:5,(anonymous_5)
FNDA:4,(anonymous_6)
FNDA:1,(anonymous_7)
FNDA:8,(anonymous_8)
FNDA:0,(anonymous_9)
FNDA:4,(anonymous_10)
FNDA:11,(anonymous_11)
DA:8,1
DA:9,34
DA:10,32
DA:11,10
DA:12,8
DA:15,1
DA:16,11
DA:18,11
DA:36,0
DA:44,0
DA:57,1
DA:58,35
DA:59,35
DA:60,35
DA:61,35
DA:62,35
DA:63,35
DA:64,35
DA:65,35
DA:67,35
DA:68,5
DA:69,5
DA:71,5
DA:72,1
DA:73,1
DA:76,4
DA:77,1
DA:78,1
DA:81,3
DA:82,1
DA:83,1
DA:86,2
DA:87,2
DA:88,2
DA:92,1
DA:93,5
DA:94,5
DA:95,5
DA:97,1
DA:99,2
DA:103,35
DA:138,4
DA:142,1
DA:156,8
DA:160,0
DA:171,4
DA:199,1
DA:200,11
LF:48
LH:45
BRDA:9,0,0,2
BRDA:9,0,1,32
BRDA:10,1,0,22
BRDA:10,1,1,10
BRDA:11,2,0,2
BRDA:11,2,1,8
BRDA:35,3,0,0
BRDA:35,3,1,11
BRDA:36,4,0,0
BRDA:36,4,1,0
BRDA:43,5,0,11
BRDA:43,5,1,0
BRDA:44,6,0,0
BRDA:44,6,1,0
BRDA:71,7,0,1
BRDA:71,7,1,4
BRDA:71,8,0,5
BRDA:71,8,1,4
BRDA:71,8,2,4
BRDA:76,9,0,1
BRDA:76,9,1,3
BRDA:81,10,0,1
BRDA:81,10,1,2
BRDA:92,11,0,1
BRDA:92,11,1,0
BRDA:124,12,0,35
BRDA:124,12,1,5
BRDA:126,13,0,1
BRDA:126,13,1,4
BRDA:136,14,0,1
BRDA:136,14,1,34
BRDA:143,15,0,1
BRDA:143,15,1,34
BRDA:154,16,0,0
BRDA:154,16,1,35
BRDA:161,17,0,0
BRDA:161,17,1,35
BRDA:169,18,0,0
BRDA:169,18,1,35
BRDA:179,19,0,35
BRDA:179,19,1,17
BRDA:190,20,0,2
BRDA:190,20,1,33
BRF:43
BRH:33
end_of_record
TN:
SF:src\components\Shared\Sidebar.tsx
FN:18,(anonymous_0)
FN:63,(anonymous_1)
FN:68,(anonymous_2)
FN:76,(anonymous_3)
FN:104,(anonymous_4)
FN:108,(anonymous_5)
FNF:6
FNH:6
FNDA:14,(anonymous_0)
FNDA:27,(anonymous_1)
FNDA:1,(anonymous_2)
FNDA:1,(anonymous_3)
FNDA:119,(anonymous_4)
FNDA:1,(anonymous_5)
DA:18,1
DA:29,14
DA:30,14
DA:32,14
DA:61,14
DA:63,27
DA:68,14
DA:69,1
DA:71,1
DA:72,0
DA:76,14
DA:77,1
DA:78,1
DA:81,14
DA:105,119
DA:108,1
LF:16
LH:15
BRDA:24,0,0,14
BRDA:26,1,0,14
BRDA:71,2,0,0
BRDA:71,2,1,1
BRDA:71,3,0,1
BRDA:71,3,1,0
BRDA:84,4,0,14
BRDA:84,4,1,14
BRDA:86,5,0,14
BRDA:86,5,1,0
BRDA:86,6,0,1
BRDA:86,6,1,13
BRDA:96,7,0,1
BRDA:96,7,1,13
BRDA:97,8,0,1
BRDA:97,8,1,13
BRDA:99,9,0,1
BRDA:99,9,1,13
BRDA:107,10,0,14
BRDA:107,10,1,105
BRDA:109,11,0,9
BRDA:109,11,1,110
BRF:22
BRH:19
end_of_record
TN:
SF:src\components\Shared\StatCard.tsx
FN:10,(anonymous_0)
FNF:1
FNH:1
FNDA:21,(anonymous_0)
DA:10,2
DA:16,21
LF:2
LH:2
BRDA:14,0,0,21
BRDA:20,1,0,21
BRDA:20,1,1,4
BRF:3
BRH:3
end_of_record
TN:
SF:src\components\Shared\UserRow.tsx
FN:17,(anonymous_0)
FNF:1
FNH:1
FNDA:5,(anonymous_0)
DA:17,5
DA:29,5
DA:30,5
DA:31,5
DA:33,5
LF:5
LH:5
BRDA:22,0,0,5
BRDA:25,1,0,5
BRDA:30,2,0,3
BRDA:30,2,1,2
BRDA:31,3,0,3
BRDA:31,3,1,2
BRDA:39,4,0,3
BRDA:39,4,1,2
BRDA:41,5,0,3
BRDA:41,5,1,2
BRDA:48,6,0,5
BRDA:48,6,1,5
BRDA:48,7,0,3
BRDA:48,7,1,2
BRDA:53,8,0,3
BRDA:53,8,1,2
BRDA:54,9,0,3
BRDA:54,9,1,2
BRDA:59,10,0,3
BRDA:59,10,1,2
BRDA:64,11,0,5
BRDA:64,11,1,4
BRDA:65,12,0,5
BRDA:65,12,1,4
BRDA:70,13,0,1
BRDA:70,13,1,4
BRF:26
BRH:26
end_of_record
TN:
SF:src\components\Trainer\TrainerDashboard.tsx
FN:18,(anonymous_0)
FN:24,(anonymous_1)
FN:25,(anonymous_2)
FN:29,(anonymous_3)
FN:30,(anonymous_4)
FN:44,(anonymous_5)
FN:51,(anonymous_6)
FN:91,(anonymous_7)
FN:95,(anonymous_8)
FN:107,(anonymous_9)
FN:116,(anonymous_10)
FN:136,(anonymous_11)
FN:147,(anonymous_12)
FNF:13
FNH:13
FNDA:6,(anonymous_0)
FNDA:3,(anonymous_1)
FNDA:3,(anonymous_2)
FNDA:1,(anonymous_3)
FNDA:1,(anonymous_4)
FNDA:2,(anonymous_5)
FNDA:2,(anonymous_6)
FNDA:1,(anonymous_7)
FNDA:6,(anonymous_8)
FNDA:2,(anonymous_9)
FNDA:1,(anonymous_10)
FNDA:6,(anonymous_11)
FNDA:3,(anonymous_12)
DA:18,1
DA:19,6
DA:20,6
DA:21,6
DA:22,6
DA:24,6
DA:25,3
DA:26,3
DA:27,3
DA:29,1
DA:30,1
DA:32,2
DA:33,2
DA:34,2
DA:36,1
DA:38,3
DA:41,3
DA:44,6
DA:45,2
DA:46,1
DA:47,0
DA:48,0
DA:51,6
DA:52,2
DA:53,1
DA:54,0
DA:55,0
DA:58,6
DA:91,1
DA:96,6
DA:97,3
DA:101,3
DA:102,2
DA:104,1
DA:108,2
DA:116,1
DA:137,6
DA:138,3
DA:142,3
DA:143,2
DA:145,1
DA:148,3
DA:149,3
DA:150,3
DA:151,1
DA:152,3
LF:46
LH:42
BRDA:45,0,0,1
BRDA:45,0,1,1
BRDA:46,1,0,1
BRDA:46,1,1,0
BRDA:46,2,0,1
BRDA:46,2,1,0
BRDA:47,3,0,0
BRDA:47,3,1,0
BRDA:52,4,0,1
BRDA:52,4,1,1
BRDA:52,5,0,2
BRDA:52,5,1,1
BRDA:53,6,0,1
BRDA:53,6,1,0
BRDA:54,7,0,0
BRDA:54,7,1,0
BRDA:69,8,0,3
BRDA:69,8,1,3
BRDA:78,9,0,3
BRDA:78,9,1,0
BRDA:79,10,0,3
BRDA:79,10,1,0
BRDA:80,11,0,3
BRDA:80,11,1,0
BRDA:81,12,0,3
BRDA:81,12,1,0
BRDA:96,13,0,3
BRDA:96,13,1,3
BRDA:101,14,0,2
BRDA:101,14,1,1
BRDA:115,15,0,2
BRDA:115,15,1,1
BRDA:115,15,2,1
BRDA:137,16,0,3
BRDA:137,16,1,3
BRDA:142,17,0,2
BRDA:142,17,1,1
BRDA:150,18,0,2
BRDA:150,18,1,1
BRDA:151,19,0,0
BRDA:151,19,1,1
BRF:41
BRH:29
end_of_record
TN:
SF:src\components\Trainer\TrainerEvaluationForm.tsx
FN:13,(anonymous_0)
FN:15,(anonymous_1)
FN:50,(anonymous_2)
FN:70,(anonymous_3)
FN:142,(anonymous_4)
FN:146,(anonymous_5)
FN:151,(anonymous_6)
FN:174,(anonymous_7)
FN:185,(anonymous_8)
FN:199,(anonymous_9)
FNF:10
FNH:8
FNDA:10,(anonymous_0)
FNDA:14,(anonymous_1)
FNDA:2,(anonymous_2)
FNDA:0,(anonymous_3)
FNDA:48,(anonymous_4)
FNDA:480,(anonymous_5)
FNDA:0,(anonymous_6)
FNDA:1,(anonymous_7)
FNDA:1,(anonymous_8)
FNDA:12,(anonymous_9)
DA:13,10
DA:15,1
DA:16,14
DA:17,14
DA:18,14
DA:19,14
DA:20,14
DA:21,14
DA:22,14
DA:23,14
DA:24,14
DA:25,14
DA:27,14
DA:29,14
DA:30,2
DA:50,12
DA:51,2
DA:52,2
DA:53,2
DA:55,2
DA:56,2
DA:68,1
DA:70,1
DA:71,0
DA:72,0
DA:75,1
DA:77,2
DA:81,12
DA:143,48
DA:147,480
DA:151,0
DA:174,1
DA:185,1
DA:200,12
DA:201,10
DA:202,9
LF:36
LH:33
BRDA:29,0,0,2
BRDA:29,0,1,12
BRDA:51,1,0,0
BRDA:51,1,1,2
BRDA:117,2,0,12
BRDA:117,2,1,11
BRDA:127,3,0,14
BRDA:127,3,1,1
BRDA:150,4,0,48
BRDA:150,4,1,432
BRDA:197,5,0,14
BRDA:197,5,1,10
BRDA:200,6,0,2
BRDA:200,6,1,10
BRDA:201,7,0,1
BRDA:201,7,1,9
BRDA:206,8,0,14
BRDA:206,8,1,1
BRDA:207,9,0,14
BRDA:207,9,1,1
BRF:20
BRH:19
end_of_record
TN:
SF:src\components\Trainer\TrainerInterns.tsx
FN:21,(anonymous_0)
FN:27,(anonymous_1)
FN:28,(anonymous_2)
FN:54,(anonymous_3)
FN:57,(anonymous_4)
FN:64,(anonymous_5)
FN:65,(anonymous_6)
FN:67,(anonymous_7)
FN:70,(anonymous_8)
FN:83,(anonymous_9)
FN:98,(anonymous_10)
FN:104,(anonymous_11)
FN:131,(anonymous_12)
FNF:13
FNH:13
FNDA:14,(anonymous_0)
FNDA:6,(anonymous_1)
FNDA:6,(anonymous_2)
FNDA:14,(anonymous_3)
FNDA:8,(anonymous_4)
FNDA:13,(anonymous_5)
FNDA:26,(anonymous_6)
FNDA:13,(anonymous_7)
FNDA:13,(anonymous_8)
FNDA:14,(anonymous_9)
FNDA:2,(anonymous_10)
FNDA:14,(anonymous_11)
FNDA:13,(anonymous_12)
DA:21,1
DA:22,14
DA:23,14
DA:24,14
DA:25,14
DA:27,14
DA:28,6
DA:29,6
DA:30,6
DA:31,6
DA:37,5
DA:38,4
DA:39,4
DA:41,1
DA:42,1
DA:45,1
DA:46,1
DA:48,6
DA:51,6
DA:54,14
DA:55,14
DA:56,2
DA:57,2
DA:58,8
DA:64,14
DA:65,26
DA:67,14
DA:68,13
DA:70,14
DA:71,13
DA:72,9
DA:73,6
DA:74,3
DA:77,14
DA:84,14
DA:85,8
DA:86,6
DA:98,2
DA:105,14
DA:106,6
DA:110,8
DA:111,4
DA:117,4
DA:132,13
DA:133,13
DA:134,13
LF:46
LH:46
BRDA:37,0,0,4
BRDA:37,0,1,1
BRDA:45,1,0,1
BRDA:45,1,1,0
BRDA:55,2,0,12
BRDA:55,2,1,2
BRDA:58,3,0,8
BRDA:58,3,1,7
BRDA:58,3,2,7
BRDA:60,4,0,7
BRDA:60,4,1,2
BRDA:68,5,0,10
BRDA:68,5,1,3
BRDA:71,6,0,4
BRDA:71,6,1,9
BRDA:72,7,0,3
BRDA:72,7,1,6
BRDA:73,8,0,3
BRDA:73,8,1,3
BRDA:84,9,0,6
BRDA:84,9,1,8
BRDA:85,10,0,2
BRDA:85,10,1,6
BRDA:105,11,0,6
BRDA:105,11,1,8
BRDA:110,12,0,4
BRDA:110,12,1,4
BRDA:113,13,0,1
BRDA:113,13,1,3
BRDA:145,14,0,13
BRDA:145,14,1,3
BRDA:154,15,0,6
BRDA:154,15,1,7
BRDA:161,16,0,10
BRDA:161,16,1,3
BRDA:162,17,0,10
BRDA:162,17,1,3
BRF:37
BRH:36
end_of_record
TN:
SF:src\components\Trainer\TrainerMyEvaluations.tsx
FN:28,(anonymous_0)
FN:34,(anonymous_1)
FN:35,(anonymous_2)
FN:61,(anonymous_3)
FN:74,(anonymous_4)
FN:85,(anonymous_5)
FN:111,(anonymous_6)
FN:129,(anonymous_7)
FNF:8
FNH:8
FNDA:16,(anonymous_0)
FNDA:6,(anonymous_1)
FNDA:6,(anonymous_2)
FNDA:24,(anonymous_3)
FNDA:16,(anonymous_4)
FNDA:16,(anonymous_5)
FNDA:24,(anonymous_6)
FNDA:4,(anonymous_7)
DA:28,1
DA:29,16
DA:30,16
DA:31,16
DA:32,16
DA:34,16
DA:35,6
DA:36,6
DA:37,6
DA:38,6
DA:44,6
DA:45,5
DA:46,5
DA:48,1
DA:49,1
DA:52,0
DA:53,0
DA:55,6
DA:58,6
DA:61,16
DA:62,24
DA:63,16
DA:64,8
DA:65,8
DA:68,16
DA:75,16
DA:76,10
DA:77,9
DA:86,16
DA:87,6
DA:91,10
DA:92,2
DA:94,8
DA:112,24
DA:129,4
LF:35
LH:33
BRDA:44,0,0,5
BRDA:44,0,1,1
BRDA:62,1,0,8
BRDA:62,1,1,16
BRDA:63,2,0,8
BRDA:63,2,1,8
BRDA:64,3,0,0
BRDA:64,3,1,8
BRDA:75,4,0,6
BRDA:75,4,1,10
BRDA:76,5,0,1
BRDA:76,5,1,9
BRDA:86,6,0,6
BRDA:86,6,1,10
BRDA:91,7,0,2
BRDA:91,7,1,8
BRDA:114,8,0,24
BRDA:114,8,1,0
BRDA:115,9,0,24
BRDA:115,9,1,0
BRDA:117,10,0,24
BRDA:117,10,1,8
BRDA:119,11,0,24
BRDA:119,11,1,8
BRDA:120,12,0,24
BRDA:120,12,1,8
BRDA:121,13,0,24
BRDA:121,13,1,8
BRDA:122,14,0,24
BRDA:122,14,1,8
BRDA:124,15,0,16
BRDA:124,15,1,8
BRDA:129,16,0,1
BRDA:129,16,1,3
BRDA:132,17,0,3
BRDA:132,17,1,21
BRDA:136,18,0,24
BRDA:136,18,1,3
BRDA:147,19,0,3
BRDA:147,19,1,1
BRDA:153,20,0,3
BRDA:153,20,1,1
BRDA:159,21,0,3
BRDA:159,21,1,1
BRDA:159,21,2,1
BRDA:159,21,3,1
BRDA:165,22,0,3
BRDA:165,22,1,2
BRDA:165,22,2,2
BRDA:165,22,3,1
BRF:50
BRH:47
end_of_record
TN:
SF:src\components\Trainer\TrainerSubmissions.tsx
FN:19,(anonymous_0)
FN:26,(anonymous_1)
FN:33,(anonymous_2)
FN:40,(anonymous_3)
FN:52,(anonymous_4)
FN:57,(anonymous_5)
FN:60,(anonymous_6)
FN:66,(anonymous_7)
FN:95,(anonymous_8)
FN:98,(anonymous_9)
FN:102,(anonymous_10)
FN:113,(anonymous_11)
FN:124,(anonymous_12)
FN:143,(anonymous_13)
FN:154,(anonymous_14)
FN:164,(anonymous_15)
FNF:16
FNH:16
FNDA:29,(anonymous_0)
FNDA:29,(anonymous_1)
FNDA:25,(anonymous_2)
FNDA:12,(anonymous_3)
FNDA:11,(anonymous_4)
FNDA:15,(anonymous_5)
FNDA:3,(anonymous_6)
FNDA:1,(anonymous_7)
FNDA:1,(anonymous_8)
FNDA:100,(anonymous_9)
FNDA:3,(anonymous_10)
FNDA:25,(anonymous_11)
FNDA:29,(anonymous_12)
FNDA:1,(anonymous_13)
FNDA:1,(anonymous_14)
FNDA:1,(anonymous_15)
DA:12,1
DA:19,1
DA:20,29
DA:21,20
DA:22,9
DA:23,0
DA:26,1
DA:27,29
DA:28,18
DA:29,9
DA:30,0
DA:33,1
DA:34,25
DA:35,25
DA:36,25
DA:37,25
DA:38,25
DA:40,25
DA:41,12
DA:42,12
DA:43,12
DA:44,12
DA:46,0
DA:48,12
DA:52,25
DA:53,11
DA:57,25
DA:58,15
DA:59,1
DA:60,1
DA:61,3
DA:62,3
DA:66,25
DA:67,1
DA:68,1
DA:69,1
DA:71,1
DA:73,0
DA:74,0
DA:76,1
DA:80,25
DA:95,1
DA:99,100
DA:102,3
DA:114,25
DA:115,13
DA:119,12
DA:120,1
DA:122,11
DA:125,29
DA:144,1
DA:145,1
DA:154,1
DA:165,1
DA:166,1
LF:55
LH:50
BRDA:20,0,0,9
BRDA:20,0,1,20
BRDA:21,1,0,11
BRDA:21,1,1,9
BRDA:21,2,0,20
BRDA:21,2,1,9
BRDA:22,3,0,9
BRDA:22,3,1,0
BRDA:27,4,0,11
BRDA:27,4,1,18
BRDA:27,5,0,29
BRDA:27,5,1,18
BRDA:28,6,0,9
BRDA:28,6,1,9
BRDA:29,7,0,9
BRDA:29,7,1,0
BRDA:43,8,0,12
BRDA:43,8,1,10
BRDA:43,9,0,12
BRDA:43,9,1,11
BRDA:58,10,0,14
BRDA:58,10,1,1
BRDA:61,11,0,3
BRDA:61,11,1,0
BRDA:61,12,0,3
BRDA:61,12,1,0
BRDA:61,13,0,3
BRDA:61,13,1,2
BRDA:101,14,0,25
BRDA:101,14,1,75
BRDA:114,15,0,13
BRDA:114,15,1,12
BRDA:119,16,0,1
BRDA:119,16,1,11
BRDA:130,17,0,29
BRDA:130,17,1,11
BRDA:137,18,0,29
BRDA:137,18,1,18
BRDA:137,18,2,11
BRDA:156,19,0,1
BRDA:156,19,1,10
BRDA:160,20,0,29
BRDA:160,20,1,9
BRF:43
BRH:39
end_of_record
TN:
SF:src\constants\index.ts
FNF:0
FNH:0
DA:2,1
DA:5,1
DA:11,1
DA:19,1
LF:4
LH:4
BRDA:2,0,0,1
BRDA:2,0,1,1
BRF:2
BRH:2
end_of_record
TN:
SF:src\context\AuthContext.tsx
FN:16,(anonymous_0)
FN:17,(anonymous_1)
FN:20,(anonymous_2)
FN:26,(anonymous_3)
FN:27,(anonymous_4)
FN:32,(anonymous_5)
FN:38,(anonymous_6)
FN:45,(anonymous_7)
FN:52,(anonymous_8)
FN:53,(anonymous_9)
FN:60,(anonymous_10)
FNF:11
FNH:8
FNDA:0,(anonymous_0)
FNDA:0,(anonymous_1)
FNDA:30,(anonymous_2)
FNDA:13,(anonymous_3)
FNDA:7,(anonymous_4)
FNDA:7,(anonymous_5)
FNDA:4,(anonymous_6)
FNDA:2,(anonymous_7)
FNDA:7,(anonymous_8)
FNDA:0,(anonymous_9)
FNDA:7,(anonymous_10)
DA:12,2
DA:20,30
DA:26,2
DA:27,13
DA:28,7
DA:29,7
DA:32,13
DA:33,7
DA:36,13
DA:38,13
DA:39,4
DA:40,4
DA:41,4
DA:42,4
DA:45,13
DA:46,2
DA:47,2
DA:48,2
DA:49,2
DA:52,13
DA:53,7
DA:54,0
DA:55,0
DA:56,0
DA:59,7
DA:60,7
DA:63,13
LF:27
LH:24
BRDA:29,0,0,1
BRDA:29,0,1,6
BRDA:36,1,0,13
BRDA:36,1,1,6
BRDA:54,2,0,0
BRDA:54,2,1,0
BRDA:54,3,0,0
BRDA:54,3,1,0
BRF:8
BRH:4
end_of_record
TN:
SF:src\context\ThemeContext.tsx
FN:14,(anonymous_0)
FN:17,(anonymous_1)
FN:23,(anonymous_2)
FN:24,(anonymous_3)
FN:30,(anonymous_4)
FN:31,(anonymous_5)
FN:34,(anonymous_6)
FNF:7
FNH:6
FNDA:0,(anonymous_0)
FNDA:28,(anonymous_1)
FNDA:16,(anonymous_2)
FNDA:11,(anonymous_3)
FNDA:5,(anonymous_4)
FNDA:5,(anonymous_5)
FNDA:16,(anonymous_6)
DA:11,2
DA:17,28
DA:23,2
DA:24,16
DA:25,11
DA:28,16
DA:30,16
DA:31,5
DA:34,16
DA:35,16
DA:36,16
DA:39,16
LF:12
LH:12
BRDA:25,0,0,11
BRDA:25,0,1,10
BRDA:31,1,0,4
BRDA:31,1,1,1
BRF:4
BRH:4
end_of_record
TN:
SF:src\pages\AdminPanel.tsx
FN:15,(anonymous_0)
FN:19,(anonymous_1)
FNF:2
FNH:2
FNDA:3,(anonymous_0)
FNDA:3,(anonymous_1)
DA:15,1
DA:16,3
DA:17,3
DA:19,3
DA:20,3
DA:22,3
DA:24,0
DA:26,0
DA:28,0
DA:30,0
DA:32,0
DA:34,0
DA:36,0
DA:38,0
DA:40,0
DA:44,3
LF:16
LH:7
BRDA:20,0,0,3
BRDA:20,0,1,0
BRDA:20,0,2,0
BRDA:20,0,3,0
BRDA:20,0,4,0
BRDA:20,0,5,0
BRDA:20,0,6,0
BRDA:20,0,7,0
BRDA:20,0,8,0
BRDA:20,0,9,0
BRDA:49,1,0,3
BRDA:49,1,1,0
BRF:12
BRH:2
end_of_record
TN:
SF:src\pages\HomePage.tsx
FN:14,(anonymous_0)
FN:42,(anonymous_1)
FN:72,(anonymous_2)
FN:76,(anonymous_3)
FNF:4
FNH:0
FNDA:0,(anonymous_0)
FNDA:0,(anonymous_1)
FNDA:0,(anonymous_2)
FNDA:0,(anonymous_3)
DA:14,0
DA:15,0
DA:16,0
DA:18,0
DA:42,0
DA:43,0
DA:46,0
DA:73,0
DA:76,0
LF:9
LH:0
BRF:0
BRH:0
end_of_record
TN:
SF:src\pages\InternPanel.tsx
FN:8,(anonymous_0)
FN:12,(anonymous_1)
FNF:2
FNH:2
FNDA:7,(anonymous_0)
FNDA:7,(anonymous_1)
DA:8,1
DA:9,7
DA:10,7
DA:12,7
DA:13,7
DA:15,4
DA:17,1
DA:19,1
DA:21,0
DA:23,1
DA:25,0
DA:29,7
LF:12
LH:10
BRDA:13,0,0,4
BRDA:13,0,1,1
BRDA:13,0,2,1
BRDA:13,0,3,0
BRDA:13,0,4,1
BRDA:13,0,5,0
BRDA:34,1,0,7
BRDA:34,1,1,0
BRF:8
BRH:5
end_of_record
TN:
SF:src\pages\LoginPanel.tsx
FN:9,(anonymous_0)
FN:20,(anonymous_1)
FN:25,(anonymous_2)
FN:84,(anonymous_3)
FN:126,(anonymous_4)
FNF:5
FNH:3
FNDA:17,(anonymous_0)
FNDA:6,(anonymous_1)
FNDA:3,(anonymous_2)
FNDA:0,(anonymous_3)
FNDA:0,(anonymous_4)
DA:9,1
DA:10,17
DA:11,17
DA:12,17
DA:13,17
DA:14,17
DA:15,17
DA:16,17
DA:17,17
DA:18,17
DA:20,17
DA:21,6
DA:22,6
DA:25,17
DA:26,3
DA:27,3
DA:28,0
DA:29,0
DA:32,3
DA:33,3
DA:34,3
DA:35,2
DA:38,3
DA:39,0
DA:40,0
DA:41,0
DA:44,2
DA:47,2
DA:48,2
DA:49,1
DA:50,1
DA:51,1
DA:52,0
DA:53,0
DA:55,0
DA:58,1
DA:60,3
DA:64,17
DA:68,17
DA:84,0
DA:126,0
LF:41
LH:31
BRDA:18,0,0,17
BRDA:18,0,1,17
BRDA:27,1,0,0
BRDA:27,1,1,3
BRDA:27,2,0,3
BRDA:27,2,1,3
BRDA:38,3,0,0
BRDA:38,3,1,3
BRDA:38,4,0,3
BRDA:38,4,1,0
BRDA:48,5,0,1
BRDA:48,5,1,1
BRDA:50,6,0,1
BRDA:50,6,1,0
BRDA:52,7,0,0
BRDA:52,7,1,0
BRDA:64,8,0,0
BRDA:64,8,1,17
BRDA:96,9,0,0
BRDA:96,9,1,17
BRDA:119,10,0,0
BRDA:119,10,1,17
BRDA:127,11,0,0
BRDA:127,11,1,17
BRDA:132,12,0,17
BRDA:132,12,1,1
BRDA:135,13,0,3
BRDA:135,13,1,14
BRF:28
BRH:18
end_of_record
TN:
SF:src\pages\NotFound.tsx
FN:3,(anonymous_0)
FNF:1
FNH:0
FNDA:0,(anonymous_0)
DA:3,0
DA:4,0
LF:2
LH:0
BRF:0
BRH:0
end_of_record
TN:
SF:src\pages\TrainerPanel.tsx
FN:15,(anonymous_0)
FN:20,(anonymous_1)
FN:26,(anonymous_2)
FN:38,(anonymous_3)
FN:47,(anonymous_4)
FN:48,(anonymous_5)
FNF:6
FNH:5
FNDA:17,(anonymous_0)
FNDA:17,(anonymous_1)
FNDA:3,(anonymous_2)
FNDA:0,(anonymous_3)
FNDA:1,(anonymous_4)
FNDA:1,(anonymous_5)
DA:15,1
DA:16,17
DA:17,17
DA:18,17
DA:20,17
DA:21,17
DA:23,7
DA:27,3
DA:28,3
DA:33,1
DA:35,2
DA:39,0
DA:44,4
DA:47,1
DA:48,1
DA:52,1
DA:54,1
DA:56,1
DA:57,1
DA:61,17
LF:20
LH:19
BRDA:21,0,0,7
BRDA:21,0,1,1
BRDA:21,0,2,2
BRDA:21,0,3,4
BRDA:21,0,4,1
BRDA:21,0,5,1
BRDA:21,0,6,1
BRDA:66,1,0,17
BRDA:66,1,1,0
BRF:9
BRH:8
end_of_record
TN:
SF:src\services\adminService.ts
FN:95,(anonymous_0)
FN:96,(anonymous_1)
FN:98,(anonymous_2)
FN:99,(anonymous_3)
FN:101,(anonymous_4)
FN:102,(anonymous_5)
FN:104,(anonymous_6)
FN:105,(anonymous_7)
FN:107,(anonymous_8)
FN:108,(anonymous_9)
FN:110,(anonymous_10)
FNF:11
FNH:11
FNDA:1,(anonymous_0)
FNDA:1,(anonymous_1)
FNDA:1,(anonymous_2)
FNDA:1,(anonymous_3)
FNDA:1,(anonymous_4)
FNDA:1,(anonymous_5)
FNDA:1,(anonymous_6)
FNDA:1,(anonymous_7)
FNDA:4,(anonymous_8)
FNDA:4,(anonymous_9)
FNDA:1,(anonymous_10)
DA:94,3
DA:96,1
DA:99,1
DA:102,1
DA:105,1
DA:108,4
DA:111,1
DA:112,1
DA:113,1
DA:114,1
DA:115,1
DA:116,1
DA:117,1
DA:118,1
DA:119,1
LF:15
LH:15
BRF:0
BRH:0
end_of_record
TN:
SF:src\services\api.ts
FN:14,(anonymous_0)
FN:22,(anonymous_1)
FN:27,(anonymous_2)
FN:28,(anonymous_3)
FN:39,(anonymous_4)
FNF:5
FNH:5
FNDA:6,(anonymous_0)
FNDA:1,(anonymous_1)
FNDA:1,(anonymous_2)
FNDA:7,(anonymous_3)
FNDA:1,(anonymous_4)
DA:3,2
DA:5,2
DA:14,2
DA:16,6
DA:17,6
DA:18,1
DA:20,6
DA:22,1
DA:26,2
DA:27,2
DA:28,1
DA:30,7
DA:33,2
DA:34,2
DA:35,1
DA:36,1
DA:37,1
DA:39,1
DA:40,1
DA:41,1
DA:45,7
LF:21
LH:21
BRDA:3,0,0,2
BRDA:3,0,1,2
BRDA:17,1,0,1
BRDA:17,1,1,5
BRDA:30,2,0,2
BRDA:30,2,1,5
BRDA:30,3,0,7
BRDA:30,3,1,2
BRDA:34,4,0,1
BRDA:34,4,1,1
BRF:10
BRH:10
end_of_record
TN:
SF:src\services\cohortService.ts
FN:19,(anonymous_0)
FN:20,(anonymous_1)
FN:22,(anonymous_2)
FN:23,(anonymous_3)
FN:25,(anonymous_4)
FN:26,(anonymous_5)
FN:28,(anonymous_6)
FN:29,(anonymous_7)
FN:31,(anonymous_8)
FN:32,(anonymous_9)
FNF:10
FNH:10
FNDA:2,(anonymous_0)
FNDA:2,(anonymous_1)
FNDA:1,(anonymous_2)
FNDA:1,(anonymous_3)
FNDA:1,(anonymous_4)
FNDA:1,(anonymous_5)
FNDA:1,(anonymous_6)
FNDA:1,(anonymous_7)
FNDA:1,(anonymous_8)
FNDA:1,(anonymous_9)
DA:18,2
DA:20,2
DA:23,1
DA:26,1
DA:29,1
DA:32,1
LF:6
LH:6
BRF:0
BRH:0
end_of_record
TN:
SF:src\services\evaluationService.ts
FN:12,(anonymous_0)
FN:17,(anonymous_1)
FN:22,(anonymous_2)
FN:27,(anonymous_3)
FNF:4
FNH:4
FNDA:1,(anonymous_0)
FNDA:1,(anonymous_1)
FNDA:1,(anonymous_2)
FNDA:1,(anonymous_3)
DA:11,2
DA:13,1
DA:14,1
DA:18,1
DA:19,1
DA:23,1
DA:24,1
DA:28,1
LF:8
LH:8
BRF:0
BRH:0
end_of_record
TN:
SF:src\services\internService.ts
FN:24,(anonymous_0)
FN:25,(anonymous_1)
FNF:2
FNH:2
FNDA:1,(anonymous_0)
FNDA:1,(anonymous_1)
DA:23,1
DA:25,1
LF:2
LH:2
BRF:0
BRH:0
end_of_record
TN:
SF:src\services\projectService.ts
FN:21,(anonymous_0)
FN:22,(anonymous_1)
FN:24,(anonymous_2)
FN:25,(anonymous_3)
FN:27,(anonymous_4)
FN:28,(anonymous_5)
FN:30,(anonymous_6)
FN:31,(anonymous_7)
FN:33,(anonymous_8)
FN:34,(anonymous_9)
FNF:10
FNH:10
FNDA:3,(anonymous_0)
FNDA:2,(anonymous_1)
FNDA:1,(anonymous_2)
FNDA:1,(anonymous_3)
FNDA:1,(anonymous_4)
FNDA:1,(anonymous_5)
FNDA:1,(anonymous_6)
FNDA:1,(anonymous_7)
FNDA:1,(anonymous_8)
FNDA:1,(anonymous_9)
DA:20,3
DA:22,3
DA:25,1
DA:28,1
DA:31,1
DA:34,1
LF:6
LH:6
BRF:0
BRH:0
end_of_record
TN:
SF:src\services\submissionService.ts
FN:22,(anonymous_0)
FN:27,(anonymous_1)
FN:32,(anonymous_2)
FN:37,(anonymous_3)
FNF:4
FNH:4
FNDA:2,(anonymous_0)
FNDA:1,(anonymous_1)
FNDA:1,(anonymous_2)
FNDA:1,(anonymous_3)
DA:21,3
DA:23,2
DA:24,1
DA:28,1
DA:29,1
DA:33,1
DA:34,1
DA:38,1
LF:8
LH:8
BRF:0
BRH:0
end_of_record
TN:
SF:src\services\taskService.ts
FN:26,(anonymous_0)
FN:27,(anonymous_1)
FN:29,(anonymous_2)
FN:30,(anonymous_3)
FN:32,(anonymous_4)
FN:33,(anonymous_5)
FN:35,(anonymous_6)
FN:36,(anonymous_7)
FN:38,(anonymous_8)
FN:39,(anonymous_9)
FNF:10
FNH:10
FNDA:1,(anonymous_0)
FNDA:1,(anonymous_1)
FNDA:1,(anonymous_2)
FNDA:1,(anonymous_3)
FNDA:1,(anonymous_4)
FNDA:1,(anonymous_5)
FNDA:1,(anonymous_6)
FNDA:1,(anonymous_7)
FNDA:1,(anonymous_8)
FNDA:1,(anonymous_9)
DA:25,2
DA:27,1
DA:30,1
DA:33,1
DA:36,1
DA:39,1
LF:6
LH:6
BRF:0
BRH:0
end_of_record
TN:
SF:src\services\trainerService.ts
FN:55,(anonymous_0)
FN:56,(anonymous_1)
FN:58,(anonymous_2)
FN:59,(anonymous_3)
FN:61,(anonymous_4)
FN:65,(anonymous_5)
FN:68,(anonymous_6)
FN:69,(anonymous_7)
FN:71,(anonymous_8)
FN:72,(anonymous_9)
FN:74,(anonymous_10)
FN:75,(anonymous_11)
FN:77,(anonymous_12)
FN:78,(anonymous_13)
FN:80,(anonymous_14)
FN:81,(anonymous_15)
FNF:16
FNH:16
FNDA:4,(anonymous_0)
FNDA:3,(anonymous_1)
FNDA:1,(anonymous_2)
FNDA:1,(anonymous_3)
FNDA:19,(anonymous_4)
FNDA:18,(anonymous_5)
FNDA:1,(anonymous_6)
FNDA:1,(anonymous_7)
FNDA:4,(anonymous_8)
FNDA:3,(anonymous_9)
FNDA:3,(anonymous_10)
FNDA:2,(anonymous_11)
FNDA:1,(anonymous_12)
FNDA:1,(anonymous_13)
FNDA:3,(anonymous_14)
FNDA:3,(anonymous_15)
DA:54,2
DA:56,4
DA:59,1
DA:62,19
DA:63,19
DA:64,19
DA:65,19
DA:69,1
DA:72,4
DA:75,3
DA:78,1
DA:81,3
LF:12
LH:12
BRDA:63,0,0,4
BRDA:63,0,1,15
BRDA:64,1,0,3
BRDA:64,1,1,16
BRDA:81,2,0,2
BRDA:81,2,1,1
BRF:6
BRH:6
end_of_record
TN:
SF:src\services\userService.ts
FN:30,(anonymous_0)
FN:31,(anonymous_1)
FN:33,(anonymous_2)
FN:34,(anonymous_3)
FN:36,(anonymous_4)
FN:37,(anonymous_5)
FN:39,(anonymous_6)
FN:40,(anonymous_7)
FN:42,(anonymous_8)
FN:43,(anonymous_9)
FNF:10
FNH:10
FNDA:4,(anonymous_0)
FNDA:2,(anonymous_1)
FNDA:1,(anonymous_2)
FNDA:1,(anonymous_3)
FNDA:1,(anonymous_4)
FNDA:1,(anonymous_5)
FNDA:1,(anonymous_6)
FNDA:1,(anonymous_7)
FNDA:1,(anonymous_8)
FNDA:1,(anonymous_9)
DA:29,3
DA:31,4
DA:34,1
DA:37,1
DA:40,1
DA:43,1
LF:6
LH:6
BRF:0
BRH:0
end_of_record
TN:
SF:src\utils\dateUtils.ts
FN:6,timeAgo
FN:18,daysUntil
FN:27,getInitials
FN:28,(anonymous_3)
FNF:4
FNH:4
FNDA:10,timeAgo
FNDA:10,daysUntil
FNDA:11,getInitials
FNDA:22,(anonymous_3)
DA:7,10
DA:8,10
DA:9,10
DA:10,6
DA:11,4
DA:12,4
DA:13,2
DA:14,2
DA:19,10
DA:20,10
DA:21,10
DA:22,7
DA:23,3
DA:28,22
LF:14
LH:14
BRDA:9,0,0,4
BRDA:9,0,1,6
BRDA:10,1,0,2
BRDA:10,1,1,4
BRDA:12,2,0,2
BRDA:12,2,1,2
BRDA:21,3,0,3
BRDA:21,3,1,7
BRDA:22,4,0,4
BRDA:22,4,1,3
BRF:10
BRH:10
end_of_record
TN:
SF:src\utils\errorUtils.ts
FN:12,getErrorMessage
FNF:1
FNH:1
FNDA:13,getErrorMessage
DA:13,13
DA:14,5
DA:15,5
DA:16,2
DA:17,1
DA:19,3
DA:20,2
DA:23,8
DA:24,5
DA:27,3
DA:28,1
DA:31,2
LF:12
LH:12
BRDA:12,0,0,13
BRDA:13,1,0,5
BRDA:13,1,1,8
BRDA:15,2,0,2
BRDA:15,2,1,3
BRDA:16,3,0,1
BRDA:16,3,1,1
BRDA:17,4,0,1
BRDA:17,4,1,0
BRDA:17,5,0,1
BRDA:17,5,1,1
BRDA:19,6,0,1
BRDA:19,6,1,2
BRDA:20,7,0,2
BRDA:20,7,1,1
BRDA:23,8,0,5
BRDA:23,8,1,3
BRDA:24,9,0,5
BRDA:24,9,1,1
BRDA:27,10,0,1
BRDA:27,10,1,2
BRF:21
BRH:20
end_of_record
TN:
SF:src\utils\index.ts
FN:5,(anonymous_0)
FN:18,(anonymous_1)
FN:21,(anonymous_2)
FN:29,(anonymous_3)
FNF:4
FNH:4
FNDA:2,(anonymous_0)
FNDA:3,(anonymous_1)
FNDA:6,(anonymous_2)
FNDA:5,(anonymous_3)
DA:5,1
DA:6,2
DA:7,2
DA:18,1
DA:19,3
DA:21,6
DA:29,1
DA:30,5
LF:8
LH:8
BRF:0
BRH:0
end_of_record
