{"D:\\MCA\\accoclite\\Internhub\\backend\\src\\app.js": {"path":"D:\\MCA\\accoclite\\Internhub\\backend\\src\\app.js","statementMap":{"0":{"start":{"line":1,"column":16},"end":{"line":1,"column":34}},"1":{"start":{"line":2,"column":13},"end":{"line":2,"column":28}},"2":{"start":{"line":3,"column":15},"end":{"line":3,"column":32}},"3":{"start":{"line":4,"column":13},"end":{"line":4,"column":35}},"4":{"start":{"line":5,"column":21},"end":{"line":5,"column":57}},"5":{"start":{"line":8,"column":19},"end":{"line":8,"column":43}},"6":{"start":{"line":9,"column":19},"end":{"line":9,"column":44}},"7":{"start":{"line":10,"column":21},"end":{"line":10,"column":48}},"8":{"start":{"line":11,"column":22},"end":{"line":11,"column":50}},"9":{"start":{"line":12,"column":19},"end":{"line":12,"column":44}},"10":{"start":{"line":13,"column":25},"end":{"line":13,"column":56}},"11":{"start":{"line":14,"column":25},"end":{"line":14,"column":56}},"12":{"start":{"line":15,"column":20},"end":{"line":15,"column":45}},"13":{"start":{"line":16,"column":21},"end":{"line":16,"column":47}},"14":{"start":{"line":17,"column":22},"end":{"line":17,"column":49}},"15":{"start":{"line":19,"column":0},"end":{"line":19,"column":16}},"16":{"start":{"line":21,"column":12},"end":{"line":21,"column":21}},"17":{"start":{"line":22,"column":13},"end":{"line":22,"column":37}},"18":{"start":{"line":25,"column":0},"end":{"line":25,"column":16}},"19":{"start":{"line":26,"column":0},"end":{"line":26,"column":24}},"20":{"start":{"line":29,"column":0},"end":{"line":44,"column":3}},"21":{"start":{"line":30,"column":2},"end":{"line":43,"column":3}},"22":{"start":{"line":31,"column":4},"end":{"line":31,"column":33}},"23":{"start":{"line":32,"column":4},"end":{"line":36,"column":7}},"24":{"start":{"line":38,"column":4},"end":{"line":42,"column":7}},"25":{"start":{"line":46,"column":0},"end":{"line":48,"column":3}},"26":{"start":{"line":47,"column":2},"end":{"line":47,"column":78}},"27":{"start":{"line":51,"column":0},"end":{"line":51,"column":33}},"28":{"start":{"line":52,"column":0},"end":{"line":52,"column":34}},"29":{"start":{"line":53,"column":0},"end":{"line":53,"column":38}},"30":{"start":{"line":54,"column":0},"end":{"line":54,"column":40}},"31":{"start":{"line":55,"column":0},"end":{"line":55,"column":34}},"32":{"start":{"line":56,"column":0},"end":{"line":56,"column":46}},"33":{"start":{"line":57,"column":0},"end":{"line":57,"column":46}},"34":{"start":{"line":58,"column":0},"end":{"line":58,"column":35}},"35":{"start":{"line":59,"column":0},"end":{"line":59,"column":37}},"36":{"start":{"line":60,"column":0},"end":{"line":60,"column":39}},"37":{"start":{"line":63,"column":0},"end":{"line":72,"column":3}},"38":{"start":{"line":64,"column":2},"end":{"line":71,"column":5}},"39":{"start":{"line":75,"column":0},"end":{"line":75,"column":22}},"40":{"start":{"line":78,"column":0},"end":{"line":87,"column":1}},"41":{"start":{"line":79,"column":2},"end":{"line":86,"column":5}},"42":{"start":{"line":80,"column":4},"end":{"line":80,"column":57}},"43":{"start":{"line":81,"column":4},"end":{"line":81,"column":56}},"44":{"start":{"line":82,"column":4},"end":{"line":82,"column":53}},"45":{"start":{"line":83,"column":4},"end":{"line":83,"column":58}},"46":{"start":{"line":84,"column":4},"end":{"line":84,"column":65}},"47":{"start":{"line":85,"column":4},"end":{"line":85,"column":64}},"48":{"start":{"line":89,"column":0},"end":{"line":89,"column":21}}},"fnMap":{"0":{"name":"(anonymous_0)","decl":{"start":{"line":29,"column":19},"end":{"line":29,"column":20}},"loc":{"start":{"line":29,"column":39},"end":{"line":44,"column":1}},"line":29},"1":{"name":"(anonymous_1)","decl":{"start":{"line":46,"column":16},"end":{"line":46,"column":17}},"loc":{"start":{"line":46,"column":30},"end":{"line":48,"column":1}},"line":46},"2":{"name":"(anonymous_2)","decl":{"start":{"line":63,"column":8},"end":{"line":63,"column":9}},"loc":{"start":{"line":63,"column":22},"end":{"line":72,"column":1}},"line":63},"3":{"name":"(anonymous_3)","decl":{"start":{"line":79,"column":19},"end":{"line":79,"column":20}},"loc":{"start":{"line":79,"column":25},"end":{"line":86,"column":3}},"line":79}},"branchMap":{"0":{"loc":{"start":{"line":22,"column":13},"end":{"line":22,"column":37}},"type":"binary-expr","locations":[{"start":{"line":22,"column":13},"end":{"line":22,"column":29}},{"start":{"line":22,"column":33},"end":{"line":22,"column":37}}],"line":22},"1":{"loc":{"start":{"line":78,"column":0},"end":{"line":87,"column":1}},"type":"if","locations":[{"start":{"line":78,"column":0},"end":{"line":87,"column":1}},{"start":{},"end":{}}],"line":78}},"s":{"0":10,"1":10,"2":10,"3":10,"4":10,"5":10,"6":10,"7":10,"8":10,"9":10,"10":10,"11":10,"12":10,"13":10,"14":10,"15":10,"16":10,"17":10,"18":10,"19":10,"20":10,"21":1,"22":1,"23":1,"24":0,"25":10,"26":1,"27":10,"28":10,"29":10,"30":10,"31":10,"32":10,"33":10,"34":10,"35":10,"36":10,"37":10,"38":2,"39":10,"40":10,"41":0,"42":0,"43":0,"44":0,"45":0,"46":0,"47":0,"48":10},"f":{"0":1,"1":1,"2":2,"3":0},"b":{"0":[10,0],"1":[0,10]},"_coverageSchema":"1a1c01bbd47fc00a2c39e90264f33305004495a9","hash":"c62085fe84ee4e740170154ca11775d2eda56ac8"}
,"D:\\MCA\\accoclite\\Internhub\\backend\\src\\config\\db.js": {"path":"D:\\MCA\\accoclite\\Internhub\\backend\\src\\config\\db.js","statementMap":{"0":{"start":{"line":1,"column":14},"end":{"line":1,"column":39}},"1":{"start":{"line":2,"column":13},"end":{"line":2,"column":28}},"2":{"start":{"line":3,"column":11},"end":{"line":3,"column":24}},"3":{"start":{"line":4,"column":0},"end":{"line":4,"column":71}},"4":{"start":{"line":7,"column":16},"end":{"line":7,"column":25}},"5":{"start":{"line":8,"column":0},"end":{"line":18,"column":1}},"6":{"start":{"line":9,"column":19},"end":{"line":9,"column":60}},"7":{"start":{"line":10,"column":2},"end":{"line":15,"column":3}},"8":{"start":{"line":11,"column":4},"end":{"line":14,"column":6}},"9":{"start":{"line":17,"column":2},"end":{"line":17,"column":75}},"10":{"start":{"line":21,"column":13},"end":{"line":33,"column":2}},"11":{"start":{"line":36,"column":0},"end":{"line":45,"column":5}},"12":{"start":{"line":37,"column":2},"end":{"line":44,"column":3}},"13":{"start":{"line":38,"column":23},"end":{"line":38,"column":49}},"14":{"start":{"line":39,"column":4},"end":{"line":39,"column":71}},"15":{"start":{"line":40,"column":4},"end":{"line":40,"column":25}},"16":{"start":{"line":42,"column":4},"end":{"line":42,"column":72}},"17":{"start":{"line":43,"column":4},"end":{"line":43,"column":63}},"18":{"start":{"line":47,"column":0},"end":{"line":47,"column":22}}},"fnMap":{"0":{"name":"(anonymous_0)","decl":{"start":{"line":36,"column":1},"end":{"line":36,"column":2}},"loc":{"start":{"line":36,"column":13},"end":{"line":45,"column":1}},"line":36}},"branchMap":{"0":{"loc":{"start":{"line":10,"column":2},"end":{"line":15,"column":3}},"type":"if","locations":[{"start":{"line":10,"column":2},"end":{"line":15,"column":3}},{"start":{},"end":{}}],"line":10},"1":{"loc":{"start":{"line":26,"column":8},"end":{"line":26,"column":35}},"type":"binary-expr","locations":[{"start":{"line":26,"column":8},"end":{"line":26,"column":27}},{"start":{"line":26,"column":31},"end":{"line":26,"column":35}}],"line":26}},"s":{"0":10,"1":10,"2":10,"3":10,"4":10,"5":10,"6":10,"7":10,"8":10,"9":0,"10":10,"11":10,"12":10,"13":10,"14":10,"15":10,"16":0,"17":0,"18":10},"f":{"0":10},"b":{"0":[10,0],"1":[10,0]},"_coverageSchema":"1a1c01bbd47fc00a2c39e90264f33305004495a9","hash":"1f99295abd1e2ba3799f20b429f476b406ac9b45"}
,"D:\\MCA\\accoclite\\Internhub\\backend\\src\\middleware\\authMiddleware.js": {"path":"D:\\MCA\\accoclite\\Internhub\\backend\\src\\middleware\\authMiddleware.js","statementMap":{"0":{"start":{"line":1,"column":12},"end":{"line":1,"column":35}},"1":{"start":{"line":2,"column":13},"end":{"line":2,"column":28}},"2":{"start":{"line":3,"column":0},"end":{"line":3,"column":71}},"3":{"start":{"line":5,"column":17},"end":{"line":5,"column":45}},"4":{"start":{"line":7,"column":19},"end":{"line":7,"column":66}},"5":{"start":{"line":13,"column":21},"end":{"line":27,"column":1}},"6":{"start":{"line":14,"column":21},"end":{"line":14,"column":46}},"7":{"start":{"line":15,"column":2},"end":{"line":17,"column":3}},"8":{"start":{"line":16,"column":4},"end":{"line":16,"column":78}},"9":{"start":{"line":19,"column":16},"end":{"line":19,"column":40}},"10":{"start":{"line":20,"column":2},"end":{"line":26,"column":3}},"11":{"start":{"line":21,"column":20},"end":{"line":21,"column":49}},"12":{"start":{"line":22,"column":4},"end":{"line":22,"column":23}},"13":{"start":{"line":23,"column":4},"end":{"line":23,"column":11}},"14":{"start":{"line":25,"column":4},"end":{"line":25,"column":80}},"15":{"start":{"line":33,"column":18},"end":{"line":40,"column":1}},"16":{"start":{"line":34,"column":2},"end":{"line":39,"column":4}},"17":{"start":{"line":35,"column":4},"end":{"line":37,"column":5}},"18":{"start":{"line":36,"column":6},"end":{"line":36,"column":105}},"19":{"start":{"line":38,"column":4},"end":{"line":38,"column":11}},"20":{"start":{"line":42,"column":0},"end":{"line":42,"column":45}}},"fnMap":{"0":{"name":"(anonymous_0)","decl":{"start":{"line":13,"column":21},"end":{"line":13,"column":22}},"loc":{"start":{"line":13,"column":41},"end":{"line":27,"column":1}},"line":13},"1":{"name":"(anonymous_1)","decl":{"start":{"line":33,"column":18},"end":{"line":33,"column":19}},"loc":{"start":{"line":33,"column":32},"end":{"line":40,"column":1}},"line":33},"2":{"name":"(anonymous_2)","decl":{"start":{"line":34,"column":9},"end":{"line":34,"column":10}},"loc":{"start":{"line":34,"column":29},"end":{"line":39,"column":3}},"line":34}},"branchMap":{"0":{"loc":{"start":{"line":7,"column":19},"end":{"line":7,"column":66}},"type":"binary-expr","locations":[{"start":{"line":7,"column":19},"end":{"line":7,"column":41}},{"start":{"line":7,"column":45},"end":{"line":7,"column":66}}],"line":7},"1":{"loc":{"start":{"line":15,"column":2},"end":{"line":17,"column":3}},"type":"if","locations":[{"start":{"line":15,"column":2},"end":{"line":17,"column":3}},{"start":{},"end":{}}],"line":15},"2":{"loc":{"start":{"line":15,"column":6},"end":{"line":15,"column":54}},"type":"binary-expr","locations":[{"start":{"line":15,"column":6},"end":{"line":15,"column":17}},{"start":{"line":15,"column":21},"end":{"line":15,"column":54}}],"line":15},"3":{"loc":{"start":{"line":35,"column":4},"end":{"line":37,"column":5}},"type":"if","locations":[{"start":{"line":35,"column":4},"end":{"line":37,"column":5}},{"start":{},"end":{}}],"line":35},"4":{"loc":{"start":{"line":35,"column":8},"end":{"line":35,"column":51}},"type":"binary-expr","locations":[{"start":{"line":35,"column":8},"end":{"line":35,"column":17}},{"start":{"line":35,"column":21},"end":{"line":35,"column":51}}],"line":35}},"s":{"0":11,"1":11,"2":11,"3":11,"4":11,"5":11,"6":78,"7":78,"8":10,"9":68,"10":68,"11":68,"12":66,"13":66,"14":2,"15":11,"16":334,"17":59,"18":2,"19":57,"20":11},"f":{"0":78,"1":334,"2":59},"b":{"0":[11,0],"1":[10,68],"2":[78,69],"3":[2,57],"4":[59,58]},"_coverageSchema":"1a1c01bbd47fc00a2c39e90264f33305004495a9","hash":"ce10ad7ec908090d1a1b112031e9ed0744122b01"}
,"D:\\MCA\\accoclite\\Internhub\\backend\\src\\middleware\\errorHandler.js": {"path":"D:\\MCA\\accoclite\\Internhub\\backend\\src\\middleware\\errorHandler.js","statementMap":{"0":{"start":{"line":5,"column":21},"end":{"line":30,"column":1}},"1":{"start":{"line":6,"column":21},"end":{"line":6,"column":42}},"2":{"start":{"line":9,"column":2},"end":{"line":19,"column":3}},"3":{"start":{"line":10,"column":4},"end":{"line":18,"column":7}},"4":{"start":{"line":21,"column":2},"end":{"line":29,"column":5}},"5":{"start":{"line":32,"column":0},"end":{"line":32,"column":30}}},"fnMap":{"0":{"name":"(anonymous_0)","decl":{"start":{"line":5,"column":21},"end":{"line":5,"column":22}},"loc":{"start":{"line":5,"column":47},"end":{"line":30,"column":1}},"line":5}},"branchMap":{"0":{"loc":{"start":{"line":6,"column":21},"end":{"line":6,"column":42}},"type":"binary-expr","locations":[{"start":{"line":6,"column":21},"end":{"line":6,"column":35}},{"start":{"line":6,"column":39},"end":{"line":6,"column":42}}],"line":6},"1":{"loc":{"start":{"line":9,"column":2},"end":{"line":19,"column":3}},"type":"if","locations":[{"start":{"line":9,"column":2},"end":{"line":19,"column":3}},{"start":{},"end":{}}],"line":9},"2":{"loc":{"start":{"line":23,"column":12},"end":{"line":23,"column":47}},"type":"binary-expr","locations":[{"start":{"line":23,"column":12},"end":{"line":23,"column":20}},{"start":{"line":23,"column":24},"end":{"line":23,"column":47}}],"line":23},"3":{"loc":{"start":{"line":24,"column":15},"end":{"line":24,"column":60}},"type":"binary-expr","locations":[{"start":{"line":24,"column":15},"end":{"line":24,"column":26}},{"start":{"line":24,"column":30},"end":{"line":24,"column":60}}],"line":24},"4":{"loc":{"start":{"line":25,"column":15},"end":{"line":25,"column":32}},"type":"binary-expr","locations":[{"start":{"line":25,"column":15},"end":{"line":25,"column":26}},{"start":{"line":25,"column":30},"end":{"line":25,"column":32}}],"line":25}},"s":{"0":10,"1":50,"2":50,"3":1,"4":49,"5":10},"f":{"0":50},"b":{"0":[50,2],"1":[1,49],"2":[49,0],"3":[49,0],"4":[49,1]},"_coverageSchema":"1a1c01bbd47fc00a2c39e90264f33305004495a9","hash":"f20fd11d8c24c27bb4580de93219e3c81ce42b00"}
,"D:\\MCA\\accoclite\\Internhub\\backend\\src\\routes\\admin.js": {"path":"D:\\MCA\\accoclite\\Internhub\\backend\\src\\routes\\admin.js","statementMap":{"0":{"start":{"line":1,"column":16},"end":{"line":1,"column":34}},"1":{"start":{"line":2,"column":15},"end":{"line":2,"column":31}},"2":{"start":{"line":3,"column":13},"end":{"line":3,"column":36}},"3":{"start":{"line":4,"column":36},"end":{"line":4,"column":75}},"4":{"start":{"line":9,"column":0},"end":{"line":33,"column":3}},"5":{"start":{"line":10,"column":2},"end":{"line":32,"column":3}},"6":{"start":{"line":11,"column":121},"end":{"line":19,"column":6}},"7":{"start":{"line":21,"column":4},"end":{"line":29,"column":7}},"8":{"start":{"line":31,"column":4},"end":{"line":31,"column":14}},"9":{"start":{"line":38,"column":0},"end":{"line":95,"column":3}},"10":{"start":{"line":39,"column":2},"end":{"line":94,"column":3}},"11":{"start":{"line":41,"column":26},"end":{"line":49,"column":6}},"12":{"start":{"line":52,"column":26},"end":{"line":61,"column":6}},"13":{"start":{"line":64,"column":20},"end":{"line":74,"column":6}},"14":{"start":{"line":77,"column":23},"end":{"line":83,"column":6}},"15":{"start":{"line":86,"column":16},"end":{"line":89,"column":19}},"16":{"start":{"line":87,"column":19},"end":{"line":87,"column":38}},"17":{"start":{"line":88,"column":22},"end":{"line":88,"column":87}},"18":{"start":{"line":91,"column":4},"end":{"line":91,"column":30}},"19":{"start":{"line":93,"column":4},"end":{"line":93,"column":14}},"20":{"start":{"line":100,"column":0},"end":{"line":125,"column":3}},"21":{"start":{"line":101,"column":2},"end":{"line":124,"column":3}},"22":{"start":{"line":102,"column":22},"end":{"line":102,"column":90}},"23":{"start":{"line":104,"column":21},"end":{"line":119,"column":7}},"24":{"start":{"line":105,"column":26},"end":{"line":112,"column":21}},"25":{"start":{"line":114,"column":20},"end":{"line":114,"column":50}},"26":{"start":{"line":115,"column":24},"end":{"line":115,"column":58}},"27":{"start":{"line":116,"column":23},"end":{"line":116,"column":76}},"28":{"start":{"line":118,"column":6},"end":{"line":118,"column":85}},"29":{"start":{"line":121,"column":4},"end":{"line":121,"column":35}},"30":{"start":{"line":123,"column":4},"end":{"line":123,"column":14}},"31":{"start":{"line":130,"column":0},"end":{"line":145,"column":3}},"32":{"start":{"line":131,"column":2},"end":{"line":144,"column":3}},"33":{"start":{"line":132,"column":24},"end":{"line":139,"column":6}},"34":{"start":{"line":141,"column":4},"end":{"line":141,"column":36}},"35":{"start":{"line":143,"column":4},"end":{"line":143,"column":14}},"36":{"start":{"line":150,"column":0},"end":{"line":199,"column":3}},"37":{"start":{"line":151,"column":2},"end":{"line":198,"column":3}},"38":{"start":{"line":152,"column":25},"end":{"line":152,"column":35}},"39":{"start":{"line":153,"column":16},"end":{"line":153,"column":18}},"40":{"start":{"line":155,"column":4},"end":{"line":170,"column":5}},"41":{"start":{"line":157,"column":8},"end":{"line":157,"column":81}},"42":{"start":{"line":158,"column":8},"end":{"line":158,"column":14}},"43":{"start":{"line":160,"column":8},"end":{"line":160,"column":215}},"44":{"start":{"line":161,"column":8},"end":{"line":161,"column":14}},"45":{"start":{"line":163,"column":8},"end":{"line":163,"column":202}},"46":{"start":{"line":164,"column":8},"end":{"line":164,"column":14}},"47":{"start":{"line":166,"column":8},"end":{"line":166,"column":300}},"48":{"start":{"line":167,"column":8},"end":{"line":167,"column":14}},"49":{"start":{"line":169,"column":8},"end":{"line":169,"column":78}},"50":{"start":{"line":172,"column":19},"end":{"line":172,"column":44}},"51":{"start":{"line":174,"column":4},"end":{"line":176,"column":5}},"52":{"start":{"line":175,"column":6},"end":{"line":175,"column":66}},"53":{"start":{"line":178,"column":20},"end":{"line":178,"column":40}},"54":{"start":{"line":179,"column":20},"end":{"line":190,"column":5}},"55":{"start":{"line":181,"column":25},"end":{"line":189,"column":18}},"56":{"start":{"line":182,"column":18},"end":{"line":182,"column":29}},"57":{"start":{"line":183,"column":8},"end":{"line":183,"column":56}},"58":{"start":{"line":183,"column":47},"end":{"line":183,"column":56}},"59":{"start":{"line":184,"column":8},"end":{"line":187,"column":9}},"60":{"start":{"line":186,"column":10},"end":{"line":186,"column":52}},"61":{"start":{"line":188,"column":8},"end":{"line":188,"column":19}},"62":{"start":{"line":192,"column":20},"end":{"line":192,"column":38}},"63":{"start":{"line":193,"column":4},"end":{"line":193,"column":46}},"64":{"start":{"line":194,"column":4},"end":{"line":194,"column":90}},"65":{"start":{"line":195,"column":4},"end":{"line":195,"column":34}},"66":{"start":{"line":197,"column":4},"end":{"line":197,"column":14}},"67":{"start":{"line":207,"column":0},"end":{"line":373,"column":3}},"68":{"start":{"line":208,"column":2},"end":{"line":372,"column":3}},"69":{"start":{"line":209,"column":25},"end":{"line":209,"column":34}},"70":{"start":{"line":212,"column":26},"end":{"line":212,"column":36}},"71":{"start":{"line":213,"column":27},"end":{"line":213,"column":83}},"72":{"start":{"line":214,"column":33},"end":{"line":214,"column":90}},"73":{"start":{"line":215,"column":27},"end":{"line":215,"column":84}},"74":{"start":{"line":216,"column":23},"end":{"line":216,"column":54}},"75":{"start":{"line":219,"column":24},"end":{"line":225,"column":5}},"76":{"start":{"line":227,"column":24},"end":{"line":231,"column":5}},"77":{"start":{"line":233,"column":30},"end":{"line":237,"column":5}},"78":{"start":{"line":239,"column":26},"end":{"line":244,"column":5}},"79":{"start":{"line":246,"column":17},"end":{"line":253,"column":5}},"80":{"start":{"line":256,"column":29},"end":{"line":261,"column":5}},"81":{"start":{"line":264,"column":28},"end":{"line":278,"column":5}},"82":{"start":{"line":281,"column":22},"end":{"line":281,"column":57}},"83":{"start":{"line":282,"column":30},"end":{"line":285,"column":7}},"84":{"start":{"line":282,"column":50},"end":{"line":285,"column":5}},"85":{"start":{"line":284,"column":39},"end":{"line":284,"column":60}},"86":{"start":{"line":288,"column":23},"end":{"line":297,"column":5}},"87":{"start":{"line":299,"column":28},"end":{"line":304,"column":5}},"88":{"start":{"line":307,"column":25},"end":{"line":322,"column":6}},"89":{"start":{"line":324,"column":30},"end":{"line":333,"column":7}},"90":{"start":{"line":324,"column":51},"end":{"line":333,"column":5}},"91":{"start":{"line":336,"column":25},"end":{"line":352,"column":6}},"92":{"start":{"line":354,"column":4},"end":{"line":369,"column":7}},"93":{"start":{"line":356,"column":52},"end":{"line":356,"column":88}},"94":{"start":{"line":360,"column":44},"end":{"line":368,"column":7}},"95":{"start":{"line":371,"column":4},"end":{"line":371,"column":14}},"96":{"start":{"line":382,"column":0},"end":{"line":391,"column":3}},"97":{"start":{"line":383,"column":2},"end":{"line":390,"column":3}},"98":{"start":{"line":384,"column":19},"end":{"line":386,"column":5}},"99":{"start":{"line":387,"column":4},"end":{"line":387,"column":19}},"100":{"start":{"line":389,"column":4},"end":{"line":389,"column":14}},"101":{"start":{"line":396,"column":0},"end":{"line":421,"column":3}},"102":{"start":{"line":397,"column":2},"end":{"line":420,"column":3}},"103":{"start":{"line":398,"column":19},"end":{"line":398,"column":32}},"104":{"start":{"line":401,"column":21},"end":{"line":401,"column":103}},"105":{"start":{"line":402,"column":4},"end":{"line":402,"column":72}},"106":{"start":{"line":402,"column":15},"end":{"line":402,"column":72}},"107":{"start":{"line":404,"column":4},"end":{"line":406,"column":5}},"108":{"start":{"line":405,"column":6},"end":{"line":405,"column":75}},"109":{"start":{"line":409,"column":23},"end":{"line":415,"column":24}},"110":{"start":{"line":417,"column":4},"end":{"line":417,"column":72}},"111":{"start":{"line":419,"column":4},"end":{"line":419,"column":14}},"112":{"start":{"line":427,"column":0},"end":{"line":462,"column":3}},"113":{"start":{"line":428,"column":2},"end":{"line":461,"column":3}},"114":{"start":{"line":429,"column":46},"end":{"line":429,"column":54}},"115":{"start":{"line":431,"column":4},"end":{"line":433,"column":5}},"116":{"start":{"line":432,"column":6},"end":{"line":432,"column":95}},"117":{"start":{"line":435,"column":4},"end":{"line":458,"column":5}},"118":{"start":{"line":437,"column":27},"end":{"line":440,"column":7}},"119":{"start":{"line":441,"column":6},"end":{"line":443,"column":7}},"120":{"start":{"line":442,"column":8},"end":{"line":442,"column":80}},"121":{"start":{"line":445,"column":6},"end":{"line":448,"column":8}},"122":{"start":{"line":449,"column":6},"end":{"line":449,"column":61}},"123":{"start":{"line":450,"column":11},"end":{"line":458,"column":5}},"124":{"start":{"line":451,"column":6},"end":{"line":454,"column":8}},"125":{"start":{"line":455,"column":6},"end":{"line":455,"column":63}},"126":{"start":{"line":457,"column":6},"end":{"line":457,"column":86}},"127":{"start":{"line":460,"column":4},"end":{"line":460,"column":14}},"128":{"start":{"line":464,"column":0},"end":{"line":464,"column":24}}},"fnMap":{"0":{"name":"(anonymous_0)","decl":{"start":{"line":9,"column":55},"end":{"line":9,"column":56}},"loc":{"start":{"line":9,"column":81},"end":{"line":33,"column":1}},"line":9},"1":{"name":"(anonymous_1)","decl":{"start":{"line":38,"column":65},"end":{"line":38,"column":66}},"loc":{"start":{"line":38,"column":91},"end":{"line":95,"column":1}},"line":38},"2":{"name":"(anonymous_2)","decl":{"start":{"line":87,"column":14},"end":{"line":87,"column":15}},"loc":{"start":{"line":87,"column":19},"end":{"line":87,"column":38}},"line":87},"3":{"name":"(anonymous_3)","decl":{"start":{"line":88,"column":12},"end":{"line":88,"column":13}},"loc":{"start":{"line":88,"column":22},"end":{"line":88,"column":87}},"line":88},"4":{"name":"(anonymous_4)","decl":{"start":{"line":100,"column":65},"end":{"line":100,"column":66}},"loc":{"start":{"line":100,"column":91},"end":{"line":125,"column":1}},"line":100},"5":{"name":"(anonymous_5)","decl":{"start":{"line":104,"column":51},"end":{"line":104,"column":52}},"loc":{"start":{"line":104,"column":69},"end":{"line":119,"column":5}},"line":104},"6":{"name":"(anonymous_6)","decl":{"start":{"line":130,"column":68},"end":{"line":130,"column":69}},"loc":{"start":{"line":130,"column":94},"end":{"line":145,"column":1}},"line":130},"7":{"name":"(anonymous_7)","decl":{"start":{"line":150,"column":66},"end":{"line":150,"column":67}},"loc":{"start":{"line":150,"column":92},"end":{"line":199,"column":1}},"line":150},"8":{"name":"(anonymous_8)","decl":{"start":{"line":181,"column":18},"end":{"line":181,"column":19}},"loc":{"start":{"line":181,"column":25},"end":{"line":189,"column":18}},"line":181},"9":{"name":"(anonymous_9)","decl":{"start":{"line":181,"column":37},"end":{"line":181,"column":38}},"loc":{"start":{"line":181,"column":47},"end":{"line":189,"column":7}},"line":181},"10":{"name":"(anonymous_10)","decl":{"start":{"line":207,"column":59},"end":{"line":207,"column":60}},"loc":{"start":{"line":207,"column":85},"end":{"line":373,"column":1}},"line":207},"11":{"name":"(anonymous_11)","decl":{"start":{"line":282,"column":44},"end":{"line":282,"column":45}},"loc":{"start":{"line":282,"column":50},"end":{"line":285,"column":5}},"line":282},"12":{"name":"(anonymous_12)","decl":{"start":{"line":284,"column":32},"end":{"line":284,"column":33}},"loc":{"start":{"line":284,"column":39},"end":{"line":284,"column":60}},"line":284},"13":{"name":"(anonymous_13)","decl":{"start":{"line":324,"column":45},"end":{"line":324,"column":46}},"loc":{"start":{"line":324,"column":51},"end":{"line":333,"column":5}},"line":324},"14":{"name":"(anonymous_14)","decl":{"start":{"line":356,"column":46},"end":{"line":356,"column":47}},"loc":{"start":{"line":356,"column":52},"end":{"line":356,"column":88}},"line":356},"15":{"name":"(anonymous_15)","decl":{"start":{"line":360,"column":33},"end":{"line":360,"column":34}},"loc":{"start":{"line":360,"column":44},"end":{"line":368,"column":7}},"line":360},"16":{"name":"(anonymous_16)","decl":{"start":{"line":382,"column":58},"end":{"line":382,"column":59}},"loc":{"start":{"line":382,"column":84},"end":{"line":391,"column":1}},"line":382},"17":{"name":"(anonymous_17)","decl":{"start":{"line":396,"column":68},"end":{"line":396,"column":69}},"loc":{"start":{"line":396,"column":94},"end":{"line":421,"column":1}},"line":396},"18":{"name":"(anonymous_18)","decl":{"start":{"line":427,"column":65},"end":{"line":427,"column":66}},"loc":{"start":{"line":427,"column":91},"end":{"line":462,"column":1}},"line":427}},"branchMap":{"0":{"loc":{"start":{"line":114,"column":20},"end":{"line":114,"column":50}},"type":"binary-expr","locations":[{"start":{"line":114,"column":20},"end":{"line":114,"column":45}},{"start":{"line":114,"column":49},"end":{"line":114,"column":50}}],"line":114},"1":{"loc":{"start":{"line":115,"column":24},"end":{"line":115,"column":58}},"type":"binary-expr","locations":[{"start":{"line":115,"column":24},"end":{"line":115,"column":53}},{"start":{"line":115,"column":57},"end":{"line":115,"column":58}}],"line":115},"2":{"loc":{"start":{"line":116,"column":23},"end":{"line":116,"column":76}},"type":"cond-expr","locations":[{"start":{"line":116,"column":35},"end":{"line":116,"column":72}},{"start":{"line":116,"column":75},"end":{"line":116,"column":76}}],"line":116},"3":{"loc":{"start":{"line":155,"column":4},"end":{"line":170,"column":5}},"type":"switch","locations":[{"start":{"line":156,"column":6},"end":{"line":158,"column":14}},{"start":{"line":159,"column":6},"end":{"line":161,"column":14}},{"start":{"line":162,"column":6},"end":{"line":164,"column":14}},{"start":{"line":165,"column":6},"end":{"line":167,"column":14}},{"start":{"line":168,"column":6},"end":{"line":169,"column":78}}],"line":155},"4":{"loc":{"start":{"line":174,"column":4},"end":{"line":176,"column":5}},"type":"if","locations":[{"start":{"line":174,"column":4},"end":{"line":176,"column":5}},{"start":{},"end":{}}],"line":174},"5":{"loc":{"start":{"line":183,"column":8},"end":{"line":183,"column":56}},"type":"if","locations":[{"start":{"line":183,"column":8},"end":{"line":183,"column":56}},{"start":{},"end":{}}],"line":183},"6":{"loc":{"start":{"line":183,"column":12},"end":{"line":183,"column":45}},"type":"binary-expr","locations":[{"start":{"line":183,"column":12},"end":{"line":183,"column":24}},{"start":{"line":183,"column":28},"end":{"line":183,"column":45}}],"line":183},"7":{"loc":{"start":{"line":184,"column":8},"end":{"line":187,"column":9}},"type":"if","locations":[{"start":{"line":184,"column":8},"end":{"line":187,"column":9}},{"start":{},"end":{}}],"line":184},"8":{"loc":{"start":{"line":212,"column":26},"end":{"line":212,"column":36}},"type":"binary-expr","locations":[{"start":{"line":212,"column":26},"end":{"line":212,"column":30}},{"start":{"line":212,"column":34},"end":{"line":212,"column":36}}],"line":212},"9":{"loc":{"start":{"line":213,"column":27},"end":{"line":213,"column":83}},"type":"cond-expr","locations":[{"start":{"line":213,"column":43},"end":{"line":213,"column":78}},{"start":{"line":213,"column":81},"end":{"line":213,"column":83}}],"line":213},"10":{"loc":{"start":{"line":214,"column":33},"end":{"line":214,"column":90}},"type":"cond-expr","locations":[{"start":{"line":214,"column":49},"end":{"line":214,"column":85}},{"start":{"line":214,"column":88},"end":{"line":214,"column":90}}],"line":214},"11":{"loc":{"start":{"line":215,"column":27},"end":{"line":215,"column":84}},"type":"cond-expr","locations":[{"start":{"line":215,"column":43},"end":{"line":215,"column":79}},{"start":{"line":215,"column":82},"end":{"line":215,"column":84}}],"line":215},"12":{"loc":{"start":{"line":216,"column":23},"end":{"line":216,"column":54}},"type":"cond-expr","locations":[{"start":{"line":216,"column":39},"end":{"line":216,"column":49}},{"start":{"line":216,"column":52},"end":{"line":216,"column":54}}],"line":216},"13":{"loc":{"start":{"line":247,"column":26},"end":{"line":247,"column":103}},"type":"cond-expr","locations":[{"start":{"line":247,"column":46},"end":{"line":247,"column":99}},{"start":{"line":247,"column":102},"end":{"line":247,"column":103}}],"line":247},"14":{"loc":{"start":{"line":248,"column":37},"end":{"line":248,"column":58}},"type":"binary-expr","locations":[{"start":{"line":248,"column":37},"end":{"line":248,"column":53}},{"start":{"line":248,"column":57},"end":{"line":248,"column":58}}],"line":248},"15":{"loc":{"start":{"line":249,"column":24},"end":{"line":249,"column":47}},"type":"binary-expr","locations":[{"start":{"line":249,"column":24},"end":{"line":249,"column":42}},{"start":{"line":249,"column":46},"end":{"line":249,"column":47}}],"line":249},"16":{"loc":{"start":{"line":250,"column":22},"end":{"line":250,"column":116}},"type":"cond-expr","locations":[{"start":{"line":250,"column":42},"end":{"line":250,"column":112}},{"start":{"line":250,"column":115},"end":{"line":250,"column":116}}],"line":250},"17":{"loc":{"start":{"line":251,"column":25},"end":{"line":251,"column":46}},"type":"binary-expr","locations":[{"start":{"line":251,"column":25},"end":{"line":251,"column":41}},{"start":{"line":251,"column":45},"end":{"line":251,"column":46}}],"line":251},"18":{"loc":{"start":{"line":252,"column":24},"end":{"line":252,"column":44}},"type":"binary-expr","locations":[{"start":{"line":252,"column":24},"end":{"line":252,"column":39}},{"start":{"line":252,"column":43},"end":{"line":252,"column":44}}],"line":252},"19":{"loc":{"start":{"line":284,"column":13},"end":{"line":284,"column":73}},"type":"binary-expr","locations":[{"start":{"line":284,"column":13},"end":{"line":284,"column":68}},{"start":{"line":284,"column":72},"end":{"line":284,"column":73}}],"line":284},"20":{"loc":{"start":{"line":300,"column":20},"end":{"line":300,"column":44}},"type":"binary-expr","locations":[{"start":{"line":300,"column":20},"end":{"line":300,"column":39}},{"start":{"line":300,"column":43},"end":{"line":300,"column":44}}],"line":300},"21":{"loc":{"start":{"line":301,"column":21},"end":{"line":301,"column":46}},"type":"binary-expr","locations":[{"start":{"line":301,"column":21},"end":{"line":301,"column":41}},{"start":{"line":301,"column":45},"end":{"line":301,"column":46}}],"line":301},"22":{"loc":{"start":{"line":302,"column":21},"end":{"line":302,"column":46}},"type":"binary-expr","locations":[{"start":{"line":302,"column":21},"end":{"line":302,"column":41}},{"start":{"line":302,"column":45},"end":{"line":302,"column":46}}],"line":302},"23":{"loc":{"start":{"line":303,"column":18},"end":{"line":303,"column":40}},"type":"binary-expr","locations":[{"start":{"line":303,"column":18},"end":{"line":303,"column":35}},{"start":{"line":303,"column":39},"end":{"line":303,"column":40}}],"line":303},"24":{"loc":{"start":{"line":328,"column":19},"end":{"line":328,"column":38}},"type":"binary-expr","locations":[{"start":{"line":328,"column":19},"end":{"line":328,"column":33}},{"start":{"line":328,"column":37},"end":{"line":328,"column":38}}],"line":328},"25":{"loc":{"start":{"line":329,"column":18},"end":{"line":329,"column":36}},"type":"binary-expr","locations":[{"start":{"line":329,"column":18},"end":{"line":329,"column":31}},{"start":{"line":329,"column":35},"end":{"line":329,"column":36}}],"line":329},"26":{"loc":{"start":{"line":330,"column":22},"end":{"line":330,"column":44}},"type":"binary-expr","locations":[{"start":{"line":330,"column":22},"end":{"line":330,"column":39}},{"start":{"line":330,"column":43},"end":{"line":330,"column":44}}],"line":330},"27":{"loc":{"start":{"line":331,"column":20},"end":{"line":331,"column":97}},"type":"cond-expr","locations":[{"start":{"line":331,"column":40},"end":{"line":331,"column":93}},{"start":{"line":331,"column":96},"end":{"line":331,"column":97}}],"line":331},"28":{"loc":{"start":{"line":332,"column":16},"end":{"line":332,"column":32}},"type":"binary-expr","locations":[{"start":{"line":332,"column":16},"end":{"line":332,"column":27}},{"start":{"line":332,"column":31},"end":{"line":332,"column":32}}],"line":332},"29":{"loc":{"start":{"line":364,"column":16},"end":{"line":364,"column":45}},"type":"binary-expr","locations":[{"start":{"line":364,"column":16},"end":{"line":364,"column":29}},{"start":{"line":364,"column":33},"end":{"line":364,"column":45}}],"line":364},"30":{"loc":{"start":{"line":402,"column":4},"end":{"line":402,"column":72}},"type":"if","locations":[{"start":{"line":402,"column":4},"end":{"line":402,"column":72}},{"start":{},"end":{}}],"line":402},"31":{"loc":{"start":{"line":404,"column":4},"end":{"line":406,"column":5}},"type":"if","locations":[{"start":{"line":404,"column":4},"end":{"line":406,"column":5}},{"start":{},"end":{}}],"line":404},"32":{"loc":{"start":{"line":431,"column":4},"end":{"line":433,"column":5}},"type":"if","locations":[{"start":{"line":431,"column":4},"end":{"line":433,"column":5}},{"start":{},"end":{}}],"line":431},"33":{"loc":{"start":{"line":431,"column":8},"end":{"line":431,"column":44}},"type":"binary-expr","locations":[{"start":{"line":431,"column":8},"end":{"line":431,"column":18}},{"start":{"line":431,"column":22},"end":{"line":431,"column":33}},{"start":{"line":431,"column":37},"end":{"line":431,"column":44}}],"line":431},"34":{"loc":{"start":{"line":435,"column":4},"end":{"line":458,"column":5}},"type":"if","locations":[{"start":{"line":435,"column":4},"end":{"line":458,"column":5}},{"start":{"line":450,"column":11},"end":{"line":458,"column":5}}],"line":435},"35":{"loc":{"start":{"line":441,"column":6},"end":{"line":443,"column":7}},"type":"if","locations":[{"start":{"line":441,"column":6},"end":{"line":443,"column":7}},{"start":{},"end":{}}],"line":441},"36":{"loc":{"start":{"line":450,"column":11},"end":{"line":458,"column":5}},"type":"if","locations":[{"start":{"line":450,"column":11},"end":{"line":458,"column":5}},{"start":{"line":456,"column":11},"end":{"line":458,"column":5}}],"line":450}},"s":{"0":10,"1":10,"2":10,"3":10,"4":10,"5":1,"6":1,"7":1,"8":0,"9":10,"10":1,"11":1,"12":1,"13":1,"14":1,"15":1,"16":18,"17":52,"18":1,"19":0,"20":10,"21":1,"22":1,"23":1,"24":4,"25":4,"26":4,"27":4,"28":4,"29":1,"30":0,"31":10,"32":1,"33":1,"34":1,"35":0,"36":10,"37":5,"38":5,"39":5,"40":5,"41":1,"42":1,"43":1,"44":1,"45":1,"46":1,"47":1,"48":1,"49":1,"50":4,"51":4,"52":0,"53":4,"54":4,"55":33,"56":206,"57":206,"58":5,"59":206,"60":127,"61":206,"62":4,"63":4,"64":4,"65":4,"66":0,"67":10,"68":2,"69":2,"70":2,"71":2,"72":2,"73":2,"74":2,"75":2,"76":2,"77":2,"78":2,"79":2,"80":2,"81":2,"82":2,"83":2,"84":8,"85":8,"86":2,"87":2,"88":2,"89":2,"90":8,"91":2,"92":2,"93":6,"94":2,"95":0,"96":10,"97":1,"98":1,"99":1,"100":0,"101":10,"102":2,"103":2,"104":2,"105":2,"106":1,"107":1,"108":0,"109":1,"110":1,"111":0,"112":10,"113":4,"114":4,"115":4,"116":1,"117":3,"118":1,"119":1,"120":0,"121":1,"122":0,"123":2,"124":1,"125":1,"126":1,"127":1,"128":10},"f":{"0":1,"1":1,"2":18,"3":52,"4":1,"5":4,"6":1,"7":5,"8":33,"9":206,"10":2,"11":8,"12":8,"13":8,"14":6,"15":2,"16":1,"17":2,"18":4},"b":{"0":[4,2],"1":[4,2],"2":[2,2],"3":[1,1,1,1,1],"4":[0,4],"5":[5,201],"6":[206,201],"7":[127,79],"8":[2,0],"9":[0,2],"10":[0,2],"11":[0,2],"12":[0,2],"13":[2,0],"14":[2,0],"15":[2,0],"16":[2,0],"17":[2,0],"18":[2,0],"19":[8,8],"20":[2,0],"21":[2,0],"22":[2,0],"23":[2,0],"24":[8,4],"25":[8,4],"26":[8,0],"27":[4,4],"28":[8,6],"29":[2,0],"30":[1,1],"31":[0,1],"32":[1,3],"33":[4,3,3],"34":[1,2],"35":[0,1],"36":[1,1]},"_coverageSchema":"1a1c01bbd47fc00a2c39e90264f33305004495a9","hash":"3f3735fe7b807b5d9f8d0f61c40d71673ac339b2"}
,"D:\\MCA\\accoclite\\Internhub\\backend\\src\\routes\\auth.js": {"path":"D:\\MCA\\accoclite\\Internhub\\backend\\src\\routes\\auth.js","statementMap":{"0":{"start":{"line":1,"column":16},"end":{"line":1,"column":34}},"1":{"start":{"line":2,"column":15},"end":{"line":2,"column":31}},"2":{"start":{"line":3,"column":12},"end":{"line":3,"column":35}},"3":{"start":{"line":4,"column":15},"end":{"line":4,"column":34}},"4":{"start":{"line":5,"column":13},"end":{"line":5,"column":36}},"5":{"start":{"line":6,"column":17},"end":{"line":6,"column":45}},"6":{"start":{"line":7,"column":25},"end":{"line":7,"column":64}},"7":{"start":{"line":8,"column":23},"end":{"line":8,"column":57}},"8":{"start":{"line":10,"column":19},"end":{"line":10,"column":66}},"9":{"start":{"line":11,"column":23},"end":{"line":11,"column":58}},"10":{"start":{"line":16,"column":0},"end":{"line":60,"column":3}},"11":{"start":{"line":17,"column":2},"end":{"line":59,"column":3}},"12":{"start":{"line":18,"column":32},"end":{"line":18,"column":40}},"13":{"start":{"line":20,"column":4},"end":{"line":25,"column":5}},"14":{"start":{"line":21,"column":27},"end":{"line":21,"column":29}},"15":{"start":{"line":22,"column":6},"end":{"line":22,"column":86}},"16":{"start":{"line":22,"column":18},"end":{"line":22,"column":86}},"17":{"start":{"line":23,"column":6},"end":{"line":23,"column":95}},"18":{"start":{"line":23,"column":21},"end":{"line":23,"column":95}},"19":{"start":{"line":24,"column":6},"end":{"line":24,"column":93}},"20":{"start":{"line":28,"column":19},"end":{"line":31,"column":5}},"21":{"start":{"line":33,"column":4},"end":{"line":35,"column":5}},"22":{"start":{"line":34,"column":6},"end":{"line":34,"column":82}},"23":{"start":{"line":37,"column":17},"end":{"line":37,"column":24}},"24":{"start":{"line":39,"column":4},"end":{"line":41,"column":5}},"25":{"start":{"line":40,"column":6},"end":{"line":40,"column":103}},"26":{"start":{"line":44,"column":20},"end":{"line":44,"column":70}},"27":{"start":{"line":45,"column":4},"end":{"line":47,"column":5}},"28":{"start":{"line":46,"column":6},"end":{"line":46,"column":82}},"29":{"start":{"line":50,"column":20},"end":{"line":50,"column":88}},"30":{"start":{"line":51,"column":18},"end":{"line":51,"column":78}},"31":{"start":{"line":54,"column":43},"end":{"line":54,"column":47}},"32":{"start":{"line":56,"column":4},"end":{"line":56,"column":81}},"33":{"start":{"line":58,"column":4},"end":{"line":58,"column":14}},"34":{"start":{"line":65,"column":0},"end":{"line":72,"column":3}},"35":{"start":{"line":66,"column":2},"end":{"line":71,"column":3}},"36":{"start":{"line":67,"column":19},"end":{"line":67,"column":45}},"37":{"start":{"line":68,"column":4},"end":{"line":68,"column":65}},"38":{"start":{"line":70,"column":4},"end":{"line":70,"column":14}},"39":{"start":{"line":77,"column":0},"end":{"line":113,"column":3}},"40":{"start":{"line":78,"column":2},"end":{"line":112,"column":3}},"41":{"start":{"line":79,"column":47},"end":{"line":79,"column":55}},"42":{"start":{"line":81,"column":4},"end":{"line":86,"column":5}},"43":{"start":{"line":82,"column":27},"end":{"line":82,"column":29}},"44":{"start":{"line":83,"column":6},"end":{"line":83,"column":119}},"45":{"start":{"line":83,"column":29},"end":{"line":83,"column":119}},"46":{"start":{"line":84,"column":6},"end":{"line":84,"column":107}},"47":{"start":{"line":84,"column":25},"end":{"line":84,"column":107}},"48":{"start":{"line":85,"column":6},"end":{"line":85,"column":93}},"49":{"start":{"line":88,"column":4},"end":{"line":90,"column":5}},"50":{"start":{"line":89,"column":6},"end":{"line":89,"column":96}},"51":{"start":{"line":93,"column":19},"end":{"line":93,"column":100}},"52":{"start":{"line":94,"column":4},"end":{"line":96,"column":5}},"53":{"start":{"line":95,"column":6},"end":{"line":95,"column":61}},"54":{"start":{"line":99,"column":20},"end":{"line":99,"column":81}},"55":{"start":{"line":100,"column":4},"end":{"line":102,"column":5}},"56":{"start":{"line":101,"column":6},"end":{"line":101,"column":86}},"57":{"start":{"line":105,"column":17},"end":{"line":105,"column":41}},"58":{"start":{"line":106,"column":27},"end":{"line":106,"column":64}},"59":{"start":{"line":107,"column":4},"end":{"line":107,"column":105}},"60":{"start":{"line":109,"column":4},"end":{"line":109,"column":71}},"61":{"start":{"line":111,"column":4},"end":{"line":111,"column":14}},"62":{"start":{"line":115,"column":0},"end":{"line":115,"column":24}}},"fnMap":{"0":{"name":"(anonymous_0)","decl":{"start":{"line":16,"column":22},"end":{"line":16,"column":23}},"loc":{"start":{"line":16,"column":48},"end":{"line":60,"column":1}},"line":16},"1":{"name":"(anonymous_1)","decl":{"start":{"line":65,"column":25},"end":{"line":65,"column":26}},"loc":{"start":{"line":65,"column":51},"end":{"line":72,"column":1}},"line":65},"2":{"name":"(anonymous_2)","decl":{"start":{"line":77,"column":45},"end":{"line":77,"column":46}},"loc":{"start":{"line":77,"column":71},"end":{"line":113,"column":1}},"line":77}},"branchMap":{"0":{"loc":{"start":{"line":10,"column":19},"end":{"line":10,"column":66}},"type":"binary-expr","locations":[{"start":{"line":10,"column":19},"end":{"line":10,"column":41}},{"start":{"line":10,"column":45},"end":{"line":10,"column":66}}],"line":10},"1":{"loc":{"start":{"line":11,"column":23},"end":{"line":11,"column":58}},"type":"binary-expr","locations":[{"start":{"line":11,"column":23},"end":{"line":11,"column":49}},{"start":{"line":11,"column":53},"end":{"line":11,"column":58}}],"line":11},"2":{"loc":{"start":{"line":20,"column":4},"end":{"line":25,"column":5}},"type":"if","locations":[{"start":{"line":20,"column":4},"end":{"line":25,"column":5}},{"start":{},"end":{}}],"line":20},"3":{"loc":{"start":{"line":20,"column":8},"end":{"line":20,"column":27}},"type":"binary-expr","locations":[{"start":{"line":20,"column":8},"end":{"line":20,"column":14}},{"start":{"line":20,"column":18},"end":{"line":20,"column":27}}],"line":20},"4":{"loc":{"start":{"line":22,"column":6},"end":{"line":22,"column":86}},"type":"if","locations":[{"start":{"line":22,"column":6},"end":{"line":22,"column":86}},{"start":{},"end":{}}],"line":22},"5":{"loc":{"start":{"line":23,"column":6},"end":{"line":23,"column":95}},"type":"if","locations":[{"start":{"line":23,"column":6},"end":{"line":23,"column":95}},{"start":{},"end":{}}],"line":23},"6":{"loc":{"start":{"line":33,"column":4},"end":{"line":35,"column":5}},"type":"if","locations":[{"start":{"line":33,"column":4},"end":{"line":35,"column":5}},{"start":{},"end":{}}],"line":33},"7":{"loc":{"start":{"line":39,"column":4},"end":{"line":41,"column":5}},"type":"if","locations":[{"start":{"line":39,"column":4},"end":{"line":41,"column":5}},{"start":{},"end":{}}],"line":39},"8":{"loc":{"start":{"line":45,"column":4},"end":{"line":47,"column":5}},"type":"if","locations":[{"start":{"line":45,"column":4},"end":{"line":47,"column":5}},{"start":{},"end":{}}],"line":45},"9":{"loc":{"start":{"line":81,"column":4},"end":{"line":86,"column":5}},"type":"if","locations":[{"start":{"line":81,"column":4},"end":{"line":86,"column":5}},{"start":{},"end":{}}],"line":81},"10":{"loc":{"start":{"line":81,"column":8},"end":{"line":81,"column":42}},"type":"binary-expr","locations":[{"start":{"line":81,"column":8},"end":{"line":81,"column":25}},{"start":{"line":81,"column":29},"end":{"line":81,"column":42}}],"line":81},"11":{"loc":{"start":{"line":83,"column":6},"end":{"line":83,"column":119}},"type":"if","locations":[{"start":{"line":83,"column":6},"end":{"line":83,"column":119}},{"start":{},"end":{}}],"line":83},"12":{"loc":{"start":{"line":84,"column":6},"end":{"line":84,"column":107}},"type":"if","locations":[{"start":{"line":84,"column":6},"end":{"line":84,"column":107}},{"start":{},"end":{}}],"line":84},"13":{"loc":{"start":{"line":88,"column":4},"end":{"line":90,"column":5}},"type":"if","locations":[{"start":{"line":88,"column":4},"end":{"line":90,"column":5}},{"start":{},"end":{}}],"line":88},"14":{"loc":{"start":{"line":94,"column":4},"end":{"line":96,"column":5}},"type":"if","locations":[{"start":{"line":94,"column":4},"end":{"line":96,"column":5}},{"start":{},"end":{}}],"line":94},"15":{"loc":{"start":{"line":100,"column":4},"end":{"line":102,"column":5}},"type":"if","locations":[{"start":{"line":100,"column":4},"end":{"line":102,"column":5}},{"start":{},"end":{}}],"line":100}},"s":{"0":10,"1":10,"2":10,"3":10,"4":10,"5":10,"6":10,"7":10,"8":10,"9":10,"10":10,"11":16,"12":16,"13":16,"14":3,"15":3,"16":2,"17":3,"18":2,"19":3,"20":13,"21":13,"22":1,"23":12,"24":12,"25":0,"26":12,"27":12,"28":12,"29":0,"30":0,"31":0,"32":0,"33":16,"34":10,"35":3,"36":3,"37":1,"38":2,"39":10,"40":0,"41":0,"42":0,"43":0,"44":0,"45":0,"46":0,"47":0,"48":0,"49":0,"50":0,"51":0,"52":0,"53":0,"54":0,"55":0,"56":0,"57":0,"58":0,"59":0,"60":0,"61":0,"62":10},"f":{"0":16,"1":3,"2":0},"b":{"0":[10,0],"1":[10,0],"2":[3,13],"3":[16,14],"4":[2,1],"5":[2,1],"6":[1,12],"7":[0,12],"8":[12,0],"9":[0,0],"10":[0,0],"11":[0,0],"12":[0,0],"13":[0,0],"14":[0,0],"15":[0,0]},"_coverageSchema":"1a1c01bbd47fc00a2c39e90264f33305004495a9","hash":"79ee06909a5ba27e606a50419bd7bcfcdb6d04c2"}
,"D:\\MCA\\accoclite\\Internhub\\backend\\src\\routes\\cohorts.js": {"path":"D:\\MCA\\accoclite\\Internhub\\backend\\src\\routes\\cohorts.js","statementMap":{"0":{"start":{"line":1,"column":16},"end":{"line":1,"column":34}},"1":{"start":{"line":2,"column":15},"end":{"line":2,"column":31}},"2":{"start":{"line":3,"column":13},"end":{"line":3,"column":36}},"3":{"start":{"line":4,"column":17},"end":{"line":4,"column":45}},"4":{"start":{"line":5,"column":36},"end":{"line":5,"column":75}},"5":{"start":{"line":6,"column":79},"end":{"line":6,"column":111}},"6":{"start":{"line":11,"column":0},"end":{"line":29,"column":3}},"7":{"start":{"line":12,"column":2},"end":{"line":28,"column":30}},"8":{"start":{"line":13,"column":39},"end":{"line":13,"column":65}},"9":{"start":{"line":14,"column":27},"end":{"line":14,"column":96}},"10":{"start":{"line":15,"column":37},"end":{"line":15,"column":76}},"11":{"start":{"line":17,"column":23},"end":{"line":17,"column":25}},"12":{"start":{"line":18,"column":19},"end":{"line":18,"column":21}},"13":{"start":{"line":19,"column":4},"end":{"line":19,"column":99}},"14":{"start":{"line":19,"column":28},"end":{"line":19,"column":59}},"15":{"start":{"line":19,"column":60},"end":{"line":19,"column":97}},"16":{"start":{"line":20,"column":24},"end":{"line":20,"column":88}},"17":{"start":{"line":22,"column":39},"end":{"line":25,"column":6}},"18":{"start":{"line":27,"column":4},"end":{"line":27,"column":91}},"19":{"start":{"line":28,"column":18},"end":{"line":28,"column":28}},"20":{"start":{"line":35,"column":0},"end":{"line":42,"column":3}},"21":{"start":{"line":36,"column":2},"end":{"line":41,"column":30}},"22":{"start":{"line":37,"column":22},"end":{"line":39,"column":5}},"23":{"start":{"line":40,"column":4},"end":{"line":40,"column":22}},"24":{"start":{"line":41,"column":18},"end":{"line":41,"column":28}},"25":{"start":{"line":44,"column":43},"end":{"line":44,"column":74}},"26":{"start":{"line":49,"column":0},"end":{"line":49,"column":63}},"27":{"start":{"line":54,"column":0},"end":{"line":65,"column":3}},"28":{"start":{"line":55,"column":2},"end":{"line":64,"column":30}},"29":{"start":{"line":56,"column":56},"end":{"line":56,"column":64}},"30":{"start":{"line":57,"column":4},"end":{"line":57,"column":138}},"31":{"start":{"line":57,"column":15},"end":{"line":57,"column":138}},"32":{"start":{"line":59,"column":21},"end":{"line":62,"column":5}},"33":{"start":{"line":63,"column":4},"end":{"line":63,"column":127}},"34":{"start":{"line":64,"column":18},"end":{"line":64,"column":28}},"35":{"start":{"line":70,"column":0},"end":{"line":70,"column":138}},"36":{"start":{"line":75,"column":0},"end":{"line":75,"column":89}},"37":{"start":{"line":80,"column":0},"end":{"line":88,"column":3}},"38":{"start":{"line":81,"column":2},"end":{"line":87,"column":30}},"39":{"start":{"line":82,"column":22},"end":{"line":85,"column":5}},"40":{"start":{"line":86,"column":4},"end":{"line":86,"column":22}},"41":{"start":{"line":87,"column":18},"end":{"line":87,"column":28}},"42":{"start":{"line":94,"column":0},"end":{"line":107,"column":3}},"43":{"start":{"line":95,"column":2},"end":{"line":106,"column":30}},"44":{"start":{"line":96,"column":26},"end":{"line":96,"column":34}},"45":{"start":{"line":97,"column":4},"end":{"line":97,"column":89}},"46":{"start":{"line":97,"column":20},"end":{"line":97,"column":89}},"47":{"start":{"line":100,"column":21},"end":{"line":100,"column":106}},"48":{"start":{"line":101,"column":4},"end":{"line":101,"column":70}},"49":{"start":{"line":101,"column":15},"end":{"line":101,"column":70}},"50":{"start":{"line":102,"column":4},"end":{"line":102,"column":96}},"51":{"start":{"line":102,"column":32},"end":{"line":102,"column":96}},"52":{"start":{"line":104,"column":4},"end":{"line":104,"column":98}},"53":{"start":{"line":105,"column":4},"end":{"line":105,"column":52}},"54":{"start":{"line":106,"column":18},"end":{"line":106,"column":28}},"55":{"start":{"line":112,"column":0},"end":{"line":121,"column":3}},"56":{"start":{"line":113,"column":2},"end":{"line":120,"column":30}},"57":{"start":{"line":114,"column":21},"end":{"line":117,"column":5}},"58":{"start":{"line":118,"column":4},"end":{"line":118,"column":101}},"59":{"start":{"line":118,"column":35},"end":{"line":118,"column":101}},"60":{"start":{"line":119,"column":4},"end":{"line":119,"column":56}},"61":{"start":{"line":120,"column":18},"end":{"line":120,"column":28}},"62":{"start":{"line":123,"column":0},"end":{"line":123,"column":24}}},"fnMap":{"0":{"name":"(anonymous_0)","decl":{"start":{"line":11,"column":30},"end":{"line":11,"column":31}},"loc":{"start":{"line":11,"column":56},"end":{"line":29,"column":1}},"line":11},"1":{"name":"(anonymous_1)","decl":{"start":{"line":35,"column":73},"end":{"line":35,"column":74}},"loc":{"start":{"line":35,"column":99},"end":{"line":42,"column":1}},"line":35},"2":{"name":"(anonymous_2)","decl":{"start":{"line":54,"column":51},"end":{"line":54,"column":52}},"loc":{"start":{"line":54,"column":77},"end":{"line":65,"column":1}},"line":54},"3":{"name":"(anonymous_3)","decl":{"start":{"line":80,"column":61},"end":{"line":80,"column":62}},"loc":{"start":{"line":80,"column":87},"end":{"line":88,"column":1}},"line":80},"4":{"name":"(anonymous_4)","decl":{"start":{"line":94,"column":62},"end":{"line":94,"column":63}},"loc":{"start":{"line":94,"column":88},"end":{"line":107,"column":1}},"line":94},"5":{"name":"(anonymous_5)","decl":{"start":{"line":112,"column":74},"end":{"line":112,"column":75}},"loc":{"start":{"line":112,"column":100},"end":{"line":121,"column":1}},"line":112}},"branchMap":{"0":{"loc":{"start":{"line":19,"column":4},"end":{"line":19,"column":99}},"type":"if","locations":[{"start":{"line":19,"column":4},"end":{"line":19,"column":99}},{"start":{},"end":{}}],"line":19},"1":{"loc":{"start":{"line":20,"column":24},"end":{"line":20,"column":88}},"type":"cond-expr","locations":[{"start":{"line":20,"column":48},"end":{"line":20,"column":83}},{"start":{"line":20,"column":86},"end":{"line":20,"column":88}}],"line":20},"2":{"loc":{"start":{"line":57,"column":4},"end":{"line":57,"column":138}},"type":"if","locations":[{"start":{"line":57,"column":4},"end":{"line":57,"column":138}},{"start":{},"end":{}}],"line":57},"3":{"loc":{"start":{"line":61,"column":13},"end":{"line":61,"column":32}},"type":"binary-expr","locations":[{"start":{"line":61,"column":13},"end":{"line":61,"column":24}},{"start":{"line":61,"column":28},"end":{"line":61,"column":32}}],"line":61},"4":{"loc":{"start":{"line":61,"column":34},"end":{"line":61,"column":52}},"type":"binary-expr","locations":[{"start":{"line":61,"column":34},"end":{"line":61,"column":44}},{"start":{"line":61,"column":48},"end":{"line":61,"column":52}}],"line":61},"5":{"loc":{"start":{"line":61,"column":54},"end":{"line":61,"column":70}},"type":"binary-expr","locations":[{"start":{"line":61,"column":54},"end":{"line":61,"column":62}},{"start":{"line":61,"column":66},"end":{"line":61,"column":70}}],"line":61},"6":{"loc":{"start":{"line":97,"column":4},"end":{"line":97,"column":89}},"type":"if","locations":[{"start":{"line":97,"column":4},"end":{"line":97,"column":89}},{"start":{},"end":{}}],"line":97},"7":{"loc":{"start":{"line":101,"column":4},"end":{"line":101,"column":70}},"type":"if","locations":[{"start":{"line":101,"column":4},"end":{"line":101,"column":70}},{"start":{},"end":{}}],"line":101},"8":{"loc":{"start":{"line":102,"column":4},"end":{"line":102,"column":96}},"type":"if","locations":[{"start":{"line":102,"column":4},"end":{"line":102,"column":96}},{"start":{},"end":{}}],"line":102},"9":{"loc":{"start":{"line":118,"column":4},"end":{"line":118,"column":101}},"type":"if","locations":[{"start":{"line":118,"column":4},"end":{"line":118,"column":101}},{"start":{},"end":{}}],"line":118}},"s":{"0":10,"1":10,"2":10,"3":10,"4":10,"5":10,"6":10,"7":0,"8":0,"9":0,"10":0,"11":0,"12":0,"13":0,"14":0,"15":0,"16":0,"17":0,"18":0,"19":0,"20":10,"21":0,"22":0,"23":0,"24":0,"25":10,"26":10,"27":10,"28":0,"29":0,"30":0,"31":0,"32":0,"33":0,"34":0,"35":10,"36":10,"37":10,"38":0,"39":0,"40":0,"41":0,"42":10,"43":0,"44":0,"45":0,"46":0,"47":0,"48":0,"49":0,"50":0,"51":0,"52":0,"53":0,"54":0,"55":10,"56":0,"57":0,"58":0,"59":0,"60":0,"61":0,"62":10},"f":{"0":0,"1":0,"2":0,"3":0,"4":0,"5":0},"b":{"0":[0,0],"1":[0,0],"2":[0,0],"3":[0,0],"4":[0,0],"5":[0,0],"6":[0,0],"7":[0,0],"8":[0,0],"9":[0,0]},"_coverageSchema":"1a1c01bbd47fc00a2c39e90264f33305004495a9","hash":"207ea1e1f2e4da3430cd6d49fadb5b1545aaf2e1"}
,"D:\\MCA\\accoclite\\Internhub\\backend\\src\\routes\\evaluations.js": {"path":"D:\\MCA\\accoclite\\Internhub\\backend\\src\\routes\\evaluations.js","statementMap":{"0":{"start":{"line":1,"column":16},"end":{"line":1,"column":34}},"1":{"start":{"line":2,"column":15},"end":{"line":2,"column":31}},"2":{"start":{"line":3,"column":13},"end":{"line":3,"column":36}},"3":{"start":{"line":4,"column":17},"end":{"line":4,"column":45}},"4":{"start":{"line":5,"column":36},"end":{"line":5,"column":75}},"5":{"start":{"line":6,"column":47},"end":{"line":6,"column":79}},"6":{"start":{"line":9,"column":22},"end":{"line":15,"column":1}},"7":{"start":{"line":20,"column":0},"end":{"line":38,"column":3}},"8":{"start":{"line":21,"column":2},"end":{"line":37,"column":30}},"9":{"start":{"line":22,"column":39},"end":{"line":22,"column":65}},"10":{"start":{"line":24,"column":23},"end":{"line":24,"column":25}},"11":{"start":{"line":24,"column":42},"end":{"line":24,"column":44}},"12":{"start":{"line":25,"column":4},"end":{"line":25,"column":114}},"13":{"start":{"line":25,"column":35},"end":{"line":25,"column":74}},"14":{"start":{"line":25,"column":75},"end":{"line":25,"column":112}},"15":{"start":{"line":26,"column":4},"end":{"line":26,"column":105}},"16":{"start":{"line":26,"column":32},"end":{"line":26,"column":68}},"17":{"start":{"line":26,"column":69},"end":{"line":26,"column":103}},"18":{"start":{"line":28,"column":18},"end":{"line":28,"column":82}},"19":{"start":{"line":30,"column":43},"end":{"line":34,"column":6}},"20":{"start":{"line":36,"column":4},"end":{"line":36,"column":95}},"21":{"start":{"line":37,"column":18},"end":{"line":37,"column":28}},"22":{"start":{"line":40,"column":0},"end":{"line":49,"column":3}},"23":{"start":{"line":41,"column":2},"end":{"line":48,"column":30}},"24":{"start":{"line":42,"column":19},"end":{"line":45,"column":5}},"25":{"start":{"line":46,"column":4},"end":{"line":46,"column":88}},"26":{"start":{"line":46,"column":27},"end":{"line":46,"column":88}},"27":{"start":{"line":47,"column":4},"end":{"line":47,"column":34}},"28":{"start":{"line":48,"column":18},"end":{"line":48,"column":28}},"29":{"start":{"line":55,"column":2},"end":{"line":61,"column":3}},"30":{"start":{"line":56,"column":25},"end":{"line":56,"column":27}},"31":{"start":{"line":57,"column":4},"end":{"line":57,"column":108}},"32":{"start":{"line":57,"column":24},"end":{"line":57,"column":108}},"33":{"start":{"line":58,"column":4},"end":{"line":58,"column":99}},"34":{"start":{"line":58,"column":21},"end":{"line":58,"column":99}},"35":{"start":{"line":59,"column":4},"end":{"line":59,"column":97}},"36":{"start":{"line":59,"column":29},"end":{"line":59,"column":97}},"37":{"start":{"line":60,"column":4},"end":{"line":60,"column":91}},"38":{"start":{"line":68,"column":111},"end":{"line":68,"column":115}},"39":{"start":{"line":69,"column":2},"end":{"line":69,"column":164}},"40":{"start":{"line":76,"column":21},"end":{"line":76,"column":47}},"41":{"start":{"line":77,"column":2},"end":{"line":87,"column":3}},"42":{"start":{"line":78,"column":4},"end":{"line":78,"column":40}},"43":{"start":{"line":79,"column":19},"end":{"line":79,"column":45}},"44":{"start":{"line":80,"column":4},"end":{"line":80,"column":30}},"45":{"start":{"line":81,"column":4},"end":{"line":81,"column":18}},"46":{"start":{"line":83,"column":4},"end":{"line":83,"column":32}},"47":{"start":{"line":84,"column":4},"end":{"line":84,"column":14}},"48":{"start":{"line":86,"column":4},"end":{"line":86,"column":25}},"49":{"start":{"line":90,"column":0},"end":{"line":108,"column":3}},"50":{"start":{"line":91,"column":2},"end":{"line":107,"column":30}},"51":{"start":{"line":92,"column":4},"end":{"line":92,"column":33}},"52":{"start":{"line":93,"column":42},"end":{"line":93,"column":50}},"53":{"start":{"line":95,"column":21},"end":{"line":104,"column":6}},"54":{"start":{"line":96,"column":23},"end":{"line":101,"column":7}},"55":{"start":{"line":102,"column":6},"end":{"line":102,"column":137}},"56":{"start":{"line":103,"column":6},"end":{"line":103,"column":29}},"57":{"start":{"line":106,"column":4},"end":{"line":106,"column":126}},"58":{"start":{"line":107,"column":18},"end":{"line":107,"column":28}},"59":{"start":{"line":110,"column":0},"end":{"line":127,"column":3}},"60":{"start":{"line":111,"column":2},"end":{"line":126,"column":30}},"61":{"start":{"line":112,"column":4},"end":{"line":112,"column":33}},"62":{"start":{"line":113,"column":42},"end":{"line":113,"column":50}},"63":{"start":{"line":115,"column":4},"end":{"line":123,"column":7}},"64":{"start":{"line":116,"column":23},"end":{"line":121,"column":7}},"65":{"start":{"line":122,"column":6},"end":{"line":122,"column":98}},"66":{"start":{"line":122,"column":37},"end":{"line":122,"column":98}},"67":{"start":{"line":125,"column":4},"end":{"line":125,"column":73}},"68":{"start":{"line":126,"column":18},"end":{"line":126,"column":28}},"69":{"start":{"line":129,"column":0},"end":{"line":135,"column":3}},"70":{"start":{"line":130,"column":2},"end":{"line":134,"column":30}},"71":{"start":{"line":131,"column":21},"end":{"line":131,"column":96}},"72":{"start":{"line":132,"column":4},"end":{"line":132,"column":96}},"73":{"start":{"line":132,"column":35},"end":{"line":132,"column":96}},"74":{"start":{"line":133,"column":4},"end":{"line":133,"column":27}},"75":{"start":{"line":134,"column":18},"end":{"line":134,"column":28}},"76":{"start":{"line":137,"column":0},"end":{"line":137,"column":24}}},"fnMap":{"0":{"name":"(anonymous_0)","decl":{"start":{"line":20,"column":30},"end":{"line":20,"column":31}},"loc":{"start":{"line":20,"column":56},"end":{"line":38,"column":1}},"line":20},"1":{"name":"(anonymous_1)","decl":{"start":{"line":40,"column":33},"end":{"line":40,"column":34}},"loc":{"start":{"line":40,"column":59},"end":{"line":49,"column":1}},"line":40},"2":{"name":"validateEvalFields","decl":{"start":{"line":54,"column":9},"end":{"line":54,"column":27}},"loc":{"start":{"line":54,"column":66},"end":{"line":62,"column":1}},"line":54},"3":{"name":"evalColumnValues","decl":{"start":{"line":67,"column":9},"end":{"line":67,"column":25}},"loc":{"start":{"line":67,"column":32},"end":{"line":70,"column":1}},"line":67},"4":{"name":"withTransaction","decl":{"start":{"line":75,"column":15},"end":{"line":75,"column":30}},"loc":{"start":{"line":75,"column":41},"end":{"line":88,"column":1}},"line":75},"5":{"name":"(anonymous_5)","decl":{"start":{"line":90,"column":62},"end":{"line":90,"column":63}},"loc":{"start":{"line":90,"column":88},"end":{"line":108,"column":1}},"line":90},"6":{"name":"(anonymous_6)","decl":{"start":{"line":95,"column":43},"end":{"line":95,"column":44}},"loc":{"start":{"line":95,"column":59},"end":{"line":104,"column":5}},"line":95},"7":{"name":"(anonymous_7)","decl":{"start":{"line":110,"column":64},"end":{"line":110,"column":65}},"loc":{"start":{"line":110,"column":90},"end":{"line":127,"column":1}},"line":110},"8":{"name":"(anonymous_8)","decl":{"start":{"line":115,"column":26},"end":{"line":115,"column":27}},"loc":{"start":{"line":115,"column":42},"end":{"line":123,"column":5}},"line":115},"9":{"name":"(anonymous_9)","decl":{"start":{"line":129,"column":56},"end":{"line":129,"column":57}},"loc":{"start":{"line":129,"column":82},"end":{"line":135,"column":1}},"line":129}},"branchMap":{"0":{"loc":{"start":{"line":25,"column":4},"end":{"line":25,"column":114}},"type":"if","locations":[{"start":{"line":25,"column":4},"end":{"line":25,"column":114}},{"start":{},"end":{}}],"line":25},"1":{"loc":{"start":{"line":26,"column":4},"end":{"line":26,"column":105}},"type":"if","locations":[{"start":{"line":26,"column":4},"end":{"line":26,"column":105}},{"start":{},"end":{}}],"line":26},"2":{"loc":{"start":{"line":28,"column":18},"end":{"line":28,"column":82}},"type":"cond-expr","locations":[{"start":{"line":28,"column":42},"end":{"line":28,"column":77}},{"start":{"line":28,"column":80},"end":{"line":28,"column":82}}],"line":28},"3":{"loc":{"start":{"line":46,"column":4},"end":{"line":46,"column":88}},"type":"if","locations":[{"start":{"line":46,"column":4},"end":{"line":46,"column":88}},{"start":{},"end":{}}],"line":46},"4":{"loc":{"start":{"line":55,"column":2},"end":{"line":61,"column":3}},"type":"if","locations":[{"start":{"line":55,"column":2},"end":{"line":61,"column":3}},{"start":{},"end":{}}],"line":55},"5":{"loc":{"start":{"line":55,"column":6},"end":{"line":55,"column":58}},"type":"binary-expr","locations":[{"start":{"line":55,"column":6},"end":{"line":55,"column":20}},{"start":{"line":55,"column":24},"end":{"line":55,"column":35}},{"start":{"line":55,"column":39},"end":{"line":55,"column":58}}],"line":55},"6":{"loc":{"start":{"line":57,"column":4},"end":{"line":57,"column":108}},"type":"if","locations":[{"start":{"line":57,"column":4},"end":{"line":57,"column":108}},{"start":{},"end":{}}],"line":57},"7":{"loc":{"start":{"line":58,"column":4},"end":{"line":58,"column":99}},"type":"if","locations":[{"start":{"line":58,"column":4},"end":{"line":58,"column":99}},{"start":{},"end":{}}],"line":58},"8":{"loc":{"start":{"line":59,"column":4},"end":{"line":59,"column":97}},"type":"if","locations":[{"start":{"line":59,"column":4},"end":{"line":59,"column":97}},{"start":{},"end":{}}],"line":59},"9":{"loc":{"start":{"line":69,"column":10},"end":{"line":69,"column":30}},"type":"binary-expr","locations":[{"start":{"line":69,"column":10},"end":{"line":69,"column":22}},{"start":{"line":69,"column":26},"end":{"line":69,"column":30}}],"line":69},"10":{"loc":{"start":{"line":69,"column":32},"end":{"line":69,"column":53}},"type":"binary-expr","locations":[{"start":{"line":69,"column":32},"end":{"line":69,"column":45}},{"start":{"line":69,"column":49},"end":{"line":69,"column":53}}],"line":69},"11":{"loc":{"start":{"line":69,"column":55},"end":{"line":69,"column":76}},"type":"binary-expr","locations":[{"start":{"line":69,"column":55},"end":{"line":69,"column":68}},{"start":{"line":69,"column":72},"end":{"line":69,"column":76}}],"line":69},"12":{"loc":{"start":{"line":69,"column":78},"end":{"line":69,"column":96}},"type":"binary-expr","locations":[{"start":{"line":69,"column":78},"end":{"line":69,"column":88}},{"start":{"line":69,"column":92},"end":{"line":69,"column":96}}],"line":69},"13":{"loc":{"start":{"line":69,"column":105},"end":{"line":69,"column":121}},"type":"binary-expr","locations":[{"start":{"line":69,"column":105},"end":{"line":69,"column":113}},{"start":{"line":69,"column":117},"end":{"line":69,"column":121}}],"line":69},"14":{"loc":{"start":{"line":69,"column":123},"end":{"line":69,"column":140}},"type":"binary-expr","locations":[{"start":{"line":69,"column":123},"end":{"line":69,"column":132}},{"start":{"line":69,"column":136},"end":{"line":69,"column":140}}],"line":69},"15":{"loc":{"start":{"line":69,"column":142},"end":{"line":69,"column":162}},"type":"binary-expr","locations":[{"start":{"line":69,"column":142},"end":{"line":69,"column":154}},{"start":{"line":69,"column":158},"end":{"line":69,"column":162}}],"line":69},"16":{"loc":{"start":{"line":122,"column":6},"end":{"line":122,"column":98}},"type":"if","locations":[{"start":{"line":122,"column":6},"end":{"line":122,"column":98}},{"start":{},"end":{}}],"line":122},"17":{"loc":{"start":{"line":132,"column":4},"end":{"line":132,"column":96}},"type":"if","locations":[{"start":{"line":132,"column":4},"end":{"line":132,"column":96}},{"start":{},"end":{}}],"line":132}},"s":{"0":10,"1":10,"2":10,"3":10,"4":10,"5":10,"6":10,"7":10,"8":1,"9":1,"10":1,"11":1,"12":1,"13":1,"14":1,"15":1,"16":1,"17":1,"18":1,"19":1,"20":1,"21":0,"22":10,"23":1,"24":1,"25":1,"26":1,"27":0,"28":1,"29":6,"30":6,"31":6,"32":6,"33":6,"34":2,"35":6,"36":1,"37":6,"38":0,"39":0,"40":0,"41":0,"42":0,"43":0,"44":0,"45":0,"46":0,"47":0,"48":0,"49":10,"50":4,"51":4,"52":0,"53":0,"54":0,"55":0,"56":0,"57":0,"58":4,"59":10,"60":2,"61":2,"62":0,"63":0,"64":0,"65":0,"66":0,"67":0,"68":2,"69":10,"70":2,"71":2,"72":2,"73":2,"74":0,"75":2,"76":10},"f":{"0":1,"1":1,"2":6,"3":0,"4":0,"5":4,"6":0,"7":2,"8":0,"9":2},"b":{"0":[1,0],"1":[1,0],"2":[1,0],"3":[1,0],"4":[6,0],"5":[6,0,0],"6":[6,0],"7":[2,4],"8":[1,5],"9":[0,0],"10":[0,0],"11":[0,0],"12":[0,0],"13":[0,0],"14":[0,0],"15":[0,0],"16":[0,0],"17":[2,0]},"_coverageSchema":"1a1c01bbd47fc00a2c39e90264f33305004495a9","hash":"b7d2b59906be510c7a634fca9ea123fccd026871"}
,"D:\\MCA\\accoclite\\Internhub\\backend\\src\\routes\\intern.js": {"path":"D:\\MCA\\accoclite\\Internhub\\backend\\src\\routes\\intern.js","statementMap":{"0":{"start":{"line":1,"column":16},"end":{"line":1,"column":34}},"1":{"start":{"line":2,"column":15},"end":{"line":2,"column":31}},"2":{"start":{"line":3,"column":13},"end":{"line":3,"column":36}},"3":{"start":{"line":4,"column":36},"end":{"line":4,"column":75}},"4":{"start":{"line":10,"column":0},"end":{"line":69,"column":3}},"5":{"start":{"line":11,"column":2},"end":{"line":68,"column":3}},"6":{"start":{"line":12,"column":21},"end":{"line":12,"column":32}},"7":{"start":{"line":15,"column":23},"end":{"line":22,"column":18}},"8":{"start":{"line":24,"column":4},"end":{"line":26,"column":5}},"9":{"start":{"line":25,"column":6},"end":{"line":25,"column":73}},"10":{"start":{"line":29,"column":19},"end":{"line":29,"column":21}},"11":{"start":{"line":30,"column":4},"end":{"line":39,"column":5}},"12":{"start":{"line":31,"column":28},"end":{"line":37,"column":28}},"13":{"start":{"line":38,"column":6},"end":{"line":38,"column":29}},"14":{"start":{"line":42,"column":4},"end":{"line":51,"column":5}},"15":{"start":{"line":43,"column":32},"end":{"line":49,"column":28}},"16":{"start":{"line":50,"column":6},"end":{"line":50,"column":33}},"17":{"start":{"line":53,"column":4},"end":{"line":65,"column":7}},"18":{"start":{"line":63,"column":35},"end":{"line":63,"column":77}},"19":{"start":{"line":67,"column":4},"end":{"line":67,"column":14}},"20":{"start":{"line":71,"column":0},"end":{"line":71,"column":24}}},"fnMap":{"0":{"name":"(anonymous_0)","decl":{"start":{"line":10,"column":58},"end":{"line":10,"column":59}},"loc":{"start":{"line":10,"column":84},"end":{"line":69,"column":1}},"line":10},"1":{"name":"(anonymous_1)","decl":{"start":{"line":63,"column":29},"end":{"line":63,"column":30}},"loc":{"start":{"line":63,"column":35},"end":{"line":63,"column":77}},"line":63}},"branchMap":{"0":{"loc":{"start":{"line":24,"column":4},"end":{"line":26,"column":5}},"type":"if","locations":[{"start":{"line":24,"column":4},"end":{"line":26,"column":5}},{"start":{},"end":{}}],"line":24},"1":{"loc":{"start":{"line":30,"column":4},"end":{"line":39,"column":5}},"type":"if","locations":[{"start":{"line":30,"column":4},"end":{"line":39,"column":5}},{"start":{},"end":{}}],"line":30},"2":{"loc":{"start":{"line":42,"column":4},"end":{"line":51,"column":5}},"type":"if","locations":[{"start":{"line":42,"column":4},"end":{"line":51,"column":5}},{"start":{},"end":{}}],"line":42},"3":{"loc":{"start":{"line":42,"column":8},"end":{"line":42,"column":49}},"type":"binary-expr","locations":[{"start":{"line":42,"column":8},"end":{"line":42,"column":29}},{"start":{"line":42,"column":33},"end":{"line":42,"column":49}}],"line":42},"4":{"loc":{"start":{"line":59,"column":19},"end":{"line":59,"column":45}},"type":"binary-expr","locations":[{"start":{"line":59,"column":19},"end":{"line":59,"column":37}},{"start":{"line":59,"column":41},"end":{"line":59,"column":45}}],"line":59},"5":{"loc":{"start":{"line":60,"column":21},"end":{"line":60,"column":49}},"type":"binary-expr","locations":[{"start":{"line":60,"column":21},"end":{"line":60,"column":41}},{"start":{"line":60,"column":45},"end":{"line":60,"column":49}}],"line":60},"6":{"loc":{"start":{"line":61,"column":20},"end":{"line":61,"column":47}},"type":"binary-expr","locations":[{"start":{"line":61,"column":20},"end":{"line":61,"column":39}},{"start":{"line":61,"column":43},"end":{"line":61,"column":47}}],"line":61},"7":{"loc":{"start":{"line":62,"column":18},"end":{"line":62,"column":43}},"type":"binary-expr","locations":[{"start":{"line":62,"column":18},"end":{"line":62,"column":35}},{"start":{"line":62,"column":39},"end":{"line":62,"column":43}}],"line":62}},"s":{"0":10,"1":10,"2":10,"3":10,"4":10,"5":0,"6":0,"7":0,"8":0,"9":0,"10":0,"11":0,"12":0,"13":0,"14":0,"15":0,"16":0,"17":0,"18":0,"19":0,"20":10},"f":{"0":0,"1":0},"b":{"0":[0,0],"1":[0,0],"2":[0,0],"3":[0,0],"4":[0,0],"5":[0,0],"6":[0,0],"7":[0,0]},"_coverageSchema":"1a1c01bbd47fc00a2c39e90264f33305004495a9","hash":"7f54f7123eb834c92cf65c5ebbd5eaf120598a76"}
,"D:\\MCA\\accoclite\\Internhub\\backend\\src\\routes\\projects.js": {"path":"D:\\MCA\\accoclite\\Internhub\\backend\\src\\routes\\projects.js","statementMap":{"0":{"start":{"line":1,"column":16},"end":{"line":1,"column":34}},"1":{"start":{"line":2,"column":15},"end":{"line":2,"column":31}},"2":{"start":{"line":3,"column":13},"end":{"line":3,"column":36}},"3":{"start":{"line":4,"column":17},"end":{"line":4,"column":45}},"4":{"start":{"line":5,"column":36},"end":{"line":5,"column":75}},"5":{"start":{"line":6,"column":79},"end":{"line":6,"column":111}},"6":{"start":{"line":11,"column":0},"end":{"line":29,"column":3}},"7":{"start":{"line":12,"column":2},"end":{"line":28,"column":30}},"8":{"start":{"line":13,"column":39},"end":{"line":13,"column":65}},"9":{"start":{"line":14,"column":37},"end":{"line":14,"column":104}},"10":{"start":{"line":16,"column":23},"end":{"line":16,"column":25}},"11":{"start":{"line":16,"column":42},"end":{"line":16,"column":44}},"12":{"start":{"line":17,"column":4},"end":{"line":17,"column":100}},"13":{"start":{"line":17,"column":31},"end":{"line":17,"column":64}},"14":{"start":{"line":17,"column":65},"end":{"line":17,"column":98}},"15":{"start":{"line":18,"column":4},"end":{"line":18,"column":103}},"16":{"start":{"line":18,"column":32},"end":{"line":18,"column":66}},"17":{"start":{"line":18,"column":67},"end":{"line":18,"column":101}},"18":{"start":{"line":19,"column":4},"end":{"line":19,"column":100}},"19":{"start":{"line":19,"column":28},"end":{"line":19,"column":60}},"20":{"start":{"line":19,"column":61},"end":{"line":19,"column":98}},"21":{"start":{"line":20,"column":18},"end":{"line":20,"column":82}},"22":{"start":{"line":22,"column":40},"end":{"line":25,"column":6}},"23":{"start":{"line":27,"column":4},"end":{"line":27,"column":92}},"24":{"start":{"line":28,"column":18},"end":{"line":28,"column":28}},"25":{"start":{"line":31,"column":43},"end":{"line":31,"column":74}},"26":{"start":{"line":33,"column":0},"end":{"line":33,"column":65}},"27":{"start":{"line":35,"column":0},"end":{"line":50,"column":3}},"28":{"start":{"line":36,"column":2},"end":{"line":49,"column":30}},"29":{"start":{"line":37,"column":58},"end":{"line":37,"column":66}},"30":{"start":{"line":38,"column":4},"end":{"line":43,"column":5}},"31":{"start":{"line":39,"column":27},"end":{"line":39,"column":29}},"32":{"start":{"line":40,"column":6},"end":{"line":40,"column":86}},"33":{"start":{"line":40,"column":18},"end":{"line":40,"column":86}},"34":{"start":{"line":41,"column":6},"end":{"line":41,"column":98}},"35":{"start":{"line":41,"column":22},"end":{"line":41,"column":98}},"36":{"start":{"line":42,"column":6},"end":{"line":42,"column":93}},"37":{"start":{"line":44,"column":21},"end":{"line":47,"column":5}},"38":{"start":{"line":48,"column":4},"end":{"line":48,"column":130}},"39":{"start":{"line":49,"column":18},"end":{"line":49,"column":28}},"40":{"start":{"line":52,"column":0},"end":{"line":52,"column":142}},"41":{"start":{"line":54,"column":0},"end":{"line":54,"column":91}},"42":{"start":{"line":56,"column":0},"end":{"line":56,"column":24}}},"fnMap":{"0":{"name":"(anonymous_0)","decl":{"start":{"line":11,"column":30},"end":{"line":11,"column":31}},"loc":{"start":{"line":11,"column":56},"end":{"line":29,"column":1}},"line":11},"1":{"name":"(anonymous_1)","decl":{"start":{"line":35,"column":51},"end":{"line":35,"column":52}},"loc":{"start":{"line":35,"column":77},"end":{"line":50,"column":1}},"line":35}},"branchMap":{"0":{"loc":{"start":{"line":17,"column":4},"end":{"line":17,"column":100}},"type":"if","locations":[{"start":{"line":17,"column":4},"end":{"line":17,"column":100}},{"start":{},"end":{}}],"line":17},"1":{"loc":{"start":{"line":18,"column":4},"end":{"line":18,"column":103}},"type":"if","locations":[{"start":{"line":18,"column":4},"end":{"line":18,"column":103}},{"start":{},"end":{}}],"line":18},"2":{"loc":{"start":{"line":19,"column":4},"end":{"line":19,"column":100}},"type":"if","locations":[{"start":{"line":19,"column":4},"end":{"line":19,"column":100}},{"start":{},"end":{}}],"line":19},"3":{"loc":{"start":{"line":20,"column":18},"end":{"line":20,"column":82}},"type":"cond-expr","locations":[{"start":{"line":20,"column":42},"end":{"line":20,"column":77}},{"start":{"line":20,"column":80},"end":{"line":20,"column":82}}],"line":20},"4":{"loc":{"start":{"line":38,"column":4},"end":{"line":43,"column":5}},"type":"if","locations":[{"start":{"line":38,"column":4},"end":{"line":43,"column":5}},{"start":{},"end":{}}],"line":38},"5":{"loc":{"start":{"line":38,"column":8},"end":{"line":38,"column":28}},"type":"binary-expr","locations":[{"start":{"line":38,"column":8},"end":{"line":38,"column":14}},{"start":{"line":38,"column":18},"end":{"line":38,"column":28}}],"line":38},"6":{"loc":{"start":{"line":40,"column":6},"end":{"line":40,"column":86}},"type":"if","locations":[{"start":{"line":40,"column":6},"end":{"line":40,"column":86}},{"start":{},"end":{}}],"line":40},"7":{"loc":{"start":{"line":41,"column":6},"end":{"line":41,"column":98}},"type":"if","locations":[{"start":{"line":41,"column":6},"end":{"line":41,"column":98}},{"start":{},"end":{}}],"line":41},"8":{"loc":{"start":{"line":46,"column":14},"end":{"line":46,"column":33}},"type":"binary-expr","locations":[{"start":{"line":46,"column":14},"end":{"line":46,"column":25}},{"start":{"line":46,"column":29},"end":{"line":46,"column":33}}],"line":46},"9":{"loc":{"start":{"line":46,"column":46},"end":{"line":46,"column":64}},"type":"binary-expr","locations":[{"start":{"line":46,"column":46},"end":{"line":46,"column":56}},{"start":{"line":46,"column":60},"end":{"line":46,"column":64}}],"line":46}},"s":{"0":10,"1":10,"2":10,"3":10,"4":10,"5":10,"6":10,"7":1,"8":1,"9":1,"10":1,"11":1,"12":1,"13":1,"14":1,"15":1,"16":1,"17":1,"18":1,"19":1,"20":1,"21":1,"22":1,"23":1,"24":0,"25":10,"26":10,"27":10,"28":3,"29":3,"30":3,"31":1,"32":1,"33":0,"34":1,"35":1,"36":1,"37":2,"38":1,"39":2,"40":10,"41":10,"42":10},"f":{"0":1,"1":3},"b":{"0":[1,0],"1":[1,0],"2":[1,0],"3":[1,0],"4":[1,2],"5":[3,3],"6":[0,1],"7":[1,0],"8":[2,2],"9":[2,1]},"_coverageSchema":"1a1c01bbd47fc00a2c39e90264f33305004495a9","hash":"d9fc979ffe1704d69853662f42580feb2b9a98ec"}
,"D:\\MCA\\accoclite\\Internhub\\backend\\src\\routes\\submissions.js": {"path":"D:\\MCA\\accoclite\\Internhub\\backend\\src\\routes\\submissions.js","statementMap":{"0":{"start":{"line":1,"column":16},"end":{"line":1,"column":34}},"1":{"start":{"line":2,"column":15},"end":{"line":2,"column":31}},"2":{"start":{"line":3,"column":13},"end":{"line":3,"column":36}},"3":{"start":{"line":4,"column":17},"end":{"line":4,"column":45}},"4":{"start":{"line":5,"column":36},"end":{"line":5,"column":75}},"5":{"start":{"line":6,"column":47},"end":{"line":6,"column":79}},"6":{"start":{"line":9,"column":28},"end":{"line":13,"column":1}},"7":{"start":{"line":18,"column":0},"end":{"line":37,"column":3}},"8":{"start":{"line":19,"column":2},"end":{"line":36,"column":30}},"9":{"start":{"line":20,"column":39},"end":{"line":20,"column":65}},"10":{"start":{"line":22,"column":23},"end":{"line":22,"column":25}},"11":{"start":{"line":22,"column":42},"end":{"line":22,"column":44}},"12":{"start":{"line":23,"column":4},"end":{"line":23,"column":96}},"13":{"start":{"line":23,"column":29},"end":{"line":23,"column":62}},"14":{"start":{"line":23,"column":63},"end":{"line":23,"column":94}},"15":{"start":{"line":24,"column":4},"end":{"line":24,"column":102}},"16":{"start":{"line":24,"column":31},"end":{"line":24,"column":66}},"17":{"start":{"line":24,"column":67},"end":{"line":24,"column":100}},"18":{"start":{"line":25,"column":4},"end":{"line":25,"column":93}},"19":{"start":{"line":25,"column":28},"end":{"line":25,"column":60}},"20":{"start":{"line":25,"column":61},"end":{"line":25,"column":91}},"21":{"start":{"line":27,"column":18},"end":{"line":27,"column":82}},"22":{"start":{"line":29,"column":43},"end":{"line":33,"column":6}},"23":{"start":{"line":35,"column":4},"end":{"line":35,"column":95}},"24":{"start":{"line":36,"column":18},"end":{"line":36,"column":28}},"25":{"start":{"line":39,"column":0},"end":{"line":48,"column":3}},"26":{"start":{"line":40,"column":2},"end":{"line":47,"column":30}},"27":{"start":{"line":41,"column":19},"end":{"line":44,"column":5}},"28":{"start":{"line":45,"column":4},"end":{"line":45,"column":88}},"29":{"start":{"line":45,"column":27},"end":{"line":45,"column":88}},"30":{"start":{"line":46,"column":4},"end":{"line":46,"column":34}},"31":{"start":{"line":47,"column":18},"end":{"line":47,"column":28}},"32":{"start":{"line":53,"column":0},"end":{"line":86,"column":3}},"33":{"start":{"line":54,"column":21},"end":{"line":54,"column":47}},"34":{"start":{"line":55,"column":2},"end":{"line":85,"column":3}},"35":{"start":{"line":56,"column":74},"end":{"line":56,"column":82}},"36":{"start":{"line":58,"column":4},"end":{"line":64,"column":5}},"37":{"start":{"line":59,"column":27},"e
[...]
"column":34}},"36":{"start":{"line":61,"column":4},"end":{"line":61,"column":14}},"37":{"start":{"line":68,"column":0},"end":{"line":75,"column":3}},"38":{"start":{"line":69,"column":2},"end":{"line":74,"column":3}},"39":{"start":{"line":70,"column":19},"end":{"line":70,"column":45}},"40":{"start":{"line":71,"column":4},"end":{"line":71,"column":95}},"41":{"start":{"line":73,"column":4},"end":{"line":73,"column":14}},"42":{"start":{"line":80,"column":0},"end":{"line":94,"column":3}},"43":{"start":{"line":81,"column":2},"end":{"line":93,"column":3}},"44":{"start":{"line":82,"column":35},"end":{"line":82,"column":114}},"45":{"start":{"line":84,"column":4},"end":{"line":84,"column":31}},"46":{"start":{"line":85,"column":21},"end":{"line":85,"column":105}},"47":{"start":{"line":87,"column":4},"end":{"line":87,"column":90}},"48":{"start":{"line":87,"column":35},"end":{"line":87,"column":90}},"49":{"start":{"line":89,"column":19},"end":{"line":89,"column":144}},"50":{"start":{"line":90,"column":4},"end":{"line":90,"column":34}},"51":{"start":{"line":92,"column":4},"end":{"line":92,"column":14}},"52":{"start":{"line":99,"column":0},"end":{"line":107,"column":3}},"53":{"start":{"line":100,"column":2},"end":{"line":106,"column":3}},"54":{"start":{"line":101,"column":21},"end":{"line":101,"column":90}},"55":{"start":{"line":102,"column":4},"end":{"line":102,"column":90}},"56":{"start":{"line":102,"column":35},"end":{"line":102,"column":90}},"57":{"start":{"line":103,"column":4},"end":{"line":103,"column":27}},"58":{"start":{"line":105,"column":4},"end":{"line":105,"column":14}},"59":{"start":{"line":109,"column":0},"end":{"line":109,"column":24}}},"fnMap":{"0":{"name":"(anonymous_0)","decl":{"start":{"line":13,"column":30},"end":{"line":13,"column":31}},"loc":{"start":{"line":13,"column":56},"end":{"line":47,"column":1}},"line":13},"1":{"name":"(anonymous_1)","decl":{"start":{"line":20,"column":43},"end":{"line":20,"column":44}},"loc":{"start":{"line":20,"column":48},"end":{"line":20,"column":81}},"line":20},"2":{"name":"(anonymous_2)","decl":{"start":{"line":52,"column":33},"end":{"line":52,"column":34}},"loc":{"start":{"line":52,"column":59},"end":{"line":63,"column":1}},"line":52},"3":{"name":"(anonymous_3)","decl":{"start":{"line":68,"column":51},"end":{"line":68,"column":52}},"loc":{"start":{"line":68,"column":77},"end":{"line":75,"column":1}},"line":68},"4":{"name":"(anonymous_4)","decl":{"start":{"line":80,"column":55},"end":{"line":80,"column":56}},"loc":{"start":{"line":80,"column":81},"end":{"line":94,"column":1}},"line":80},"5":{"name":"(anonymous_5)","decl":{"start":{"line":99,"column":56},"end":{"line":99,"column":57}},"loc":{"start":{"line":99,"column":82},"end":{"line":107,"column":1}},"line":99}},"branchMap":{"0":{"loc":{"start":{"line":19,"column":27},"end":{"line":21,"column":22}},"type":"cond-expr","locations":[{"start":{"line":20,"column":8},"end":{"line":20,"column":82}},{"start":{"line":21,"column":8},"end":{"line":21,"column":22}}],"line":19},"1":{"loc":{"start":{"line":23,"column":20},"end":{"line":23,"column":101}},"type":"cond-expr","locations":[{"start":{"line":23,"column":48},"end":{"line":23,"column":73}},{"start":{"line":23,"column":76},"end":{"line":23,"column":101}}],"line":23},"2":{"loc":{"start":{"line":31,"column":4},"end":{"line":31,"column":85}},"type":"if","locations":[{"start":{"line":31,"column":4},"end":{"line":31,"column":85}},{"start":{},"end":{}}],"line":31},"3":{"loc":{"start":{"line":32,"column":4},"end":{"line":32,"column":114}},"type":"if","locations":[{"start":{"line":32,"column":4},"end":{"line":32,"column":114}},{"start":{},"end":{}}],"line":32},"4":{"loc":{"start":{"line":33,"column":4},"end":{"line":33,"column":142}},"type":"if","locations":[{"start":{"line":33,"column":4},"end":{"line":33,"column":142}},{"start":{},"end":{}}],"line":33},"5":{"loc":{"start":{"line":35,"column":24},"end":{"line":35,"column":88}},"type":"cond-expr","locations":[{"start":{"line":35,"column":48},"end":{"line":35,"column":83}},{"start":{"line":35,"column":86},"end":{"line":35,"column":88}}],"line":35},"6":{"loc":{"start":{"line":58,"column":4},"end":{"line":58,"column":82}},"type":"if","locations":[{"start":{"line":58,"column":4},"end":{"line":58,"column":82}},{"start":{},"end":{}}],"line":58},"7":{"loc":{"start":{"line":87,"column":4},"end":{"line":87,"column":90}},"type":"if","locations":[{"start":{"line":87,"column":4},"end":{"line":87,"column":90}},{"start":{},"end":{}}],"line":87},"8":{"loc":{"start":{"line":102,"column":4},"end":{"line":102,"column":90}},"type":"if","locations":[{"start":{"line":102,"column":4},"end":{"line":102,"column":90}},{"start":{},"end":{}}],"line":102}},"s":{"0":10,"1":10,"2":10,"3":10,"4":10,"5":10,"6":10,"7":10,"8":0,"9":0,"10":0,"11":0,"12":0,"13":0,"14":0,"15":0,"16":0,"17":0,"18":0,"19":0,"20":0,"21":0,"22":0,"23":0,"24":0,"25":0,"26":0,"27":0,"28":0,"29":0,"30":10,"31":0,"32":0,"33":0,"34":0,"35":0,"36":0,"37":10,"38":0,"39":0,"40":0,"41":0,"42":10,"43":0,"44":0,"45":0,"46":0,"47":0,"48":0,"49":0,"50":0,"51":0,"52":10,"53":0,"54":0,"55":0,"56":0,"57":0,"58":0,"59":10},"f":{"0":0,"1":0,"2":0,"3":0,"4":0,"5":0},"b":{"0":[0,0],"1":[0,0],"2":[0,0],"3":[0,0],"4":[0,0],"5":[0,0],"6":[0,0],"7":[0,0],"8":[0,0]},"_coverageSchema":"1a1c01bbd47fc00a2c39e90264f33305004495a9","hash":"ba1ea02d14d1d5254481f2e177741b97ca35598c"}
,"D:\\MCA\\accoclite\\Internhub\\backend\\src\\services\\userService.js": {"path":"D:\\MCA\\accoclite\\Internhub\\backend\\src\\services\\userService.js","statementMap":{"0":{"start":{"line":5,"column":15},"end":{"line":5,"column":34}},"1":{"start":{"line":6,"column":13},"end":{"line":6,"column":36}},"2":{"start":{"line":7,"column":17},"end":{"line":7,"column":45}},"3":{"start":{"line":15,"column":2},"end":{"line":22,"column":3}},"4":{"start":{"line":16,"column":25},"end":{"line":16,"column":27}},"5":{"start":{"line":17,"column":4},"end":{"line":17,"column":81}},"6":{"start":{"line":17,"column":15},"end":{"line":17,"column":81}},"7":{"start":{"line":18,"column":4},"end":{"line":18,"column":84}},"8":{"start":{"line":18,"column":16},"end":{"line":18,"column":84}},"9":{"start":{"line":19,"column":4},"end":{"line":19,"column":93}},"10":{"start":{"line":19,"column":19},"end":{"line":19,"column":93}},"11":{"start":{"line":20,"column":4},"end":{"line":20,"column":81}},"12":{"start":{"line":20,"column":15},"end":{"line":20,"column":81}},"13":{"start":{"line":21,"column":4},"end":{"line":21,"column":91}},"14":{"start":{"line":31,"column":2},"end":{"line":31,"column":54}},"15":{"start":{"line":33,"column":21},"end":{"line":33,"column":88}},"16":{"start":{"line":34,"column":2},"end":{"line":36,"column":3}},"17":{"start":{"line":35,"column":4},"end":{"line":35,"column":88}},"18":{"start":{"line":38,"column":15},"end":{"line":38,"column":39}},"19":{"start":{"line":39,"column":25},"end":{"line":39,"column":58}},"20":{"start":{"line":41,"column":19},"end":{"line":44,"column":3}},"21":{"start":{"line":46,"column":2},"end":{"line":46,"column":25}},"22":{"start":{"line":49,"column":0},"end":{"line":49,"column":52}}},"fnMap":{"0":{"name":"validateUserFields","decl":{"start":{"line":14,"column":9},"end":{"line":14,"column":27}},"loc":{"start":{"line":14,"column":61},"end":{"line":23,"column":1}},"line":14},"1":{"name":"createUser","decl":{"start":{"line":30,"column":15},"end":{"line":30,"column":25}},"loc":{"start":{"line":30,"column":70},"end":{"line":47,"column":1}},"line":30}},"branchMap":{"0":{"loc":{"start":{"line":15,"column":2},"end":{"line":22,"column":3}},"type":"if","locations":[{"start":{"line":15,"column":2},"end":{"line":22,"column":3}},{"start":{},"end":{}}],"line":15},"1":{"loc":{"start":{"line":15,"column":6},"end":{"line":15,"column":43}},"type":"binary-expr","locations":[{"start":{"line":15,"column":6},"end":{"line":15,"column":11}},{"start":{"line":15,"column":15},"end":{"line":15,"column":21}},{"start":{"line":15,"column":25},"end":{"line":15,"column":34}},{"start":{"line":15,"column":38},"end":{"line":15,"column":43}}],"line":15},"2":{"loc":{"start":{"line":17,"column":4},"end":{"line":17,"column":81}},"type":"if","locations":[{"start":{"line":17,"column":4},"end":{"line":17,"column":81}},{"start":{},"end":{}}],"line":17},"3":{"loc":{"start":{"line":18,"column":4},"end":{"line":18,"column":84}},"type":"if","locations":[{"start":{"line":18,"column":4},"end":{"line":18,"column":84}},{"start":{},"end":{}}],"line":18},"4":{"loc":{"start":{"line":19,"column":4},"end":{"line":19,"column":93}},"type":"if","locations":[{"start":{"line":19,"column":4},"end":{"line":19,"column":93}},{"start":{},"end":{}}],"line":19},"5":{"loc":{"start":{"line":20,"column":4},"end":{"line":20,"column":81}},"type":"if","locations":[{"start":{"line":20,"column":4},"end":{"line":20,"column":81}},{"start":{},"end":{}}],"line":20},"6":{"loc":{"start":{"line":34,"column":2},"end":{"line":36,"column":3}},"type":"if","locations":[{"start":{"line":34,"column":2},"end":{"line":36,"column":3}},{"start":{},"end":{}}],"line":34},"7":{"loc":{"start":{"line":43,"column":40},"end":{"line":43,"column":57}},"type":"binary-expr","locations":[{"start":{"line":43,"column":40},"end":{"line":43,"column":49}},{"start":{"line":43,"column":53},"end":{"line":43,"column":57}}],"line":43}},"s":{"0":10,"1":10,"2":10,"3":3,"4":1,"5":1,"6":1,"7":1,"8":0,"9":1,"10":1,"11":1,"12":1,"13":1,"14":3,"15":2,"16":2,"17":1,"18":1,"19":1,"20":1,"21":1,"22":10},"f":{"0":3,"1":3},"b":{"0":[1,2],"1":[3,2,2,2],"2":[1,0],"3":[0,1],"4":[1,0],"5":[1,0],"6":[1,1],"7":[1,1]},"_coverageSchema":"1a1c01bbd47fc00a2c39e90264f33305004495a9","hash":"084d0cbe80d704ade1a53891a36e0f6b64ba9c7f"}
,"D:\\MCA\\accoclite\\Internhub\\backend\\src\\utils\\AppError.js": {"path":"D:\\MCA\\accoclite\\Internhub\\backend\\src\\utils\\AppError.js","statementMap":{"0":{"start":{"line":7,"column":4},"end":{"line":7,"column":19}},"1":{"start":{"line":8,"column":4},"end":{"line":8,"column":33}},"2":{"start":{"line":9,"column":4},"end":{"line":9,"column":21}},"3":{"start":{"line":10,"column":4},"end":{"line":10,"column":27}},"4":{"start":{"line":14,"column":0},"end":{"line":14,"column":26}}},"fnMap":{"0":{"name":"(anonymous_0)","decl":{"start":{"line":6,"column":2},"end":{"line":6,"column":3}},"loc":{"start":{"line":6,"column":55},"end":{"line":11,"column":3}},"line":6}},"branchMap":{"0":{"loc":{"start":{"line":6,"column":41},"end":{"line":6,"column":53}},"type":"default-arg","locations":[{"start":{"line":6,"column":51},"end":{"line":6,"column":53}}],"line":6}},"s":{"0":59,"1":59,"2":59,"3":59,"4":13},"f":{"0":59},"b":{"0":[41]},"_coverageSchema":"1a1c01bbd47fc00a2c39e90264f33305004495a9","hash":"55318124ed3e116fd672305d3db51a5c9ce74e92"}
,"D:\\MCA\\accoclite\\Internhub\\backend\\src\\utils\\crudFactory.js": {"path":"D:\\MCA\\accoclite\\Internhub\\backend\\src\\utils\\crudFactory.js","statementMap":{"0":{"start":{"line":1,"column":13},"end":{"line":1,"column":36}},"1":{"start":{"line":2,"column":17},"end":{"line":2,"column":38}},"2":{"start":{"line":3,"column":29},"end":{"line":3,"column":54}},"3":{"start":{"line":11,"column":2},"end":{"line":19,"column":4}},"4":{"start":{"line":12,"column":4},"end":{"line":18,"column":5}},"5":{"start":{"line":13,"column":21},"end":{"line":13,"column":99}},"6":{"start":{"line":14,"column":6},"end":{"line":14,"column":93}},"7":{"start":{"line":14,"column":29},"end":{"line":14,"column":93}},"8":{"start":{"line":15,"column":6},"end":{"line":15,"column":36}},"9":{"start":{"line":17,"column":6},"end":{"line":17,"column":16}},"10":{"start":{"line":29,"column":2},"end":{"line":42,"column":4}},"11":{"start":{"line":30,"column":4},"end":{"line":41,"column":5}},"12":{"start":{"line":31,"column":37},"end":{"line":31,"column":78}},"13":{"start":{"line":32,"column":6},"end":{"line":32,"column":33}},"14":{"start":{"line":34,"column":23},"end":{"line":34,"column":114}},"15":{"start":{"line":35,"column":6},"end":{"line":35,"column":101}},"16":{"start":{"line":35,"column":37},"end":{"line":35,"column":101}},"17":{"start":{"line":37,"column":21},"end":{"line":37,"column":99}},"18":{"start":{"line":38,"column":6},"end":{"line":38,"column":36}},"19":{"start":{"line":40,"column":6},"end":{"line":40,"column":16}},"20":{"start":{"line":51,"column":2},"end":{"line":59,"column":4}},"21":{"start":{"line":52,"column":4},"end":{"line":58,"column":5}},"22":{"start":{"line":53,"column":23},"end":{"line":53,"column":99}},"23":{"start":{"line":54,"column":6},"end":{"line":54,"column":101}},"24":{"start":{"line":54,"column":37},"end":{"line":54,"column":101}},"25":{"start":{"line":55,"column":6},"end":{"line":55,"column":29}},"26":{"start":{"line":57,"column":6},"end":{"line":57,"column":16}},"27":{"start":{"line":62,"column":0},"end":{"line":66,"column":2}}},"fnMap":{"0":{"name":"getById","decl":{"start":{"line":10,"column":9},"end":{"line":10,"column":16}},"loc":{"start":{"line":10,"column":40},"end":{"line":20,"column":1}},"line":10},"1":{"name":"(anonymous_1)","decl":{"start":{"line":11,"column":9},"end":{"line":11,"column":10}},"loc":{"start":{"line":11,"column":35},"end":{"line":19,"column":3}},"line":11},"2":{"name":"patchById","decl":{"start":{"line":28,"column":9},"end":{"line":28,"column":18}},"loc":{"start":{"line":28,"column":57},"end":{"line":43,"column":1}},"line":28},"3":{"name":"(anonymous_3)","decl":{"start":{"line":29,"column":9},"end":{"line":29,"column":10}},"loc":{"start":{"line":29,"column":35},"end":{"line":42,"column":3}},"line":29},"4":{"name":"deleteById","decl":{"start":{"line":50,"column":9},"end":{"line":50,"column":19}},"loc":{"start":{"line":50,"column":43},"end":{"line":60,"column":1}},"line":50},"5":{"name":"(anonymous_5)","decl":{"start":{"line":51,"column":9},"end":{"line":51,"column":10}},"loc":{"start":{"line":51,"column":35},"end":{"line":59,"column":3}},"line":51}},"branchMap":{"0":{"loc":{"start":{"line":14,"column":6},"end":{"line":14,"column":93}},"type":"if","locations":[{"start":{"line":14,"column":6},"end":{"line":14,"column":93}},{"start":{},"end":{}}],"line":14},"1":{"loc":{"start":{"line":35,"column":6},"end":{"line":35,"column":101}},"type":"if","locations":[{"start":{"line":35,"column":6},"end":{"line":35,"column":101}},{"start":{},"end":{}}],"line":35},"2":{"loc":{"start":{"line":54,"column":6},"end":{"line":54,"column":101}},"type":"if","locations":[{"start":{"line":54,"column":6},"end":{"line":54,"column":101}},{"start":{},"end":{}}],"line":54}},"s":{"0":11,"1":11,"2":11,"3":22,"4":3,"5":3,"6":3,"7":1,"8":2,"9":1,"10":23,"11":4,"12":4,"13":3,"14":3,"15":3,"16":1,"17":2,"18":2,"19":2,"20":32,"21":4,"22":4,"23":4,"24":1,"25":3,"26":1,"27":11},"f":{"0":22,"1":3,"2":23,"3":4,"4":32,"5":4},"b":{"0":[1,2],"1":[1,2],"2":[1,3]},"_coverageSchema":"1a1c01bbd47fc00a2c39e90264f33305004495a9","hash":"0d430cd9d29a8c74dd50f7741b72f6ba115fd8c8"}
,"D:\\MCA\\accoclite\\Internhub\\backend\\src\\utils\\queryHelpers.js": {"path":"D:\\MCA\\accoclite\\Internhub\\backend\\src\\utils\\queryHelpers.js","statementMap":{"0":{"start":{"line":5,"column":17},"end":{"line":5,"column":38}},"1":{"start":{"line":13,"column":15},"end":{"line":13,"column":64}},"2":{"start":{"line":14,"column":19},"end":{"line":14,"column":89}},"3":{"start":{"line":15,"column":17},"end":{"line":15,"column":38}},"4":{"start":{"line":16,"column":2},"end":{"line":16,"column":36}},"5":{"start":{"line":28,"column":18},"end":{"line":28,"column":30}},"6":{"start":{"line":29,"column":18},"end":{"line":29,"column":30}},"7":{"start":{"line":30,"column":2},"end":{"line":35,"column":3}},"8":{"start":{"line":31,"column":16},"end":{"line":31,"column":26}},"9":{"start":{"line":32,"column":4},"end":{"line":32,"column":57}},"10":{"start":{"line":33,"column":4},"end":{"line":33,"column":54}},"11":{"start":{"line":34,"column":4},"end":{"line":34,"column":69}},"12":{"start":{"line":34,"column":44},"end":{"line":34,"column":69}},"13":{"start":{"line":36,"column":2},"end":{"line":36,"column":34}},"14":{"start":{"line":47,"column":21},"end":{"line":47,"column":23}},"15":{"start":{"line":48,"column":17},"end":{"line":48,"column":19}},"16":{"start":{"line":49,"column":2},"end":{"line":54,"column":3}},"17":{"start":{"line":50,"column":4},"end":{"line":53,"column":5}},"18":{"start":{"line":51,"column":6},"end":{"line":51,"column":38}},"19":{"start":{"line":52,"column":6},"end":{"line":52,"column":31}},"20":{"start":{"line":55,"column":2},"end":{"line":57,"column":3}},"21":{"start":{"line":56,"column":4},"end":{"line":56,"column":76}},"22":{"start":{"line":58,"column":2},"end":{"line":58,"column":32}},"23":{"start":{"line":70,"column":2},"end":{"line":76,"column":4}},"24":{"start":{"line":79,"column":0},"end":{"line":79,"column":88}}},"fnMap":{"0":{"name":"parsePagination","decl":{"start":{"line":12,"column":9},"end":{"line":12,"column":24}},"loc":{"start":{"line":12,"column":32},"end":{"line":17,"column":1}},"line":12},"1":{"name":"parseSorting","decl":{"start":{"line":27,"column":9},"end":{"line":27,"column":21}},"loc":{"start":{"line":27,"column":96},"end":{"line":37,"column":1}},"line":27},"2":{"name":"buildPatchFields","decl":{"start":{"line":46,"column":9},"end":{"line":46,"column":25}},"loc":{"start":{"line":46,"column":47},"end":{"line":59,"column":1}},"line":46},"3":{"name":"paginatedResponse","decl":{"start":{"line":69,"column":9},"end":{"line":69,"column":26}},"loc":{"start":{"line":69,"column":57},"end":{"line":77,"column":1}},"line":69}},"branchMap":{"0":{"loc":{"start":{"line":13,"column":27},"end":{"line":13,"column":63}},"type":"binary-expr","locations":[{"start":{"line":13,"column":27},"end":{"line":13,"column":58}},{"start":{"line":13,"column":62},"end":{"line":13,"column":63}}],"line":13},"1":{"loc":{"start":{"line":14,"column":45},"end":{"line":14,"column":87}},"type":"binary-expr","locations":[{"start":{"line":14,"column":45},"end":{"line":14,"column":81}},{"start":{"line":14,"column":85},"end":{"line":14,"column":87}}],"line":14},"2":{"loc":{"start":{"line":27,"column":44},"end":{"line":27,"column":71}},"type":"default-arg","locations":[{"start":{"line":27,"column":59},"end":{"line":27,"column":71}}],"line":27},"3":{"loc":{"start":{"line":27,"column":73},"end":{"line":27,"column":94}},"type":"default-arg","locations":[{"start":{"line":27,"column":88},"end":{"line":27,"column":94}}],"line":27},"4":{"loc":{"start":{"line":30,"column":2},"end":{"line":35,"column":3}},"type":"if","locations":[{"start":{"line":30,"column":2},"end":{"line":35,"column":3}},{"start":{},"end":{}}],"line":30},"5":{"loc":{"start":{"line":32,"column":16},"end":{"line":32,"column":56}},"type":"cond-expr","locations":[{"start":{"line":32,"column":38},"end":{"line":32,"column":50}},{"start":{"line":32,"column":53},"end":{"line":32,"column":56}}],"line":32},"6":{"loc":{"start":{"line":33,"column":17},"end":{"line":33,"column":53}},"type":"cond-expr","locations":[{"start":{"line":33,"column":39},"end":{"line":33,"column":45}},{"start":{"line":33,"column":48},"end":{"line":33,"column":53}}],"line":33},"7":{"loc":{"start":{"line":34,"column":4},"end":{"line":34,"column":69}},"type":"if","locations":[{"start":{"line":34,"column":4},"end":{"line":34,"column":69}},{"start":{},"end":{}}],"line":34},"8":{"loc":{"start":{"line":50,"column":4},"end":{"line":53,"column":5}},"type":"if","locations":[{"start":{"line":50,"column":4},"end":{"line":53,"column":5}},{"start":{},"end":{}}],"line":50},"9":{"loc":{"start":{"line":55,"column":2},"end":{"line":57,"column":3}},"type":"if","locations":[{"start":{"line":55,"column":2},"end":{"line":57,"column":3}},{"start":{},"end":{}}],"line":55}},"s":{"0":12,"1":9,"2":9,"3":9,"4":9,"5":8,"6":8,"7":8,"8":4,"9":4,"10":4,"11":4,"12":2,"13":8,"14":10,"15":10,"16":10,"17":31,"18":8,"19":8,"20":10,"21":3,"22":7,"23":6,"24":12},"f":{"0":9,"1":8,"2":10,"3":6},"b":{"0":[9,7],"1":[9,8],"2":[6],"3":[7],"4":[4,4],"5":[2,2],"6":[2,2],"7":[2,2],"8":[8,23],"9":[3,7]},"_coverageSchema":"1a1c01bbd47fc00a2c39e90264f33305004495a9","hash":"479b8b17f110b35903781626ef839d2c9c503ffb"}
}
