{"D:\\MCA\\accoclite\\Internhub\\backend\\src\\utils\\AppError.js": {"path":"D:\\MCA\\accoclite\\Internhub\\backend\\src\\utils\\AppError.js","statementMap":{"0":{"start":{"line":7,"column":4},"end":{"line":7,"column":19}},"1":{"start":{"line":8,"column":4},"end":{"line":8,"column":33}},"2":{"start":{"line":9,"column":4},"end":{"line":9,"column":21}},"3":{"start":{"line":10,"column":4},"end":{"line":10,"column":27}},"4":{"start":{"line":14,"column":0},"end":{"line":14,"column":26}}},"fnMap":{"0":{"name":"(anonymous_0)","decl":{"start":{"line":6,"column":2},"end":{"line":6,"column":3}},"loc":{"start":{"line":6,"column":55},"end":{"line":11,"column":3}},"line":6}},"branchMap":{"0":{"loc":{"start":{"line":6,"column":41},"end":{"line":6,"column":53}},"type":"default-arg","locations":[{"start":{"line":6,"column":51},"end":{"line":6,"column":53}}],"line":6}},"s":{"0":2,"1":2,"2":2,"3":2,"4":1},"f":{"0":2},"b":{"0":[2]},"_coverageSchema":"1a1c01bbd47fc00a2c39e90264f33305004495a9","hash":"55318124ed3e116fd672305d3db51a5c9ce74e92"}
,"D:\\MCA\\accoclite\\Internhub\\backend\\src\\utils\\crudFactory.js": {"path":"D:\\MCA\\accoclite\\Internhub\\backend\\src\\utils\\crudFactory.js","statementMap":{"0":{"start":{"line":1,"column":13},"end":{"line":1,"column":36}},"1":{"start":{"line":2,"column":17},"end":{"line":2,"column":38}},"2":{"start":{"line":3,"column":29},"end":{"line":3,"column":54}},"3":{"start":{"line":11,"column":2},"end":{"line":19,"column":4}},"4":{"start":{"line":12,"column":4},"end":{"line":18,"column":5}},"5":{"start":{"line":13,"column":21},"end":{"line":13,"column":99}},"6":{"start":{"line":14,"column":6},"end":{"line":14,"column":93}},"7":{"start":{"line":14,"column":29},"end":{"line":14,"column":93}},"8":{"start":{"line":15,"column":6},"end":{"line":15,"column":36}},"9":{"start":{"line":17,"column":6},"end":{"line":17,"column":16}},"10":{"start":{"line":29,"column":2},"end":{"line":42,"column":4}},"11":{"start":{"line":30,"column":4},"end":{"line":41,"column":5}},"12":{"start":{"line":31,"column":37},"end":{"line":31,"column":78}},"13":{"start":{"line":32,"column":6},"end":{"line":32,"column":33}},"14":{"start":{"line":34,"column":23},"end":{"line":34,"column":114}},"15":{"start":{"line":35,"column":6},"end":{"line":35,"column":101}},"16":{"start":{"line":35,"column":37},"end":{"line":35,"column":101}},"17":{"start":{"line":37,"column":21},"end":{"line":37,"column":99}},"18":{"start":{"line":38,"column":6},"end":{"line":38,"column":36}},"19":{"start":{"line":40,"column":6},"end":{"line":40,"column":16}},"20":{"start":{"line":51,"column":2},"end":{"line":59,"column":4}},"21":{"start":{"line":52,"column":4},"end":{"line":58,"column":5}},"22":{"start":{"line":53,"column":23},"end":{"line":53,"column":99}},"23":{"start":{"line":54,"column":6},"end":{"line":54,"column":101}},"24":{"start":{"line":54,"column":37},"end":{"line":54,"column":101}},"25":{"start":{"line":55,"column":6},"end":{"line":55,"column":29}},"26":{"start":{"line":57,"column":6},"end":{"line":57,"column":16}},"27":{"start":{"line":62,"column":0},"end":{"line":66,"column":2}}},"fnMap":{"0":{"name":"getById","decl":{"start":{"line":10,"column":9},"end":{"line":10,"column":16}},"loc":{"start":{"line":10,"column":40},"end":{"line":20,"column":1}},"line":10},"1":{"name":"(anonymous_1)","decl":{"start":{"line":11,"column":9},"end":{"line":11,"column":10}},"loc":{"start":{"line":11,"column":35},"end":{"line":19,"column":3}},"line":11},"2":{"name":"patchById","decl":{"start":{"line":28,"column":9},"end":{"line":28,"column":18}},"loc":{"start":{"line":28,"column":57},"end":{"line":43,"column":1}},"line":28},"3":{"name":"(anonymous_3)","decl":{"start":{"line":29,"column":9},"end":{"line":29,"column":10}},"loc":{"start":{"line":29,"column":35},"end":{"line":42,"column":3}},"line":29},"4":{"name":"deleteById","decl":{"start":{"line":50,"column":9},"end":{"line":50,"column":19}},"loc":{"start":{"line":50,"column":43},"end":{"line":60,"column":1}},"line":50},"5":{"name":"(anonymous_5)","decl":{"start":{"line":51,"column":9},"end":{"line":51,"column":10}},"loc":{"start":{"line":51,"column":35},"end":{"line":59,"column":3}},"line":51}},"branchMap":{"0":{"loc":{"start":{"line":14,"column":6},"end":{"line":14,"column":93}},"type":"if","locations":[{"start":{"line":14,"column":6},"end":{"line":14,"column":93}},{"start":{},"end":{}}],"line":14},"1":{"loc":{"start":{"line":35,"column":6},"end":{"line":35,"column":101}},"type":"if","locations":[{"start":{"line":35,"column":6},"end":{"line":35,"column":101}},{"start":{},"end":{}}],"line":35},"2":{"loc":{"start":{"line":54,"column":6},"end":{"line":54,"column":101}},"type":"if","locations":[{"start":{"line":54,"column":6},"end":{"line":54,"column":101}},{"start":{},"end":{}}],"line":54}},"s":{"0":1,"1":1,"2":1,"3":2,"4":2,"5":2,"6":2,"7":1,"8":1,"9":1,"10":3,"11":3,"12":3,"13":0,"14":0,"15":0,"16":0,"17":0,"18":0,"19":3,"20":2,"21":2,"22":2,"23":2,"24":1,"25":1,"26":1,"27":1},"f":{"0":2,"1":2,"2":3,"3":3,"4":2,"5":2},"b":{"0":[1,1],"1":[0,0],"2":[1,1]},"_coverageSchema":"1a1c01bbd47fc00a2c39e90264f33305004495a9","hash":"0d430cd9d29a8c74dd50f7741b72f6ba115fd8c8"}
,"D:\\MCA\\accoclite\\Internhub\\backend\\src\\utils\\queryHelpers.js": {"path":"D:\\MCA\\accoclite\\Internhub\\backend\\src\\utils\\queryHelpers.js","statementMap":{"0":{"start":{"line":5,"column":17},"end":{"line":5,"column":38}},"1":{"start":{"line":13,"column":15},"end":{"line":13,"column":64}},"2":{"start":{"line":14,"column":19},"end":{"line":14,"column":89}},"3":{"start":{"line":15,"column":17},"end":{"line":15,"column":38}},"4":{"start":{"line":16,"column":2},"end":{"line":16,"column":36}},"5":{"start":{"line":28,"column":18},"end":{"line":28,"column":30}},"6":{"start":{"line":29,"column":18},"end":{"line":29,"column":30}},"7":{"start":{"line":30,"column":2},"end":{"line":35,"column":3}},"8":{"start":{"line":31,"column":16},"end":{"line":31,"column":26}},"9":{"start":{"line":32,"column":4},"end":{"line":32,"column":57}},"10":{"start":{"line":33,"column":4},"end":{"line":33,"column":54}},"11":{"start":{"line":34,"column":4},"end":{"line":34,"column":69}},"12":{"start":{"line":34,"column":44},"end":{"line":34,"column":69}},"13":{"start":{"line":36,"column":2},"end":{"line":36,"column":34}},"14":{"start":{"line":47,"column":21},"end":{"line":47,"column":23}},"15":{"start":{"line":48,"column":17},"end":{"line":48,"column":19}},"16":{"start":{"line":49,"column":2},"end":{"line":54,"column":3}},"17":{"start":{"line":50,"column":4},"end":{"line":53,"column":5}},"18":{"start":{"line":51,"column":6},"end":{"line":51,"column":38}},"19":{"start":{"line":52,"column":6},"end":{"line":52,"column":31}},"20":{"start":{"line":55,"column":2},"end":{"line":57,"column":3}},"21":{"start":{"line":56,"column":4},"end":{"line":56,"column":76}},"22":{"start":{"line":58,"column":2},"end":{"line":58,"column":32}},"23":{"start":{"line":70,"column":2},"end":{"line":76,"column":4}},"24":{"start":{"line":79,"column":0},"end":{"line":79,"column":88}}},"fnMap":{"0":{"name":"parsePagination","decl":{"start":{"line":12,"column":9},"end":{"line":12,"column":24}},"loc":{"start":{"line":12,"column":32},"end":{"line":17,"column":1}},"line":12},"1":{"name":"parseSorting","decl":{"start":{"line":27,"column":9},"end":{"line":27,"column":21}},"loc":{"start":{"line":27,"column":96},"end":{"line":37,"column":1}},"line":27},"2":{"name":"buildPatchFields","decl":{"start":{"line":46,"column":9},"end":{"line":46,"column":25}},"loc":{"start":{"line":46,"column":47},"end":{"line":59,"column":1}},"line":46},"3":{"name":"paginatedResponse","decl":{"start":{"line":69,"column":9},"end":{"line":69,"column":26}},"loc":{"start":{"line":69,"column":57},"end":{"line":77,"column":1}},"line":69}},"branchMap":{"0":{"loc":{"start":{"line":13,"column":27},"end":{"line":13,"column":63}},"type":"binary-expr","locations":[{"start":{"line":13,"column":27},"end":{"line":13,"column":58}},{"start":{"line":13,"column":62},"end":{"line":13,"column":63}}],"line":13},"1":{"loc":{"start":{"line":14,"column":45},"end":{"line":14,"column":87}},"type":"binary-expr","locations":[{"start":{"line":14,"column":45},"end":{"line":14,"column":81}},{"start":{"line":14,"column":85},"end":{"line":14,"column":87}}],"line":14},"2":{"loc":{"start":{"line":27,"column":44},"end":{"line":27,"column":71}},"type":"default-arg","locations":[{"start":{"line":27,"column":59},"end":{"line":27,"column":71}}],"line":27},"3":{"loc":{"start":{"line":27,"column":73},"end":{"line":27,"column":94}},"type":"default-arg","locations":[{"start":{"line":27,"column":88},"end":{"line":27,"column":94}}],"line":27},"4":{"loc":{"start":{"line":30,"column":2},"end":{"line":35,"column":3}},"type":"if","locations":[{"start":{"line":30,"column":2},"end":{"line":35,"column":3}},{"start":{},"end":{}}],"line":30},"5":{"loc":{"start":{"line":32,"column":16},"end":{"line":32,"column":56}},"type":"cond-expr","locations":[{"start":{"line":32,"column":38},"end":{"line":32,"column":50}},{"start":{"line":32,"column":53},"end":{"line":32,"column":56}}],"line":32},"6":{"loc":{"start":{"line":33,"column":17},"end":{"line":33,"column":53}},"type":"cond-expr","locations":[{"start":{"line":33,"column":39},"end":{"line":33,"column":45}},{"start":{"line":33,"column":48},"end":{"line":33,"column":53}}],"line":33},"7":{"loc":{"start":{"line":34,"column":4},"end":{"line":34,"column":69}},"type":"if","locations":[{"start":{"line":34,"column":4},"end":{"line":34,"column":69}},{"start":{},"end":{}}],"line":34},"8":{"loc":{"start":{"line":50,"column":4},"end":{"line":53,"column":5}},"type":"if","locations":[{"start":{"line":50,"column":4},"end":{"line":53,"column":5}},{"start":{},"end":{}}],"line":50},"9":{"loc":{"start":{"line":55,"column":2},"end":{"line":57,"column":3}},"type":"if","locations":[{"start":{"line":55,"column":2},"end":{"line":57,"column":3}},{"start":{},"end":{}}],"line":55}},"s":{"0":1,"1":0,"2":0,"3":0,"4":0,"5":0,"6":0,"7":0,"8":0,"9":0,"10":0,"11":0,"12":0,"13":0,"14":3,"15":3,"16":3,"17":0,"18":0,"19":0,"20":0,"21":0,"22":0,"23":0,"24":1},"f":{"0":0,"1":0,"2":3,"3":0},"b":{"0":[0,0],"1":[0,0],"2":[0],"3":[0],"4":[0,0],"5":[0,0],"6":[0,0],"7":[0,0],"8":[0,0],"9":[0,0]},"_coverageSchema":"1a1c01bbd47fc00a2c39e90264f33305004495a9","hash":"479b8b17f110b35903781626ef839d2c9c503ffb"}
}
