TN:
SF:src\app.js
FN:29,(anonymous_0)
FN:46,(anonymous_1)
FN:63,(anonymous_2)
FN:79,(anonymous_3)
FNF:4
FNH:3
FNDA:1,(anonymous_0)
FNDA:1,(anonymous_1)
FNDA:2,(anonymous_2)
FNDA:0,(anonymous_3)
DA:1,4
DA:2,4
DA:3,4
DA:4,4
DA:5,4
DA:8,4
DA:9,4
DA:10,4
DA:11,4
DA:12,4
DA:13,4
DA:14,4
DA:15,4
DA:16,4
DA:17,4
DA:19,4
DA:21,4
DA:22,4
DA:25,4
DA:26,4
DA:29,4
DA:30,1
DA:31,1
DA:32,1
DA:38,0
DA:46,4
DA:47,1
DA:51,4
DA:52,4
DA:53,4
DA:54,4
DA:55,4
DA:56,4
DA:57,4
DA:58,4
DA:59,4
DA:60,4
DA:63,4
DA:64,2
DA:75,4
DA:78,4
DA:79,0
DA:80,0
DA:81,0
DA:82,0
DA:83,0
DA:84,0
DA:85,0
DA:89,4
LF:49
LH:41
BRDA:22,0,0,4
BRDA:22,0,1,0
BRDA:78,1,0,0
BRDA:78,1,1,4
BRF:4
BRH:2
end_of_record
TN:
SF:src\config\db.js
FN:36,(anonymous_0)
FNF:1
FNH:1
FNDA:4,(anonymous_0)
DA:1,4
DA:2,4
DA:3,4
DA:4,4
DA:7,4
DA:8,4
DA:9,4
DA:10,4
DA:11,4
DA:17,0
DA:21,4
DA:36,4
DA:37,4
DA:38,4
DA:39,4
DA:40,4
DA:42,0
DA:43,0
DA:47,4
LF:19
LH:16
BRDA:10,0,0,4
BRDA:10,0,1,0
BRDA:26,1,0,4
BRDA:26,1,1,0
BRF:4
BRH:2
end_of_record
TN:
SF:src\middleware\authMiddleware.js
FN:13,(anonymous_0)
FN:33,(anonymous_1)
FN:34,(anonymous_2)
FNF:3
FNH:3
FNDA:12,(anonymous_0)
FNDA:136,(anonymous_1)
FNDA:4,(anonymous_2)
DA:1,5
DA:2,5
DA:3,5
DA:5,5
DA:7,5
DA:13,5
DA:14,12
DA:15,12
DA:16,9
DA:19,3
DA:20,3
DA:21,3
DA:22,1
DA:23,1
DA:25,2
DA:33,5
DA:34,136
DA:35,4
DA:36,2
DA:38,2
DA:42,5
LF:21
LH:21
BRDA:7,0,0,5
BRDA:7,0,1,0
BRDA:15,1,0,9
BRDA:15,1,1,3
BRDA:15,2,0,12
BRDA:15,2,1,4
BRDA:35,3,0,2
BRDA:35,3,1,2
BRDA:35,4,0,4
BRDA:35,4,1,3
BRF:10
BRH:9
end_of_record
TN:
SF:src\middleware\errorHandler.js
FN:5,(anonymous_0)
FNF:1
FNH:1
FNDA:26,(anonymous_0)
DA:5,4
DA:6,26
DA:9,26
DA:10,0
DA:21,26
DA:32,4
LF:6
LH:5
BRDA:6,0,0,26
BRDA:6,0,1,0
BRDA:9,1,0,0
BRDA:9,1,1,26
BRDA:23,2,0,26
BRDA:23,2,1,0
BRDA:24,3,0,26
BRDA:24,3,1,0
BRDA:25,4,0,26
BRDA:25,4,1,0
BRF:10
BRH:5
end_of_record
TN:
SF:src\routes\admin.js
FN:9,(anonymous_0)
FN:38,(anonymous_1)
FN:87,(anonymous_2)
FN:88,(anonymous_3)
FN:100,(anonymous_4)
FN:104,(anonymous_5)
FN:130,(anonymous_6)
FN:150,(anonymous_7)
FN:181,(anonymous_8)
FN:181,(anonymous_9)
FN:207,(anonymous_10)
FN:282,(anonymous_11)
FN:284,(anonymous_12)
FN:324,(anonymous_13)
FN:356,(anonymous_14)
FN:360,(anonymous_15)
FN:382,(anonymous_16)
FN:396,(anonymous_17)
FN:427,(anonymous_18)
FNF:19
FNH:0
FNDA:0,(anonymous_0)
FNDA:0,(anonymous_1)
FNDA:0,(anonymous_2)
FNDA:0,(anonymous_3)
FNDA:0,(anonymous_4)
FNDA:0,(anonymous_5)
FNDA:0,(anonymous_6)
FNDA:0,(anonymous_7)
FNDA:0,(anonymous_8)
FNDA:0,(anonymous_9)
FNDA:0,(anonymous_10)
FNDA:0,(anonymous_11)
FNDA:0,(anonymous_12)
FNDA:0,(anonymous_13)
FNDA:0,(anonymous_14)
FNDA:0,(anonymous_15)
FNDA:0,(anonymous_16)
FNDA:0,(anonymous_17)
FNDA:0,(anonymous_18)
DA:1,4
DA:2,4
DA:3,4
DA:4,4
DA:9,4
DA:10,0
DA:11,0
DA:21,0
DA:31,0
DA:38,4
DA:39,0
DA:41,0
DA:52,0
DA:64,0
DA:77,0
DA:86,0
DA:87,0
DA:88,0
DA:91,0
DA:93,0
DA:100,4
DA:101,0
DA:102,0
DA:104,0
DA:105,0
DA:114,0
DA:115,0
DA:116,0
DA:118,0
DA:121,0
DA:123,0
DA:130,4
DA:131,0
DA:132,0
DA:141,0
DA:143,0
DA:150,4
DA:151,0
DA:152,0
DA:153,0
DA:155,0
DA:157,0
DA:158,0
DA:160,0
DA:161,0
DA:163,0
DA:164,0
DA:166,0
DA:167,0
DA:169,0
DA:172,0
DA:174,0
DA:175,0
DA:178,0
DA:179,0
DA:181,0
DA:182,0
DA:183,0
DA:184,0
DA:186,0
DA:188,0
DA:192,0
DA:193,0
DA:194,0
DA:195,0
DA:197,0
DA:207,4
DA:208,0
DA:209,0
DA:212,0
DA:213,0
DA:214,0
DA:215,0
DA:216,0
DA:219,0
DA:227,0
DA:233,0
DA:239,0
DA:246,0
DA:256,0
DA:264,0
DA:281,0
DA:282,0
DA:284,0
DA:288,0
DA:299,0
DA:307,0
DA:324,0
DA:336,0
DA:354,0
DA:356,0
DA:360,0
DA:371,0
DA:382,4
DA:383,0
DA:384,0
DA:387,0
DA:389,0
DA:396,4
DA:397,0
DA:398,0
DA:401,0
DA:402,0
DA:404,0
DA:405,0
DA:409,0
DA:417,0
DA:419,0
DA:427,4
DA:428,0
DA:429,0
DA:431,0
DA:432,0
DA:435,0
DA:437,0
DA:441,0
DA:442,0
DA:445,0
DA:449,0
DA:450,0
DA:451,0
DA:455,0
DA:457,0
DA:460,0
DA:464,4
LF:125
LH:14
BRDA:114,0,0,0
BRDA:114,0,1,0
BRDA:115,1,0,0
BRDA:115,1,1,0
BRDA:116,2,0,0
BRDA:116,2,1,0
BRDA:155,3,0,0
BRDA:155,3,1,0
BRDA:155,3,2,0
BRDA:155,3,3,0
BRDA:155,3,4,0
BRDA:174,4,0,0
BRDA:174,4,1,0
BRDA:183,5,0,0
BRDA:183,5,1,0
BRDA:183,6,0,0
BRDA:183,6,1,0
BRDA:184,7,0,0
BRDA:184,7,1,0
BRDA:212,8,0,0
BRDA:212,8,1,0
BRDA:213,9,0,0
BRDA:213,9,1,0
BRDA:214,10,0,0
BRDA:214,10,1,0
BRDA:215,11,0,0
BRDA:215,11,1,0
BRDA:216,12,0,0
BRDA:216,12,1,0
BRDA:247,13,0,0
BRDA:247,13,1,0
BRDA:248,14,0,0
BRDA:248,14,1,0
BRDA:249,15,0,0
BRDA:249,15,1,0
BRDA:250,16,0,0
BRDA:250,16,1,0
BRDA:251,17,0,0
BRDA:251,17,1,0
BRDA:252,18,0,0
BRDA:252,18,1,0
BRDA:284,19,0,0
BRDA:284,19,1,0
BRDA:300,20,0,0
BRDA:300,20,1,0
BRDA:301,21,0,0
BRDA:301,21,1,0
BRDA:302,22,0,0
BRDA:302,22,1,0
BRDA:303,23,0,0
BRDA:303,23,1,0
BRDA:328,24,0,0
BRDA:328,24,1,0
BRDA:329,25,0,0
BRDA:329,25,1,0
BRDA:330,26,0,0
BRDA:330,26,1,0
BRDA:331,27,0,0
BRDA:331,27,1,0
BRDA:332,28,0,0
BRDA:332,28,1,0
BRDA:364,29,0,0
BRDA:364,29,1,0
BRDA:402,30,0,0
BRDA:402,30,1,0
BRDA:404,31,0,0
BRDA:404,31,1,0
BRDA:431,32,0,0
BRDA:431,32,1,0
BRDA:431,33,0,0
BRDA:431,33,1,0
BRDA:431,33,2,0
BRDA:435,34,0,0
BRDA:435,34,1,0
BRDA:441,35,0,0
BRDA:441,35,1,0
BRDA:450,36,0,0
BRDA:450,36,1,0
BRF:78
BRH:0
end_of_record
TN:
SF:src\routes\auth.js
FN:16,(anonymous_0)
FN:65,(anonymous_1)
FN:77,(anonymous_2)
FNF:3
FNH:2
FNDA:16,(anonymous_0)
FNDA:3,(anonymous_1)
FNDA:0,(anonymous_2)
DA:1,4
DA:2,4
DA:3,4
DA:4,4
DA:5,4
DA:6,4
DA:7,4
DA:8,4
DA:10,4
DA:11,4
DA:16,4
DA:17,16
DA:18,16
DA:20,16
DA:21,3
DA:22,3
DA:23,3
DA:24,3
DA:28,13
DA:33,13
DA:34,1
DA:37,12
DA:39,12
DA:40,0
DA:44,12
DA:45,12
DA:46,12
DA:50,0
DA:51,0
DA:54,0
DA:56,0
DA:58,16
DA:65,4
DA:66,3
DA:67,3
DA:68,1
DA:70,2
DA:77,4
DA:78,0
DA:79,0
DA:81,0
DA:82,0
DA:83,0
DA:84,0
DA:85,0
DA:88,0
DA:89,0
DA:93,0
DA:94,0
DA:95,0
DA:99,0
DA:100,0
DA:101,0
DA:105,0
DA:106,0
DA:107,0
DA:109,0
DA:111,0
DA:115,4
LF:59
LH:34
BRDA:10,0,0,4
BRDA:10,0,1,0
BRDA:11,1,0,4
BRDA:11,1,1,0
BRDA:20,2,0,3
BRDA:20,2,1,13
BRDA:20,3,0,16
BRDA:20,3,1,14
BRDA:22,4,0,2
BRDA:22,4,1,1
BRDA:23,5,0,2
BRDA:23,5,1,1
BRDA:33,6,0,1
BRDA:33,6,1,12
BRDA:39,7,0,0
BRDA:39,7,1,12
BRDA:45,8,0,12
BRDA:45,8,1,0
BRDA:81,9,0,0
BRDA:81,9,1,0
BRDA:81,10,0,0
BRDA:81,10,1,0
BRDA:83,11,0,0
BRDA:83,11,1,0
BRDA:84,12,0,0
BRDA:84,12,1,0
BRDA:88,13,0,0
BRDA:88,13,1,0
BRDA:94,14,0,0
BRDA:94,14,1,0
BRDA:100,15,0,0
BRDA:100,15,1,0
BRF:32
BRH:14
end_of_record
TN:
SF:src\routes\cohorts.js
FN:11,(anonymous_0)
FN:35,(anonymous_1)
FN:54,(anonymous_2)
FN:80,(anonymous_3)
FN:94,(anonymous_4)
FN:112,(anonymous_5)
FNF:6
FNH:0
FNDA:0,(anonymous_0)
FNDA:0,(anonymous_1)
FNDA:0,(anonymous_2)
FNDA:0,(anonymous_3)
FNDA:0,(anonymous_4)
FNDA:0,(anonymous_5)
DA:1,4
DA:2,4
DA:3,4
DA:4,4
DA:5,4
DA:6,4
DA:11,4
DA:12,0
DA:13,0
DA:14,0
DA:15,0
DA:17,0
DA:18,0
DA:19,0
DA:20,0
DA:22,0
DA:27,0
DA:28,0
DA:35,4
DA:36,0
DA:37,0
DA:40,0
DA:41,0
DA:44,4
DA:49,4
DA:54,4
DA:55,0
DA:56,0
DA:57,0
DA:59,0
DA:63,0
DA:64,0
DA:70,4
DA:75,4
DA:80,4
DA:81,0
DA:82,0
DA:86,0
DA:87,0
DA:94,4
DA:95,0
DA:96,0
DA:97,0
DA:100,0
DA:101,0
DA:102,0
DA:104,0
DA:105,0
DA:106,0
DA:112,4
DA:113,0
DA:114,0
DA:118,0
DA:119,0
DA:120,0
DA:123,4
LF:56
LH:17
BRDA:19,0,0,0
BRDA:19,0,1,0
BRDA:20,1,0,0
BRDA:20,1,1,0
BRDA:57,2,0,0
BRDA:57,2,1,0
BRDA:61,3,0,0
BRDA:61,3,1,0
BRDA:61,4,0,0
BRDA:61,4,1,0
BRDA:61,5,0,0
BRDA:61,5,1,0
BRDA:97,6,0,0
BRDA:97,6,1,0
BRDA:101,7,0,0
BRDA:101,7,1,0
BRDA:102,8,0,0
BRDA:102,8,1,0
BRDA:118,9,0,0
BRDA:118,9,1,0
BRF:20
BRH:0
end_of_record
TN:
SF:src\routes\evaluations.js
FN:20,(anonymous_0)
FN:40,(anonymous_1)
FN:54,validateEvalFields
FN:67,evalColumnValues
FN:75,withTransaction
FN:90,(anonymous_5)
FN:95,(anonymous_6)
FN:110,(anonymous_7)
FN:115,(anonymous_8)
FN:129,(anonymous_9)
FNF:10
FNH:0
FNDA:0,(anonymous_0)
FNDA:0,(anonymous_1)
FNDA:0,validateEvalFields
FNDA:0,evalColumnValues
FNDA:0,withTransaction
FNDA:0,(anonymous_5)
FNDA:0,(anonymous_6)
FNDA:0,(anonymous_7)
FNDA:0,(anonymous_8)
FNDA:0,(anonymous_9)
DA:1,4
DA:2,4
DA:3,4
DA:4,4
DA:5,4
DA:6,4
DA:9,4
DA:20,4
DA:21,0
DA:22,0
DA:24,0
DA:25,0
DA:26,0
DA:28,0
DA:30,0
DA:36,0
DA:37,0
DA:40,4
DA:41,0
DA:42,0
DA:46,0
DA:47,0
DA:48,0
DA:55,0
DA:56,0
DA:57,0
DA:58,0
DA:59,0
DA:60,0
DA:68,0
DA:69,0
DA:76,0
DA:77,0
DA:78,0
DA:79,0
DA:80,0
DA:81,0
DA:83,0
DA:84,0
DA:86,0
DA:90,4
DA:91,0
DA:92,0
DA:93,0
DA:95,0
DA:96,0
DA:102,0
DA:103,0
DA:106,0
DA:107,0
DA:110,4
DA:111,0
DA:112,0
DA:113,0
DA:115,0
DA:116,0
DA:122,0
DA:125,0
DA:126,0
DA:129,4
DA:130,0
DA:131,0
DA:132,0
DA:133,0
DA:134,0
DA:137,4
LF:66
LH:13
BRDA:25,0,0,0
BRDA:25,0,1,0
BRDA:26,1,0,0
BRDA:26,1,1,0
BRDA:28,2,0,0
BRDA:28,2,1,0
BRDA:46,3,0,0
BRDA:46,3,1,0
BRDA:55,4,0,0
BRDA:55,4,1,0
BRDA:55,5,0,0
BRDA:55,5,1,0
BRDA:55,5,2,0
BRDA:57,6,0,0
BRDA:57,6,1,0
BRDA:58,7,0,0
BRDA:58,7,1,0
BRDA:59,8,0,0
BRDA:59,8,1,0
BRDA:69,9,0,0
BRDA:69,9,1,0
BRDA:69,10,0,0
BRDA:69,10,1,0
BRDA:69,11,0,0
BRDA:69,11,1,0
BRDA:69,12,0,0
BRDA:69,12,1,0
BRDA:69,13,0,0
BRDA:69,13,1,0
BRDA:69,14,0,0
BRDA:69,14,1,0
BRDA:69,15,0,0
BRDA:69,15,1,0
BRDA:122,16,0,0
BRDA:122,16,1,0
BRDA:132,17,0,0
BRDA:132,17,1,0
BRF:37
BRH:0
end_of_record
TN:
SF:src\routes\intern.js
FN:10,(anonymous_0)
FN:63,(anonymous_1)
FNF:2
FNH:0
FNDA:0,(anonymous_0)
FNDA:0,(anonymous_1)
DA:1,4
DA:2,4
DA:3,4
DA:4,4
DA:10,4
DA:11,0
DA:12,0
DA:15,0
DA:24,0
DA:25,0
DA:29,0
DA:30,0
DA:31,0
DA:38,0
DA:42,0
DA:43,0
DA:50,0
DA:53,0
DA:63,0
DA:67,0
DA:71,4
LF:21
LH:6
BRDA:24,0,0,0
BRDA:24,0,1,0
BRDA:30,1,0,0
BRDA:30,1,1,0
BRDA:42,2,0,0
BRDA:42,2,1,0
BRDA:42,3,0,0
BRDA:42,3,1,0
BRDA:59,4,0,0
BRDA:59,4,1,0
BRDA:60,5,0,0
BRDA:60,5,1,0
BRDA:61,6,0,0
BRDA:61,6,1,0
BRDA:62,7,0,0
BRDA:62,7,1,0
BRF:16
BRH:0
end_of_record
TN:
SF:src\routes\projects.js
FN:11,(anonymous_0)
FN:35,(anonymous_1)
FNF:2
FNH:0
FNDA:0,(anonymous_0)
FNDA:0,(anonymous_1)
DA:1,4
DA:2,4
DA:3,4
DA:4,4
DA:5,4
DA:6,4
DA:11,4
DA:12,0
DA:13,0
DA:14,0
DA:16,0
DA:17,0
DA:18,0
DA:19,0
DA:20,0
DA:22,0
DA:27,0
DA:28,0
DA:31,4
DA:33,4
DA:35,4
DA:36,0
DA:37,0
DA:38,0
DA:39,0
DA:40,0
DA:41,0
DA:42,0
DA:44,0
DA:48,0
DA:49,0
DA:52,4
DA:54,4
DA:56,4
LF:34
LH:13
BRDA:17,0,0,0
BRDA:17,0,1,0
BRDA:18,1,0,0
BRDA:18,1,1,0
BRDA:19,2,0,0
BRDA:19,2,1,0
BRDA:20,3,0,0
BRDA:20,3,1,0
BRDA:38,4,0,0
BRDA:38,4,1,0
BRDA:38,5,0,0
BRDA:38,5,1,0
BRDA:40,6,0,0
BRDA:40,6,1,0
BRDA:41,7,0,0
BRDA:41,7,1,0
BRDA:46,8,0,0
BRDA:46,8,1,0
BRDA:46,9,0,0
BRDA:46,9,1,0
BRF:20
BRH:0
end_of_record
TN:
SF:src\routes\submissions.js
FN:18,(anonymous_0)
FN:39,(anonymous_1)
FN:53,(anonymous_2)
FN:91,(anonymous_3)
FNF:4
FNH:0
FNDA:0,(anonymous_0)
FNDA:0,(anonymous_1)
FNDA:0,(anonymous_2)
FNDA:0,(anonymous_3)
DA:1,4
DA:2,4
DA:3,4
DA:4,4
DA:5,4
DA:6,4
DA:9,4
DA:18,4
DA:19,0
DA:20,0
DA:22,0
DA:23,0
DA:24,0
DA:25,0
DA:27,0
DA:29,0
DA:35,0
DA:36,0
DA:39,4
DA:40,0
DA:41,0
DA:45,0
DA:46,0
DA:47,0
DA:53,4
DA:54,0
DA:55,0
DA:56,0
DA:58,0
DA:59,0
DA:60,0
DA:61,0
DA:62,0
DA:63,0
DA:66,0
DA:69,0
DA:70,0
DA:72,0
DA:76,0
DA:78,0
DA:79,0
DA:81,0
DA:82,0
DA:84,0
DA:91,4
DA:92,0
DA:93,0
DA:94,0
DA:96,0
DA:97,0
DA:98,0
DA:99,0
DA:101,0
DA:103,0
DA:105,0
DA:106,0
DA:107,0
DA:108,0
DA:111,4
DA:113,4
DA:115,4
LF:61
LH:14
BRDA:23,0,0,0
BRDA:23,0,1,0
BRDA:24,1,0,0
BRDA:24,1,1,0
BRDA:25,2,0,0
BRDA:25,2,1,0
BRDA:27,3,0,0
BRDA:27,3,1,0
BRDA:45,4,0,0
BRDA:45,4,1,0
BRDA:58,5,0,0
BRDA:58,5,1,0
BRDA:58,6,0,0
BRDA:58,6,1,0
BRDA:58,6,2,0
BRDA:60,7,0,0
BRDA:60,7,1,0
BRDA:61,8,0,0
BRDA:61,8,1,0
BRDA:62,9,0,0
BRDA:62,9,1,0
BRDA:70,10,0,0
BRDA:70,10,1,0
BRDA:74,11,0,0
BRDA:74,11,1,0
BRDA:74,12,0,0
BRDA:74,12,1,0
BRDA:74,13,0,0
BRDA:74,13,1,0
BRDA:94,14,0,0
BRDA:94,14,1,0
BRDA:94,15,0,0
BRDA:94,15,1,0
BRDA:97,16,0,0
BRDA:97,16,1,0
BRDA:98,17,0,0
BRDA:98,17,1,0
BRDA:98,18,0,0
BRDA:98,18,1,0
BRDA:101,19,0,0
BRDA:101,19,1,0
BRDA:106,20,0,0
BRDA:106,20,1,0
BRF:43
BRH:0
end_of_record
TN:
SF:src\routes\tasks.js
FN:11,(anonymous_0)
FN:41,(anonymous_1)
FN:49,(anonymous_2)
FN:67,(anonymous_3)
FN:80,(anonymous_4)
FNF:5
FNH:0
FNDA:0,(anonymous_0)
FNDA:0,(anonymous_1)
FNDA:0,(anonymous_2)
FNDA:0,(anonymous_3)
FNDA:0,(anonymous_4)
DA:1,4
DA:2,4
DA:3,4
DA:4,4
DA:5,4
DA:6,4
DA:11,4
DA:12,0
DA:13,0
DA:14,0
DA:16,0
DA:17,0
DA:18,0
DA:19,0
DA:20,0
DA:21,0
DA:22,0
DA:24,0
DA:37,0
DA:38,0
DA:41,4
DA:42,0
DA:43,0
DA:44,0
DA:45,0
DA:46,0
DA:49,4
DA:50,0
DA:51,0
DA:52,0
DA:53,0
DA:54,0
DA:55,0
DA:56,0
DA:57,0
DA:59,0
DA:63,0
DA:64,0
DA:67,4
DA:68,0
DA:69,0
DA:71,0
DA:72,0
DA:73,0
DA:75,0
DA:76,0
DA:77,0
DA:80,4
DA:81,0
DA:82,0
DA:83,0
DA:84,0
DA:85,0
DA:88,4
LF:54
LH:12
BRDA:17,0,0,0
BRDA:17,0,1,0
BRDA:18,1,0,0
BRDA:18,1,1,0
BRDA:19,2,0,0
BRDA:19,2,1,0
BRDA:20,3,0,0
BRDA:20,3,1,0
BRDA:21,4,0,0
BRDA:21,4,1,0
BRDA:22,5,0,0
BRDA:22,5,1,0
BRDA:44,6,0,0
BRDA:44,6,1,0
BRDA:52,7,0,0
BRDA:52,7,1,0
BRDA:52,8,0,0
BRDA:52,8,1,0
BRDA:52,8,2,0
BRDA:54,9,0,0
BRDA:54,9,1,0
BRDA:55,10,0,0
BRDA:55,10,1,0
BRDA:56,11,0,0
BRDA:56,11,1,0
BRDA:61,12,0,0
BRDA:61,12,1,0
BRDA:61,13,0,0
BRDA:61,13,1,0
BRDA:61,14,0,0
BRDA:61,14,1,0
BRDA:61,15,0,0
BRDA:61,15,1,0
BRDA:73,16,0,0
BRDA:73,16,1,0
BRDA:83,17,0,0
BRDA:83,17,1,0
BRF:37
BRH:0
end_of_record
TN:
SF:src\routes\trainer.js
FN:12,(anonymous_0)
FN:57,(anonymous_1)
FN:87,(anonymous_2)
FN:124,(anonymous_3)
FN:149,(anonymous_4)
FNF:5
FNH:0
FNDA:0,(anonymous_0)
FNDA:0,(anonymous_1)
FNDA:0,(anonymous_2)
FNDA:0,(anonymous_3)
FNDA:0,(anonymous_4)
DA:1,4
DA:2,4
DA:3,4
DA:4,4
DA:7,4
DA:12,4
DA:13,0
DA:14,0
DA:16,0
DA:45,0
DA:51,0
DA:57,4
DA:58,0
DA:59,0
DA:61,0
DA:79,0
DA:80,0
DA:87,4
DA:88,0
DA:89,0
DA:90,0
DA:91,0
DA:93,0
DA:94,0
DA:95,0
DA:97,0
DA:98,0
DA:99,0
DA:102,0
DA:104,0
DA:117,0
DA:118,0
DA:124,4
DA:125,0
DA:126,0
DA:128,0
DA:142,0
DA:143,0
DA:149,4
DA:150,0
DA:151,0
DA:153,0
DA:167,0
DA:168,0
DA:171,4
LF:45
LH:11
BRDA:48,0,0,0
BRDA:48,0,1,0
BRDA:93,1,0,0
BRDA:93,1,1,0
BRDA:97,2,0,0
BRDA:97,2,1,0
BRDA:102,3,0,0
BRDA:102,3,1,0
BRF:8
BRH:0
end_of_record
TN:
SF:src\routes\users.js
FN:13,(anonymous_0)
FN:20,(anonymous_1)
FN:52,(anonymous_2)
FN:68,(anonymous_3)
FN:80,(anonymous_4)
FN:99,(anonymous_5)
FNF:6
FNH:0
FNDA:0,(anonymous_0)
FNDA:0,(anonymous_1)
FNDA:0,(anonymous_2)
FNDA:0,(anonymous_3)
FNDA:0,(anonymous_4)
FNDA:0,(anonymous_5)
DA:1,4
DA:2,4
DA:3,4
DA:4,4
DA:5,4
DA:6,4
DA:7,4
DA:13,4
DA:14,0
DA:15,0
DA:18,0
DA:19,0
DA:20,0
DA:23,0
DA:26,0
DA:29,0
DA:30,0
DA:31,0
DA:32,0
DA:33,0
DA:35,0
DA:38,0
DA:43,0
DA:45,0
DA:52,4
DA:53,0
DA:54,0
DA:58,0
DA:59,0
DA:61,0
DA:68,4
DA:69,0
DA:70,0
DA:71,0
DA:73,0
DA:80,4
DA:81,0
DA:82,0
DA:84,0
DA:85,0
DA:87,0
DA:89,0
DA:90,0
DA:92,0
DA:99,4
DA:100,0
DA:101,0
DA:102,0
DA:103,0
DA:105,0
DA:109,4
LF:51
LH:13
BRDA:19,0,0,0
BRDA:19,0,1,0
BRDA:23,1,0,0
BRDA:23,1,1,0
BRDA:31,2,0,0
BRDA:31,2,1,0
BRDA:32,3,0,0
BRDA:32,3,1,0
BRDA:33,4,0,0
BRDA:33,4,1,0
BRDA:35,5,0,0
BRDA:35,5,1,0
BRDA:58,6,0,0
BRDA:58,6,1,0
BRDA:87,7,0,0
BRDA:87,7,1,0
BRDA:102,8,0,0
BRDA:102,8,1,0
BRF:18
BRH:0
end_of_record
TN:
SF:src\services\userService.js
FN:14,validateUserFields
FN:30,createUser
FNF:2
FNH:2
FNDA:3,validateUserFields
FNDA:3,createUser
DA:5,4
DA:6,4
DA:7,4
DA:15,3
DA:16,1
DA:17,1
DA:18,1
DA:19,1
DA:20,1
DA:21,1
DA:31,3
DA:33,2
DA:34,2
DA:35,1
DA:38,1
DA:39,1
DA:41,1
DA:46,1
DA:49,4
LF:19
LH:19
BRDA:15,0,0,1
BRDA:15,0,1,2
BRDA:15,1,0,3
BRDA:15,1,1,2
BRDA:15,1,2,2
BRDA:15,1,3,2
BRDA:17,2,0,1
BRDA:17,2,1,0
BRDA:18,3,0,0
BRDA:18,3,1,1
BRDA:19,4,0,1
BRDA:19,4,1,0
BRDA:20,5,0,1
BRDA:20,5,1,0
BRDA:34,6,0,1
BRDA:34,6,1,1
BRDA:43,7,0,1
BRDA:43,7,1,1
BRF:18
BRH:14
end_of_record
TN:
SF:src\utils\AppError.js
FN:6,(anonymous_0)
FNF:1
FNH:1
FNDA:35,(anonymous_0)
DA:7,35
DA:8,35
DA:9,35
DA:10,35
DA:14,6
LF:5
LH:5
BRDA:6,0,0,31
BRF:1
BRH:1
end_of_record
TN:
SF:src\utils\crudFactory.js
FN:10,getById
FN:11,(anonymous_1)
FN:28,patchById
FN:29,(anonymous_3)
FN:50,deleteById
FN:51,(anonymous_5)
FNF:6
FNH:6
FNDA:10,getById
FNDA:2,(anonymous_1)
FNDA:11,patchById
FNDA:3,(anonymous_3)
FNDA:14,deleteById
FNDA:2,(anonymous_5)
DA:1,5
DA:2,5
DA:3,5
DA:11,10
DA:12,2
DA:13,2
DA:14,2
DA:15,1
DA:17,1
DA:29,11
DA:30,3
DA:31,3
DA:32,2
DA:34,2
DA:35,2
DA:37,1
DA:38,1
DA:40,2
DA:51,14
DA:52,2
DA:53,2
DA:54,2
DA:55,1
DA:57,1
DA:62,5
LF:25
LH:25
BRDA:14,0,0,1
BRDA:14,0,1,1
BRDA:35,1,0,1
BRDA:35,1,1,1
BRDA:54,2,0,1
BRDA:54,2,1,1
BRF:6
BRH:6
end_of_record
TN:
SF:src\utils\queryHelpers.js
FN:12,parsePagination
FN:27,parseSorting
FN:46,buildPatchFields
FN:69,paginatedResponse
FNF:4
FNH:1
FNDA:0,parsePagination
FNDA:0,parseSorting
FNDA:3,buildPatchFields
FNDA:0,paginatedResponse
DA:5,5
DA:13,0
DA:14,0
DA:15,0
DA:16,0
DA:28,0
DA:29,0
DA:30,0
DA:31,0
DA:32,0
DA:33,0
DA:34,0
DA:36,0
DA:47,3
DA:48,3
DA:49,3
DA:50,3
DA:51,2
DA:52,2
DA:55,3
DA:56,1
DA:58,2
DA:70,0
DA:79,5
LF:24
LH:11
BRDA:13,0,0,0
BRDA:13,0,1,0
BRDA:14,1,0,0
BRDA:14,1,1,0
BRDA:27,2,0,0
BRDA:27,3,0,0
BRDA:30,4,0,0
BRDA:30,4,1,0
BRDA:32,5,0,0
BRDA:32,5,1,0
BRDA:33,6,0,0
BRDA:33,6,1,0
BRDA:34,7,0,0
BRDA:34,7,1,0
BRDA:50,8,0,2
BRDA:50,8,1,1
BRDA:55,9,0,1
BRDA:55,9,1,2
BRF:18
BRH:4
end_of_record
