TN:
SF:src\app.js
FN:29,(anonymous_0)
FN:46,(anonymous_1)
FN:63,(anonymous_2)
FN:79,(anonymous_3)
FNF:4
FNH:3
FNDA:1,(anonymous_0)
FNDA:1,(anonymous_1)
FNDA:2,(anonymous_2)
FNDA:0,(anonymous_3)
DA:1,10
DA:2,10
DA:3,10
DA:4,10
DA:5,10
DA:8,10
DA:9,10
DA:10,10
DA:11,10
DA:12,10
DA:13,10
DA:14,10
DA:15,10
DA:16,10
DA:17,10
DA:19,10
DA:21,10
DA:22,10
DA:25,10
DA:26,10
DA:29,10
DA:30,1
DA:31,1
DA:32,1
DA:38,0
DA:46,10
DA:47,1
DA:51,10
DA:52,10
DA:53,10
DA:54,10
DA:55,10
DA:56,10
DA:57,10
DA:58,10
DA:59,10
DA:60,10
DA:63,10
DA:64,2
DA:75,10
DA:78,10
DA:79,0
DA:80,0
DA:81,0
DA:82,0
DA:83,0
DA:84,0
DA:85,0
DA:89,10
LF:49
LH:41
BRDA:22,0,0,10
BRDA:22,0,1,0
BRDA:78,1,0,0
BRDA:78,1,1,10
BRF:4
BRH:2
end_of_record
TN:
SF:src\config\db.js
FN:36,(anonymous_0)
FNF:1
FNH:1
FNDA:10,(anonymous_0)
DA:1,10
DA:2,10
DA:3,10
DA:4,10
DA:7,10
DA:8,10
DA:9,10
DA:10,10
DA:11,10
DA:17,0
DA:21,10
DA:36,10
DA:37,10
DA:38,10
DA:39,10
DA:40,10
DA:42,0
DA:43,0
DA:47,10
LF:19
LH:16
BRDA:10,0,0,10
BRDA:10,0,1,0
BRDA:26,1,0,10
BRDA:26,1,1,0
BRF:4
BRH:2
end_of_record
TN:
SF:src\middleware\authMiddleware.js
FN:13,(anonymous_0)
FN:33,(anonymous_1)
FN:34,(anonymous_2)
FNF:3
FNH:3
FNDA:78,(anonymous_0)
FNDA:334,(anonymous_1)
FNDA:59,(anonymous_2)
DA:1,11
DA:2,11
DA:3,11
DA:5,11
DA:7,11
DA:13,11
DA:14,78
DA:15,78
DA:16,10
DA:19,68
DA:20,68
DA:21,68
DA:22,66
DA:23,66
DA:25,2
DA:33,11
DA:34,334
DA:35,59
DA:36,2
DA:38,57
DA:42,11
LF:21
LH:21
BRDA:7,0,0,11
BRDA:7,0,1,0
BRDA:15,1,0,10
BRDA:15,1,1,68
BRDA:15,2,0,78
BRDA:15,2,1,69
BRDA:35,3,0,2
BRDA:35,3,1,57
BRDA:35,4,0,59
BRDA:35,4,1,58
BRF:10
BRH:9
end_of_record
TN:
SF:src\middleware\errorHandler.js
FN:5,(anonymous_0)
FNF:1
FNH:1
FNDA:50,(anonymous_0)
DA:5,10
DA:6,50
DA:9,50
DA:10,1
DA:21,49
DA:32,10
LF:6
LH:6
BRDA:6,0,0,50
BRDA:6,0,1,2
BRDA:9,1,0,1
BRDA:9,1,1,49
BRDA:23,2,0,49
BRDA:23,2,1,0
BRDA:24,3,0,49
BRDA:24,3,1,0
BRDA:25,4,0,49
BRDA:25,4,1,1
BRF:10
BRH:8
end_of_record
TN:
SF:src\routes\admin.js
FN:9,(anonymous_0)
FN:38,(anonymous_1)
FN:87,(anonymous_2)
FN:88,(anonymous_3)
FN:100,(anonymous_4)
FN:104,(anonymous_5)
FN:130,(anonymous_6)
FN:150,(anonymous_7)
FN:181,(anonymous_8)
FN:181,(anonymous_9)
FN:207,(anonymous_10)
FN:282,(anonymous_11)
FN:284,(anonymous_12)
FN:324,(anonymous_13)
FN:356,(anonymous_14)
FN:360,(anonymous_15)
FN:382,(anonymous_16)
FN:396,(anonymous_17)
FN:427,(anonymous_18)
FNF:19
FNH:19
FNDA:1,(anonymous_0)
FNDA:1,(anonymous_1)
FNDA:18,(anonymous_2)
FNDA:52,(anonymous_3)
FNDA:1,(anonymous_4)
FNDA:4,(anonymous_5)
FNDA:1,(anonymous_6)
FNDA:5,(anonymous_7)
FNDA:33,(anonymous_8)
FNDA:206,(anonymous_9)
FNDA:2,(anonymous_10)
FNDA:8,(anonymous_11)
FNDA:8,(anonymous_12)
FNDA:8,(anonymous_13)
FNDA:6,(anonymous_14)
FNDA:2,(anonymous_15)
FNDA:1,(anonymous_16)
FNDA:2,(anonymous_17)
FNDA:4,(anonymous_18)
DA:1,10
DA:2,10
DA:3,10
DA:4,10
DA:9,10
DA:10,1
DA:11,1
DA:21,1
DA:31,0
DA:38,10
DA:39,1
DA:41,1
DA:52,1
DA:64,1
DA:77,1
DA:86,1
DA:87,18
DA:88,52
DA:91,1
DA:93,0
DA:100,10
DA:101,1
DA:102,1
DA:104,1
DA:105,4
DA:114,4
DA:115,4
DA:116,4
DA:118,4
DA:121,1
DA:123,0
DA:130,10
DA:131,1
DA:132,1
DA:141,1
DA:143,0
DA:150,10
DA:151,5
DA:152,5
DA:153,5
DA:155,5
DA:157,1
DA:158,1
DA:160,1
DA:161,1
DA:163,1
DA:164,1
DA:166,1
DA:167,1
DA:169,1
DA:172,4
DA:174,4
DA:175,0
DA:178,4
DA:179,4
DA:181,33
DA:182,206
DA:183,206
DA:184,206
DA:186,127
DA:188,206
DA:192,4
DA:193,4
DA:194,4
DA:195,4
DA:197,0
DA:207,10
DA:208,2
DA:209,2
DA:212,2
DA:213,2
DA:214,2
DA:215,2
DA:216,2
DA:219,2
DA:227,2
DA:233,2
DA:239,2
DA:246,2
DA:256,2
DA:264,2
DA:281,2
DA:282,8
DA:284,8
DA:288,2
DA:299,2
DA:307,2
DA:324,8
DA:336,2
DA:354,2
DA:356,6
DA:360,2
DA:371,0
DA:382,10
DA:383,1
DA:384,1
DA:387,1
DA:389,0
DA:396,10
DA:397,2
DA:398,2
DA:401,2
DA:402,2
DA:404,1
DA:405,0
DA:409,1
DA:417,1
DA:419,0
DA:427,10
DA:428,4
DA:429,4
DA:431,4
DA:432,1
DA:435,3
DA:437,1
DA:441,1
DA:442,0
DA:445,1
DA:449,0
DA:450,2
DA:451,1
DA:455,1
DA:457,1
DA:460,1
DA:464,10
LF:125
LH:113
BRDA:114,0,0,4
BRDA:114,0,1,2
BRDA:115,1,0,4
BRDA:115,1,1,2
BRDA:116,2,0,2
BRDA:116,2,1,2
BRDA:155,3,0,1
BRDA:155,3,1,1
BRDA:155,3,2,1
BRDA:155,3,3,1
BRDA:155,3,4,1
BRDA:174,4,0,0
BRDA:174,4,1,4
BRDA:183,5,0,5
BRDA:183,5,1,201
BRDA:183,6,0,206
BRDA:183,6,1,201
BRDA:184,7,0,127
BRDA:184,7,1,79
BRDA:212,8,0,2
BRDA:212,8,1,0
BRDA:213,9,0,0
BRDA:213,9,1,2
BRDA:214,10,0,0
BRDA:214,10,1,2
BRDA:215,11,0,0
BRDA:215,11,1,2
BRDA:216,12,0,0
BRDA:216,12,1,2
BRDA:247,13,0,2
BRDA:247,13,1,0
BRDA:248,14,0,2
BRDA:248,14,1,0
BRDA:249,15,0,2
BRDA:249,15,1,0
BRDA:250,16,0,2
BRDA:250,16,1,0
BRDA:251,17,0,2
BRDA:251,17,1,0
BRDA:252,18,0,2
BRDA:252,18,1,0
BRDA:284,19,0,8
BRDA:284,19,1,8
BRDA:300,20,0,2
BRDA:300,20,1,0
BRDA:301,21,0,2
BRDA:301,21,1,0
BRDA:302,22,0,2
BRDA:302,22,1,0
BRDA:303,23,0,2
BRDA:303,23,1,0
BRDA:328,24,0,8
BRDA:328,24,1,4
BRDA:329,25,0,8
BRDA:329,25,1,4
BRDA:330,26,0,8
BRDA:330,26,1,0
BRDA:331,27,0,4
BRDA:331,27,1,4
BRDA:332,28,0,8
BRDA:332,28,1,6
BRDA:364,29,0,2
BRDA:364,29,1,0
BRDA:402,30,0,1
BRDA:402,30,1,1
BRDA:404,31,0,0
BRDA:404,31,1,1
BRDA:431,32,0,1
BRDA:431,32,1,3
BRDA:431,33,0,4
BRDA:431,33,1,3
BRDA:431,33,2,3
BRDA:435,34,0,1
BRDA:435,34,1,2
BRDA:441,35,0,0
BRDA:441,35,1,1
BRDA:450,36,0,1
BRDA:450,36,1,1
BRF:78
BRH:58
end_of_record
TN:
SF:src\routes\auth.js
FN:16,(anonymous_0)
FN:65,(anonymous_1)
FN:77,(anonymous_2)
FNF:3
FNH:2
FNDA:16,(anonymous_0)
FNDA:3,(anonymous_1)
FNDA:0,(anonymous_2)
DA:1,10
DA:2,10
DA:3,10
DA:4,10
DA:5,10
DA:6,10
DA:7,10
DA:8,10
DA:10,10
DA:11,10
DA:16,10
DA:17,16
DA:18,16
DA:20,16
DA:21,3
DA:22,3
DA:23,3
DA:24,3
DA:28,13
DA:33,13
DA:34,1
DA:37,12
DA:39,12
DA:40,0
DA:44,12
DA:45,12
DA:46,12
DA:50,0
DA:51,0
DA:54,0
DA:56,0
DA:58,16
DA:65,10
DA:66,3
DA:67,3
DA:68,1
DA:70,2
DA:77,10
DA:78,0
DA:79,0
DA:81,0
DA:82,0
DA:83,0
DA:84,0
DA:85,0
DA:88,0
DA:89,0
DA:93,0
DA:94,0
DA:95,0
DA:99,0
DA:100,0
DA:101,0
DA:105,0
DA:106,0
DA:107,0
DA:109,0
DA:111,0
DA:115,10
LF:59
LH:34
BRDA:10,0,0,10
BRDA:10,0,1,0
BRDA:11,1,0,10
BRDA:11,1,1,0
BRDA:20,2,0,3
BRDA:20,2,1,13
BRDA:20,3,0,16
BRDA:20,3,1,14
BRDA:22,4,0,2
BRDA:22,4,1,1
BRDA:23,5,0,2
BRDA:23,5,1,1
BRDA:33,6,0,1
BRDA:33,6,1,12
BRDA:39,7,0,0
BRDA:39,7,1,12
BRDA:45,8,0,12
BRDA:45,8,1,0
BRDA:81,9,0,0
BRDA:81,9,1,0
BRDA:81,10,0,0
BRDA:81,10,1,0
BRDA:83,11,0,0
BRDA:83,11,1,0
BRDA:84,12,0,0
BRDA:84,12,1,0
BRDA:88,13,0,0
BRDA:88,13,1,0
BRDA:94,14,0,0
BRDA:94,14,1,0
BRDA:100,15,0,0
BRDA:100,15,1,0
BRF:32
BRH:14
end_of_record
TN:
SF:src\routes\cohorts.js
FN:11,(anonymous_0)
FN:35,(anonymous_1)
FN:54,(anonymous_2)
FN:80,(anonymous_3)
FN:94,(anonymous_4)
FN:112,(anonymous_5)
FNF:6
FNH:0
FNDA:0,(anonymous_0)
FNDA:0,(anonymous_1)
FNDA:0,(anonymous_2)
FNDA:0,(anonymous_3)
FNDA:0,(anonymous_4)
FNDA:0,(anonymous_5)
DA:1,10
DA:2,10
DA:3,10
DA:4,10
DA:5,10
DA:6,10
DA:11,10
DA:12,0
DA:13,0
DA:14,0
DA:15,0
DA:17,0
DA:18,0
DA:19,0
DA:20,0
DA:22,0
DA:27,0
DA:28,0
DA:35,10
DA:36,0
DA:37,0
DA:40,0
DA:41,0
DA:44,10
DA:49,10
DA:54,10
DA:55,0
DA:56,0
DA:57,0
DA:59,0
DA:63,0
DA:64,0
DA:70,10
DA:75,10
DA:80,10
DA:81,0
DA:82,0
DA:86,0
DA:87,0
DA:94,10
DA:95,0
DA:96,0
DA:97,0
DA:100,0
DA:101,0
DA:102,0
DA:104,0
DA:105,0
DA:106,0
DA:112,10
DA:113,0
DA:114,0
DA:118,0
DA:119,0
DA:120,0
DA:123,10
LF:56
LH:17
BRDA:19,0,0,0
BRDA:19,0,1,0
BRDA:20,1,0,0
BRDA:20,1,1,0
BRDA:57,2,0,0
BRDA:57,2,1,0
BRDA:61,3,0,0
BRDA:61,3,1,0
BRDA:61,4,0,0
BRDA:61,4,1,0
BRDA:61,5,0,0
BRDA:61,5,1,0
BRDA:97,6,0,0
BRDA:97,6,1,0
BRDA:101,7,0,0
BRDA:101,7,1,0
BRDA:102,8,0,0
BRDA:102,8,1,0
BRDA:118,9,0,0
BRDA:118,9,1,0
BRF:20
BRH:0
end_of_record
TN:
SF:src\routes\evaluations.js
FN:20,(anonymous_0)
FN:40,(anonymous_1)
FN:54,validateEvalFields
FN:67,evalColumnValues
FN:75,withTransaction
FN:90,(anonymous_5)
FN:95,(anonymous_6)
FN:110,(anonymous_7)
FN:115,(anonymous_8)
FN:129,(anonymous_9)
FNF:10
FNH:6
FNDA:1,(anonymous_0)
FNDA:1,(anonymous_1)
FNDA:6,validateEvalFields
FNDA:0,evalColumnValues
FNDA:0,withTransaction
FNDA:4,(anonymous_5)
FNDA:0,(anonymous_6)
FNDA:2,(anonymous_7)
FNDA:0,(anonymous_8)
FNDA:2,(anonymous_9)
DA:1,10
DA:2,10
DA:3,10
DA:4,10
DA:5,10
DA:6,10
DA:9,10
DA:20,10
DA:21,1
DA:22,1
DA:24,1
DA:25,1
DA:26,1
DA:28,1
DA:30,1
DA:36,1
DA:37,0
DA:40,10
DA:41,1
DA:42,1
DA:46,1
DA:47,0
DA:48,1
DA:55,6
DA:56,6
DA:57,6
DA:58,6
DA:59,6
DA:60,6
DA:68,0
DA:69,0
DA:76,0
DA:77,0
DA:78,0
DA:79,0
DA:80,0
DA:81,0
DA:83,0
DA:84,0
DA:86,0
DA:90,10
DA:91,4
DA:92,4
DA:93,0
DA:95,0
DA:96,0
DA:102,0
DA:103,0
DA:106,0
DA:107,4
DA:110,10
DA:111,2
DA:112,2
DA:113,0
DA:115,0
DA:116,0
DA:122,0
DA:125,0
DA:126,2
DA:129,10
DA:130,2
DA:131,2
DA:132,2
DA:133,0
DA:134,2
DA:137,10
LF:66
LH:41
BRDA:25,0,0,1
BRDA:25,0,1,0
BRDA:26,1,0,1
BRDA:26,1,1,0
BRDA:28,2,0,1
BRDA:28,2,1,0
BRDA:46,3,0,1
BRDA:46,3,1,0
BRDA:55,4,0,6
BRDA:55,4,1,0
BRDA:55,5,0,6
BRDA:55,5,1,0
BRDA:55,5,2,0
BRDA:57,6,0,6
BRDA:57,6,1,0
BRDA:58,7,0,2
BRDA:58,7,1,4
BRDA:59,8,0,1
BRDA:59,8,1,5
BRDA:69,9,0,0
BRDA:69,9,1,0
BRDA:69,10,0,0
BRDA:69,10,1,0
BRDA:69,11,0,0
BRDA:69,11,1,0
BRDA:69,12,0,0
BRDA:69,12,1,0
BRDA:69,13,0,0
BRDA:69,13,1,0
BRDA:69,14,0,0
BRDA:69,14,1,0
BRDA:69,15,0,0
BRDA:69,15,1,0
BRDA:122,16,0,0
BRDA:122,16,1,0
BRDA:132,17,0,2
BRDA:132,17,1,0
BRF:37
BRH:12
end_of_record
TN:
SF:src\routes\intern.js
FN:10,(anonymous_0)
FN:63,(anonymous_1)
FNF:2
FNH:0
FNDA:0,(anonymous_0)
FNDA:0,(anonymous_1)
DA:1,10
DA:2,10
DA:3,10
DA:4,10
DA:10,10
DA:11,0
DA:12,0
DA:15,0
DA:24,0
DA:25,0
DA:29,0
DA:30,0
DA:31,0
DA:38,0
DA:42,0
DA:43,0
DA:50,0
DA:53,0
DA:63,0
DA:67,0
DA:71,10
LF:21
LH:6
BRDA:24,0,0,0
BRDA:24,0,1,0
BRDA:30,1,0,0
BRDA:30,1,1,0
BRDA:42,2,0,0
BRDA:42,2,1,0
BRDA:42,3,0,0
BRDA:42,3,1,0
BRDA:59,4,0,0
BRDA:59,4,1,0
BRDA:60,5,0,0
BRDA:60,5,1,0
BRDA:61,6,0,0
BRDA:61,6,1,0
BRDA:62,7,0,0
BRDA:62,7,1,0
BRF:16
BRH:0
end_of_record
TN:
SF:src\routes\projects.js
FN:11,(anonymous_0)
FN:35,(anonymous_1)
FNF:2
FNH:2
FNDA:1,(anonymous_0)
FNDA:3,(anonymous_1)
DA:1,10
DA:2,10
DA:3,10
DA:4,10
DA:5,10
DA:6,10
DA:11,10
DA:12,1
DA:13,1
DA:14,1
DA:16,1
DA:17,1
DA:18,1
DA:19,1
DA:20,1
DA:22,1
DA:27,1
DA:28,0
DA:31,10
DA:33,10
DA:35,10
DA:36,3
DA:37,3
DA:38,3
DA:39,1
DA:40,1
DA:41,1
DA:42,1
DA:44,2
DA:48,1
DA:49,2
DA:52,10
DA:54,10
DA:56,10
LF:34
LH:33
BRDA:17,0,0,1
BRDA:17,0,1,0
BRDA:18,1,0,1
BRDA:18,1,1,0
BRDA:19,2,0,1
BRDA:19,2,1,0
BRDA:20,3,0,1
BRDA:20,3,1,0
BRDA:38,4,0,1
BRDA:38,4,1,2
BRDA:38,5,0,3
BRDA:38,5,1,3
BRDA:40,6,0,0
BRDA:40,6,1,1
BRDA:41,7,0,1
BRDA:41,7,1,0
BRDA:46,8,0,2
BRDA:46,8,1,2
BRDA:46,9,0,2
BRDA:46,9,1,1
BRF:20
BRH:14
end_of_record
TN:
SF:src\routes\submissions.js
FN:18,(anonymous_0)
FN:39,(anonymous_1)
FN:53,(anonymous_2)
FN:91,(anonymous_3)
FNF:4
FNH:4
FNDA:1,(anonymous_0)
FNDA:2,(anonymous_1)
FNDA:6,(anonymous_2)
FNDA:1,(anonymous_3)
DA:1,10
DA:2,10
DA:3,10
DA:4,10
DA:5,10
DA:6,10
DA:9,10
DA:18,10
DA:19,1
DA:20,1
DA:22,1
DA:23,1
DA:24,1
DA:25,1
DA:27,1
DA:29,1
DA:35,1
DA:36,0
DA:39,10
DA:40,2
DA:41,2
DA:45,2
DA:46,1
DA:47,1
DA:53,10
DA:54,6
DA:55,6
DA:56,6
DA:58,6
DA:59,4
DA:60,4
DA:61,4
DA:62,4
DA:63,4
DA:66,2
DA:69,2
DA:70,2
DA:72,2
DA:76,2
DA:78,2
DA:79,2
DA:81,4
DA:82,4
DA:84,6
DA:91,10
DA:92,1
DA:93,1
DA:94,1
DA:96,1
DA:97,1
DA:98,1
DA:99,1
DA:101,1
DA:103,1
DA:105,1
DA:106,1
DA:107,1
DA:108,0
DA:111,10
DA:113,10
DA:115,10
LF:61
LH:59
BRDA:23,0,0,1
BRDA:23,0,1,0
BRDA:24,1,0,1
BRDA:24,1,1,0
BRDA:25,2,0,1
BRDA:25,2,1,0
BRDA:27,3,0,1
BRDA:27,3,1,0
BRDA:45,4,0,1
BRDA:45,4,1,1
BRDA:58,5,0,4
BRDA:58,5,1,2
BRDA:58,6,0,6
BRDA:58,6,1,6
BRDA:58,6,2,2
BRDA:60,7,0,0
BRDA:60,7,1,4
BRDA:61,8,0,4
BRDA:61,8,1,0
BRDA:62,9,0,1
BRDA:62,9,1,3
BRDA:70,10,0,2
BRDA:70,10,1,2
BRDA:74,11,0,2
BRDA:74,11,1,2
BRDA:74,12,0,2
BRDA:74,12,1,2
BRDA:74,13,0,2
BRDA:74,13,1,2
BRDA:94,14,0,0
BRDA:94,14,1,1
BRDA:94,15,0,1
BRDA:94,15,1,0
BRDA:97,16,0,1
BRDA:97,16,1,0
BRDA:98,17,0,1
BRDA:98,17,1,0
BRDA:98,18,0,1
BRDA:98,18,1,0
BRDA:101,19,0,1
BRDA:101,19,1,0
BRDA:106,20,0,0
BRDA:106,20,1,1
BRF:43
BRH:30
end_of_record
TN:
SF:src\routes\tasks.js
FN:11,(anonymous_0)
FN:41,(anonymous_1)
FN:49,(anonymous_2)
FN:67,(anonymous_3)
FN:80,(anonymous_4)
FNF:5
FNH:5
FNDA:1,(anonymous_0)
FNDA:2,(anonymous_1)
FNDA:7,(anonymous_2)
FNDA:2,(anonymous_3)
FNDA:2,(anonymous_4)
DA:1,10
DA:2,10
DA:3,10
DA:4,10
DA:5,10
DA:6,10
DA:11,10
DA:12,1
DA:13,1
DA:14,1
DA:16,1
DA:17,1
DA:18,1
DA:19,1
DA:20,1
DA:21,1
DA:22,1
DA:24,1
DA:37,1
DA:38,0
DA:41,10
DA:42,2
DA:43,2
DA:44,2
DA:45,1
DA:46,1
DA:49,10
DA:50,7
DA:51,7
DA:52,7
DA:53,3
DA:54,3
DA:55,3
DA:56,3
DA:57,3
DA:59,4
DA:63,4
DA:64,3
DA:67,10
DA:68,2
DA:69,2
DA:71,2
DA:72,2
DA:73,2
DA:75,1
DA:76,1
DA:77,1
DA:80,10
DA:81,2
DA:82,2
DA:83,2
DA:84,1
DA:85,1
DA:88,10
LF:54
LH:53
BRDA:17,0,0,1
BRDA:17,0,1,0
BRDA:18,1,0,1
BRDA:18,1,1,0
BRDA:19,2,0,1
BRDA:19,2,1,0
BRDA:20,3,0,1
BRDA:20,3,1,0
BRDA:21,4,0,1
BRDA:21,4,1,0
BRDA:22,5,0,1
BRDA:22,5,1,0
BRDA:44,6,0,1
BRDA:44,6,1,1
BRDA:52,7,0,3
BRDA:52,7,1,4
BRDA:52,8,0,7
BRDA:52,8,1,6
BRDA:52,8,2,5
BRDA:54,9,0,1
BRDA:54,9,1,2
BRDA:55,10,0,1
BRDA:55,10,1,2
BRDA:56,11,0,1
BRDA:56,11,1,2
BRDA:61,12,0,4
BRDA:61,12,1,3
BRDA:61,13,0,4
BRDA:61,13,1,4
BRDA:61,14,0,4
BRDA:61,14,1,3
BRDA:61,15,0,4
BRDA:61,15,1,3
BRDA:73,16,0,1
BRDA:73,16,1,1
BRDA:83,17,0,1
BRDA:83,17,1,1
BRF:37
BRH:31
end_of_record
TN:
SF:src\routes\trainer.js
FN:12,(anonymous_0)
FN:57,(anonymous_1)
FN:87,(anonymous_2)
FN:124,(anonymous_3)
FN:149,(anonymous_4)
FNF:5
FNH:5
FNDA:1,(anonymous_0)
FNDA:1,(anonymous_1)
FNDA:1,(anonymous_2)
FNDA:1,(anonymous_3)
FNDA:1,(anonymous_4)
DA:1,10
DA:2,10
DA:3,10
DA:4,10
DA:7,10
DA:12,10
DA:13,1
DA:14,1
DA:16,1
DA:45,1
DA:51,0
DA:57,10
DA:58,1
DA:59,1
DA:61,1
DA:79,1
DA:80,0
DA:87,10
DA:88,1
DA:89,1
DA:90,1
DA:91,1
DA:93,1
DA:94,1
DA:95,1
DA:97,1
DA:98,1
DA:99,1
DA:102,1
DA:104,1
DA:117,1
DA:118,0
DA:124,10
DA:125,1
DA:126,1
DA:128,1
DA:142,1
DA:143,0
DA:149,10
DA:150,1
DA:151,1
DA:153,1
DA:167,1
DA:168,0
DA:171,10
LF:45
LH:40
BRDA:48,0,0,1
BRDA:48,0,1,0
BRDA:93,1,0,1
BRDA:93,1,1,0
BRDA:97,2,0,1
BRDA:97,2,1,0
BRDA:102,3,0,1
BRDA:102,3,1,0
BRF:8
BRH:4
end_of_record
TN:
SF:src\routes\users.js
FN:13,(anonymous_0)
FN:20,(anonymous_1)
FN:52,(anonymous_2)
FN:68,(anonymous_3)
FN:80,(anonymous_4)
FN:99,(anonymous_5)
FNF:6
FNH:0
FNDA:0,(anonymous_0)
FNDA:0,(anonymous_1)
FNDA:0,(anonymous_2)
FNDA:0,(anonymous_3)
FNDA:0,(anonymous_4)
FNDA:0,(anonymous_5)
DA:1,10
DA:2,10
DA:3,10
DA:4,10
DA:5,10
DA:6,10
DA:7,10
DA:13,10
DA:14,0
DA:15,0
DA:18,0
DA:19,0
DA:20,0
DA:23,0
DA:26,0
DA:29,0
DA:30,0
DA:31,0
DA:32,0
DA:33,0
DA:35,0
DA:38,0
DA:43,0
DA:45,0
DA:52,10
DA:53,0
DA:54,0
DA:58,0
DA:59,0
DA:61,0
DA:68,10
DA:69,0
DA:70,0
DA:71,0
DA:73,0
DA:80,10
DA:81,0
DA:82,0
DA:84,0
DA:85,0
DA:87,0
DA:89,0
DA:90,0
DA:92,0
DA:99,10
DA:100,0
DA:101,0
DA:102,0
DA:103,0
DA:105,0
DA:109,10
LF:51
LH:13
BRDA:19,0,0,0
BRDA:19,0,1,0
BRDA:23,1,0,0
BRDA:23,1,1,0
BRDA:31,2,0,0
BRDA:31,2,1,0
BRDA:32,3,0,0
BRDA:32,3,1,0
BRDA:33,4,0,0
BRDA:33,4,1,0
BRDA:35,5,0,0
BRDA:35,5,1,0
BRDA:58,6,0,0
BRDA:58,6,1,0
BRDA:87,7,0,0
BRDA:87,7,1,0
BRDA:102,8,0,0
BRDA:102,8,1,0
BRF:18
BRH:0
end_of_record
TN:
SF:src\services\userService.js
FN:14,validateUserFields
FN:30,createUser
FNF:2
FNH:2
FNDA:3,validateUserFields
FNDA:3,createUser
DA:5,10
DA:6,10
DA:7,10
DA:15,3
DA:16,1
DA:17,1
DA:18,1
DA:19,1
DA:20,1
DA:21,1
DA:31,3
DA:33,2
DA:34,2
DA:35,1
DA:38,1
DA:39,1
DA:41,1
DA:46,1
DA:49,10
LF:19
LH:19
BRDA:15,0,0,1
BRDA:15,0,1,2
BRDA:15,1,0,3
BRDA:15,1,1,2
BRDA:15,1,2,2
BRDA:15,1,3,2
BRDA:17,2,0,1
BRDA:17,2,1,0
BRDA:18,3,0,0
BRDA:18,3,1,1
BRDA:19,4,0,1
BRDA:19,4,1,0
BRDA:20,5,0,1
BRDA:20,5,1,0
BRDA:34,6,0,1
BRDA:34,6,1,1
BRDA:43,7,0,1
BRDA:43,7,1,1
BRF:18
BRH:14
end_of_record
TN:
SF:src\utils\AppError.js
FN:6,(anonymous_0)
FNF:1
FNH:1
FNDA:59,(anonymous_0)
DA:7,59
DA:8,59
DA:9,59
DA:10,59
DA:14,13
LF:5
LH:5
BRDA:6,0,0,41
BRF:1
BRH:1
end_of_record
TN:
SF:src\utils\crudFactory.js
FN:10,getById
FN:11,(anonymous_1)
FN:28,patchById
FN:29,(anonymous_3)
FN:50,deleteById
FN:51,(anonymous_5)
FNF:6
FNH:6
FNDA:22,getById
FNDA:3,(anonymous_1)
FNDA:23,patchById
FNDA:4,(anonymous_3)
FNDA:32,deleteById
FNDA:4,(anonymous_5)
DA:1,11
DA:2,11
DA:3,11
DA:11,22
DA:12,3
DA:13,3
DA:14,3
DA:15,2
DA:17,1
DA:29,23
DA:30,4
DA:31,4
DA:32,3
DA:34,3
DA:35,3
DA:37,2
DA:38,2
DA:40,2
DA:51,32
DA:52,4
DA:53,4
DA:54,4
DA:55,3
DA:57,1
DA:62,11
LF:25
LH:25
BRDA:14,0,0,1
BRDA:14,0,1,2
BRDA:35,1,0,1
BRDA:35,1,1,2
BRDA:54,2,0,1
BRDA:54,2,1,3
BRF:6
BRH:6
end_of_record
TN:
SF:src\utils\queryHelpers.js
FN:12,parsePagination
FN:27,parseSorting
FN:46,buildPatchFields
FN:69,paginatedResponse
FNF:4
FNH:4
FNDA:9,parsePagination
FNDA:8,parseSorting
FNDA:10,buildPatchFields
FNDA:6,paginatedResponse
DA:5,12
DA:13,9
DA:14,9
DA:15,9
DA:16,9
DA:28,8
DA:29,8
DA:30,8
DA:31,4
DA:32,4
DA:33,4
DA:34,4
DA:36,8
DA:47,10
DA:48,10
DA:49,10
DA:50,31
DA:51,8
DA:52,8
DA:55,10
DA:56,3
DA:58,7
DA:70,6
DA:79,12
LF:24
LH:24
BRDA:13,0,0,9
BRDA:13,0,1,7
BRDA:14,1,0,9
BRDA:14,1,1,8
BRDA:27,2,0,6
BRDA:27,3,0,7
BRDA:30,4,0,4
BRDA:30,4,1,4
BRDA:32,5,0,2
BRDA:32,5,1,2
BRDA:33,6,0,2
BRDA:33,6,1,2
BRDA:34,7,0,2
BRDA:34,7,1,2
BRDA:50,8,0,8
BRDA:50,8,1,23
BRDA:55,9,0,3
BRDA:55,9,1,7
BRF:18
BRH:18
end_of_record
